/home/tmdals010126/zephyrproject/.venv/lib/python3.10/site-packages/setuptools/_distutils/dist.py:289: UserWarning: Unknown distribution option: 'tests_require'
  warnings.warn(msg)
running egg_info
writing ../../../build/ros2trace/ros2trace.egg-info/PKG-INFO
writing dependency_links to ../../../build/ros2trace/ros2trace.egg-info/dependency_links.txt
writing entry points to ../../../build/ros2trace/ros2trace.egg-info/entry_points.txt
writing requirements to ../../../build/ros2trace/ros2trace.egg-info/requires.txt
writing top-level names to ../../../build/ros2trace/ros2trace.egg-info/top_level.txt
writing manifest file '../../../build/ros2trace/ros2trace.egg-info/SOURCES.txt'
running build
running build_py
copying ros2trace/__init__.py -> /home/tmdals010126/zephyrproject/zephyr/micro_ros_dice/modules/libmicroros/micro_ros_src/build/ros2trace/build/lib/ros2trace
copying ros2trace/command/__init__.py -> /home/tmdals010126/zephyrproject/zephyr/micro_ros_dice/modules/libmicroros/micro_ros_src/build/ros2trace/build/lib/ros2trace/command
copying ros2trace/command/trace.py -> /home/tmdals010126/zephyrproject/zephyr/micro_ros_dice/modules/libmicroros/micro_ros_src/build/ros2trace/build/lib/ros2trace/command
copying ros2trace/api/__init__.py -> /home/tmdals010126/zephyrproject/zephyr/micro_ros_dice/modules/libmicroros/micro_ros_src/build/ros2trace/build/lib/ros2trace/api
running install
running install_lib
running install_data
copying package.xml -> /home/tmdals010126/zephyrproject/zephyr/micro_ros_dice/modules/libmicroros/micro_ros_src/install/share/ros2trace
copying resource/ros2trace -> /home/tmdals010126/zephyrproject/zephyr/micro_ros_dice/modules/libmicroros/micro_ros_src/install/share/ament_index/resource_index/packages
running install_egg_info
removing '/home/tmdals010126/zephyrproject/zephyr/micro_ros_dice/modules/libmicroros/micro_ros_src/install/lib/python3.10/site-packages/ros2trace-4.1.1-py3.10.egg-info' (and everything under it)
Copying ../../../build/ros2trace/ros2trace.egg-info to /home/tmdals010126/zephyrproject/zephyr/micro_ros_dice/modules/libmicroros/micro_ros_src/install/lib/python3.10/site-packages/ros2trace-4.1.1-py3.10.egg-info
running install_scripts
writing list of installed files to '/home/tmdals010126/zephyrproject/zephyr/micro_ros_dice/modules/libmicroros/micro_ros_src/build/ros2trace/install.log'
