[0.021s] Invoking command in '/home/tmdals010126/uros_ws/build/micro_ros_msgs': CMAKE_PREFIX_PATH=${CMAKE_PREFIX_PATH}:/home/tmdals010126/ros2_humble/install/rqt_bag_plugins:/home/tmdals010126/ros2_humble/install/rqt_bag:/home/tmdals010126/ros2_humble/install/launch_testing_examples:/home/tmdals010126/ros2_humble/install/ros2bag:/home/tmdals010126/ros2_humble/install/tracetools_test:/home/tmdals010126/ros2_humble/install/tracetools_launch:/home/tmdals010126/ros2_humble/install/topic_monitor:/home/tmdals010126/ros2_humble/install/tf2_tools:/home/tmdals010126/ros2_humble/install/examples_tf2_py:/home/tmdals010126/ros2_humble/install/tf2_ros_py:/home/tmdals010126/ros2_humble/install/sros2:/home/tmdals010126/ros2_humble/install/rqt_topic:/home/tmdals010126/ros2_humble/install/rqt_srv:/home/tmdals010126/ros2_humble/install/rqt_shell:/home/tmdals010126/ros2_humble/install/rqt_service_caller:/home/tmdals010126/ros2_humble/install/rqt_reconfigure:/home/tmdals010126/ros2_humble/install/rqt_py_console:/home/tmdals010126/ros2_humble/install/rqt_publisher:/home/tmdals010126/ros2_humble/install/rqt_plot:/home/tmdals010126/ros2_humble/install/rqt_action:/home/tmdals010126/ros2_humble/install/rqt_msg:/home/tmdals010126/ros2_humble/install/rqt_console:/home/tmdals010126/ros2_humble/install/rqt:/home/tmdals010126/ros2_humble/install/rqt_graph:/home/tmdals010126/ros2_humble/install/rqt_gui_py:/home/tmdals010126/ros2_humble/install/rqt_gui:/home/tmdals010126/ros2_humble/install/ros2trace:/home/tmdals010126/ros2_humble/install/ros2topic:/home/tmdals010126/ros2_humble/install/ros2test:/home/tmdals010126/ros2_humble/install/ros2component:/home/tmdals010126/ros2_humble/install/ros2param:/home/tmdals010126/ros2_humble/install/ros2lifecycle:/home/tmdals010126/ros2_humble/install/ros2service:/home/tmdals010126/ros2_humble/install/ros2run:/home/tmdals010126/ros2_humble/install/ros2launch:/home/tmdals010126/ros2_humble/install/ros2pkg:/home/tmdals010126/ros2_humble/install/ros2node:/home/tmdals010126/ros2_humble/install/ros2multicast:/home/tmdals010126/ros2_humble/install/ros2interface:/home/tmdals010126/ros2_humble/install/ros2doctor:/home/tmdals010126/ros2_humble/install/ros2action:/home/tmdals010126/ros2_humble/install/ros2cli:/home/tmdals010126/ros2_humble/install/quality_of_service_demo_py:/home/tmdals010126/ros2_humble/install/lifecycle_py:/home/tmdals010126/ros2_humble/install/launch_testing_ros:/home/tmdals010126/ros2_humble/install/launch_ros:/home/tmdals010126/ros2_humble/install/examples_rclpy_pointcloud_publisher:/home/tmdals010126/ros2_humble/install/examples_rclpy_minimal_subscriber:/home/tmdals010126/ros2_humble/install/examples_rclpy_minimal_service:/home/tmdals010126/ros2_humble/install/examples_rclpy_minimal_publisher:/home/tmdals010126/ros2_humble/install/examples_rclpy_minimal_client:/home/tmdals010126/ros2_humble/install/examples_rclpy_minimal_action_server:/home/tmdals010126/ros2_humble/install/examples_rclpy_minimal_action_client:/home/tmdals010126/ros2_humble/install/examples_rclpy_guard_conditions:/home/tmdals010126/ros2_humble/install/examples_rclpy_executors:/home/tmdals010126/ros2_humble/install/demo_nodes_py:/home/tmdals010126/ros2_humble/install/camera_info_manager_py:/home/tmdals010126/ros2_humble/install/action_tutorials_py:/home/tmdals010126/ros2_humble/install/ament_uncrustify:/home/tmdals010126/ros2_humble/install/tracetools_trace:/home/tmdals010126/ros2_humble/install/tracetools_read:/home/tmdals010126/ros2_humble/install/test_tracetools_launch:/home/tmdals010126/ros2_humble/install/test_launch_ros:/home/tmdals010126/ros2_humble/install/sensor_msgs_py:/home/tmdals010126/ros2_humble/install/rpyutils:/home/tmdals010126/ros2_humble/install/rosidl_runtime_py:/home/tmdals010126/ros2_humble/install/rosidl_cli:/home/tmdals010126/ros2_humble/install/launch_pytest:/home/tmdals010126/ros2_humble/install/launch_testing:/home/tmdals010126/ros2_humble/install/launch_yaml:/home/tmdals010126/ros2_humble/install/launch_xml:/home/tmdals010126/ros2_humble/install/launch:/home/tmdals010126/ros2_humble/install/osrf_pycommon:/home/tmdals010126/ros2_humble/install/domain_coordinator:/home/tmdals010126/ros2_humble/install/ament_xmllint:/home/tmdals010126/ros2_humble/install/ament_pyflakes:/home/tmdals010126/ros2_humble/install/ament_pycodestyle:/home/tmdals010126/ros2_humble/install/ament_pep257:/home/tmdals010126/ros2_humble/install/ament_pclint:/home/tmdals010126/ros2_humble/install/ament_package:/home/tmdals010126/ros2_humble/install/ament_mypy:/home/tmdals010126/ros2_humble/install/ament_lint_cmake:/home/tmdals010126/ros2_humble/install/ament_flake8:/home/tmdals010126/ros2_humble/install/ament_copyright:/home/tmdals010126/ros2_humble/install/ament_lint:/home/tmdals010126/ros2_humble/install/ament_index_python:/home/tmdals010126/ros2_humble/install/ament_cpplint:/home/tmdals010126/ros2_humble/install/ament_cppcheck:/home/tmdals010126/ros2_humble/install/ament_clang_tidy:/home/tmdals010126/ros2_humble/install/ament_clang_format /usr/local/bin/cmake /home/tmdals010126/uros_ws/src/uros/micro_ros_msgs -DCMAKE_INSTALL_PREFIX=/home/tmdals010126/uros_ws/install/micro_ros_msgs
[0.063s] -- The C compiler identification is GNU 11.4.0
[0.098s] -- The CXX compiler identification is GNU 12.3.0
[0.109s] -- Detecting C compiler ABI info
[0.158s] -- Detecting C compiler ABI info - done
[0.163s] -- Check for working C compiler: /usr/bin/cc - skipped
[0.164s] -- Detecting C compile features
[0.164s] -- Detecting C compile features - done
[0.173s] -- Detecting CXX compiler ABI info
[0.259s] -- Detecting CXX compiler ABI info - done
[0.264s] -- Check for working CXX compiler: /usr/bin/c++ - skipped
[0.264s] -- Detecting CXX compile features
[0.265s] -- Detecting CXX compile features - done
[0.271s] -- Found ament_cmake: 1.3.11 (/home/tmdals010126/ros2_humble/install/ament_cmake/share/ament_cmake/cmake)
[0.497s] -- Found Python3: /usr/bin/python3 (found version "3.10.12") found components: Interpreter 
[0.682s] -- Found rosidl_default_generators: 1.2.0 (/home/tmdals010126/ros2_humble/install/rosidl_default_generators/share/rosidl_default_generators/cmake)
[0.742s] -- Using all available rosidl_typesupport_c: rosidl_typesupport_introspection_c;rosidl_typesupport_fastrtps_c
[0.758s] -- Found rosidl_adapter: 3.1.6 (/home/tmdals010126/ros2_humble/install/rosidl_adapter/share/rosidl_adapter/cmake)
[0.837s] -- Using all available rosidl_typesupport_cpp: rosidl_typesupport_introspection_cpp;rosidl_typesupport_fastrtps_cpp
[0.887s] -- Found ament_lint_auto: 0.12.12 (/home/tmdals010126/ros2_humble/install/ament_lint_auto/share/ament_lint_auto/cmake)
[1.744s] -- Found ament_cmake_ros: 0.10.0 (/home/tmdals010126/ros2_humble/install/ament_cmake_ros/share/ament_cmake_ros/cmake)
[2.197s] -- Using all available rosidl_typesupport_c: rosidl_typesupport_introspection_c;rosidl_typesupport_fastrtps_c
[3.041s] -- Using all available rosidl_typesupport_cpp: rosidl_typesupport_introspection_cpp;rosidl_typesupport_fastrtps_cpp
[3.042s] [33mCMake Warning (dev) at /home/tmdals010126/ros2_humble/install/rosidl_generator_py/share/rosidl_generator_py/cmake/rosidl_generator_py_generate_interfaces.cmake:20 (find_package):
[3.042s]   Policy CMP0148 is not set: The FindPythonInterp and FindPythonLibs modules
[3.042s]   are removed.  Run "cmake --help-policy CMP0148" for policy details.  Use
[3.042s]   the cmake_policy command to set the policy and suppress this warning.
[3.042s] 
[3.042s] Call Stack (most recent call first):
[3.042s]   /home/tmdals010126/ros2_humble/install/ament_cmake_core/share/ament_cmake_core/cmake/core/ament_execute_extensions.cmake:48 (include)
[3.043s]   /home/tmdals010126/ros2_humble/install/rosidl_cmake/share/rosidl_cmake/cmake/rosidl_generate_interfaces.cmake:286 (ament_execute_extensions)
[3.043s]   CMakeLists.txt:27 (rosidl_generate_interfaces)
[3.043s] This warning is for project developers.  Use -Wno-dev to suppress it.
[3.043s] [0m
[3.079s] -- Found PythonInterp: /usr/bin/python3 (found suitable version "3.10.12", minimum required is "3.6") 
[3.086s] -- Found python_cmake_module: 0.10.0 (/home/tmdals010126/ros2_humble/install/python_cmake_module/share/python_cmake_module/cmake)
[3.086s] [33mCMake Warning (dev) at /home/tmdals010126/ros2_humble/install/python_cmake_module/share/python_cmake_module/cmake/Modules/FindPythonExtra.cmake:52 (find_package):
[3.086s]   Policy CMP0148 is not set: The FindPythonInterp and FindPythonLibs modules
[3.086s]   are removed.  Run "cmake --help-policy CMP0148" for policy details.  Use
[3.086s]   the cmake_policy command to set the policy and suppress this warning.
[3.086s] 
[3.086s] Call Stack (most recent call first):
[3.086s]   /home/tmdals010126/ros2_humble/install/rosidl_generator_py/share/rosidl_generator_py/cmake/rosidl_generator_py_generate_interfaces.cmake:23 (find_package)
[3.086s]   /home/tmdals010126/ros2_humble/install/ament_cmake_core/share/ament_cmake_core/cmake/core/ament_execute_extensions.cmake:48 (include)
[3.086s]   /home/tmdals010126/ros2_humble/install/rosidl_cmake/share/rosidl_cmake/cmake/rosidl_generate_interfaces.cmake:286 (ament_execute_extensions)
[3.086s]   CMakeLists.txt:27 (rosidl_generate_interfaces)
[3.086s] This warning is for project developers.  Use -Wno-dev to suppress it.
[3.086s] [0m
[3.123s] [33mCMake Warning (dev) at /home/tmdals010126/ros2_humble/install/python_cmake_module/share/python_cmake_module/cmake/Modules/FindPythonExtra.cmake:140 (find_package):
[3.123s]   Policy CMP0148 is not set: The FindPythonInterp and FindPythonLibs modules
[3.123s]   are removed.  Run "cmake --help-policy CMP0148" for policy details.  Use
[3.123s]   the cmake_policy command to set the policy and suppress this warning.
[3.123s] 
[3.123s] Call Stack (most recent call first):
[3.123s]   /home/tmdals010126/ros2_humble/install/rosidl_generator_py/share/rosidl_generator_py/cmake/rosidl_generator_py_generate_interfaces.cmake:23 (find_package)
[3.123s]   /home/tmdals010126/ros2_humble/install/ament_cmake_core/share/ament_cmake_core/cmake/core/ament_execute_extensions.cmake:48 (include)
[3.123s]   /home/tmdals010126/ros2_humble/install/rosidl_cmake/share/rosidl_cmake/cmake/rosidl_generate_interfaces.cmake:286 (ament_execute_extensions)
[3.123s]   CMakeLists.txt:27 (rosidl_generate_interfaces)
[3.123s] This warning is for project developers.  Use -Wno-dev to suppress it.
[3.123s] [0m
[3.134s] -- Found PythonLibs: /usr/lib/x86_64-linux-gnu/libpython3.10.so (found suitable version "3.10.12", minimum required is "3.5") 
[3.134s] -- Using PYTHON_EXECUTABLE: /usr/bin/python3
[3.134s] -- Using PYTHON_INCLUDE_DIRS: /usr/include/python3.10
[3.134s] -- Using PYTHON_LIBRARIES: /usr/lib/x86_64-linux-gnu/libpython3.10.so
[3.168s] -- Found PythonExtra: .so  
[3.354s] -- Added test 'copyright' to check source files copyright and LICENSE
[3.357s] -- Added test 'lint_cmake' to check CMake code style
[3.360s] -- Added test 'xmllint' to check XML markup files
[3.366s] -- Configuring done (3.3s)
[3.379s] -- Generating done (0.0s)
[3.384s] -- Build files have been written to: /home/tmdals010126/uros_ws/build/micro_ros_msgs
[3.388s] Invoked command in '/home/tmdals010126/uros_ws/build/micro_ros_msgs' returned '0': CMAKE_PREFIX_PATH=${CMAKE_PREFIX_PATH}:/home/tmdals010126/ros2_humble/install/rqt_bag_plugins:/home/tmdals010126/ros2_humble/install/rqt_bag:/home/tmdals010126/ros2_humble/install/launch_testing_examples:/home/tmdals010126/ros2_humble/install/ros2bag:/home/tmdals010126/ros2_humble/install/tracetools_test:/home/tmdals010126/ros2_humble/install/tracetools_launch:/home/tmdals010126/ros2_humble/install/topic_monitor:/home/tmdals010126/ros2_humble/install/tf2_tools:/home/tmdals010126/ros2_humble/install/examples_tf2_py:/home/tmdals010126/ros2_humble/install/tf2_ros_py:/home/tmdals010126/ros2_humble/install/sros2:/home/tmdals010126/ros2_humble/install/rqt_topic:/home/tmdals010126/ros2_humble/install/rqt_srv:/home/tmdals010126/ros2_humble/install/rqt_shell:/home/tmdals010126/ros2_humble/install/rqt_service_caller:/home/tmdals010126/ros2_humble/install/rqt_reconfigure:/home/tmdals010126/ros2_humble/install/rqt_py_console:/home/tmdals010126/ros2_humble/install/rqt_publisher:/home/tmdals010126/ros2_humble/install/rqt_plot:/home/tmdals010126/ros2_humble/install/rqt_action:/home/tmdals010126/ros2_humble/install/rqt_msg:/home/tmdals010126/ros2_humble/install/rqt_console:/home/tmdals010126/ros2_humble/install/rqt:/home/tmdals010126/ros2_humble/install/rqt_graph:/home/tmdals010126/ros2_humble/install/rqt_gui_py:/home/tmdals010126/ros2_humble/install/rqt_gui:/home/tmdals010126/ros2_humble/install/ros2trace:/home/tmdals010126/ros2_humble/install/ros2topic:/home/tmdals010126/ros2_humble/install/ros2test:/home/tmdals010126/ros2_humble/install/ros2component:/home/tmdals010126/ros2_humble/install/ros2param:/home/tmdals010126/ros2_humble/install/ros2lifecycle:/home/tmdals010126/ros2_humble/install/ros2service:/home/tmdals010126/ros2_humble/install/ros2run:/home/tmdals010126/ros2_humble/install/ros2launch:/home/tmdals010126/ros2_humble/install/ros2pkg:/home/tmdals010126/ros2_humble/install/ros2node:/home/tmdals010126/ros2_humble/install/ros2multicast:/home/tmdals010126/ros2_humble/install/ros2interface:/home/tmdals010126/ros2_humble/install/ros2doctor:/home/tmdals010126/ros2_humble/install/ros2action:/home/tmdals010126/ros2_humble/install/ros2cli:/home/tmdals010126/ros2_humble/install/quality_of_service_demo_py:/home/tmdals010126/ros2_humble/install/lifecycle_py:/home/tmdals010126/ros2_humble/install/launch_testing_ros:/home/tmdals010126/ros2_humble/install/launch_ros:/home/tmdals010126/ros2_humble/install/examples_rclpy_pointcloud_publisher:/home/tmdals010126/ros2_humble/install/examples_rclpy_minimal_subscriber:/home/tmdals010126/ros2_humble/install/examples_rclpy_minimal_service:/home/tmdals010126/ros2_humble/install/examples_rclpy_minimal_publisher:/home/tmdals010126/ros2_humble/install/examples_rclpy_minimal_client:/home/tmdals010126/ros2_humble/install/examples_rclpy_minimal_action_server:/home/tmdals010126/ros2_humble/install/examples_rclpy_minimal_action_client:/home/tmdals010126/ros2_humble/install/examples_rclpy_guard_conditions:/home/tmdals010126/ros2_humble/install/examples_rclpy_executors:/home/tmdals010126/ros2_humble/install/demo_nodes_py:/home/tmdals010126/ros2_humble/install/camera_info_manager_py:/home/tmdals010126/ros2_humble/install/action_tutorials_py:/home/tmdals010126/ros2_humble/install/ament_uncrustify:/home/tmdals010126/ros2_humble/install/tracetools_trace:/home/tmdals010126/ros2_humble/install/tracetools_read:/home/tmdals010126/ros2_humble/install/test_tracetools_launch:/home/tmdals010126/ros2_humble/install/test_launch_ros:/home/tmdals010126/ros2_humble/install/sensor_msgs_py:/home/tmdals010126/ros2_humble/install/rpyutils:/home/tmdals010126/ros2_humble/install/rosidl_runtime_py:/home/tmdals010126/ros2_humble/install/rosidl_cli:/home/tmdals010126/ros2_humble/install/launch_pytest:/home/tmdals010126/ros2_humble/install/launch_testing:/home/tmdals010126/ros2_humble/install/launch_yaml:/home/tmdals010126/ros2_humble/install/launch_xml:/home/tmdals010126/ros2_humble/install/launch:/home/tmdals010126/ros2_humble/install/osrf_pycommon:/home/tmdals010126/ros2_humble/install/domain_coordinator:/home/tmdals010126/ros2_humble/install/ament_xmllint:/home/tmdals010126/ros2_humble/install/ament_pyflakes:/home/tmdals010126/ros2_humble/install/ament_pycodestyle:/home/tmdals010126/ros2_humble/install/ament_pep257:/home/tmdals010126/ros2_humble/install/ament_pclint:/home/tmdals010126/ros2_humble/install/ament_package:/home/tmdals010126/ros2_humble/install/ament_mypy:/home/tmdals010126/ros2_humble/install/ament_lint_cmake:/home/tmdals010126/ros2_humble/install/ament_flake8:/home/tmdals010126/ros2_humble/install/ament_copyright:/home/tmdals010126/ros2_humble/install/ament_lint:/home/tmdals010126/ros2_humble/install/ament_index_python:/home/tmdals010126/ros2_humble/install/ament_cpplint:/home/tmdals010126/ros2_humble/install/ament_cppcheck:/home/tmdals010126/ros2_humble/install/ament_clang_tidy:/home/tmdals010126/ros2_humble/install/ament_clang_format /usr/local/bin/cmake /home/tmdals010126/uros_ws/src/uros/micro_ros_msgs -DCMAKE_INSTALL_PREFIX=/home/tmdals010126/uros_ws/install/micro_ros_msgs
[3.389s] Invoking command in '/home/tmdals010126/uros_ws/build/micro_ros_msgs': CMAKE_PREFIX_PATH=${CMAKE_PREFIX_PATH}:/home/tmdals010126/ros2_humble/install/rqt_bag_plugins:/home/tmdals010126/ros2_humble/install/rqt_bag:/home/tmdals010126/ros2_humble/install/launch_testing_examples:/home/tmdals010126/ros2_humble/install/ros2bag:/home/tmdals010126/ros2_humble/install/tracetools_test:/home/tmdals010126/ros2_humble/install/tracetools_launch:/home/tmdals010126/ros2_humble/install/topic_monitor:/home/tmdals010126/ros2_humble/install/tf2_tools:/home/tmdals010126/ros2_humble/install/examples_tf2_py:/home/tmdals010126/ros2_humble/install/tf2_ros_py:/home/tmdals010126/ros2_humble/install/sros2:/home/tmdals010126/ros2_humble/install/rqt_topic:/home/tmdals010126/ros2_humble/install/rqt_srv:/home/tmdals010126/ros2_humble/install/rqt_shell:/home/tmdals010126/ros2_humble/install/rqt_service_caller:/home/tmdals010126/ros2_humble/install/rqt_reconfigure:/home/tmdals010126/ros2_humble/install/rqt_py_console:/home/tmdals010126/ros2_humble/install/rqt_publisher:/home/tmdals010126/ros2_humble/install/rqt_plot:/home/tmdals010126/ros2_humble/install/rqt_action:/home/tmdals010126/ros2_humble/install/rqt_msg:/home/tmdals010126/ros2_humble/install/rqt_console:/home/tmdals010126/ros2_humble/install/rqt:/home/tmdals010126/ros2_humble/install/rqt_graph:/home/tmdals010126/ros2_humble/install/rqt_gui_py:/home/tmdals010126/ros2_humble/install/rqt_gui:/home/tmdals010126/ros2_humble/install/ros2trace:/home/tmdals010126/ros2_humble/install/ros2topic:/home/tmdals010126/ros2_humble/install/ros2test:/home/tmdals010126/ros2_humble/install/ros2component:/home/tmdals010126/ros2_humble/install/ros2param:/home/tmdals010126/ros2_humble/install/ros2lifecycle:/home/tmdals010126/ros2_humble/install/ros2service:/home/tmdals010126/ros2_humble/install/ros2run:/home/tmdals010126/ros2_humble/install/ros2launch:/home/tmdals010126/ros2_humble/install/ros2pkg:/home/tmdals010126/ros2_humble/install/ros2node:/home/tmdals010126/ros2_humble/install/ros2multicast:/home/tmdals010126/ros2_humble/install/ros2interface:/home/tmdals010126/ros2_humble/install/ros2doctor:/home/tmdals010126/ros2_humble/install/ros2action:/home/tmdals010126/ros2_humble/install/ros2cli:/home/tmdals010126/ros2_humble/install/quality_of_service_demo_py:/home/tmdals010126/ros2_humble/install/lifecycle_py:/home/tmdals010126/ros2_humble/install/launch_testing_ros:/home/tmdals010126/ros2_humble/install/launch_ros:/home/tmdals010126/ros2_humble/install/examples_rclpy_pointcloud_publisher:/home/tmdals010126/ros2_humble/install/examples_rclpy_minimal_subscriber:/home/tmdals010126/ros2_humble/install/examples_rclpy_minimal_service:/home/tmdals010126/ros2_humble/install/examples_rclpy_minimal_publisher:/home/tmdals010126/ros2_humble/install/examples_rclpy_minimal_client:/home/tmdals010126/ros2_humble/install/examples_rclpy_minimal_action_server:/home/tmdals010126/ros2_humble/install/examples_rclpy_minimal_action_client:/home/tmdals010126/ros2_humble/install/examples_rclpy_guard_conditions:/home/tmdals010126/ros2_humble/install/examples_rclpy_executors:/home/tmdals010126/ros2_humble/install/demo_nodes_py:/home/tmdals010126/ros2_humble/install/camera_info_manager_py:/home/tmdals010126/ros2_humble/install/action_tutorials_py:/home/tmdals010126/ros2_humble/install/ament_uncrustify:/home/tmdals010126/ros2_humble/install/tracetools_trace:/home/tmdals010126/ros2_humble/install/tracetools_read:/home/tmdals010126/ros2_humble/install/test_tracetools_launch:/home/tmdals010126/ros2_humble/install/test_launch_ros:/home/tmdals010126/ros2_humble/install/sensor_msgs_py:/home/tmdals010126/ros2_humble/install/rpyutils:/home/tmdals010126/ros2_humble/install/rosidl_runtime_py:/home/tmdals010126/ros2_humble/install/rosidl_cli:/home/tmdals010126/ros2_humble/install/launch_pytest:/home/tmdals010126/ros2_humble/install/launch_testing:/home/tmdals010126/ros2_humble/install/launch_yaml:/home/tmdals010126/ros2_humble/install/launch_xml:/home/tmdals010126/ros2_humble/install/launch:/home/tmdals010126/ros2_humble/install/osrf_pycommon:/home/tmdals010126/ros2_humble/install/domain_coordinator:/home/tmdals010126/ros2_humble/install/ament_xmllint:/home/tmdals010126/ros2_humble/install/ament_pyflakes:/home/tmdals010126/ros2_humble/install/ament_pycodestyle:/home/tmdals010126/ros2_humble/install/ament_pep257:/home/tmdals010126/ros2_humble/install/ament_pclint:/home/tmdals010126/ros2_humble/install/ament_package:/home/tmdals010126/ros2_humble/install/ament_mypy:/home/tmdals010126/ros2_humble/install/ament_lint_cmake:/home/tmdals010126/ros2_humble/install/ament_flake8:/home/tmdals010126/ros2_humble/install/ament_copyright:/home/tmdals010126/ros2_humble/install/ament_lint:/home/tmdals010126/ros2_humble/install/ament_index_python:/home/tmdals010126/ros2_humble/install/ament_cpplint:/home/tmdals010126/ros2_humble/install/ament_cppcheck:/home/tmdals010126/ros2_humble/install/ament_clang_tidy:/home/tmdals010126/ros2_humble/install/ament_clang_format /usr/local/bin/cmake --build /home/tmdals010126/uros_ws/build/micro_ros_msgs -- -j28 -l28
[3.407s] [  2%] [34m[1mGenerating C code for ROS interfaces[0m
[3.412s] [  4%] [34m[1mGenerating C++ code for ROS interfaces[0m
[3.414s] [  4%] Built target ament_cmake_python_copy_micro_ros_msgs
[3.644s] running egg_info
[3.644s] [  4%] Built target micro_ros_msgs__cpp
[3.647s] [ 10%] [32mBuilding C object CMakeFiles/micro_ros_msgs__rosidl_generator_c.dir/rosidl_generator_c/micro_ros_msgs/msg/detail/entity__functions.c.o[0m
[3.647s] [ 10%] [32mBuilding C object CMakeFiles/micro_ros_msgs__rosidl_generator_c.dir/rosidl_generator_c/micro_ros_msgs/msg/detail/graph__functions.c.o[0m
[3.647s] [ 10%] [32mBuilding C object CMakeFiles/micro_ros_msgs__rosidl_generator_c.dir/rosidl_generator_c/micro_ros_msgs/msg/detail/node__functions.c.o[0m
[3.650s] [ 12%] [34m[1mGenerating C++ type support dispatch for ROS interfaces[0m
[3.654s] [ 17%] [34m[1mGenerating C++ type support for eProsima Fast-RTPS[0m
[3.654s] [ 17%] [34m[1mGenerating C++ introspection for ROS interfaces[0m
[3.661s] creating micro_ros_msgs.egg-info
[3.661s] writing micro_ros_msgs.egg-info/PKG-INFO
[3.661s] writing dependency_links to micro_ros_msgs.egg-info/dependency_links.txt
[3.661s] writing top-level names to micro_ros_msgs.egg-info/top_level.txt
[3.661s] writing manifest file 'micro_ros_msgs.egg-info/SOURCES.txt'
[3.675s] [ 19%] [32m[1mLinking C shared library libmicro_ros_msgs__rosidl_generator_c.so[0m
[3.695s] [ 19%] Built target micro_ros_msgs__rosidl_generator_c
[3.700s] [ 25%] [34m[1mGenerating C type support dispatch for ROS interfaces[0m
[3.700s] [ 25%] [34m[1mGenerating C type support for eProsima Fast-RTPS[0m
[3.700s] [ 25%] [34m[1mGenerating C introspection for ROS interfaces[0m
[3.710s] reading manifest file 'micro_ros_msgs.egg-info/SOURCES.txt'
[3.710s] writing manifest file 'micro_ros_msgs.egg-info/SOURCES.txt'
[3.728s] [ 25%] Built target ament_cmake_python_build_micro_ros_msgs_egg
[3.859s] [ 27%] [32mBuilding CXX object CMakeFiles/micro_ros_msgs__rosidl_typesupport_cpp.dir/rosidl_typesupport_cpp/micro_ros_msgs/msg/graph__type_support.cpp.o[0m
[3.859s] [ 29%] [32mBuilding CXX object CMakeFiles/micro_ros_msgs__rosidl_typesupport_cpp.dir/rosidl_typesupport_cpp/micro_ros_msgs/msg/node__type_support.cpp.o[0m
[3.859s] [ 31%] [32mBuilding CXX object CMakeFiles/micro_ros_msgs__rosidl_typesupport_cpp.dir/rosidl_typesupport_cpp/micro_ros_msgs/msg/entity__type_support.cpp.o[0m
[3.879s] [ 34%] [32mBuilding CXX object CMakeFiles/micro_ros_msgs__rosidl_typesupport_introspection_cpp.dir/rosidl_typesupport_introspection_cpp/micro_ros_msgs/msg/detail/graph__type_support.cpp.o[0m
[3.881s] [ 36%] [32mBuilding CXX object CMakeFiles/micro_ros_msgs__rosidl_typesupport_introspection_cpp.dir/rosidl_typesupport_introspection_cpp/micro_ros_msgs/msg/detail/node__type_support.cpp.o[0m
[3.882s] [ 38%] [32mBuilding CXX object CMakeFiles/micro_ros_msgs__rosidl_typesupport_introspection_cpp.dir/rosidl_typesupport_introspection_cpp/micro_ros_msgs/msg/detail/entity__type_support.cpp.o[0m
[3.898s] [ 40%] [32mBuilding CXX object CMakeFiles/micro_ros_msgs__rosidl_typesupport_fastrtps_cpp.dir/rosidl_typesupport_fastrtps_cpp/micro_ros_msgs/msg/detail/dds_fastrtps/graph__type_support.cpp.o[0m
[3.898s] [ 42%] [32mBuilding CXX object CMakeFiles/micro_ros_msgs__rosidl_typesupport_fastrtps_cpp.dir/rosidl_typesupport_fastrtps_cpp/micro_ros_msgs/msg/detail/dds_fastrtps/node__type_support.cpp.o[0m
[3.898s] [ 44%] [32mBuilding CXX object CMakeFiles/micro_ros_msgs__rosidl_typesupport_fastrtps_cpp.dir/rosidl_typesupport_fastrtps_cpp/micro_ros_msgs/msg/detail/dds_fastrtps/entity__type_support.cpp.o[0m
[3.911s] [ 51%] [32mBuilding CXX object CMakeFiles/micro_ros_msgs__rosidl_typesupport_c.dir/rosidl_typesupport_c/micro_ros_msgs/msg/graph__type_support.cpp.o[0m
[3.911s] [ 51%] [32mBuilding CXX object CMakeFiles/micro_ros_msgs__rosidl_typesupport_c.dir/rosidl_typesupport_c/micro_ros_msgs/msg/entity__type_support.cpp.o[0m
[3.911s] [ 51%] [32mBuilding CXX object CMakeFiles/micro_ros_msgs__rosidl_typesupport_c.dir/rosidl_typesupport_c/micro_ros_msgs/msg/node__type_support.cpp.o[0m
[3.927s] [ 53%] [32mBuilding C object CMakeFiles/micro_ros_msgs__rosidl_typesupport_introspection_c.dir/rosidl_typesupport_introspection_c/micro_ros_msgs/msg/detail/graph__type_support.c.o[0m
[3.930s] [ 57%] [32mBuilding C object CMakeFiles/micro_ros_msgs__rosidl_typesupport_introspection_c.dir/rosidl_typesupport_introspection_c/micro_ros_msgs/msg/detail/node__type_support.c.o[0m
[3.930s] [ 57%] [32mBuilding C object CMakeFiles/micro_ros_msgs__rosidl_typesupport_introspection_c.dir/rosidl_typesupport_introspection_c/micro_ros_msgs/msg/detail/entity__type_support.c.o[0m
[3.933s] [ 59%] [32mBuilding CXX object CMakeFiles/micro_ros_msgs__rosidl_typesupport_fastrtps_c.dir/rosidl_typesupport_fastrtps_c/micro_ros_msgs/msg/detail/graph__type_support_c.cpp.o[0m
[3.936s] [ 63%] [32mBuilding CXX object CMakeFiles/micro_ros_msgs__rosidl_typesupport_fastrtps_c.dir/rosidl_typesupport_fastrtps_c/micro_ros_msgs/msg/detail/entity__type_support_c.cpp.o[0m
[3.936s] [ 63%] [32mBuilding CXX object CMakeFiles/micro_ros_msgs__rosidl_typesupport_fastrtps_c.dir/rosidl_typesupport_fastrtps_c/micro_ros_msgs/msg/detail/node__type_support_c.cpp.o[0m
[3.945s] [ 65%] [32m[1mLinking CXX shared library libmicro_ros_msgs__rosidl_typesupport_c.so[0m
[3.964s] [ 68%] [32m[1mLinking C shared library libmicro_ros_msgs__rosidl_typesupport_introspection_c.so[0m
[3.968s] [ 68%] Built target micro_ros_msgs__rosidl_typesupport_c
[3.984s] [ 68%] Built target micro_ros_msgs__rosidl_typesupport_introspection_c
[3.989s] [ 70%] [32m[1mLinking CXX shared library libmicro_ros_msgs__rosidl_typesupport_cpp.so[0m
[4.010s] [ 70%] Built target micro_ros_msgs__rosidl_typesupport_cpp
[4.104s] [ 72%] [32m[1mLinking CXX shared library libmicro_ros_msgs__rosidl_typesupport_introspection_cpp.so[0m
[4.138s] [ 74%] [32m[1mLinking CXX shared library libmicro_ros_msgs__rosidl_typesupport_fastrtps_c.so[0m
[4.142s] [ 74%] Built target micro_ros_msgs__rosidl_typesupport_introspection_cpp
[4.173s] [ 74%] Built target micro_ros_msgs__rosidl_typesupport_fastrtps_c
[4.188s] [ 76%] [32m[1mLinking CXX shared library libmicro_ros_msgs__rosidl_typesupport_fastrtps_cpp.so[0m
[4.223s] [ 76%] Built target micro_ros_msgs__rosidl_typesupport_fastrtps_cpp
[4.234s] [ 76%] Built target micro_ros_msgs
[4.247s] [ 78%] [34m[1mGenerating Python code for ROS interfaces[0m
[4.565s] [ 78%] Built target micro_ros_msgs__py
[4.575s] [ 80%] [32mBuilding C object CMakeFiles/micro_ros_msgs__rosidl_generator_py.dir/rosidl_generator_py/micro_ros_msgs/msg/_graph_s.c.o[0m
[4.576s] [ 82%] [32mBuilding C object CMakeFiles/micro_ros_msgs__rosidl_generator_py.dir/rosidl_generator_py/micro_ros_msgs/msg/_node_s.c.o[0m
[4.576s] [ 85%] [32mBuilding C object CMakeFiles/micro_ros_msgs__rosidl_generator_py.dir/rosidl_generator_py/micro_ros_msgs/msg/_entity_s.c.o[0m
[4.623s] [ 87%] [32m[1mLinking C shared library rosidl_generator_py/micro_ros_msgs/libmicro_ros_msgs__rosidl_generator_py.so[0m
[4.643s] [ 87%] Built target micro_ros_msgs__rosidl_generator_py
[4.661s] [ 89%] [32mBuilding C object CMakeFiles/micro_ros_msgs__rosidl_typesupport_introspection_c__pyext.dir/rosidl_generator_py/micro_ros_msgs/_micro_ros_msgs_s.ep.rosidl_typesupport_introspection_c.c.o[0m
[4.661s] [ 91%] [32mBuilding C object CMakeFiles/micro_ros_msgs__rosidl_typesupport_fastrtps_c__pyext.dir/rosidl_generator_py/micro_ros_msgs/_micro_ros_msgs_s.ep.rosidl_typesupport_fastrtps_c.c.o[0m
[4.661s] [ 93%] [32mBuilding C object CMakeFiles/micro_ros_msgs__rosidl_typesupport_c__pyext.dir/rosidl_generator_py/micro_ros_msgs/_micro_ros_msgs_s.ep.rosidl_typesupport_c.c.o[0m
[4.710s] [ 97%] [32m[1mLinking C shared library rosidl_generator_py/micro_ros_msgs/micro_ros_msgs_s__rosidl_typesupport_c.cpython-310-x86_64-linux-gnu.so[0m
[4.710s] [ 97%] [32m[1mLinking C shared library rosidl_generator_py/micro_ros_msgs/micro_ros_msgs_s__rosidl_typesupport_introspection_c.cpython-310-x86_64-linux-gnu.so[0m
[4.711s] [100%] [32m[1mLinking C shared library rosidl_generator_py/micro_ros_msgs/micro_ros_msgs_s__rosidl_typesupport_fastrtps_c.cpython-310-x86_64-linux-gnu.so[0m
[4.726s] [100%] Built target micro_ros_msgs__rosidl_typesupport_introspection_c__pyext
[4.726s] [100%] Built target micro_ros_msgs__rosidl_typesupport_c__pyext
[4.727s] [100%] Built target micro_ros_msgs__rosidl_typesupport_fastrtps_c__pyext
[4.731s] Invoked command in '/home/tmdals010126/uros_ws/build/micro_ros_msgs' returned '0': CMAKE_PREFIX_PATH=${CMAKE_PREFIX_PATH}:/home/tmdals010126/ros2_humble/install/rqt_bag_plugins:/home/tmdals010126/ros2_humble/install/rqt_bag:/home/tmdals010126/ros2_humble/install/launch_testing_examples:/home/tmdals010126/ros2_humble/install/ros2bag:/home/tmdals010126/ros2_humble/install/tracetools_test:/home/tmdals010126/ros2_humble/install/tracetools_launch:/home/tmdals010126/ros2_humble/install/topic_monitor:/home/tmdals010126/ros2_humble/install/tf2_tools:/home/tmdals010126/ros2_humble/install/examples_tf2_py:/home/tmdals010126/ros2_humble/install/tf2_ros_py:/home/tmdals010126/ros2_humble/install/sros2:/home/tmdals010126/ros2_humble/install/rqt_topic:/home/tmdals010126/ros2_humble/install/rqt_srv:/home/tmdals010126/ros2_humble/install/rqt_shell:/home/tmdals010126/ros2_humble/install/rqt_service_caller:/home/tmdals010126/ros2_humble/install/rqt_reconfigure:/home/tmdals010126/ros2_humble/install/rqt_py_console:/home/tmdals010126/ros2_humble/install/rqt_publisher:/home/tmdals010126/ros2_humble/install/rqt_plot:/home/tmdals010126/ros2_humble/install/rqt_action:/home/tmdals010126/ros2_humble/install/rqt_msg:/home/tmdals010126/ros2_humble/install/rqt_console:/home/tmdals010126/ros2_humble/install/rqt:/home/tmdals010126/ros2_humble/install/rqt_graph:/home/tmdals010126/ros2_humble/install/rqt_gui_py:/home/tmdals010126/ros2_humble/install/rqt_gui:/home/tmdals010126/ros2_humble/install/ros2trace:/home/tmdals010126/ros2_humble/install/ros2topic:/home/tmdals010126/ros2_humble/install/ros2test:/home/tmdals010126/ros2_humble/install/ros2component:/home/tmdals010126/ros2_humble/install/ros2param:/home/tmdals010126/ros2_humble/install/ros2lifecycle:/home/tmdals010126/ros2_humble/install/ros2service:/home/tmdals010126/ros2_humble/install/ros2run:/home/tmdals010126/ros2_humble/install/ros2launch:/home/tmdals010126/ros2_humble/install/ros2pkg:/home/tmdals010126/ros2_humble/install/ros2node:/home/tmdals010126/ros2_humble/install/ros2multicast:/home/tmdals010126/ros2_humble/install/ros2interface:/home/tmdals010126/ros2_humble/install/ros2doctor:/home/tmdals010126/ros2_humble/install/ros2action:/home/tmdals010126/ros2_humble/install/ros2cli:/home/tmdals010126/ros2_humble/install/quality_of_service_demo_py:/home/tmdals010126/ros2_humble/install/lifecycle_py:/home/tmdals010126/ros2_humble/install/launch_testing_ros:/home/tmdals010126/ros2_humble/install/launch_ros:/home/tmdals010126/ros2_humble/install/examples_rclpy_pointcloud_publisher:/home/tmdals010126/ros2_humble/install/examples_rclpy_minimal_subscriber:/home/tmdals010126/ros2_humble/install/examples_rclpy_minimal_service:/home/tmdals010126/ros2_humble/install/examples_rclpy_minimal_publisher:/home/tmdals010126/ros2_humble/install/examples_rclpy_minimal_client:/home/tmdals010126/ros2_humble/install/examples_rclpy_minimal_action_server:/home/tmdals010126/ros2_humble/install/examples_rclpy_minimal_action_client:/home/tmdals010126/ros2_humble/install/examples_rclpy_guard_conditions:/home/tmdals010126/ros2_humble/install/examples_rclpy_executors:/home/tmdals010126/ros2_humble/install/demo_nodes_py:/home/tmdals010126/ros2_humble/install/camera_info_manager_py:/home/tmdals010126/ros2_humble/install/action_tutorials_py:/home/tmdals010126/ros2_humble/install/ament_uncrustify:/home/tmdals010126/ros2_humble/install/tracetools_trace:/home/tmdals010126/ros2_humble/install/tracetools_read:/home/tmdals010126/ros2_humble/install/test_tracetools_launch:/home/tmdals010126/ros2_humble/install/test_launch_ros:/home/tmdals010126/ros2_humble/install/sensor_msgs_py:/home/tmdals010126/ros2_humble/install/rpyutils:/home/tmdals010126/ros2_humble/install/rosidl_runtime_py:/home/tmdals010126/ros2_humble/install/rosidl_cli:/home/tmdals010126/ros2_humble/install/launch_pytest:/home/tmdals010126/ros2_humble/install/launch_testing:/home/tmdals010126/ros2_humble/install/launch_yaml:/home/tmdals010126/ros2_humble/install/launch_xml:/home/tmdals010126/ros2_humble/install/launch:/home/tmdals010126/ros2_humble/install/osrf_pycommon:/home/tmdals010126/ros2_humble/install/domain_coordinator:/home/tmdals010126/ros2_humble/install/ament_xmllint:/home/tmdals010126/ros2_humble/install/ament_pyflakes:/home/tmdals010126/ros2_humble/install/ament_pycodestyle:/home/tmdals010126/ros2_humble/install/ament_pep257:/home/tmdals010126/ros2_humble/install/ament_pclint:/home/tmdals010126/ros2_humble/install/ament_package:/home/tmdals010126/ros2_humble/install/ament_mypy:/home/tmdals010126/ros2_humble/install/ament_lint_cmake:/home/tmdals010126/ros2_humble/install/ament_flake8:/home/tmdals010126/ros2_humble/install/ament_copyright:/home/tmdals010126/ros2_humble/install/ament_lint:/home/tmdals010126/ros2_humble/install/ament_index_python:/home/tmdals010126/ros2_humble/install/ament_cpplint:/home/tmdals010126/ros2_humble/install/ament_cppcheck:/home/tmdals010126/ros2_humble/install/ament_clang_tidy:/home/tmdals010126/ros2_humble/install/ament_clang_format /usr/local/bin/cmake --build /home/tmdals010126/uros_ws/build/micro_ros_msgs -- -j28 -l28
[4.732s] Invoking command in '/home/tmdals010126/uros_ws/build/micro_ros_msgs': CMAKE_PREFIX_PATH=${CMAKE_PREFIX_PATH}:/home/tmdals010126/ros2_humble/install/rqt_bag_plugins:/home/tmdals010126/ros2_humble/install/rqt_bag:/home/tmdals010126/ros2_humble/install/launch_testing_examples:/home/tmdals010126/ros2_humble/install/ros2bag:/home/tmdals010126/ros2_humble/install/tracetools_test:/home/tmdals010126/ros2_humble/install/tracetools_launch:/home/tmdals010126/ros2_humble/install/topic_monitor:/home/tmdals010126/ros2_humble/install/tf2_tools:/home/tmdals010126/ros2_humble/install/examples_tf2_py:/home/tmdals010126/ros2_humble/install/tf2_ros_py:/home/tmdals010126/ros2_humble/install/sros2:/home/tmdals010126/ros2_humble/install/rqt_topic:/home/tmdals010126/ros2_humble/install/rqt_srv:/home/tmdals010126/ros2_humble/install/rqt_shell:/home/tmdals010126/ros2_humble/install/rqt_service_caller:/home/tmdals010126/ros2_humble/install/rqt_reconfigure:/home/tmdals010126/ros2_humble/install/rqt_py_console:/home/tmdals010126/ros2_humble/install/rqt_publisher:/home/tmdals010126/ros2_humble/install/rqt_plot:/home/tmdals010126/ros2_humble/install/rqt_action:/home/tmdals010126/ros2_humble/install/rqt_msg:/home/tmdals010126/ros2_humble/install/rqt_console:/home/tmdals010126/ros2_humble/install/rqt:/home/tmdals010126/ros2_humble/install/rqt_graph:/home/tmdals010126/ros2_humble/install/rqt_gui_py:/home/tmdals010126/ros2_humble/install/rqt_gui:/home/tmdals010126/ros2_humble/install/ros2trace:/home/tmdals010126/ros2_humble/install/ros2topic:/home/tmdals010126/ros2_humble/install/ros2test:/home/tmdals010126/ros2_humble/install/ros2component:/home/tmdals010126/ros2_humble/install/ros2param:/home/tmdals010126/ros2_humble/install/ros2lifecycle:/home/tmdals010126/ros2_humble/install/ros2service:/home/tmdals010126/ros2_humble/install/ros2run:/home/tmdals010126/ros2_humble/install/ros2launch:/home/tmdals010126/ros2_humble/install/ros2pkg:/home/tmdals010126/ros2_humble/install/ros2node:/home/tmdals010126/ros2_humble/install/ros2multicast:/home/tmdals010126/ros2_humble/install/ros2interface:/home/tmdals010126/ros2_humble/install/ros2doctor:/home/tmdals010126/ros2_humble/install/ros2action:/home/tmdals010126/ros2_humble/install/ros2cli:/home/tmdals010126/ros2_humble/install/quality_of_service_demo_py:/home/tmdals010126/ros2_humble/install/lifecycle_py:/home/tmdals010126/ros2_humble/install/launch_testing_ros:/home/tmdals010126/ros2_humble/install/launch_ros:/home/tmdals010126/ros2_humble/install/examples_rclpy_pointcloud_publisher:/home/tmdals010126/ros2_humble/install/examples_rclpy_minimal_subscriber:/home/tmdals010126/ros2_humble/install/examples_rclpy_minimal_service:/home/tmdals010126/ros2_humble/install/examples_rclpy_minimal_publisher:/home/tmdals010126/ros2_humble/install/examples_rclpy_minimal_client:/home/tmdals010126/ros2_humble/install/examples_rclpy_minimal_action_server:/home/tmdals010126/ros2_humble/install/examples_rclpy_minimal_action_client:/home/tmdals010126/ros2_humble/install/examples_rclpy_guard_conditions:/home/tmdals010126/ros2_humble/install/examples_rclpy_executors:/home/tmdals010126/ros2_humble/install/demo_nodes_py:/home/tmdals010126/ros2_humble/install/camera_info_manager_py:/home/tmdals010126/ros2_humble/install/action_tutorials_py:/home/tmdals010126/ros2_humble/install/ament_uncrustify:/home/tmdals010126/ros2_humble/install/tracetools_trace:/home/tmdals010126/ros2_humble/install/tracetools_read:/home/tmdals010126/ros2_humble/install/test_tracetools_launch:/home/tmdals010126/ros2_humble/install/test_launch_ros:/home/tmdals010126/ros2_humble/install/sensor_msgs_py:/home/tmdals010126/ros2_humble/install/rpyutils:/home/tmdals010126/ros2_humble/install/rosidl_runtime_py:/home/tmdals010126/ros2_humble/install/rosidl_cli:/home/tmdals010126/ros2_humble/install/launch_pytest:/home/tmdals010126/ros2_humble/install/launch_testing:/home/tmdals010126/ros2_humble/install/launch_yaml:/home/tmdals010126/ros2_humble/install/launch_xml:/home/tmdals010126/ros2_humble/install/launch:/home/tmdals010126/ros2_humble/install/osrf_pycommon:/home/tmdals010126/ros2_humble/install/domain_coordinator:/home/tmdals010126/ros2_humble/install/ament_xmllint:/home/tmdals010126/ros2_humble/install/ament_pyflakes:/home/tmdals010126/ros2_humble/install/ament_pycodestyle:/home/tmdals010126/ros2_humble/install/ament_pep257:/home/tmdals010126/ros2_humble/install/ament_pclint:/home/tmdals010126/ros2_humble/install/ament_package:/home/tmdals010126/ros2_humble/install/ament_mypy:/home/tmdals010126/ros2_humble/install/ament_lint_cmake:/home/tmdals010126/ros2_humble/install/ament_flake8:/home/tmdals010126/ros2_humble/install/ament_copyright:/home/tmdals010126/ros2_humble/install/ament_lint:/home/tmdals010126/ros2_humble/install/ament_index_python:/home/tmdals010126/ros2_humble/install/ament_cpplint:/home/tmdals010126/ros2_humble/install/ament_cppcheck:/home/tmdals010126/ros2_humble/install/ament_clang_tidy:/home/tmdals010126/ros2_humble/install/ament_clang_format /usr/local/bin/cmake --install /home/tmdals010126/uros_ws/build/micro_ros_msgs
[4.734s] -- Install configuration: ""
[4.734s] -- Installing: /home/tmdals010126/uros_ws/install/micro_ros_msgs/share/ament_index/resource_index/rosidl_interfaces/micro_ros_msgs
[4.734s] -- Installing: /home/tmdals010126/uros_ws/install/micro_ros_msgs/include/micro_ros_msgs/micro_ros_msgs
[4.734s] -- Installing: /home/tmdals010126/uros_ws/install/micro_ros_msgs/include/micro_ros_msgs/micro_ros_msgs/msg
[4.734s] -- Installing: /home/tmdals010126/uros_ws/install/micro_ros_msgs/include/micro_ros_msgs/micro_ros_msgs/msg/rosidl_generator_c__visibility_control.h
[4.734s] -- Installing: /home/tmdals010126/uros_ws/install/micro_ros_msgs/include/micro_ros_msgs/micro_ros_msgs/msg/entity.h
[4.734s] -- Installing: /home/tmdals010126/uros_ws/install/micro_ros_msgs/include/micro_ros_msgs/micro_ros_msgs/msg/graph.h
[4.734s] -- Installing: /home/tmdals010126/uros_ws/install/micro_ros_msgs/include/micro_ros_msgs/micro_ros_msgs/msg/detail
[4.734s] -- Installing: /home/tmdals010126/uros_ws/install/micro_ros_msgs/include/micro_ros_msgs/micro_ros_msgs/msg/detail/node__struct.h
[4.734s] -- Installing: /home/tmdals010126/uros_ws/install/micro_ros_msgs/include/micro_ros_msgs/micro_ros_msgs/msg/detail/graph__functions.h
[4.735s] -- Installing: /home/tmdals010126/uros_ws/install/micro_ros_msgs/include/micro_ros_msgs/micro_ros_msgs/msg/detail/node__type_support.h
[4.735s] -- Installing: /home/tmdals010126/uros_ws/install/micro_ros_msgs/include/micro_ros_msgs/micro_ros_msgs/msg/detail/graph__struct.h
[4.735s] -- Installing: /home/tmdals010126/uros_ws/install/micro_ros_msgs/include/micro_ros_msgs/micro_ros_msgs/msg/detail/entity__struct.h
[4.735s] -- Installing: /home/tmdals010126/uros_ws/install/micro_ros_msgs/include/micro_ros_msgs/micro_ros_msgs/msg/detail/entity__functions.c
[4.735s] -- Installing: /home/tmdals010126/uros_ws/install/micro_ros_msgs/include/micro_ros_msgs/micro_ros_msgs/msg/detail/entity__type_support.h
[4.735s] -- Installing: /home/tmdals010126/uros_ws/install/micro_ros_msgs/include/micro_ros_msgs/micro_ros_msgs/msg/detail/entity__functions.h
[4.735s] -- Installing: /home/tmdals010126/uros_ws/install/micro_ros_msgs/include/micro_ros_msgs/micro_ros_msgs/msg/detail/node__functions.h
[4.735s] -- Installing: /home/tmdals010126/uros_ws/install/micro_ros_msgs/include/micro_ros_msgs/micro_ros_msgs/msg/detail/node__functions.c
[4.735s] -- Installing: /home/tmdals010126/uros_ws/install/micro_ros_msgs/include/micro_ros_msgs/micro_ros_msgs/msg/detail/graph__type_support.h
[4.735s] -- Installing: /home/tmdals010126/uros_ws/install/micro_ros_msgs/include/micro_ros_msgs/micro_ros_msgs/msg/detail/graph__functions.c
[4.735s] -- Installing: /home/tmdals010126/uros_ws/install/micro_ros_msgs/include/micro_ros_msgs/micro_ros_msgs/msg/node.h
[4.735s] -- Installing: /home/tmdals010126/uros_ws/install/micro_ros_msgs/share/micro_ros_msgs/environment/library_path.sh
[4.735s] -- Installing: /home/tmdals010126/uros_ws/install/micro_ros_msgs/share/micro_ros_msgs/environment/library_path.dsv
[4.735s] -- Installing: /home/tmdals010126/uros_ws/install/micro_ros_msgs/lib/libmicro_ros_msgs__rosidl_generator_c.so
[4.735s] -- Set runtime path of "/home/tmdals010126/uros_ws/install/micro_ros_msgs/lib/libmicro_ros_msgs__rosidl_generator_c.so" to ""
[4.735s] -- Up-to-date: /home/tmdals010126/uros_ws/install/micro_ros_msgs/include/micro_ros_msgs/micro_ros_msgs
[4.735s] -- Up-to-date: /home/tmdals010126/uros_ws/install/micro_ros_msgs/include/micro_ros_msgs/micro_ros_msgs/msg
[4.736s] -- Up-to-date: /home/tmdals010126/uros_ws/install/micro_ros_msgs/include/micro_ros_msgs/micro_ros_msgs/msg/detail
[4.736s] -- Installing: /home/tmdals010126/uros_ws/install/micro_ros_msgs/include/micro_ros_msgs/micro_ros_msgs/msg/detail/node__type_support.c
[4.736s] -- Installing: /home/tmdals010126/uros_ws/install/micro_ros_msgs/include/micro_ros_msgs/micro_ros_msgs/msg/detail/graph__rosidl_typesupport_introspection_c.h
[4.736s] -- Installing: /home/tmdals010126/uros_ws/install/micro_ros_msgs/include/micro_ros_msgs/micro_ros_msgs/msg/detail/entity__rosidl_typesupport_introspection_c.h
[4.736s] -- Installing: /home/tmdals010126/uros_ws/install/micro_ros_msgs/include/micro_ros_msgs/micro_ros_msgs/msg/detail/node__rosidl_typesupport_introspection_c.h
[4.736s] -- Installing: /home/tmdals010126/uros_ws/install/micro_ros_msgs/include/micro_ros_msgs/micro_ros_msgs/msg/detail/entity__type_support.c
[4.736s] -- Installing: /home/tmdals010126/uros_ws/install/micro_ros_msgs/include/micro_ros_msgs/micro_ros_msgs/msg/detail/graph__type_support.c
[4.736s] -- Installing: /home/tmdals010126/uros_ws/install/micro_ros_msgs/include/micro_ros_msgs/micro_ros_msgs/msg/rosidl_typesupport_introspection_c__visibility_control.h
[4.736s] -- Installing: /home/tmdals010126/uros_ws/install/micro_ros_msgs/lib/libmicro_ros_msgs__rosidl_typesupport_introspection_c.so
[4.736s] -- Set runtime path of "/home/tmdals010126/uros_ws/install/micro_ros_msgs/lib/libmicro_ros_msgs__rosidl_typesupport_introspection_c.so" to ""
[4.736s] -- Up-to-date: /home/tmdals010126/uros_ws/install/micro_ros_msgs/include/micro_ros_msgs/micro_ros_msgs
[4.736s] -- Up-to-date: /home/tmdals010126/uros_ws/install/micro_ros_msgs/include/micro_ros_msgs/micro_ros_msgs/msg
[4.736s] -- Up-to-date: /home/tmdals010126/uros_ws/install/micro_ros_msgs/include/micro_ros_msgs/micro_ros_msgs/msg/detail
[4.736s] -- Installing: /home/tmdals010126/uros_ws/install/micro_ros_msgs/include/micro_ros_msgs/micro_ros_msgs/msg/detail/graph__rosidl_typesupport_fastrtps_c.h
[4.736s] -- Installing: /home/tmdals010126/uros_ws/install/micro_ros_msgs/include/micro_ros_msgs/micro_ros_msgs/msg/detail/entity__rosidl_typesupport_fastrtps_c.h
[4.736s] -- Installing: /home/tmdals010126/uros_ws/install/micro_ros_msgs/include/micro_ros_msgs/micro_ros_msgs/msg/detail/node__rosidl_typesupport_fastrtps_c.h
[4.736s] -- Installing: /home/tmdals010126/uros_ws/install/micro_ros_msgs/include/micro_ros_msgs/micro_ros_msgs/msg/rosidl_typesupport_fastrtps_c__visibility_control.h
[4.736s] -- Installing: /home/tmdals010126/uros_ws/install/micro_ros_msgs/lib/libmicro_ros_msgs__rosidl_typesupport_fastrtps_c.so
[4.736s] -- Set runtime path of "/home/tmdals010126/uros_ws/install/micro_ros_msgs/lib/libmicro_ros_msgs__rosidl_typesupport_fastrtps_c.so" to ""
[4.736s] -- Installing: /home/tmdals010126/uros_ws/install/micro_ros_msgs/lib/libmicro_ros_msgs__rosidl_typesupport_c.so
[4.736s] -- Set runtime path of "/home/tmdals010126/uros_ws/install/micro_ros_msgs/lib/libmicro_ros_msgs__rosidl_typesupport_c.so" to ""
[4.736s] -- Up-to-date: /home/tmdals010126/uros_ws/install/micro_ros_msgs/include/micro_ros_msgs/micro_ros_msgs
[4.736s] -- Up-to-date: /home/tmdals010126/uros_ws/install/micro_ros_msgs/include/micro_ros_msgs/micro_ros_msgs/msg
[4.736s] -- Installing: /home/tmdals010126/uros_ws/install/micro_ros_msgs/include/micro_ros_msgs/micro_ros_msgs/msg/rosidl_generator_cpp__visibility_control.hpp
[4.737s] -- Installing: /home/tmdals010126/uros_ws/install/micro_ros_msgs/include/micro_ros_msgs/micro_ros_msgs/msg/graph.hpp
[4.737s] -- Up-to-date: /home/tmdals010126/uros_ws/install/micro_ros_msgs/include/micro_ros_msgs/micro_ros_msgs/msg/detail
[4.737s] -- Installing: /home/tmdals010126/uros_ws/install/micro_ros_msgs/include/micro_ros_msgs/micro_ros_msgs/msg/detail/node__traits.hpp
[4.737s] -- Installing: /home/tmdals010126/uros_ws/install/micro_ros_msgs/include/micro_ros_msgs/micro_ros_msgs/msg/detail/entity__traits.hpp
[4.737s] -- Installing: /home/tmdals010126/uros_ws/install/micro_ros_msgs/include/micro_ros_msgs/micro_ros_msgs/msg/detail/graph__type_support.hpp
[4.737s] -- Installing: /home/tmdals010126/uros_ws/install/micro_ros_msgs/include/micro_ros_msgs/micro_ros_msgs/msg/detail/node__builder.hpp
[4.737s] -- Installing: /home/tmdals010126/uros_ws/install/micro_ros_msgs/include/micro_ros_msgs/micro_ros_msgs/msg/detail/entity__struct.hpp
[4.737s] -- Installing: /home/tmdals010126/uros_ws/install/micro_ros_msgs/include/micro_ros_msgs/micro_ros_msgs/msg/detail/graph__struct.hpp
[4.737s] -- Installing: /home/tmdals010126/uros_ws/install/micro_ros_msgs/include/micro_ros_msgs/micro_ros_msgs/msg/detail/graph__builder.hpp
[4.737s] -- Installing: /home/tmdals010126/uros_ws/install/micro_ros_msgs/include/micro_ros_msgs/micro_ros_msgs/msg/detail/entity__builder.hpp
[4.737s] -- Installing: /home/tmdals010126/uros_ws/install/micro_ros_msgs/include/micro_ros_msgs/micro_ros_msgs/msg/detail/node__type_support.hpp
[4.737s] -- Installing: /home/tmdals010126/uros_ws/install/micro_ros_msgs/include/micro_ros_msgs/micro_ros_msgs/msg/detail/node__struct.hpp
[4.737s] -- Installing: /home/tmdals010126/uros_ws/install/micro_ros_msgs/include/micro_ros_msgs/micro_ros_msgs/msg/detail/graph__traits.hpp
[4.737s] -- Installing: /home/tmdals010126/uros_ws/install/micro_ros_msgs/include/micro_ros_msgs/micro_ros_msgs/msg/detail/entity__type_support.hpp
[4.737s] -- Installing: /home/tmdals010126/uros_ws/install/micro_ros_msgs/include/micro_ros_msgs/micro_ros_msgs/msg/node.hpp
[4.737s] -- Installing: /home/tmdals010126/uros_ws/install/micro_ros_msgs/include/micro_ros_msgs/micro_ros_msgs/msg/entity.hpp
[4.737s] -- Up-to-date: /home/tmdals010126/uros_ws/install/micro_ros_msgs/include/micro_ros_msgs/micro_ros_msgs
[4.737s] -- Up-to-date: /home/tmdals010126/uros_ws/install/micro_ros_msgs/include/micro_ros_msgs/micro_ros_msgs/msg
[4.737s] -- Up-to-date: /home/tmdals010126/uros_ws/install/micro_ros_msgs/include/micro_ros_msgs/micro_ros_msgs/msg/detail
[4.737s] -- Installing: /home/tmdals010126/uros_ws/install/micro_ros_msgs/include/micro_ros_msgs/micro_ros_msgs/msg/detail/graph__rosidl_typesupport_introspection_cpp.hpp
[4.737s] -- Installing: /home/tmdals010126/uros_ws/install/micro_ros_msgs/include/micro_ros_msgs/micro_ros_msgs/msg/detail/graph__type_support.cpp
[4.737s] -- Installing: /home/tmdals010126/uros_ws/install/micro_ros_msgs/include/micro_ros_msgs/micro_ros_msgs/msg/detail/entity__rosidl_typesupport_introspection_cpp.hpp
[4.737s] -- Installing: /home/tmdals010126/uros_ws/install/micro_ros_msgs/include/micro_ros_msgs/micro_ros_msgs/msg/detail/entity__type_support.cpp
[4.737s] -- Installing: /home/tmdals010126/uros_ws/install/micro_ros_msgs/include/micro_ros_msgs/micro_ros_msgs/msg/detail/node__rosidl_typesupport_introspection_cpp.hpp
[4.737s] -- Installing: /home/tmdals010126/uros_ws/install/micro_ros_msgs/include/micro_ros_msgs/micro_ros_msgs/msg/detail/node__type_support.cpp
[4.737s] -- Installing: /home/tmdals010126/uros_ws/install/micro_ros_msgs/lib/libmicro_ros_msgs__rosidl_typesupport_introspection_cpp.so
[4.737s] -- Set runtime path of "/home/tmdals010126/uros_ws/install/micro_ros_msgs/lib/libmicro_ros_msgs__rosidl_typesupport_introspection_cpp.so" to ""
[4.737s] -- Up-to-date: /home/tmdals010126/uros_ws/install/micro_ros_msgs/include/micro_ros_msgs/micro_ros_msgs
[4.737s] -- Up-to-date: /home/tmdals010126/uros_ws/install/micro_ros_msgs/include/micro_ros_msgs/micro_ros_msgs/msg
[4.737s] -- Up-to-date: /home/tmdals010126/uros_ws/install/micro_ros_msgs/include/micro_ros_msgs/micro_ros_msgs/msg/detail
[4.737s] -- Installing: /home/tmdals010126/uros_ws/install/micro_ros_msgs/include/micro_ros_msgs/micro_ros_msgs/msg/detail/graph__rosidl_typesupport_fastrtps_cpp.hpp
[4.737s] -- Installing: /home/tmdals010126/uros_ws/install/micro_ros_msgs/include/micro_ros_msgs/micro_ros_msgs/msg/detail/dds_fastrtps
[4.737s] -- Installing: /home/tmdals010126/uros_ws/install/micro_ros_msgs/include/micro_ros_msgs/micro_ros_msgs/msg/detail/node__rosidl_typesupport_fastrtps_cpp.hpp
[4.737s] -- Installing: /home/tmdals010126/uros_ws/install/micro_ros_msgs/include/micro_ros_msgs/micro_ros_msgs/msg/detail/entity__rosidl_typesupport_fastrtps_cpp.hpp
[4.737s] -- Installing: /home/tmdals010126/uros_ws/install/micro_ros_msgs/include/micro_ros_msgs/micro_ros_msgs/msg/rosidl_typesupport_fastrtps_cpp__visibility_control.h
[4.737s] -- Installing: /home/tmdals010126/uros_ws/install/micro_ros_msgs/lib/libmicro_ros_msgs__rosidl_typesupport_fastrtps_cpp.so
[4.737s] -- Set runtime path of "/home/tmdals010126/uros_ws/install/micro_ros_msgs/lib/libmicro_ros_msgs__rosidl_typesupport_fastrtps_cpp.so" to ""
[4.737s] -- Installing: /home/tmdals010126/uros_ws/install/micro_ros_msgs/lib/libmicro_ros_msgs__rosidl_typesupport_cpp.so
[4.737s] -- Set runtime path of "/home/tmdals010126/uros_ws/install/micro_ros_msgs/lib/libmicro_ros_msgs__rosidl_typesupport_cpp.so" to ""
[4.737s] -- Installing: /home/tmdals010126/uros_ws/install/micro_ros_msgs/share/micro_ros_msgs/environment/pythonpath.sh
[4.737s] -- Installing: /home/tmdals010126/uros_ws/install/micro_ros_msgs/share/micro_ros_msgs/environment/pythonpath.dsv
[4.737s] -- Installing: /home/tmdals010126/uros_ws/install/micro_ros_msgs/local/lib/python3.10/dist-packages/micro_ros_msgs-3.0.1-py3.10.egg-info
[4.737s] -- Installing: /home/tmdals010126/uros_ws/install/micro_ros_msgs/local/lib/python3.10/dist-packages/micro_ros_msgs-3.0.1-py3.10.egg-info/SOURCES.txt
[4.738s] -- Installing: /home/tmdals010126/uros_ws/install/micro_ros_msgs/local/lib/python3.10/dist-packages/micro_ros_msgs-3.0.1-py3.10.egg-info/dependency_links.txt
[4.738s] -- Installing: /home/tmdals010126/uros_ws/install/micro_ros_msgs/local/lib/python3.10/dist-packages/micro_ros_msgs-3.0.1-py3.10.egg-info/PKG-INFO
[4.738s] -- Installing: /home/tmdals010126/uros_ws/install/micro_ros_msgs/local/lib/python3.10/dist-packages/micro_ros_msgs-3.0.1-py3.10.egg-info/top_level.txt
[4.738s] -- Installing: /home/tmdals010126/uros_ws/install/micro_ros_msgs/local/lib/python3.10/dist-packages/micro_ros_msgs
[4.738s] -- Installing: /home/tmdals010126/uros_ws/install/micro_ros_msgs/local/lib/python3.10/dist-packages/micro_ros_msgs/micro_ros_msgs_s__rosidl_typesupport_c.cpython-310-x86_64-linux-gnu.so
[4.738s] -- Installing: /home/tmdals010126/uros_ws/install/micro_ros_msgs/local/lib/python3.10/dist-packages/micro_ros_msgs/__init__.py
[4.738s] -- Installing: /home/tmdals010126/uros_ws/install/micro_ros_msgs/local/lib/python3.10/dist-packages/micro_ros_msgs/micro_ros_msgs_s__rosidl_typesupport_introspection_c.cpython-310-x86_64-linux-gnu.so
[4.738s] -- Installing: /home/tmdals010126/uros_ws/install/micro_ros_msgs/local/lib/python3.10/dist-packages/micro_ros_msgs/libmicro_ros_msgs__rosidl_generator_py.so
[4.738s] -- Installing: /home/tmdals010126/uros_ws/install/micro_ros_msgs/local/lib/python3.10/dist-packages/micro_ros_msgs/msg
[4.738s] -- Installing: /home/tmdals010126/uros_ws/install/micro_ros_msgs/local/lib/python3.10/dist-packages/micro_ros_msgs/msg/_node_s.c
[4.738s] -- Installing: /home/tmdals010126/uros_ws/install/micro_ros_msgs/local/lib/python3.10/dist-packages/micro_ros_msgs/msg/__init__.py
[4.738s] -- Installing: /home/tmdals010126/uros_ws/install/micro_ros_msgs/local/lib/python3.10/dist-packages/micro_ros_msgs/msg/_graph.py
[4.738s] -- Installing: /home/tmdals010126/uros_ws/install/micro_ros_msgs/local/lib/python3.10/dist-packages/micro_ros_msgs/msg/_entity.py
[4.738s] -- Installing: /home/tmdals010126/uros_ws/install/micro_ros_msgs/local/lib/python3.10/dist-packages/micro_ros_msgs/msg/_node.py
[4.738s] -- Installing: /home/tmdals010126/uros_ws/install/micro_ros_msgs/local/lib/python3.10/dist-packages/micro_ros_msgs/msg/_graph_s.c
[4.738s] -- Installing: /home/tmdals010126/uros_ws/install/micro_ros_msgs/local/lib/python3.10/dist-packages/micro_ros_msgs/msg/_entity_s.c
[4.738s] -- Installing: /home/tmdals010126/uros_ws/install/micro_ros_msgs/local/lib/python3.10/dist-packages/micro_ros_msgs/_micro_ros_msgs_s.ep.rosidl_typesupport_fastrtps_c.c
[4.738s] -- Installing: /home/tmdals010126/uros_ws/install/micro_ros_msgs/local/lib/python3.10/dist-packages/micro_ros_msgs/_micro_ros_msgs_s.ep.rosidl_typesupport_introspection_c.c
[4.738s] -- Installing: /home/tmdals010126/uros_ws/install/micro_ros_msgs/local/lib/python3.10/dist-packages/micro_ros_msgs/_micro_ros_msgs_s.ep.rosidl_typesupport_c.c
[4.738s] -- Installing: /home/tmdals010126/uros_ws/install/micro_ros_msgs/local/lib/python3.10/dist-packages/micro_ros_msgs/micro_ros_msgs_s__rosidl_typesupport_fastrtps_c.cpython-310-x86_64-linux-gnu.so
[4.804s] Listing '/home/tmdals010126/uros_ws/install/micro_ros_msgs/local/lib/python3.10/dist-packages/micro_ros_msgs'...
[4.804s] Compiling '/home/tmdals010126/uros_ws/install/micro_ros_msgs/local/lib/python3.10/dist-packages/micro_ros_msgs/__init__.py'...
[4.804s] Listing '/home/tmdals010126/uros_ws/install/micro_ros_msgs/local/lib/python3.10/dist-packages/micro_ros_msgs/msg'...
[4.804s] Compiling '/home/tmdals010126/uros_ws/install/micro_ros_msgs/local/lib/python3.10/dist-packages/micro_ros_msgs/msg/__init__.py'...
[4.804s] Compiling '/home/tmdals010126/uros_ws/install/micro_ros_msgs/local/lib/python3.10/dist-packages/micro_ros_msgs/msg/_entity.py'...
[4.804s] Compiling '/home/tmdals010126/uros_ws/install/micro_ros_msgs/local/lib/python3.10/dist-packages/micro_ros_msgs/msg/_graph.py'...
[4.804s] Compiling '/home/tmdals010126/uros_ws/install/micro_ros_msgs/local/lib/python3.10/dist-packages/micro_ros_msgs/msg/_node.py'...
[4.807s] -- Installing: /home/tmdals010126/uros_ws/install/micro_ros_msgs/local/lib/python3.10/dist-packages/micro_ros_msgs/micro_ros_msgs_s__rosidl_typesupport_introspection_c.cpython-310-x86_64-linux-gnu.so
[4.807s] -- Set runtime path of "/home/tmdals010126/uros_ws/install/micro_ros_msgs/local/lib/python3.10/dist-packages/micro_ros_msgs/micro_ros_msgs_s__rosidl_typesupport_introspection_c.cpython-310-x86_64-linux-gnu.so" to ""
[4.807s] -- Installing: /home/tmdals010126/uros_ws/install/micro_ros_msgs/local/lib/python3.10/dist-packages/micro_ros_msgs/micro_ros_msgs_s__rosidl_typesupport_fastrtps_c.cpython-310-x86_64-linux-gnu.so
[4.807s] -- Set runtime path of "/home/tmdals010126/uros_ws/install/micro_ros_msgs/local/lib/python3.10/dist-packages/micro_ros_msgs/micro_ros_msgs_s__rosidl_typesupport_fastrtps_c.cpython-310-x86_64-linux-gnu.so" to ""
[4.807s] -- Installing: /home/tmdals010126/uros_ws/install/micro_ros_msgs/local/lib/python3.10/dist-packages/micro_ros_msgs/micro_ros_msgs_s__rosidl_typesupport_c.cpython-310-x86_64-linux-gnu.so
[4.807s] -- Set runtime path of "/home/tmdals010126/uros_ws/install/micro_ros_msgs/local/lib/python3.10/dist-packages/micro_ros_msgs/micro_ros_msgs_s__rosidl_typesupport_c.cpython-310-x86_64-linux-gnu.so" to ""
[4.807s] -- Installing: /home/tmdals010126/uros_ws/install/micro_ros_msgs/lib/libmicro_ros_msgs__rosidl_generator_py.so
[4.807s] -- Set runtime path of "/home/tmdals010126/uros_ws/install/micro_ros_msgs/lib/libmicro_ros_msgs__rosidl_generator_py.so" to ""
[4.807s] -- Installing: /home/tmdals010126/uros_ws/install/micro_ros_msgs/share/micro_ros_msgs/msg/Graph.idl
[4.807s] -- Installing: /home/tmdals010126/uros_ws/install/micro_ros_msgs/share/micro_ros_msgs/msg/Node.idl
[4.807s] -- Installing: /home/tmdals010126/uros_ws/install/micro_ros_msgs/share/micro_ros_msgs/msg/Entity.idl
[4.807s] -- Installing: /home/tmdals010126/uros_ws/install/micro_ros_msgs/share/micro_ros_msgs/msg/Graph.msg
[4.807s] -- Installing: /home/tmdals010126/uros_ws/install/micro_ros_msgs/share/micro_ros_msgs/msg/Node.msg
[4.807s] -- Installing: /home/tmdals010126/uros_ws/install/micro_ros_msgs/share/micro_ros_msgs/msg/Entity.msg
[4.807s] -- Installing: /home/tmdals010126/uros_ws/install/micro_ros_msgs/share/ament_index/resource_index/package_run_dependencies/micro_ros_msgs
[4.807s] -- Installing: /home/tmdals010126/uros_ws/install/micro_ros_msgs/share/ament_index/resource_index/parent_prefix_path/micro_ros_msgs
[4.807s] -- Installing: /home/tmdals010126/uros_ws/install/micro_ros_msgs/share/micro_ros_msgs/environment/ament_prefix_path.sh
[4.807s] -- Installing: /home/tmdals010126/uros_ws/install/micro_ros_msgs/share/micro_ros_msgs/environment/ament_prefix_path.dsv
[4.807s] -- Installing: /home/tmdals010126/uros_ws/install/micro_ros_msgs/share/micro_ros_msgs/environment/path.sh
[4.807s] -- Installing: /home/tmdals010126/uros_ws/install/micro_ros_msgs/share/micro_ros_msgs/environment/path.dsv
[4.807s] -- Installing: /home/tmdals010126/uros_ws/install/micro_ros_msgs/share/micro_ros_msgs/local_setup.bash
[4.807s] -- Installing: /home/tmdals010126/uros_ws/install/micro_ros_msgs/share/micro_ros_msgs/local_setup.sh
[4.808s] -- Installing: /home/tmdals010126/uros_ws/install/micro_ros_msgs/share/micro_ros_msgs/local_setup.zsh
[4.808s] -- Installing: /home/tmdals010126/uros_ws/install/micro_ros_msgs/share/micro_ros_msgs/local_setup.dsv
[4.808s] -- Installing: /home/tmdals010126/uros_ws/install/micro_ros_msgs/share/micro_ros_msgs/package.dsv
[4.808s] -- Installing: /home/tmdals010126/uros_ws/install/micro_ros_msgs/share/ament_index/resource_index/packages/micro_ros_msgs
[4.808s] -- Installing: /home/tmdals010126/uros_ws/install/micro_ros_msgs/share/micro_ros_msgs/cmake/export_micro_ros_msgs__rosidl_generator_cExport.cmake
[4.808s] -- Installing: /home/tmdals010126/uros_ws/install/micro_ros_msgs/share/micro_ros_msgs/cmake/export_micro_ros_msgs__rosidl_generator_cExport-noconfig.cmake
[4.808s] -- Installing: /home/tmdals010126/uros_ws/install/micro_ros_msgs/share/micro_ros_msgs/cmake/micro_ros_msgs__rosidl_typesupport_introspection_cExport.cmake
[4.808s] -- Installing: /home/tmdals010126/uros_ws/install/micro_ros_msgs/share/micro_ros_msgs/cmake/micro_ros_msgs__rosidl_typesupport_introspection_cExport-noconfig.cmake
[4.808s] -- Installing: /home/tmdals010126/uros_ws/install/micro_ros_msgs/share/micro_ros_msgs/cmake/export_micro_ros_msgs__rosidl_typesupport_fastrtps_cExport.cmake
[4.808s] -- Installing: /home/tmdals010126/uros_ws/install/micro_ros_msgs/share/micro_ros_msgs/cmake/export_micro_ros_msgs__rosidl_typesupport_fastrtps_cExport-noconfig.cmake
[4.808s] -- Installing: /home/tmdals010126/uros_ws/install/micro_ros_msgs/share/micro_ros_msgs/cmake/micro_ros_msgs__rosidl_typesupport_cExport.cmake
[4.808s] -- Installing: /home/tmdals010126/uros_ws/install/micro_ros_msgs/share/micro_ros_msgs/cmake/micro_ros_msgs__rosidl_typesupport_cExport-noconfig.cmake
[4.808s] -- Installing: /home/tmdals010126/uros_ws/install/micro_ros_msgs/share/micro_ros_msgs/cmake/export_micro_ros_msgs__rosidl_generator_cppExport.cmake
[4.808s] -- Installing: /home/tmdals010126/uros_ws/install/micro_ros_msgs/share/micro_ros_msgs/cmake/micro_ros_msgs__rosidl_typesupport_introspection_cppExport.cmake
[4.808s] -- Installing: /home/tmdals010126/uros_ws/install/micro_ros_msgs/share/micro_ros_msgs/cmake/micro_ros_msgs__rosidl_typesupport_introspection_cppExport-noconfig.cmake
[4.808s] -- Installing: /home/tmdals010126/uros_ws/install/micro_ros_msgs/share/micro_ros_msgs/cmake/export_micro_ros_msgs__rosidl_typesupport_fastrtps_cppExport.cmake
[4.808s] -- Installing: /home/tmdals010126/uros_ws/install/micro_ros_msgs/share/micro_ros_msgs/cmake/export_micro_ros_msgs__rosidl_typesupport_fastrtps_cppExport-noconfig.cmake
[4.808s] -- Installing: /home/tmdals010126/uros_ws/install/micro_ros_msgs/share/micro_ros_msgs/cmake/micro_ros_msgs__rosidl_typesupport_cppExport.cmake
[4.808s] -- Installing: /home/tmdals010126/uros_ws/install/micro_ros_msgs/share/micro_ros_msgs/cmake/micro_ros_msgs__rosidl_typesupport_cppExport-noconfig.cmake
[4.808s] -- Installing: /home/tmdals010126/uros_ws/install/micro_ros_msgs/share/micro_ros_msgs/cmake/export_micro_ros_msgs__rosidl_generator_pyExport.cmake
[4.808s] -- Installing: /home/tmdals010126/uros_ws/install/micro_ros_msgs/share/micro_ros_msgs/cmake/export_micro_ros_msgs__rosidl_generator_pyExport-noconfig.cmake
[4.808s] -- Installing: /home/tmdals010126/uros_ws/install/micro_ros_msgs/share/micro_ros_msgs/cmake/rosidl_cmake-extras.cmake
[4.808s] -- Installing: /home/tmdals010126/uros_ws/install/micro_ros_msgs/share/micro_ros_msgs/cmake/ament_cmake_export_include_directories-extras.cmake
[4.808s] -- Installing: /home/tmdals010126/uros_ws/install/micro_ros_msgs/share/micro_ros_msgs/cmake/ament_cmake_export_libraries-extras.cmake
[4.808s] -- Installing: /home/tmdals010126/uros_ws/install/micro_ros_msgs/share/micro_ros_msgs/cmake/ament_cmake_export_targets-extras.cmake
[4.808s] -- Installing: /home/tmdals010126/uros_ws/install/micro_ros_msgs/share/micro_ros_msgs/cmake/rosidl_cmake_export_typesupport_targets-extras.cmake
[4.808s] -- Installing: /home/tmdals010126/uros_ws/install/micro_ros_msgs/share/micro_ros_msgs/cmake/ament_cmake_export_dependencies-extras.cmake
[4.808s] -- Installing: /home/tmdals010126/uros_ws/install/micro_ros_msgs/share/micro_ros_msgs/cmake/rosidl_cmake_export_typesupport_libraries-extras.cmake
[4.808s] -- Installing: /home/tmdals010126/uros_ws/install/micro_ros_msgs/share/micro_ros_msgs/cmake/micro_ros_msgsConfig.cmake
[4.809s] -- Installing: /home/tmdals010126/uros_ws/install/micro_ros_msgs/share/micro_ros_msgs/cmake/micro_ros_msgsConfig-version.cmake
[4.809s] -- Installing: /home/tmdals010126/uros_ws/install/micro_ros_msgs/share/micro_ros_msgs/package.xml
[4.810s] Invoked command in '/home/tmdals010126/uros_ws/build/micro_ros_msgs' returned '0': CMAKE_PREFIX_PATH=${CMAKE_PREFIX_PATH}:/home/tmdals010126/ros2_humble/install/rqt_bag_plugins:/home/tmdals010126/ros2_humble/install/rqt_bag:/home/tmdals010126/ros2_humble/install/launch_testing_examples:/home/tmdals010126/ros2_humble/install/ros2bag:/home/tmdals010126/ros2_humble/install/tracetools_test:/home/tmdals010126/ros2_humble/install/tracetools_launch:/home/tmdals010126/ros2_humble/install/topic_monitor:/home/tmdals010126/ros2_humble/install/tf2_tools:/home/tmdals010126/ros2_humble/install/examples_tf2_py:/home/tmdals010126/ros2_humble/install/tf2_ros_py:/home/tmdals010126/ros2_humble/install/sros2:/home/tmdals010126/ros2_humble/install/rqt_topic:/home/tmdals010126/ros2_humble/install/rqt_srv:/home/tmdals010126/ros2_humble/install/rqt_shell:/home/tmdals010126/ros2_humble/install/rqt_service_caller:/home/tmdals010126/ros2_humble/install/rqt_reconfigure:/home/tmdals010126/ros2_humble/install/rqt_py_console:/home/tmdals010126/ros2_humble/install/rqt_publisher:/home/tmdals010126/ros2_humble/install/rqt_plot:/home/tmdals010126/ros2_humble/install/rqt_action:/home/tmdals010126/ros2_humble/install/rqt_msg:/home/tmdals010126/ros2_humble/install/rqt_console:/home/tmdals010126/ros2_humble/install/rqt:/home/tmdals010126/ros2_humble/install/rqt_graph:/home/tmdals010126/ros2_humble/install/rqt_gui_py:/home/tmdals010126/ros2_humble/install/rqt_gui:/home/tmdals010126/ros2_humble/install/ros2trace:/home/tmdals010126/ros2_humble/install/ros2topic:/home/tmdals010126/ros2_humble/install/ros2test:/home/tmdals010126/ros2_humble/install/ros2component:/home/tmdals010126/ros2_humble/install/ros2param:/home/tmdals010126/ros2_humble/install/ros2lifecycle:/home/tmdals010126/ros2_humble/install/ros2service:/home/tmdals010126/ros2_humble/install/ros2run:/home/tmdals010126/ros2_humble/install/ros2launch:/home/tmdals010126/ros2_humble/install/ros2pkg:/home/tmdals010126/ros2_humble/install/ros2node:/home/tmdals010126/ros2_humble/install/ros2multicast:/home/tmdals010126/ros2_humble/install/ros2interface:/home/tmdals010126/ros2_humble/install/ros2doctor:/home/tmdals010126/ros2_humble/install/ros2action:/home/tmdals010126/ros2_humble/install/ros2cli:/home/tmdals010126/ros2_humble/install/quality_of_service_demo_py:/home/tmdals010126/ros2_humble/install/lifecycle_py:/home/tmdals010126/ros2_humble/install/launch_testing_ros:/home/tmdals010126/ros2_humble/install/launch_ros:/home/tmdals010126/ros2_humble/install/examples_rclpy_pointcloud_publisher:/home/tmdals010126/ros2_humble/install/examples_rclpy_minimal_subscriber:/home/tmdals010126/ros2_humble/install/examples_rclpy_minimal_service:/home/tmdals010126/ros2_humble/install/examples_rclpy_minimal_publisher:/home/tmdals010126/ros2_humble/install/examples_rclpy_minimal_client:/home/tmdals010126/ros2_humble/install/examples_rclpy_minimal_action_server:/home/tmdals010126/ros2_humble/install/examples_rclpy_minimal_action_client:/home/tmdals010126/ros2_humble/install/examples_rclpy_guard_conditions:/home/tmdals010126/ros2_humble/install/examples_rclpy_executors:/home/tmdals010126/ros2_humble/install/demo_nodes_py:/home/tmdals010126/ros2_humble/install/camera_info_manager_py:/home/tmdals010126/ros2_humble/install/action_tutorials_py:/home/tmdals010126/ros2_humble/install/ament_uncrustify:/home/tmdals010126/ros2_humble/install/tracetools_trace:/home/tmdals010126/ros2_humble/install/tracetools_read:/home/tmdals010126/ros2_humble/install/test_tracetools_launch:/home/tmdals010126/ros2_humble/install/test_launch_ros:/home/tmdals010126/ros2_humble/install/sensor_msgs_py:/home/tmdals010126/ros2_humble/install/rpyutils:/home/tmdals010126/ros2_humble/install/rosidl_runtime_py:/home/tmdals010126/ros2_humble/install/rosidl_cli:/home/tmdals010126/ros2_humble/install/launch_pytest:/home/tmdals010126/ros2_humble/install/launch_testing:/home/tmdals010126/ros2_humble/install/launch_yaml:/home/tmdals010126/ros2_humble/install/launch_xml:/home/tmdals010126/ros2_humble/install/launch:/home/tmdals010126/ros2_humble/install/osrf_pycommon:/home/tmdals010126/ros2_humble/install/domain_coordinator:/home/tmdals010126/ros2_humble/install/ament_xmllint:/home/tmdals010126/ros2_humble/install/ament_pyflakes:/home/tmdals010126/ros2_humble/install/ament_pycodestyle:/home/tmdals010126/ros2_humble/install/ament_pep257:/home/tmdals010126/ros2_humble/install/ament_pclint:/home/tmdals010126/ros2_humble/install/ament_package:/home/tmdals010126/ros2_humble/install/ament_mypy:/home/tmdals010126/ros2_humble/install/ament_lint_cmake:/home/tmdals010126/ros2_humble/install/ament_flake8:/home/tmdals010126/ros2_humble/install/ament_copyright:/home/tmdals010126/ros2_humble/install/ament_lint:/home/tmdals010126/ros2_humble/install/ament_index_python:/home/tmdals010126/ros2_humble/install/ament_cpplint:/home/tmdals010126/ros2_humble/install/ament_cppcheck:/home/tmdals010126/ros2_humble/install/ament_clang_tidy:/home/tmdals010126/ros2_humble/install/ament_clang_format /usr/local/bin/cmake --install /home/tmdals010126/uros_ws/build/micro_ros_msgs
