[0.021s] Invoking command in '/home/tmdals010126/uros_ws/build/micro_ros_msgs': CMAKE_PREFIX_PATH=${CMAKE_PREFIX_PATH}:/home/tmdals010126/ros2_humble/install/rqt_bag_plugins:/home/tmdals010126/ros2_humble/install/rqt_bag:/home/tmdals010126/ros2_humble/install/launch_testing_examples:/home/tmdals010126/ros2_humble/install/ros2bag:/home/tmdals010126/ros2_humble/install/tracetools_test:/home/tmdals010126/ros2_humble/install/tracetools_launch:/home/tmdals010126/ros2_humble/install/topic_monitor:/home/tmdals010126/ros2_humble/install/tf2_tools:/home/tmdals010126/ros2_humble/install/examples_tf2_py:/home/tmdals010126/ros2_humble/install/tf2_ros_py:/home/tmdals010126/ros2_humble/install/sros2:/home/tmdals010126/ros2_humble/install/rqt_topic:/home/tmdals010126/ros2_humble/install/rqt_srv:/home/tmdals010126/ros2_humble/install/rqt_shell:/home/tmdals010126/ros2_humble/install/rqt_service_caller:/home/tmdals010126/ros2_humble/install/rqt_reconfigure:/home/tmdals010126/ros2_humble/install/rqt_py_console:/home/tmdals010126/ros2_humble/install/rqt_publisher:/home/tmdals010126/ros2_humble/install/rqt_plot:/home/tmdals010126/ros2_humble/install/rqt_action:/home/tmdals010126/ros2_humble/install/rqt_msg:/home/tmdals010126/ros2_humble/install/rqt_console:/home/tmdals010126/ros2_humble/install/rqt:/home/tmdals010126/ros2_humble/install/rqt_graph:/home/tmdals010126/ros2_humble/install/rqt_gui_py:/home/tmdals010126/ros2_humble/install/rqt_gui:/home/tmdals010126/ros2_humble/install/ros2trace:/home/tmdals010126/ros2_humble/install/ros2topic:/home/tmdals010126/ros2_humble/install/ros2test:/home/tmdals010126/ros2_humble/install/ros2component:/home/tmdals010126/ros2_humble/install/ros2param:/home/tmdals010126/ros2_humble/install/ros2lifecycle:/home/tmdals010126/ros2_humble/install/ros2service:/home/tmdals010126/ros2_humble/install/ros2run:/home/tmdals010126/ros2_humble/install/ros2launch:/home/tmdals010126/ros2_humble/install/ros2pkg:/home/tmdals010126/ros2_humble/install/ros2node:/home/tmdals010126/ros2_humble/install/ros2multicast:/home/tmdals010126/ros2_humble/install/ros2interface:/home/tmdals010126/ros2_humble/install/ros2doctor:/home/tmdals010126/ros2_humble/install/ros2action:/home/tmdals010126/ros2_humble/install/ros2cli:/home/tmdals010126/ros2_humble/install/quality_of_service_demo_py:/home/tmdals010126/ros2_humble/install/lifecycle_py:/home/tmdals010126/ros2_humble/install/launch_testing_ros:/home/tmdals010126/ros2_humble/install/launch_ros:/home/tmdals010126/ros2_humble/install/examples_rclpy_pointcloud_publisher:/home/tmdals010126/ros2_humble/install/examples_rclpy_minimal_subscriber:/home/tmdals010126/ros2_humble/install/examples_rclpy_minimal_service:/home/tmdals010126/ros2_humble/install/examples_rclpy_minimal_publisher:/home/tmdals010126/ros2_humble/install/examples_rclpy_minimal_client:/home/tmdals010126/ros2_humble/install/examples_rclpy_minimal_action_server:/home/tmdals010126/ros2_humble/install/examples_rclpy_minimal_action_client:/home/tmdals010126/ros2_humble/install/examples_rclpy_guard_conditions:/home/tmdals010126/ros2_humble/install/examples_rclpy_executors:/home/tmdals010126/ros2_humble/install/demo_nodes_py:/home/tmdals010126/ros2_humble/install/camera_info_manager_py:/home/tmdals010126/ros2_humble/install/action_tutorials_py:/home/tmdals010126/ros2_humble/install/ament_uncrustify:/home/tmdals010126/ros2_humble/install/tracetools_trace:/home/tmdals010126/ros2_humble/install/tracetools_read:/home/tmdals010126/ros2_humble/install/test_tracetools_launch:/home/tmdals010126/ros2_humble/install/test_launch_ros:/home/tmdals010126/ros2_humble/install/sensor_msgs_py:/home/tmdals010126/ros2_humble/install/rpyutils:/home/tmdals010126/ros2_humble/install/rosidl_runtime_py:/home/tmdals010126/ros2_humble/install/rosidl_cli:/home/tmdals010126/ros2_humble/install/launch_pytest:/home/tmdals010126/ros2_humble/install/launch_testing:/home/tmdals010126/ros2_humble/install/launch_yaml:/home/tmdals010126/ros2_humble/install/launch_xml:/home/tmdals010126/ros2_humble/install/launch:/home/tmdals010126/ros2_humble/install/osrf_pycommon:/home/tmdals010126/ros2_humble/install/domain_coordinator:/home/tmdals010126/ros2_humble/install/ament_xmllint:/home/tmdals010126/ros2_humble/install/ament_pyflakes:/home/tmdals010126/ros2_humble/install/ament_pycodestyle:/home/tmdals010126/ros2_humble/install/ament_pep257:/home/tmdals010126/ros2_humble/install/ament_pclint:/home/tmdals010126/ros2_humble/install/ament_package:/home/tmdals010126/ros2_humble/install/ament_mypy:/home/tmdals010126/ros2_humble/install/ament_lint_cmake:/home/tmdals010126/ros2_humble/install/ament_flake8:/home/tmdals010126/ros2_humble/install/ament_copyright:/home/tmdals010126/ros2_humble/install/ament_lint:/home/tmdals010126/ros2_humble/install/ament_index_python:/home/tmdals010126/ros2_humble/install/ament_cpplint:/home/tmdals010126/ros2_humble/install/ament_cppcheck:/home/tmdals010126/ros2_humble/install/ament_clang_tidy:/home/tmdals010126/ros2_humble/install/ament_clang_format /usr/local/bin/cmake /home/tmdals010126/uros_ws/src/uros/micro_ros_msgs -DCMAKE_INSTALL_PREFIX=/home/tmdals010126/uros_ws/install/micro_ros_msgs
[0.063s] -- The C compiler identification is GNU 11.4.0
[0.097s] -- The CXX compiler identification is GNU 12.3.0
[0.109s] -- Detecting C compiler ABI info
[0.157s] -- Detecting C compiler ABI info - done
[0.162s] -- Check for working C compiler: /usr/bin/cc - skipped
[0.163s] -- Detecting C compile features
[0.163s] -- Detecting C compile features - done
[0.170s] -- Detecting CXX compiler ABI info
[0.226s] -- Detecting CXX compiler ABI info - done
[0.231s] -- Check for working CXX compiler: /usr/bin/c++ - skipped
[0.231s] -- Detecting CXX compile features
[0.231s] -- Detecting CXX compile features - done
[0.239s] -- Found ament_cmake: 1.3.11 (/home/tmdals010126/ros2_humble/install/ament_cmake/share/ament_cmake/cmake)
[0.474s] -- Found Python3: /usr/bin/python3 (found version "3.10.12") found components: Interpreter 
[0.656s] -- Found rosidl_default_generators: 1.2.0 (/home/tmdals010126/ros2_humble/install/rosidl_default_generators/share/rosidl_default_generators/cmake)
[0.716s] -- Using all available rosidl_typesupport_c: rosidl_typesupport_introspection_c;rosidl_typesupport_fastrtps_c
[0.732s] -- Found rosidl_adapter: 3.1.6 (/home/tmdals010126/ros2_humble/install/rosidl_adapter/share/rosidl_adapter/cmake)
[0.811s] -- Using all available rosidl_typesupport_cpp: rosidl_typesupport_introspection_cpp;rosidl_typesupport_fastrtps_cpp
[0.859s] -- Found ament_lint_auto: 0.12.12 (/home/tmdals010126/ros2_humble/install/ament_lint_auto/share/ament_lint_auto/cmake)
[1.712s] -- Found ament_cmake_ros: 0.10.0 (/home/tmdals010126/ros2_humble/install/ament_cmake_ros/share/ament_cmake_ros/cmake)
[2.166s] -- Using all available rosidl_typesupport_c: rosidl_typesupport_introspection_c;rosidl_typesupport_fastrtps_c
[3.019s] -- Using all available rosidl_typesupport_cpp: rosidl_typesupport_introspection_cpp;rosidl_typesupport_fastrtps_cpp
[3.020s] [33mCMake Warning (dev) at /home/tmdals010126/ros2_humble/install/rosidl_generator_py/share/rosidl_generator_py/cmake/rosidl_generator_py_generate_interfaces.cmake:20 (find_package):
[3.020s]   Policy CMP0148 is not set: The FindPythonInterp and FindPythonLibs modules
[3.021s]   are removed.  Run "cmake --help-policy CMP0148" for policy details.  Use
[3.021s]   the cmake_policy command to set the policy and suppress this warning.
[3.021s] 
[3.021s] Call Stack (most recent call first):
[3.021s]   /home/tmdals010126/ros2_humble/install/ament_cmake_core/share/ament_cmake_core/cmake/core/ament_execute_extensions.cmake:48 (include)
[3.021s]   /home/tmdals010126/ros2_humble/install/rosidl_cmake/share/rosidl_cmake/cmake/rosidl_generate_interfaces.cmake:286 (ament_execute_extensions)
[3.021s]   CMakeLists.txt:27 (rosidl_generate_interfaces)
[3.021s] This warning is for project developers.  Use -Wno-dev to suppress it.
[3.021s] [0m
[3.058s] -- Found PythonInterp: /usr/bin/python3 (found suitable version "3.10.12", minimum required is "3.6") 
[3.064s] -- Found python_cmake_module: 0.10.0 (/home/tmdals010126/ros2_humble/install/python_cmake_module/share/python_cmake_module/cmake)
[3.064s] [33mCMake Warning (dev) at /home/tmdals010126/ros2_humble/install/python_cmake_module/share/python_cmake_module/cmake/Modules/FindPythonExtra.cmake:52 (find_package):
[3.064s]   Policy CMP0148 is not set: The FindPythonInterp and FindPythonLibs modules
[3.064s]   are removed.  Run "cmake --help-policy CMP0148" for policy details.  Use
[3.064s]   the cmake_policy command to set the policy and suppress this warning.
[3.064s] 
[3.064s] Call Stack (most recent call first):
[3.064s]   /home/tmdals010126/ros2_humble/install/rosidl_generator_py/share/rosidl_generator_py/cmake/rosidl_generator_py_generate_interfaces.cmake:23 (find_package)
[3.064s]   /home/tmdals010126/ros2_humble/install/ament_cmake_core/share/ament_cmake_core/cmake/core/ament_execute_extensions.cmake:48 (include)
[3.064s]   /home/tmdals010126/ros2_humble/install/rosidl_cmake/share/rosidl_cmake/cmake/rosidl_generate_interfaces.cmake:286 (ament_execute_extensions)
[3.064s]   CMakeLists.txt:27 (rosidl_generate_interfaces)
[3.064s] This warning is for project developers.  Use -Wno-dev to suppress it.
[3.064s] [0m
[3.100s] [33mCMake Warning (dev) at /home/tmdals010126/ros2_humble/install/python_cmake_module/share/python_cmake_module/cmake/Modules/FindPythonExtra.cmake:140 (find_package):
[3.100s]   Policy CMP0148 is not set: The FindPythonInterp and FindPythonLibs modules
[3.100s]   are removed.  Run "cmake --help-policy CMP0148" for policy details.  Use
[3.100s]   the cmake_policy command to set the policy and suppress this warning.
[3.100s] 
[3.100s] Call Stack (most recent call first):
[3.100s]   /home/tmdals010126/ros2_humble/install/rosidl_generator_py/share/rosidl_generator_py/cmake/rosidl_generator_py_generate_interfaces.cmake:23 (find_package)
[3.100s]   /home/tmdals010126/ros2_humble/install/ament_cmake_core/share/ament_cmake_core/cmake/core/ament_execute_extensions.cmake:48 (include)
[3.100s]   /home/tmdals010126/ros2_humble/install/rosidl_cmake/share/rosidl_cmake/cmake/rosidl_generate_interfaces.cmake:286 (ament_execute_extensions)
[3.100s]   CMakeLists.txt:27 (rosidl_generate_interfaces)
[3.100s] This warning is for project developers.  Use -Wno-dev to suppress it.
[3.101s] [0m
[3.111s] -- Found PythonLibs: /usr/lib/x86_64-linux-gnu/libpython3.10.so (found suitable version "3.10.12", minimum required is "3.5") 
[3.111s] -- Using PYTHON_EXECUTABLE: /usr/bin/python3
[3.111s] -- Using PYTHON_INCLUDE_DIRS: /usr/include/python3.10
[3.111s] -- Using PYTHON_LIBRARIES: /usr/lib/x86_64-linux-gnu/libpython3.10.so
[3.154s] -- Found PythonExtra: .so  
[3.332s] -- Added test 'copyright' to check source files copyright and LICENSE
[3.339s] -- Added test 'lint_cmake' to check CMake code style
[3.343s] -- Added test 'xmllint' to check XML markup files
[3.349s] -- Configuring done (3.3s)
[3.363s] -- Generating done (0.0s)
[3.367s] -- Build files have been written to: /home/tmdals010126/uros_ws/build/micro_ros_msgs
[3.372s] Invoked command in '/home/tmdals010126/uros_ws/build/micro_ros_msgs' returned '0': CMAKE_PREFIX_PATH=${CMAKE_PREFIX_PATH}:/home/tmdals010126/ros2_humble/install/rqt_bag_plugins:/home/tmdals010126/ros2_humble/install/rqt_bag:/home/tmdals010126/ros2_humble/install/launch_testing_examples:/home/tmdals010126/ros2_humble/install/ros2bag:/home/tmdals010126/ros2_humble/install/tracetools_test:/home/tmdals010126/ros2_humble/install/tracetools_launch:/home/tmdals010126/ros2_humble/install/topic_monitor:/home/tmdals010126/ros2_humble/install/tf2_tools:/home/tmdals010126/ros2_humble/install/examples_tf2_py:/home/tmdals010126/ros2_humble/install/tf2_ros_py:/home/tmdals010126/ros2_humble/install/sros2:/home/tmdals010126/ros2_humble/install/rqt_topic:/home/tmdals010126/ros2_humble/install/rqt_srv:/home/tmdals010126/ros2_humble/install/rqt_shell:/home/tmdals010126/ros2_humble/install/rqt_service_caller:/home/tmdals010126/ros2_humble/install/rqt_reconfigure:/home/tmdals010126/ros2_humble/install/rqt_py_console:/home/tmdals010126/ros2_humble/install/rqt_publisher:/home/tmdals010126/ros2_humble/install/rqt_plot:/home/tmdals010126/ros2_humble/install/rqt_action:/home/tmdals010126/ros2_humble/install/rqt_msg:/home/tmdals010126/ros2_humble/install/rqt_console:/home/tmdals010126/ros2_humble/install/rqt:/home/tmdals010126/ros2_humble/install/rqt_graph:/home/tmdals010126/ros2_humble/install/rqt_gui_py:/home/tmdals010126/ros2_humble/install/rqt_gui:/home/tmdals010126/ros2_humble/install/ros2trace:/home/tmdals010126/ros2_humble/install/ros2topic:/home/tmdals010126/ros2_humble/install/ros2test:/home/tmdals010126/ros2_humble/install/ros2component:/home/tmdals010126/ros2_humble/install/ros2param:/home/tmdals010126/ros2_humble/install/ros2lifecycle:/home/tmdals010126/ros2_humble/install/ros2service:/home/tmdals010126/ros2_humble/install/ros2run:/home/tmdals010126/ros2_humble/install/ros2launch:/home/tmdals010126/ros2_humble/install/ros2pkg:/home/tmdals010126/ros2_humble/install/ros2node:/home/tmdals010126/ros2_humble/install/ros2multicast:/home/tmdals010126/ros2_humble/install/ros2interface:/home/tmdals010126/ros2_humble/install/ros2doctor:/home/tmdals010126/ros2_humble/install/ros2action:/home/tmdals010126/ros2_humble/install/ros2cli:/home/tmdals010126/ros2_humble/install/quality_of_service_demo_py:/home/tmdals010126/ros2_humble/install/lifecycle_py:/home/tmdals010126/ros2_humble/install/launch_testing_ros:/home/tmdals010126/ros2_humble/install/launch_ros:/home/tmdals010126/ros2_humble/install/examples_rclpy_pointcloud_publisher:/home/tmdals010126/ros2_humble/install/examples_rclpy_minimal_subscriber:/home/tmdals010126/ros2_humble/install/examples_rclpy_minimal_service:/home/tmdals010126/ros2_humble/install/examples_rclpy_minimal_publisher:/home/tmdals010126/ros2_humble/install/examples_rclpy_minimal_client:/home/tmdals010126/ros2_humble/install/examples_rclpy_minimal_action_server:/home/tmdals010126/ros2_humble/install/examples_rclpy_minimal_action_client:/home/tmdals010126/ros2_humble/install/examples_rclpy_guard_conditions:/home/tmdals010126/ros2_humble/install/examples_rclpy_executors:/home/tmdals010126/ros2_humble/install/demo_nodes_py:/home/tmdals010126/ros2_humble/install/camera_info_manager_py:/home/tmdals010126/ros2_humble/install/action_tutorials_py:/home/tmdals010126/ros2_humble/install/ament_uncrustify:/home/tmdals010126/ros2_humble/install/tracetools_trace:/home/tmdals010126/ros2_humble/install/tracetools_read:/home/tmdals010126/ros2_humble/install/test_tracetools_launch:/home/tmdals010126/ros2_humble/install/test_launch_ros:/home/tmdals010126/ros2_humble/install/sensor_msgs_py:/home/tmdals010126/ros2_humble/install/rpyutils:/home/tmdals010126/ros2_humble/install/rosidl_runtime_py:/home/tmdals010126/ros2_humble/install/rosidl_cli:/home/tmdals010126/ros2_humble/install/launch_pytest:/home/tmdals010126/ros2_humble/install/launch_testing:/home/tmdals010126/ros2_humble/install/launch_yaml:/home/tmdals010126/ros2_humble/install/launch_xml:/home/tmdals010126/ros2_humble/install/launch:/home/tmdals010126/ros2_humble/install/osrf_pycommon:/home/tmdals010126/ros2_humble/install/domain_coordinator:/home/tmdals010126/ros2_humble/install/ament_xmllint:/home/tmdals010126/ros2_humble/install/ament_pyflakes:/home/tmdals010126/ros2_humble/install/ament_pycodestyle:/home/tmdals010126/ros2_humble/install/ament_pep257:/home/tmdals010126/ros2_humble/install/ament_pclint:/home/tmdals010126/ros2_humble/install/ament_package:/home/tmdals010126/ros2_humble/install/ament_mypy:/home/tmdals010126/ros2_humble/install/ament_lint_cmake:/home/tmdals010126/ros2_humble/install/ament_flake8:/home/tmdals010126/ros2_humble/install/ament_copyright:/home/tmdals010126/ros2_humble/install/ament_lint:/home/tmdals010126/ros2_humble/install/ament_index_python:/home/tmdals010126/ros2_humble/install/ament_cpplint:/home/tmdals010126/ros2_humble/install/ament_cppcheck:/home/tmdals010126/ros2_humble/install/ament_clang_tidy:/home/tmdals010126/ros2_humble/install/ament_clang_format /usr/local/bin/cmake /home/tmdals010126/uros_ws/src/uros/micro_ros_msgs -DCMAKE_INSTALL_PREFIX=/home/tmdals010126/uros_ws/install/micro_ros_msgs
[3.373s] Invoking command in '/home/tmdals010126/uros_ws/build/micro_ros_msgs': CMAKE_PREFIX_PATH=${CMAKE_PREFIX_PATH}:/home/tmdals010126/ros2_humble/install/rqt_bag_plugins:/home/tmdals010126/ros2_humble/install/rqt_bag:/home/tmdals010126/ros2_humble/install/launch_testing_examples:/home/tmdals010126/ros2_humble/install/ros2bag:/home/tmdals010126/ros2_humble/install/tracetools_test:/home/tmdals010126/ros2_humble/install/tracetools_launch:/home/tmdals010126/ros2_humble/install/topic_monitor:/home/tmdals010126/ros2_humble/install/tf2_tools:/home/tmdals010126/ros2_humble/install/examples_tf2_py:/home/tmdals010126/ros2_humble/install/tf2_ros_py:/home/tmdals010126/ros2_humble/install/sros2:/home/tmdals010126/ros2_humble/install/rqt_topic:/home/tmdals010126/ros2_humble/install/rqt_srv:/home/tmdals010126/ros2_humble/install/rqt_shell:/home/tmdals010126/ros2_humble/install/rqt_service_caller:/home/tmdals010126/ros2_humble/install/rqt_reconfigure:/home/tmdals010126/ros2_humble/install/rqt_py_console:/home/tmdals010126/ros2_humble/install/rqt_publisher:/home/tmdals010126/ros2_humble/install/rqt_plot:/home/tmdals010126/ros2_humble/install/rqt_action:/home/tmdals010126/ros2_humble/install/rqt_msg:/home/tmdals010126/ros2_humble/install/rqt_console:/home/tmdals010126/ros2_humble/install/rqt:/home/tmdals010126/ros2_humble/install/rqt_graph:/home/tmdals010126/ros2_humble/install/rqt_gui_py:/home/tmdals010126/ros2_humble/install/rqt_gui:/home/tmdals010126/ros2_humble/install/ros2trace:/home/tmdals010126/ros2_humble/install/ros2topic:/home/tmdals010126/ros2_humble/install/ros2test:/home/tmdals010126/ros2_humble/install/ros2component:/home/tmdals010126/ros2_humble/install/ros2param:/home/tmdals010126/ros2_humble/install/ros2lifecycle:/home/tmdals010126/ros2_humble/install/ros2service:/home/tmdals010126/ros2_humble/install/ros2run:/home/tmdals010126/ros2_humble/install/ros2launch:/home/tmdals010126/ros2_humble/install/ros2pkg:/home/tmdals010126/ros2_humble/install/ros2node:/home/tmdals010126/ros2_humble/install/ros2multicast:/home/tmdals010126/ros2_humble/install/ros2interface:/home/tmdals010126/ros2_humble/install/ros2doctor:/home/tmdals010126/ros2_humble/install/ros2action:/home/tmdals010126/ros2_humble/install/ros2cli:/home/tmdals010126/ros2_humble/install/quality_of_service_demo_py:/home/tmdals010126/ros2_humble/install/lifecycle_py:/home/tmdals010126/ros2_humble/install/launch_testing_ros:/home/tmdals010126/ros2_humble/install/launch_ros:/home/tmdals010126/ros2_humble/install/examples_rclpy_pointcloud_publisher:/home/tmdals010126/ros2_humble/install/examples_rclpy_minimal_subscriber:/home/tmdals010126/ros2_humble/install/examples_rclpy_minimal_service:/home/tmdals010126/ros2_humble/install/examples_rclpy_minimal_publisher:/home/tmdals010126/ros2_humble/install/examples_rclpy_minimal_client:/home/tmdals010126/ros2_humble/install/examples_rclpy_minimal_action_server:/home/tmdals010126/ros2_humble/install/examples_rclpy_minimal_action_client:/home/tmdals010126/ros2_humble/install/examples_rclpy_guard_conditions:/home/tmdals010126/ros2_humble/install/examples_rclpy_executors:/home/tmdals010126/ros2_humble/install/demo_nodes_py:/home/tmdals010126/ros2_humble/install/camera_info_manager_py:/home/tmdals010126/ros2_humble/install/action_tutorials_py:/home/tmdals010126/ros2_humble/install/ament_uncrustify:/home/tmdals010126/ros2_humble/install/tracetools_trace:/home/tmdals010126/ros2_humble/install/tracetools_read:/home/tmdals010126/ros2_humble/install/test_tracetools_launch:/home/tmdals010126/ros2_humble/install/test_launch_ros:/home/tmdals010126/ros2_humble/install/sensor_msgs_py:/home/tmdals010126/ros2_humble/install/rpyutils:/home/tmdals010126/ros2_humble/install/rosidl_runtime_py:/home/tmdals010126/ros2_humble/install/rosidl_cli:/home/tmdals010126/ros2_humble/install/launch_pytest:/home/tmdals010126/ros2_humble/install/launch_testing:/home/tmdals010126/ros2_humble/install/launch_yaml:/home/tmdals010126/ros2_humble/install/launch_xml:/home/tmdals010126/ros2_humble/install/launch:/home/tmdals010126/ros2_humble/install/osrf_pycommon:/home/tmdals010126/ros2_humble/install/domain_coordinator:/home/tmdals010126/ros2_humble/install/ament_xmllint:/home/tmdals010126/ros2_humble/install/ament_pyflakes:/home/tmdals010126/ros2_humble/install/ament_pycodestyle:/home/tmdals010126/ros2_humble/install/ament_pep257:/home/tmdals010126/ros2_humble/install/ament_pclint:/home/tmdals010126/ros2_humble/install/ament_package:/home/tmdals010126/ros2_humble/install/ament_mypy:/home/tmdals010126/ros2_humble/install/ament_lint_cmake:/home/tmdals010126/ros2_humble/install/ament_flake8:/home/tmdals010126/ros2_humble/install/ament_copyright:/home/tmdals010126/ros2_humble/install/ament_lint:/home/tmdals010126/ros2_humble/install/ament_index_python:/home/tmdals010126/ros2_humble/install/ament_cpplint:/home/tmdals010126/ros2_humble/install/ament_cppcheck:/home/tmdals010126/ros2_humble/install/ament_clang_tidy:/home/tmdals010126/ros2_humble/install/ament_clang_format /usr/local/bin/cmake --build /home/tmdals010126/uros_ws/build/micro_ros_msgs -- -j28 -l28
[3.390s] [  2%] [34m[1mGenerating C code for ROS interfaces[0m
[3.395s] [  4%] [34m[1mGenerating C++ code for ROS interfaces[0m
[3.397s] [  4%] Built target ament_cmake_python_copy_micro_ros_msgs
[3.624s] [  4%] Built target micro_ros_msgs__cpp
[3.628s] [  6%] [32mBuilding C object CMakeFiles/micro_ros_msgs__rosidl_generator_c.dir/rosidl_generator_c/micro_ros_msgs/msg/detail/graph__functions.c.o[0m
[3.629s] [  8%] [32mBuilding C object CMakeFiles/micro_ros_msgs__rosidl_generator_c.dir/rosidl_generator_c/micro_ros_msgs/msg/detail/node__functions.c.o[0m
[3.629s] [ 10%] [32mBuilding C object CMakeFiles/micro_ros_msgs__rosidl_generator_c.dir/rosidl_generator_c/micro_ros_msgs/msg/detail/entity__functions.c.o[0m
[3.629s] [ 12%] [34m[1mGenerating C++ introspection for ROS interfaces[0m
[3.629s] [ 14%] [34m[1mGenerating C++ type support for eProsima Fast-RTPS[0m
[3.629s] [ 17%] [34m[1mGenerating C++ type support dispatch for ROS interfaces[0m
[3.635s] running egg_info
[3.650s] creating micro_ros_msgs.egg-info
[3.650s] writing micro_ros_msgs.egg-info/PKG-INFO
[3.650s] writing dependency_links to micro_ros_msgs.egg-info/dependency_links.txt
[3.650s] writing top-level names to micro_ros_msgs.egg-info/top_level.txt
[3.650s] writing manifest file 'micro_ros_msgs.egg-info/SOURCES.txt'
[3.652s] [ 19%] [32m[1mLinking C shared library libmicro_ros_msgs__rosidl_generator_c.so[0m
[3.669s] [ 19%] Built target micro_ros_msgs__rosidl_generator_c
[3.675s] [ 23%] [34m[1mGenerating C introspection for ROS interfaces[0m
[3.675s] [ 23%] [34m[1mGenerating C type support for eProsima Fast-RTPS[0m
[3.675s] [ 25%] [34m[1mGenerating C type support dispatch for ROS interfaces[0m
[3.695s] reading manifest file 'micro_ros_msgs.egg-info/SOURCES.txt'
[3.696s] writing manifest file 'micro_ros_msgs.egg-info/SOURCES.txt'
[3.713s] [ 25%] Built target ament_cmake_python_build_micro_ros_msgs_egg
[3.834s] [ 27%] [32mBuilding CXX object CMakeFiles/micro_ros_msgs__rosidl_typesupport_cpp.dir/rosidl_typesupport_cpp/micro_ros_msgs/msg/graph__type_support.cpp.o[0m
[3.834s] [ 29%] [32mBuilding CXX object CMakeFiles/micro_ros_msgs__rosidl_typesupport_cpp.dir/rosidl_typesupport_cpp/micro_ros_msgs/msg/node__type_support.cpp.o[0m
[3.834s] [ 31%] [32mBuilding CXX object CMakeFiles/micro_ros_msgs__rosidl_typesupport_cpp.dir/rosidl_typesupport_cpp/micro_ros_msgs/msg/entity__type_support.cpp.o[0m
[3.850s] [ 34%] [32mBuilding CXX object CMakeFiles/micro_ros_msgs__rosidl_typesupport_introspection_cpp.dir/rosidl_typesupport_introspection_cpp/micro_ros_msgs/msg/detail/graph__type_support.cpp.o[0m
[3.852s] [ 38%] [32mBuilding CXX object CMakeFiles/micro_ros_msgs__rosidl_typesupport_introspection_cpp.dir/rosidl_typesupport_introspection_cpp/micro_ros_msgs/msg/detail/entity__type_support.cpp.o[0m
[3.852s] [ 38%] [32mBuilding CXX object CMakeFiles/micro_ros_msgs__rosidl_typesupport_introspection_cpp.dir/rosidl_typesupport_introspection_cpp/micro_ros_msgs/msg/detail/node__type_support.cpp.o[0m
[3.857s] [ 40%] [32mBuilding CXX object CMakeFiles/micro_ros_msgs__rosidl_typesupport_fastrtps_cpp.dir/rosidl_typesupport_fastrtps_cpp/micro_ros_msgs/msg/detail/dds_fastrtps/graph__type_support.cpp.o[0m
[3.860s] [ 44%] [32mBuilding CXX object CMakeFiles/micro_ros_msgs__rosidl_typesupport_fastrtps_cpp.dir/rosidl_typesupport_fastrtps_cpp/micro_ros_msgs/msg/detail/dds_fastrtps/node__type_support.cpp.o[0m
[3.860s] [ 44%] [32mBuilding CXX object CMakeFiles/micro_ros_msgs__rosidl_typesupport_fastrtps_cpp.dir/rosidl_typesupport_fastrtps_cpp/micro_ros_msgs/msg/detail/dds_fastrtps/entity__type_support.cpp.o[0m
[3.889s] [ 48%] [32mBuilding CXX object CMakeFiles/micro_ros_msgs__rosidl_typesupport_c.dir/rosidl_typesupport_c/micro_ros_msgs/msg/node__type_support.cpp.o[0m
[3.889s] [ 48%] [32mBuilding CXX object CMakeFiles/micro_ros_msgs__rosidl_typesupport_c.dir/rosidl_typesupport_c/micro_ros_msgs/msg/graph__type_support.cpp.o[0m
[3.889s] [ 51%] [32mBuilding CXX object CMakeFiles/micro_ros_msgs__rosidl_typesupport_c.dir/rosidl_typesupport_c/micro_ros_msgs/msg/entity__type_support.cpp.o[0m
[3.906s] [ 57%] [32mBuilding C object CMakeFiles/micro_ros_msgs__rosidl_typesupport_introspection_c.dir/rosidl_typesupport_introspection_c/micro_ros_msgs/msg/detail/graph__type_support.c.o[0m
[3.906s] [ 57%] [32mBuilding C object CMakeFiles/micro_ros_msgs__rosidl_typesupport_introspection_c.dir/rosidl_typesupport_introspection_c/micro_ros_msgs/msg/detail/node__type_support.c.o[0m
[3.906s] [ 57%] [32mBuilding C object CMakeFiles/micro_ros_msgs__rosidl_typesupport_introspection_c.dir/rosidl_typesupport_introspection_c/micro_ros_msgs/msg/detail/entity__type_support.c.o[0m
[3.908s] [ 59%] [32mBuilding CXX object CMakeFiles/micro_ros_msgs__rosidl_typesupport_fastrtps_c.dir/rosidl_typesupport_fastrtps_c/micro_ros_msgs/msg/detail/graph__type_support_c.cpp.o[0m
[3.909s] [ 61%] [32mBuilding CXX object CMakeFiles/micro_ros_msgs__rosidl_typesupport_fastrtps_c.dir/rosidl_typesupport_fastrtps_c/micro_ros_msgs/msg/detail/node__type_support_c.cpp.o[0m
[3.911s] [ 63%] [32mBuilding CXX object CMakeFiles/micro_ros_msgs__rosidl_typesupport_fastrtps_c.dir/rosidl_typesupport_fastrtps_c/micro_ros_msgs/msg/detail/entity__type_support_c.cpp.o[0m
[3.919s] [ 65%] [32m[1mLinking CXX shared library libmicro_ros_msgs__rosidl_typesupport_c.so[0m
[3.939s] [ 68%] [32m[1mLinking C shared library libmicro_ros_msgs__rosidl_typesupport_introspection_c.so[0m
[3.942s] [ 68%] Built target micro_ros_msgs__rosidl_typesupport_c
[3.958s] [ 68%] Built target micro_ros_msgs__rosidl_typesupport_introspection_c
[3.964s] [ 70%] [32m[1mLinking CXX shared library libmicro_ros_msgs__rosidl_typesupport_cpp.so[0m
[3.985s] [ 70%] Built target micro_ros_msgs__rosidl_typesupport_cpp
[4.093s] [ 72%] [32m[1mLinking CXX shared library libmicro_ros_msgs__rosidl_typesupport_fastrtps_c.so[0m
[4.117s] [ 74%] [32m[1mLinking CXX shared library libmicro_ros_msgs__rosidl_typesupport_introspection_cpp.so[0m
[4.127s] [ 74%] Built target micro_ros_msgs__rosidl_typesupport_fastrtps_c
[4.140s] [ 76%] [32m[1mLinking CXX shared library libmicro_ros_msgs__rosidl_typesupport_fastrtps_cpp.so[0m
[4.153s] [ 76%] Built target micro_ros_msgs__rosidl_typesupport_introspection_cpp
[4.175s] [ 76%] Built target micro_ros_msgs__rosidl_typesupport_fastrtps_cpp
[4.186s] [ 76%] Built target micro_ros_msgs
[4.206s] [ 78%] [34m[1mGenerating Python code for ROS interfaces[0m
[4.538s] [ 78%] Built target micro_ros_msgs__py
[4.548s] [ 80%] [32mBuilding C object CMakeFiles/micro_ros_msgs__rosidl_generator_py.dir/rosidl_generator_py/micro_ros_msgs/msg/_graph_s.c.o[0m
[4.549s] [ 85%] [32mBuilding C object CMakeFiles/micro_ros_msgs__rosidl_generator_py.dir/rosidl_generator_py/micro_ros_msgs/msg/_node_s.c.o[0m
[4.549s] [ 85%] [32mBuilding C object CMakeFiles/micro_ros_msgs__rosidl_generator_py.dir/rosidl_generator_py/micro_ros_msgs/msg/_entity_s.c.o[0m
[4.596s] [ 87%] [32m[1mLinking C shared library rosidl_generator_py/micro_ros_msgs/libmicro_ros_msgs__rosidl_generator_py.so[0m
[4.617s] [ 87%] Built target micro_ros_msgs__rosidl_generator_py
[4.635s] [ 89%] [32mBuilding C object CMakeFiles/micro_ros_msgs__rosidl_typesupport_introspection_c__pyext.dir/rosidl_generator_py/micro_ros_msgs/_micro_ros_msgs_s.ep.rosidl_typesupport_introspection_c.c.o[0m
[4.635s] [ 91%] [32mBuilding C object CMakeFiles/micro_ros_msgs__rosidl_typesupport_fastrtps_c__pyext.dir/rosidl_generator_py/micro_ros_msgs/_micro_ros_msgs_s.ep.rosidl_typesupport_fastrtps_c.c.o[0m
[4.636s] [ 93%] [32mBuilding C object CMakeFiles/micro_ros_msgs__rosidl_typesupport_c__pyext.dir/rosidl_generator_py/micro_ros_msgs/_micro_ros_msgs_s.ep.rosidl_typesupport_c.c.o[0m
[4.684s] [ 95%] [32m[1mLinking C shared library rosidl_generator_py/micro_ros_msgs/micro_ros_msgs_s__rosidl_typesupport_c.cpython-310-x86_64-linux-gnu.so[0m
[4.685s] [100%] [32m[1mLinking C shared library rosidl_generator_py/micro_ros_msgs/micro_ros_msgs_s__rosidl_typesupport_introspection_c.cpython-310-x86_64-linux-gnu.so[0m
[4.685s] [100%] [32m[1mLinking C shared library rosidl_generator_py/micro_ros_msgs/micro_ros_msgs_s__rosidl_typesupport_fastrtps_c.cpython-310-x86_64-linux-gnu.so[0m
[4.700s] [100%] Built target micro_ros_msgs__rosidl_typesupport_c__pyext
[4.701s] [100%] Built target micro_ros_msgs__rosidl_typesupport_introspection_c__pyext
[4.701s] [100%] Built target micro_ros_msgs__rosidl_typesupport_fastrtps_c__pyext
[4.705s] Invoked command in '/home/tmdals010126/uros_ws/build/micro_ros_msgs' returned '0': CMAKE_PREFIX_PATH=${CMAKE_PREFIX_PATH}:/home/tmdals010126/ros2_humble/install/rqt_bag_plugins:/home/tmdals010126/ros2_humble/install/rqt_bag:/home/tmdals010126/ros2_humble/install/launch_testing_examples:/home/tmdals010126/ros2_humble/install/ros2bag:/home/tmdals010126/ros2_humble/install/tracetools_test:/home/tmdals010126/ros2_humble/install/tracetools_launch:/home/tmdals010126/ros2_humble/install/topic_monitor:/home/tmdals010126/ros2_humble/install/tf2_tools:/home/tmdals010126/ros2_humble/install/examples_tf2_py:/home/tmdals010126/ros2_humble/install/tf2_ros_py:/home/tmdals010126/ros2_humble/install/sros2:/home/tmdals010126/ros2_humble/install/rqt_topic:/home/tmdals010126/ros2_humble/install/rqt_srv:/home/tmdals010126/ros2_humble/install/rqt_shell:/home/tmdals010126/ros2_humble/install/rqt_service_caller:/home/tmdals010126/ros2_humble/install/rqt_reconfigure:/home/tmdals010126/ros2_humble/install/rqt_py_console:/home/tmdals010126/ros2_humble/install/rqt_publisher:/home/tmdals010126/ros2_humble/install/rqt_plot:/home/tmdals010126/ros2_humble/install/rqt_action:/home/tmdals010126/ros2_humble/install/rqt_msg:/home/tmdals010126/ros2_humble/install/rqt_console:/home/tmdals010126/ros2_humble/install/rqt:/home/tmdals010126/ros2_humble/install/rqt_graph:/home/tmdals010126/ros2_humble/install/rqt_gui_py:/home/tmdals010126/ros2_humble/install/rqt_gui:/home/tmdals010126/ros2_humble/install/ros2trace:/home/tmdals010126/ros2_humble/install/ros2topic:/home/tmdals010126/ros2_humble/install/ros2test:/home/tmdals010126/ros2_humble/install/ros2component:/home/tmdals010126/ros2_humble/install/ros2param:/home/tmdals010126/ros2_humble/install/ros2lifecycle:/home/tmdals010126/ros2_humble/install/ros2service:/home/tmdals010126/ros2_humble/install/ros2run:/home/tmdals010126/ros2_humble/install/ros2launch:/home/tmdals010126/ros2_humble/install/ros2pkg:/home/tmdals010126/ros2_humble/install/ros2node:/home/tmdals010126/ros2_humble/install/ros2multicast:/home/tmdals010126/ros2_humble/install/ros2interface:/home/tmdals010126/ros2_humble/install/ros2doctor:/home/tmdals010126/ros2_humble/install/ros2action:/home/tmdals010126/ros2_humble/install/ros2cli:/home/tmdals010126/ros2_humble/install/quality_of_service_demo_py:/home/tmdals010126/ros2_humble/install/lifecycle_py:/home/tmdals010126/ros2_humble/install/launch_testing_ros:/home/tmdals010126/ros2_humble/install/launch_ros:/home/tmdals010126/ros2_humble/install/examples_rclpy_pointcloud_publisher:/home/tmdals010126/ros2_humble/install/examples_rclpy_minimal_subscriber:/home/tmdals010126/ros2_humble/install/examples_rclpy_minimal_service:/home/tmdals010126/ros2_humble/install/examples_rclpy_minimal_publisher:/home/tmdals010126/ros2_humble/install/examples_rclpy_minimal_client:/home/tmdals010126/ros2_humble/install/examples_rclpy_minimal_action_server:/home/tmdals010126/ros2_humble/install/examples_rclpy_minimal_action_client:/home/tmdals010126/ros2_humble/install/examples_rclpy_guard_conditions:/home/tmdals010126/ros2_humble/install/examples_rclpy_executors:/home/tmdals010126/ros2_humble/install/demo_nodes_py:/home/tmdals010126/ros2_humble/install/camera_info_manager_py:/home/tmdals010126/ros2_humble/install/action_tutorials_py:/home/tmdals010126/ros2_humble/install/ament_uncrustify:/home/tmdals010126/ros2_humble/install/tracetools_trace:/home/tmdals010126/ros2_humble/install/tracetools_read:/home/tmdals010126/ros2_humble/install/test_tracetools_launch:/home/tmdals010126/ros2_humble/install/test_launch_ros:/home/tmdals010126/ros2_humble/install/sensor_msgs_py:/home/tmdals010126/ros2_humble/install/rpyutils:/home/tmdals010126/ros2_humble/install/rosidl_runtime_py:/home/tmdals010126/ros2_humble/install/rosidl_cli:/home/tmdals010126/ros2_humble/install/launch_pytest:/home/tmdals010126/ros2_humble/install/launch_testing:/home/tmdals010126/ros2_humble/install/launch_yaml:/home/tmdals010126/ros2_humble/install/launch_xml:/home/tmdals010126/ros2_humble/install/launch:/home/tmdals010126/ros2_humble/install/osrf_pycommon:/home/tmdals010126/ros2_humble/install/domain_coordinator:/home/tmdals010126/ros2_humble/install/ament_xmllint:/home/tmdals010126/ros2_humble/install/ament_pyflakes:/home/tmdals010126/ros2_humble/install/ament_pycodestyle:/home/tmdals010126/ros2_humble/install/ament_pep257:/home/tmdals010126/ros2_humble/install/ament_pclint:/home/tmdals010126/ros2_humble/install/ament_package:/home/tmdals010126/ros2_humble/install/ament_mypy:/home/tmdals010126/ros2_humble/install/ament_lint_cmake:/home/tmdals010126/ros2_humble/install/ament_flake8:/home/tmdals010126/ros2_humble/install/ament_copyright:/home/tmdals010126/ros2_humble/install/ament_lint:/home/tmdals010126/ros2_humble/install/ament_index_python:/home/tmdals010126/ros2_humble/install/ament_cpplint:/home/tmdals010126/ros2_humble/install/ament_cppcheck:/home/tmdals010126/ros2_humble/install/ament_clang_tidy:/home/tmdals010126/ros2_humble/install/ament_clang_format /usr/local/bin/cmake --build /home/tmdals010126/uros_ws/build/micro_ros_msgs -- -j28 -l28
[4.706s] Invoking command in '/home/tmdals010126/uros_ws/build/micro_ros_msgs': CMAKE_PREFIX_PATH=${CMAKE_PREFIX_PATH}:/home/tmdals010126/ros2_humble/install/rqt_bag_plugins:/home/tmdals010126/ros2_humble/install/rqt_bag:/home/tmdals010126/ros2_humble/install/launch_testing_examples:/home/tmdals010126/ros2_humble/install/ros2bag:/home/tmdals010126/ros2_humble/install/tracetools_test:/home/tmdals010126/ros2_humble/install/tracetools_launch:/home/tmdals010126/ros2_humble/install/topic_monitor:/home/tmdals010126/ros2_humble/install/tf2_tools:/home/tmdals010126/ros2_humble/install/examples_tf2_py:/home/tmdals010126/ros2_humble/install/tf2_ros_py:/home/tmdals010126/ros2_humble/install/sros2:/home/tmdals010126/ros2_humble/install/rqt_topic:/home/tmdals010126/ros2_humble/install/rqt_srv:/home/tmdals010126/ros2_humble/install/rqt_shell:/home/tmdals010126/ros2_humble/install/rqt_service_caller:/home/tmdals010126/ros2_humble/install/rqt_reconfigure:/home/tmdals010126/ros2_humble/install/rqt_py_console:/home/tmdals010126/ros2_humble/install/rqt_publisher:/home/tmdals010126/ros2_humble/install/rqt_plot:/home/tmdals010126/ros2_humble/install/rqt_action:/home/tmdals010126/ros2_humble/install/rqt_msg:/home/tmdals010126/ros2_humble/install/rqt_console:/home/tmdals010126/ros2_humble/install/rqt:/home/tmdals010126/ros2_humble/install/rqt_graph:/home/tmdals010126/ros2_humble/install/rqt_gui_py:/home/tmdals010126/ros2_humble/install/rqt_gui:/home/tmdals010126/ros2_humble/install/ros2trace:/home/tmdals010126/ros2_humble/install/ros2topic:/home/tmdals010126/ros2_humble/install/ros2test:/home/tmdals010126/ros2_humble/install/ros2component:/home/tmdals010126/ros2_humble/install/ros2param:/home/tmdals010126/ros2_humble/install/ros2lifecycle:/home/tmdals010126/ros2_humble/install/ros2service:/home/tmdals010126/ros2_humble/install/ros2run:/home/tmdals010126/ros2_humble/install/ros2launch:/home/tmdals010126/ros2_humble/install/ros2pkg:/home/tmdals010126/ros2_humble/install/ros2node:/home/tmdals010126/ros2_humble/install/ros2multicast:/home/tmdals010126/ros2_humble/install/ros2interface:/home/tmdals010126/ros2_humble/install/ros2doctor:/home/tmdals010126/ros2_humble/install/ros2action:/home/tmdals010126/ros2_humble/install/ros2cli:/home/tmdals010126/ros2_humble/install/quality_of_service_demo_py:/home/tmdals010126/ros2_humble/install/lifecycle_py:/home/tmdals010126/ros2_humble/install/launch_testing_ros:/home/tmdals010126/ros2_humble/install/launch_ros:/home/tmdals010126/ros2_humble/install/examples_rclpy_pointcloud_publisher:/home/tmdals010126/ros2_humble/install/examples_rclpy_minimal_subscriber:/home/tmdals010126/ros2_humble/install/examples_rclpy_minimal_service:/home/tmdals010126/ros2_humble/install/examples_rclpy_minimal_publisher:/home/tmdals010126/ros2_humble/install/examples_rclpy_minimal_client:/home/tmdals010126/ros2_humble/install/examples_rclpy_minimal_action_server:/home/tmdals010126/ros2_humble/install/examples_rclpy_minimal_action_client:/home/tmdals010126/ros2_humble/install/examples_rclpy_guard_conditions:/home/tmdals010126/ros2_humble/install/examples_rclpy_executors:/home/tmdals010126/ros2_humble/install/demo_nodes_py:/home/tmdals010126/ros2_humble/install/camera_info_manager_py:/home/tmdals010126/ros2_humble/install/action_tutorials_py:/home/tmdals010126/ros2_humble/install/ament_uncrustify:/home/tmdals010126/ros2_humble/install/tracetools_trace:/home/tmdals010126/ros2_humble/install/tracetools_read:/home/tmdals010126/ros2_humble/install/test_tracetools_launch:/home/tmdals010126/ros2_humble/install/test_launch_ros:/home/tmdals010126/ros2_humble/install/sensor_msgs_py:/home/tmdals010126/ros2_humble/install/rpyutils:/home/tmdals010126/ros2_humble/install/rosidl_runtime_py:/home/tmdals010126/ros2_humble/install/rosidl_cli:/home/tmdals010126/ros2_humble/install/launch_pytest:/home/tmdals010126/ros2_humble/install/launch_testing:/home/tmdals010126/ros2_humble/install/launch_yaml:/home/tmdals010126/ros2_humble/install/launch_xml:/home/tmdals010126/ros2_humble/install/launch:/home/tmdals010126/ros2_humble/install/osrf_pycommon:/home/tmdals010126/ros2_humble/install/domain_coordinator:/home/tmdals010126/ros2_humble/install/ament_xmllint:/home/tmdals010126/ros2_humble/install/ament_pyflakes:/home/tmdals010126/ros2_humble/install/ament_pycodestyle:/home/tmdals010126/ros2_humble/install/ament_pep257:/home/tmdals010126/ros2_humble/install/ament_pclint:/home/tmdals010126/ros2_humble/install/ament_package:/home/tmdals010126/ros2_humble/install/ament_mypy:/home/tmdals010126/ros2_humble/install/ament_lint_cmake:/home/tmdals010126/ros2_humble/install/ament_flake8:/home/tmdals010126/ros2_humble/install/ament_copyright:/home/tmdals010126/ros2_humble/install/ament_lint:/home/tmdals010126/ros2_humble/install/ament_index_python:/home/tmdals010126/ros2_humble/install/ament_cpplint:/home/tmdals010126/ros2_humble/install/ament_cppcheck:/home/tmdals010126/ros2_humble/install/ament_clang_tidy:/home/tmdals010126/ros2_humble/install/ament_clang_format /usr/local/bin/cmake --install /home/tmdals010126/uros_ws/build/micro_ros_msgs
[4.710s] -- Install configuration: ""
[4.710s] -- Installing: /home/tmdals010126/uros_ws/install/micro_ros_msgs/share/ament_index/resource_index/rosidl_interfaces/micro_ros_msgs
[4.711s] -- Installing: /home/tmdals010126/uros_ws/install/micro_ros_msgs/include/micro_ros_msgs/micro_ros_msgs
[4.711s] -- Installing: /home/tmdals010126/uros_ws/install/micro_ros_msgs/include/micro_ros_msgs/micro_ros_msgs/msg
[4.711s] -- Installing: /home/tmdals010126/uros_ws/install/micro_ros_msgs/include/micro_ros_msgs/micro_ros_msgs/msg/rosidl_generator_c__visibility_control.h
[4.711s] -- Installing: /home/tmdals010126/uros_ws/install/micro_ros_msgs/include/micro_ros_msgs/micro_ros_msgs/msg/entity.h
[4.711s] -- Installing: /home/tmdals010126/uros_ws/install/micro_ros_msgs/include/micro_ros_msgs/micro_ros_msgs/msg/graph.h
[4.711s] -- Installing: /home/tmdals010126/uros_ws/install/micro_ros_msgs/include/micro_ros_msgs/micro_ros_msgs/msg/detail
[4.711s] -- Installing: /home/tmdals010126/uros_ws/install/micro_ros_msgs/include/micro_ros_msgs/micro_ros_msgs/msg/detail/node__struct.h
[4.711s] -- Installing: /home/tmdals010126/uros_ws/install/micro_ros_msgs/include/micro_ros_msgs/micro_ros_msgs/msg/detail/graph__functions.h
[4.711s] -- Installing: /home/tmdals010126/uros_ws/install/micro_ros_msgs/include/micro_ros_msgs/micro_ros_msgs/msg/detail/node__type_support.h
[4.711s] -- Installing: /home/tmdals010126/uros_ws/install/micro_ros_msgs/include/micro_ros_msgs/micro_ros_msgs/msg/detail/graph__struct.h
[4.711s] -- Installing: /home/tmdals010126/uros_ws/install/micro_ros_msgs/include/micro_ros_msgs/micro_ros_msgs/msg/detail/entity__struct.h
[4.711s] -- Installing: /home/tmdals010126/uros_ws/install/micro_ros_msgs/include/micro_ros_msgs/micro_ros_msgs/msg/detail/entity__functions.c
[4.711s] -- Installing: /home/tmdals010126/uros_ws/install/micro_ros_msgs/include/micro_ros_msgs/micro_ros_msgs/msg/detail/entity__type_support.h
[4.711s] -- Installing: /home/tmdals010126/uros_ws/install/micro_ros_msgs/include/micro_ros_msgs/micro_ros_msgs/msg/detail/entity__functions.h
[4.711s] -- Installing: /home/tmdals010126/uros_ws/install/micro_ros_msgs/include/micro_ros_msgs/micro_ros_msgs/msg/detail/node__functions.h
[4.711s] -- Installing: /home/tmdals010126/uros_ws/install/micro_ros_msgs/include/micro_ros_msgs/micro_ros_msgs/msg/detail/node__functions.c
[4.711s] -- Installing: /home/tmdals010126/uros_ws/install/micro_ros_msgs/include/micro_ros_msgs/micro_ros_msgs/msg/detail/graph__type_support.h
[4.711s] -- Installing: /home/tmdals010126/uros_ws/install/micro_ros_msgs/include/micro_ros_msgs/micro_ros_msgs/msg/detail/graph__functions.c
[4.711s] -- Installing: /home/tmdals010126/uros_ws/install/micro_ros_msgs/include/micro_ros_msgs/micro_ros_msgs/msg/node.h
[4.711s] -- Installing: /home/tmdals010126/uros_ws/install/micro_ros_msgs/share/micro_ros_msgs/environment/library_path.sh
[4.711s] -- Installing: /home/tmdals010126/uros_ws/install/micro_ros_msgs/share/micro_ros_msgs/environment/library_path.dsv
[4.711s] -- Installing: /home/tmdals010126/uros_ws/install/micro_ros_msgs/lib/libmicro_ros_msgs__rosidl_generator_c.so
[4.711s] -- Set runtime path of "/home/tmdals010126/uros_ws/install/micro_ros_msgs/lib/libmicro_ros_msgs__rosidl_generator_c.so" to ""
[4.711s] -- Up-to-date: /home/tmdals010126/uros_ws/install/micro_ros_msgs/include/micro_ros_msgs/micro_ros_msgs
[4.711s] -- Up-to-date: /home/tmdals010126/uros_ws/install/micro_ros_msgs/include/micro_ros_msgs/micro_ros_msgs/msg
[4.711s] -- Up-to-date: /home/tmdals010126/uros_ws/install/micro_ros_msgs/include/micro_ros_msgs/micro_ros_msgs/msg/detail
[4.711s] -- Installing: /home/tmdals010126/uros_ws/install/micro_ros_msgs/include/micro_ros_msgs/micro_ros_msgs/msg/detail/node__type_support.c
[4.711s] -- Installing: /home/tmdals010126/uros_ws/install/micro_ros_msgs/include/micro_ros_msgs/micro_ros_msgs/msg/detail/graph__rosidl_typesupport_introspection_c.h
[4.711s] -- Installing: /home/tmdals010126/uros_ws/install/micro_ros_msgs/include/micro_ros_msgs/micro_ros_msgs/msg/detail/entity__rosidl_typesupport_introspection_c.h
[4.711s] -- Installing: /home/tmdals010126/uros_ws/install/micro_ros_msgs/include/micro_ros_msgs/micro_ros_msgs/msg/detail/node__rosidl_typesupport_introspection_c.h
[4.712s] -- Installing: /home/tmdals010126/uros_ws/install/micro_ros_msgs/include/micro_ros_msgs/micro_ros_msgs/msg/detail/entity__type_support.c
[4.712s] -- Installing: /home/tmdals010126/uros_ws/install/micro_ros_msgs/include/micro_ros_msgs/micro_ros_msgs/msg/detail/graph__type_support.c
[4.712s] -- Installing: /home/tmdals010126/uros_ws/install/micro_ros_msgs/include/micro_ros_msgs/micro_ros_msgs/msg/rosidl_typesupport_introspection_c__visibility_control.h
[4.712s] -- Installing: /home/tmdals010126/uros_ws/install/micro_ros_msgs/lib/libmicro_ros_msgs__rosidl_typesupport_introspection_c.so
[4.712s] -- Set runtime path of "/home/tmdals010126/uros_ws/install/micro_ros_msgs/lib/libmicro_ros_msgs__rosidl_typesupport_introspection_c.so" to ""
[4.712s] -- Up-to-date: /home/tmdals010126/uros_ws/install/micro_ros_msgs/include/micro_ros_msgs/micro_ros_msgs
[4.712s] -- Up-to-date: /home/tmdals010126/uros_ws/install/micro_ros_msgs/include/micro_ros_msgs/micro_ros_msgs/msg
[4.712s] -- Up-to-date: /home/tmdals010126/uros_ws/install/micro_ros_msgs/include/micro_ros_msgs/micro_ros_msgs/msg/detail
[4.712s] -- Installing: /home/tmdals010126/uros_ws/install/micro_ros_msgs/include/micro_ros_msgs/micro_ros_msgs/msg/detail/graph__rosidl_typesupport_fastrtps_c.h
[4.712s] -- Installing: /home/tmdals010126/uros_ws/install/micro_ros_msgs/include/micro_ros_msgs/micro_ros_msgs/msg/detail/entity__rosidl_typesupport_fastrtps_c.h
[4.712s] -- Installing: /home/tmdals010126/uros_ws/install/micro_ros_msgs/include/micro_ros_msgs/micro_ros_msgs/msg/detail/node__rosidl_typesupport_fastrtps_c.h
[4.712s] -- Installing: /home/tmdals010126/uros_ws/install/micro_ros_msgs/include/micro_ros_msgs/micro_ros_msgs/msg/rosidl_typesupport_fastrtps_c__visibility_control.h
[4.712s] -- Installing: /home/tmdals010126/uros_ws/install/micro_ros_msgs/lib/libmicro_ros_msgs__rosidl_typesupport_fastrtps_c.so
[4.712s] -- Set runtime path of "/home/tmdals010126/uros_ws/install/micro_ros_msgs/lib/libmicro_ros_msgs__rosidl_typesupport_fastrtps_c.so" to ""
[4.712s] -- Installing: /home/tmdals010126/uros_ws/install/micro_ros_msgs/lib/libmicro_ros_msgs__rosidl_typesupport_c.so
[4.712s] -- Set runtime path of "/home/tmdals010126/uros_ws/install/micro_ros_msgs/lib/libmicro_ros_msgs__rosidl_typesupport_c.so" to ""
[4.712s] -- Up-to-date: /home/tmdals010126/uros_ws/install/micro_ros_msgs/include/micro_ros_msgs/micro_ros_msgs
[4.712s] -- Up-to-date: /home/tmdals010126/uros_ws/install/micro_ros_msgs/include/micro_ros_msgs/micro_ros_msgs/msg
[4.712s] -- Installing: /home/tmdals010126/uros_ws/install/micro_ros_msgs/include/micro_ros_msgs/micro_ros_msgs/msg/rosidl_generator_cpp__visibility_control.hpp
[4.712s] -- Installing: /home/tmdals010126/uros_ws/install/micro_ros_msgs/include/micro_ros_msgs/micro_ros_msgs/msg/graph.hpp
[4.712s] -- Up-to-date: /home/tmdals010126/uros_ws/install/micro_ros_msgs/include/micro_ros_msgs/micro_ros_msgs/msg/detail
[4.712s] -- Installing: /home/tmdals010126/uros_ws/install/micro_ros_msgs/include/micro_ros_msgs/micro_ros_msgs/msg/detail/node__traits.hpp
[4.712s] -- Installing: /home/tmdals010126/uros_ws/install/micro_ros_msgs/include/micro_ros_msgs/micro_ros_msgs/msg/detail/entity__traits.hpp
[4.712s] -- Installing: /home/tmdals010126/uros_ws/install/micro_ros_msgs/include/micro_ros_msgs/micro_ros_msgs/msg/detail/graph__type_support.hpp
[4.712s] -- Installing: /home/tmdals010126/uros_ws/install/micro_ros_msgs/include/micro_ros_msgs/micro_ros_msgs/msg/detail/node__builder.hpp
[4.712s] -- Installing: /home/tmdals010126/uros_ws/install/micro_ros_msgs/include/micro_ros_msgs/micro_ros_msgs/msg/detail/entity__struct.hpp
[4.712s] -- Installing: /home/tmdals010126/uros_ws/install/micro_ros_msgs/include/micro_ros_msgs/micro_ros_msgs/msg/detail/graph__struct.hpp
[4.712s] -- Installing: /home/tmdals010126/uros_ws/install/micro_ros_msgs/include/micro_ros_msgs/micro_ros_msgs/msg/detail/graph__builder.hpp
[4.713s] -- Installing: /home/tmdals010126/uros_ws/install/micro_ros_msgs/include/micro_ros_msgs/micro_ros_msgs/msg/detail/entity__builder.hpp
[4.713s] -- Installing: /home/tmdals010126/uros_ws/install/micro_ros_msgs/include/micro_ros_msgs/micro_ros_msgs/msg/detail/node__type_support.hpp
[4.713s] -- Installing: /home/tmdals010126/uros_ws/install/micro_ros_msgs/include/micro_ros_msgs/micro_ros_msgs/msg/detail/node__struct.hpp
[4.713s] -- Installing: /home/tmdals010126/uros_ws/install/micro_ros_msgs/include/micro_ros_msgs/micro_ros_msgs/msg/detail/graph__traits.hpp
[4.713s] -- Installing: /home/tmdals010126/uros_ws/install/micro_ros_msgs/include/micro_ros_msgs/micro_ros_msgs/msg/detail/entity__type_support.hpp
[4.713s] -- Installing: /home/tmdals010126/uros_ws/install/micro_ros_msgs/include/micro_ros_msgs/micro_ros_msgs/msg/node.hpp
[4.713s] -- Installing: /home/tmdals010126/uros_ws/install/micro_ros_msgs/include/micro_ros_msgs/micro_ros_msgs/msg/entity.hpp
[4.713s] -- Up-to-date: /home/tmdals010126/uros_ws/install/micro_ros_msgs/include/micro_ros_msgs/micro_ros_msgs
[4.713s] -- Up-to-date: /home/tmdals010126/uros_ws/install/micro_ros_msgs/include/micro_ros_msgs/micro_ros_msgs/msg
[4.713s] -- Up-to-date: /home/tmdals010126/uros_ws/install/micro_ros_msgs/include/micro_ros_msgs/micro_ros_msgs/msg/detail
[4.713s] -- Installing: /home/tmdals010126/uros_ws/install/micro_ros_msgs/include/micro_ros_msgs/micro_ros_msgs/msg/detail/graph__rosidl_typesupport_introspection_cpp.hpp
[4.713s] -- Installing: /home/tmdals010126/uros_ws/install/micro_ros_msgs/include/micro_ros_msgs/micro_ros_msgs/msg/detail/graph__type_support.cpp
[4.713s] -- Installing: /home/tmdals010126/uros_ws/install/micro_ros_msgs/include/micro_ros_msgs/micro_ros_msgs/msg/detail/entity__rosidl_typesupport_introspection_cpp.hpp
[4.713s] -- Installing: /home/tmdals010126/uros_ws/install/micro_ros_msgs/include/micro_ros_msgs/micro_ros_msgs/msg/detail/entity__type_support.cpp
[4.713s] -- Installing: /home/tmdals010126/uros_ws/install/micro_ros_msgs/include/micro_ros_msgs/micro_ros_msgs/msg/detail/node__rosidl_typesupport_introspection_cpp.hpp
[4.713s] -- Installing: /home/tmdals010126/uros_ws/install/micro_ros_msgs/include/micro_ros_msgs/micro_ros_msgs/msg/detail/node__type_support.cpp
[4.713s] -- Installing: /home/tmdals010126/uros_ws/install/micro_ros_msgs/lib/libmicro_ros_msgs__rosidl_typesupport_introspection_cpp.so
[4.713s] -- Set runtime path of "/home/tmdals010126/uros_ws/install/micro_ros_msgs/lib/libmicro_ros_msgs__rosidl_typesupport_introspection_cpp.so" to ""
[4.713s] -- Up-to-date: /home/tmdals010126/uros_ws/install/micro_ros_msgs/include/micro_ros_msgs/micro_ros_msgs
[4.713s] -- Up-to-date: /home/tmdals010126/uros_ws/install/micro_ros_msgs/include/micro_ros_msgs/micro_ros_msgs/msg
[4.713s] -- Up-to-date: /home/tmdals010126/uros_ws/install/micro_ros_msgs/include/micro_ros_msgs/micro_ros_msgs/msg/detail
[4.713s] -- Installing: /home/tmdals010126/uros_ws/install/micro_ros_msgs/include/micro_ros_msgs/micro_ros_msgs/msg/detail/graph__rosidl_typesupport_fastrtps_cpp.hpp
[4.713s] -- Installing: /home/tmdals010126/uros_ws/install/micro_ros_msgs/include/micro_ros_msgs/micro_ros_msgs/msg/detail/dds_fastrtps
[4.713s] -- Installing: /home/tmdals010126/uros_ws/install/micro_ros_msgs/include/micro_ros_msgs/micro_ros_msgs/msg/detail/node__rosidl_typesupport_fastrtps_cpp.hpp
[4.713s] -- Installing: /home/tmdals010126/uros_ws/install/micro_ros_msgs/include/micro_ros_msgs/micro_ros_msgs/msg/detail/entity__rosidl_typesupport_fastrtps_cpp.hpp
[4.713s] -- Installing: /home/tmdals010126/uros_ws/install/micro_ros_msgs/include/micro_ros_msgs/micro_ros_msgs/msg/rosidl_typesupport_fastrtps_cpp__visibility_control.h
[4.713s] -- Installing: /home/tmdals010126/uros_ws/install/micro_ros_msgs/lib/libmicro_ros_msgs__rosidl_typesupport_fastrtps_cpp.so
[4.713s] -- Set runtime path of "/home/tmdals010126/uros_ws/install/micro_ros_msgs/lib/libmicro_ros_msgs__rosidl_typesupport_fastrtps_cpp.so" to ""
[4.714s] -- Installing: /home/tmdals010126/uros_ws/install/micro_ros_msgs/lib/libmicro_ros_msgs__rosidl_typesupport_cpp.so
[4.714s] -- Set runtime path of "/home/tmdals010126/uros_ws/install/micro_ros_msgs/lib/libmicro_ros_msgs__rosidl_typesupport_cpp.so" to ""
[4.714s] -- Installing: /home/tmdals010126/uros_ws/install/micro_ros_msgs/share/micro_ros_msgs/environment/pythonpath.sh
[4.714s] -- Installing: /home/tmdals010126/uros_ws/install/micro_ros_msgs/share/micro_ros_msgs/environment/pythonpath.dsv
[4.714s] -- Installing: /home/tmdals010126/uros_ws/install/micro_ros_msgs/local/lib/python3.10/dist-packages/micro_ros_msgs-3.0.1-py3.10.egg-info
[4.714s] -- Installing: /home/tmdals010126/uros_ws/install/micro_ros_msgs/local/lib/python3.10/dist-packages/micro_ros_msgs-3.0.1-py3.10.egg-info/SOURCES.txt
[4.714s] -- Installing: /home/tmdals010126/uros_ws/install/micro_ros_msgs/local/lib/python3.10/dist-packages/micro_ros_msgs-3.0.1-py3.10.egg-info/dependency_links.txt
[4.714s] -- Installing: /home/tmdals010126/uros_ws/install/micro_ros_msgs/local/lib/python3.10/dist-packages/micro_ros_msgs-3.0.1-py3.10.egg-info/PKG-INFO
[4.714s] -- Installing: /home/tmdals010126/uros_ws/install/micro_ros_msgs/local/lib/python3.10/dist-packages/micro_ros_msgs-3.0.1-py3.10.egg-info/top_level.txt
[4.714s] -- Installing: /home/tmdals010126/uros_ws/install/micro_ros_msgs/local/lib/python3.10/dist-packages/micro_ros_msgs
[4.714s] -- Installing: /home/tmdals010126/uros_ws/install/micro_ros_msgs/local/lib/python3.10/dist-packages/micro_ros_msgs/micro_ros_msgs_s__rosidl_typesupport_c.cpython-310-x86_64-linux-gnu.so
[4.714s] -- Installing: /home/tmdals010126/uros_ws/install/micro_ros_msgs/local/lib/python3.10/dist-packages/micro_ros_msgs/__init__.py
[4.714s] -- Installing: /home/tmdals010126/uros_ws/install/micro_ros_msgs/local/lib/python3.10/dist-packages/micro_ros_msgs/micro_ros_msgs_s__rosidl_typesupport_introspection_c.cpython-310-x86_64-linux-gnu.so
[4.714s] -- Installing: /home/tmdals010126/uros_ws/install/micro_ros_msgs/local/lib/python3.10/dist-packages/micro_ros_msgs/libmicro_ros_msgs__rosidl_generator_py.so
[4.714s] -- Installing: /home/tmdals010126/uros_ws/install/micro_ros_msgs/local/lib/python3.10/dist-packages/micro_ros_msgs/msg
[4.714s] -- Installing: /home/tmdals010126/uros_ws/install/micro_ros_msgs/local/lib/python3.10/dist-packages/micro_ros_msgs/msg/_node_s.c
[4.714s] -- Installing: /home/tmdals010126/uros_ws/install/micro_ros_msgs/local/lib/python3.10/dist-packages/micro_ros_msgs/msg/__init__.py
[4.714s] -- Installing: /home/tmdals010126/uros_ws/install/micro_ros_msgs/local/lib/python3.10/dist-packages/micro_ros_msgs/msg/_graph.py
[4.714s] -- Installing: /home/tmdals010126/uros_ws/install/micro_ros_msgs/local/lib/python3.10/dist-packages/micro_ros_msgs/msg/_entity.py
[4.714s] -- Installing: /home/tmdals010126/uros_ws/install/micro_ros_msgs/local/lib/python3.10/dist-packages/micro_ros_msgs/msg/_node.py
[4.714s] -- Installing: /home/tmdals010126/uros_ws/install/micro_ros_msgs/local/lib/python3.10/dist-packages/micro_ros_msgs/msg/_graph_s.c
[4.714s] -- Installing: /home/tmdals010126/uros_ws/install/micro_ros_msgs/local/lib/python3.10/dist-packages/micro_ros_msgs/msg/_entity_s.c
[4.714s] -- Installing: /home/tmdals010126/uros_ws/install/micro_ros_msgs/local/lib/python3.10/dist-packages/micro_ros_msgs/_micro_ros_msgs_s.ep.rosidl_typesupport_fastrtps_c.c
[4.714s] -- Installing: /home/tmdals010126/uros_ws/install/micro_ros_msgs/local/lib/python3.10/dist-packages/micro_ros_msgs/_micro_ros_msgs_s.ep.rosidl_typesupport_introspection_c.c
[4.714s] -- Installing: /home/tmdals010126/uros_ws/install/micro_ros_msgs/local/lib/python3.10/dist-packages/micro_ros_msgs/_micro_ros_msgs_s.ep.rosidl_typesupport_c.c
[4.714s] -- Installing: /home/tmdals010126/uros_ws/install/micro_ros_msgs/local/lib/python3.10/dist-packages/micro_ros_msgs/micro_ros_msgs_s__rosidl_typesupport_fastrtps_c.cpython-310-x86_64-linux-gnu.so
[4.783s] Listing '/home/tmdals010126/uros_ws/install/micro_ros_msgs/local/lib/python3.10/dist-packages/micro_ros_msgs'...
[4.783s] Compiling '/home/tmdals010126/uros_ws/install/micro_ros_msgs/local/lib/python3.10/dist-packages/micro_ros_msgs/__init__.py'...
[4.783s] Listing '/home/tmdals010126/uros_ws/install/micro_ros_msgs/local/lib/python3.10/dist-packages/micro_ros_msgs/msg'...
[4.783s] Compiling '/home/tmdals010126/uros_ws/install/micro_ros_msgs/local/lib/python3.10/dist-packages/micro_ros_msgs/msg/__init__.py'...
[4.783s] Compiling '/home/tmdals010126/uros_ws/install/micro_ros_msgs/local/lib/python3.10/dist-packages/micro_ros_msgs/msg/_entity.py'...
[4.783s] Compiling '/home/tmdals010126/uros_ws/install/micro_ros_msgs/local/lib/python3.10/dist-packages/micro_ros_msgs/msg/_graph.py'...
[4.783s] Compiling '/home/tmdals010126/uros_ws/install/micro_ros_msgs/local/lib/python3.10/dist-packages/micro_ros_msgs/msg/_node.py'...
[4.785s] -- Installing: /home/tmdals010126/uros_ws/install/micro_ros_msgs/local/lib/python3.10/dist-packages/micro_ros_msgs/micro_ros_msgs_s__rosidl_typesupport_introspection_c.cpython-310-x86_64-linux-gnu.so
[4.786s] -- Set runtime path of "/home/tmdals010126/uros_ws/install/micro_ros_msgs/local/lib/python3.10/dist-packages/micro_ros_msgs/micro_ros_msgs_s__rosidl_typesupport_introspection_c.cpython-310-x86_64-linux-gnu.so" to ""
[4.786s] -- Installing: /home/tmdals010126/uros_ws/install/micro_ros_msgs/local/lib/python3.10/dist-packages/micro_ros_msgs/micro_ros_msgs_s__rosidl_typesupport_fastrtps_c.cpython-310-x86_64-linux-gnu.so
[4.786s] -- Set runtime path of "/home/tmdals010126/uros_ws/install/micro_ros_msgs/local/lib/python3.10/dist-packages/micro_ros_msgs/micro_ros_msgs_s__rosidl_typesupport_fastrtps_c.cpython-310-x86_64-linux-gnu.so" to ""
[4.786s] -- Installing: /home/tmdals010126/uros_ws/install/micro_ros_msgs/local/lib/python3.10/dist-packages/micro_ros_msgs/micro_ros_msgs_s__rosidl_typesupport_c.cpython-310-x86_64-linux-gnu.so
[4.786s] -- Set runtime path of "/home/tmdals010126/uros_ws/install/micro_ros_msgs/local/lib/python3.10/dist-packages/micro_ros_msgs/micro_ros_msgs_s__rosidl_typesupport_c.cpython-310-x86_64-linux-gnu.so" to ""
[4.786s] -- Installing: /home/tmdals010126/uros_ws/install/micro_ros_msgs/lib/libmicro_ros_msgs__rosidl_generator_py.so
[4.786s] -- Set runtime path of "/home/tmdals010126/uros_ws/install/micro_ros_msgs/lib/libmicro_ros_msgs__rosidl_generator_py.so" to ""
[4.786s] -- Installing: /home/tmdals010126/uros_ws/install/micro_ros_msgs/share/micro_ros_msgs/msg/Graph.idl
[4.786s] -- Installing: /home/tmdals010126/uros_ws/install/micro_ros_msgs/share/micro_ros_msgs/msg/Node.idl
[4.786s] -- Installing: /home/tmdals010126/uros_ws/install/micro_ros_msgs/share/micro_ros_msgs/msg/Entity.idl
[4.786s] -- Installing: /home/tmdals010126/uros_ws/install/micro_ros_msgs/share/micro_ros_msgs/msg/Graph.msg
[4.786s] -- Installing: /home/tmdals010126/uros_ws/install/micro_ros_msgs/share/micro_ros_msgs/msg/Node.msg
[4.786s] -- Installing: /home/tmdals010126/uros_ws/install/micro_ros_msgs/share/micro_ros_msgs/msg/Entity.msg
[4.786s] -- Installing: /home/tmdals010126/uros_ws/install/micro_ros_msgs/share/ament_index/resource_index/package_run_dependencies/micro_ros_msgs
[4.786s] -- Installing: /home/tmdals010126/uros_ws/install/micro_ros_msgs/share/ament_index/resource_index/parent_prefix_path/micro_ros_msgs
[4.786s] -- Installing: /home/tmdals010126/uros_ws/install/micro_ros_msgs/share/micro_ros_msgs/environment/ament_prefix_path.sh
[4.786s] -- Installing: /home/tmdals010126/uros_ws/install/micro_ros_msgs/share/micro_ros_msgs/environment/ament_prefix_path.dsv
[4.786s] -- Installing: /home/tmdals010126/uros_ws/install/micro_ros_msgs/share/micro_ros_msgs/environment/path.sh
[4.786s] -- Installing: /home/tmdals010126/uros_ws/install/micro_ros_msgs/share/micro_ros_msgs/environment/path.dsv
[4.786s] -- Installing: /home/tmdals010126/uros_ws/install/micro_ros_msgs/share/micro_ros_msgs/local_setup.bash
[4.786s] -- Installing: /home/tmdals010126/uros_ws/install/micro_ros_msgs/share/micro_ros_msgs/local_setup.sh
[4.786s] -- Installing: /home/tmdals010126/uros_ws/install/micro_ros_msgs/share/micro_ros_msgs/local_setup.zsh
[4.787s] -- Installing: /home/tmdals010126/uros_ws/install/micro_ros_msgs/share/micro_ros_msgs/local_setup.dsv
[4.787s] -- Installing: /home/tmdals010126/uros_ws/install/micro_ros_msgs/share/micro_ros_msgs/package.dsv
[4.787s] -- Installing: /home/tmdals010126/uros_ws/install/micro_ros_msgs/share/ament_index/resource_index/packages/micro_ros_msgs
[4.787s] -- Installing: /home/tmdals010126/uros_ws/install/micro_ros_msgs/share/micro_ros_msgs/cmake/export_micro_ros_msgs__rosidl_generator_cExport.cmake
[4.787s] -- Installing: /home/tmdals010126/uros_ws/install/micro_ros_msgs/share/micro_ros_msgs/cmake/export_micro_ros_msgs__rosidl_generator_cExport-noconfig.cmake
[4.787s] -- Installing: /home/tmdals010126/uros_ws/install/micro_ros_msgs/share/micro_ros_msgs/cmake/micro_ros_msgs__rosidl_typesupport_introspection_cExport.cmake
[4.787s] -- Installing: /home/tmdals010126/uros_ws/install/micro_ros_msgs/share/micro_ros_msgs/cmake/micro_ros_msgs__rosidl_typesupport_introspection_cExport-noconfig.cmake
[4.787s] -- Installing: /home/tmdals010126/uros_ws/install/micro_ros_msgs/share/micro_ros_msgs/cmake/export_micro_ros_msgs__rosidl_typesupport_fastrtps_cExport.cmake
[4.787s] -- Installing: /home/tmdals010126/uros_ws/install/micro_ros_msgs/share/micro_ros_msgs/cmake/export_micro_ros_msgs__rosidl_typesupport_fastrtps_cExport-noconfig.cmake
[4.787s] -- Installing: /home/tmdals010126/uros_ws/install/micro_ros_msgs/share/micro_ros_msgs/cmake/micro_ros_msgs__rosidl_typesupport_cExport.cmake
[4.787s] -- Installing: /home/tmdals010126/uros_ws/install/micro_ros_msgs/share/micro_ros_msgs/cmake/micro_ros_msgs__rosidl_typesupport_cExport-noconfig.cmake
[4.787s] -- Installing: /home/tmdals010126/uros_ws/install/micro_ros_msgs/share/micro_ros_msgs/cmake/export_micro_ros_msgs__rosidl_generator_cppExport.cmake
[4.787s] -- Installing: /home/tmdals010126/uros_ws/install/micro_ros_msgs/share/micro_ros_msgs/cmake/micro_ros_msgs__rosidl_typesupport_introspection_cppExport.cmake
[4.787s] -- Installing: /home/tmdals010126/uros_ws/install/micro_ros_msgs/share/micro_ros_msgs/cmake/micro_ros_msgs__rosidl_typesupport_introspection_cppExport-noconfig.cmake
[4.787s] -- Installing: /home/tmdals010126/uros_ws/install/micro_ros_msgs/share/micro_ros_msgs/cmake/export_micro_ros_msgs__rosidl_typesupport_fastrtps_cppExport.cmake
[4.787s] -- Installing: /home/tmdals010126/uros_ws/install/micro_ros_msgs/share/micro_ros_msgs/cmake/export_micro_ros_msgs__rosidl_typesupport_fastrtps_cppExport-noconfig.cmake
[4.787s] -- Installing: /home/tmdals010126/uros_ws/install/micro_ros_msgs/share/micro_ros_msgs/cmake/micro_ros_msgs__rosidl_typesupport_cppExport.cmake
[4.787s] -- Installing: /home/tmdals010126/uros_ws/install/micro_ros_msgs/share/micro_ros_msgs/cmake/micro_ros_msgs__rosidl_typesupport_cppExport-noconfig.cmake
[4.787s] -- Installing: /home/tmdals010126/uros_ws/install/micro_ros_msgs/share/micro_ros_msgs/cmake/export_micro_ros_msgs__rosidl_generator_pyExport.cmake
[4.787s] -- Installing: /home/tmdals010126/uros_ws/install/micro_ros_msgs/share/micro_ros_msgs/cmake/export_micro_ros_msgs__rosidl_generator_pyExport-noconfig.cmake
[4.787s] -- Installing: /home/tmdals010126/uros_ws/install/micro_ros_msgs/share/micro_ros_msgs/cmake/rosidl_cmake-extras.cmake
[4.787s] -- Installing: /home/tmdals010126/uros_ws/install/micro_ros_msgs/share/micro_ros_msgs/cmake/ament_cmake_export_include_directories-extras.cmake
[4.787s] -- Installing: /home/tmdals010126/uros_ws/install/micro_ros_msgs/share/micro_ros_msgs/cmake/ament_cmake_export_libraries-extras.cmake
[4.787s] -- Installing: /home/tmdals010126/uros_ws/install/micro_ros_msgs/share/micro_ros_msgs/cmake/ament_cmake_export_targets-extras.cmake
[4.787s] -- Installing: /home/tmdals010126/uros_ws/install/micro_ros_msgs/share/micro_ros_msgs/cmake/rosidl_cmake_export_typesupport_targets-extras.cmake
[4.787s] -- Installing: /home/tmdals010126/uros_ws/install/micro_ros_msgs/share/micro_ros_msgs/cmake/ament_cmake_export_dependencies-extras.cmake
[4.787s] -- Installing: /home/tmdals010126/uros_ws/install/micro_ros_msgs/share/micro_ros_msgs/cmake/rosidl_cmake_export_typesupport_libraries-extras.cmake
[4.787s] -- Installing: /home/tmdals010126/uros_ws/install/micro_ros_msgs/share/micro_ros_msgs/cmake/micro_ros_msgsConfig.cmake
[4.787s] -- Installing: /home/tmdals010126/uros_ws/install/micro_ros_msgs/share/micro_ros_msgs/cmake/micro_ros_msgsConfig-version.cmake
[4.788s] -- Installing: /home/tmdals010126/uros_ws/install/micro_ros_msgs/share/micro_ros_msgs/package.xml
[4.789s] Invoked command in '/home/tmdals010126/uros_ws/build/micro_ros_msgs' returned '0': CMAKE_PREFIX_PATH=${CMAKE_PREFIX_PATH}:/home/tmdals010126/ros2_humble/install/rqt_bag_plugins:/home/tmdals010126/ros2_humble/install/rqt_bag:/home/tmdals010126/ros2_humble/install/launch_testing_examples:/home/tmdals010126/ros2_humble/install/ros2bag:/home/tmdals010126/ros2_humble/install/tracetools_test:/home/tmdals010126/ros2_humble/install/tracetools_launch:/home/tmdals010126/ros2_humble/install/topic_monitor:/home/tmdals010126/ros2_humble/install/tf2_tools:/home/tmdals010126/ros2_humble/install/examples_tf2_py:/home/tmdals010126/ros2_humble/install/tf2_ros_py:/home/tmdals010126/ros2_humble/install/sros2:/home/tmdals010126/ros2_humble/install/rqt_topic:/home/tmdals010126/ros2_humble/install/rqt_srv:/home/tmdals010126/ros2_humble/install/rqt_shell:/home/tmdals010126/ros2_humble/install/rqt_service_caller:/home/tmdals010126/ros2_humble/install/rqt_reconfigure:/home/tmdals010126/ros2_humble/install/rqt_py_console:/home/tmdals010126/ros2_humble/install/rqt_publisher:/home/tmdals010126/ros2_humble/install/rqt_plot:/home/tmdals010126/ros2_humble/install/rqt_action:/home/tmdals010126/ros2_humble/install/rqt_msg:/home/tmdals010126/ros2_humble/install/rqt_console:/home/tmdals010126/ros2_humble/install/rqt:/home/tmdals010126/ros2_humble/install/rqt_graph:/home/tmdals010126/ros2_humble/install/rqt_gui_py:/home/tmdals010126/ros2_humble/install/rqt_gui:/home/tmdals010126/ros2_humble/install/ros2trace:/home/tmdals010126/ros2_humble/install/ros2topic:/home/tmdals010126/ros2_humble/install/ros2test:/home/tmdals010126/ros2_humble/install/ros2component:/home/tmdals010126/ros2_humble/install/ros2param:/home/tmdals010126/ros2_humble/install/ros2lifecycle:/home/tmdals010126/ros2_humble/install/ros2service:/home/tmdals010126/ros2_humble/install/ros2run:/home/tmdals010126/ros2_humble/install/ros2launch:/home/tmdals010126/ros2_humble/install/ros2pkg:/home/tmdals010126/ros2_humble/install/ros2node:/home/tmdals010126/ros2_humble/install/ros2multicast:/home/tmdals010126/ros2_humble/install/ros2interface:/home/tmdals010126/ros2_humble/install/ros2doctor:/home/tmdals010126/ros2_humble/install/ros2action:/home/tmdals010126/ros2_humble/install/ros2cli:/home/tmdals010126/ros2_humble/install/quality_of_service_demo_py:/home/tmdals010126/ros2_humble/install/lifecycle_py:/home/tmdals010126/ros2_humble/install/launch_testing_ros:/home/tmdals010126/ros2_humble/install/launch_ros:/home/tmdals010126/ros2_humble/install/examples_rclpy_pointcloud_publisher:/home/tmdals010126/ros2_humble/install/examples_rclpy_minimal_subscriber:/home/tmdals010126/ros2_humble/install/examples_rclpy_minimal_service:/home/tmdals010126/ros2_humble/install/examples_rclpy_minimal_publisher:/home/tmdals010126/ros2_humble/install/examples_rclpy_minimal_client:/home/tmdals010126/ros2_humble/install/examples_rclpy_minimal_action_server:/home/tmdals010126/ros2_humble/install/examples_rclpy_minimal_action_client:/home/tmdals010126/ros2_humble/install/examples_rclpy_guard_conditions:/home/tmdals010126/ros2_humble/install/examples_rclpy_executors:/home/tmdals010126/ros2_humble/install/demo_nodes_py:/home/tmdals010126/ros2_humble/install/camera_info_manager_py:/home/tmdals010126/ros2_humble/install/action_tutorials_py:/home/tmdals010126/ros2_humble/install/ament_uncrustify:/home/tmdals010126/ros2_humble/install/tracetools_trace:/home/tmdals010126/ros2_humble/install/tracetools_read:/home/tmdals010126/ros2_humble/install/test_tracetools_launch:/home/tmdals010126/ros2_humble/install/test_launch_ros:/home/tmdals010126/ros2_humble/install/sensor_msgs_py:/home/tmdals010126/ros2_humble/install/rpyutils:/home/tmdals010126/ros2_humble/install/rosidl_runtime_py:/home/tmdals010126/ros2_humble/install/rosidl_cli:/home/tmdals010126/ros2_humble/install/launch_pytest:/home/tmdals010126/ros2_humble/install/launch_testing:/home/tmdals010126/ros2_humble/install/launch_yaml:/home/tmdals010126/ros2_humble/install/launch_xml:/home/tmdals010126/ros2_humble/install/launch:/home/tmdals010126/ros2_humble/install/osrf_pycommon:/home/tmdals010126/ros2_humble/install/domain_coordinator:/home/tmdals010126/ros2_humble/install/ament_xmllint:/home/tmdals010126/ros2_humble/install/ament_pyflakes:/home/tmdals010126/ros2_humble/install/ament_pycodestyle:/home/tmdals010126/ros2_humble/install/ament_pep257:/home/tmdals010126/ros2_humble/install/ament_pclint:/home/tmdals010126/ros2_humble/install/ament_package:/home/tmdals010126/ros2_humble/install/ament_mypy:/home/tmdals010126/ros2_humble/install/ament_lint_cmake:/home/tmdals010126/ros2_humble/install/ament_flake8:/home/tmdals010126/ros2_humble/install/ament_copyright:/home/tmdals010126/ros2_humble/install/ament_lint:/home/tmdals010126/ros2_humble/install/ament_index_python:/home/tmdals010126/ros2_humble/install/ament_cpplint:/home/tmdals010126/ros2_humble/install/ament_cppcheck:/home/tmdals010126/ros2_humble/install/ament_clang_tidy:/home/tmdals010126/ros2_humble/install/ament_clang_format /usr/local/bin/cmake --install /home/tmdals010126/uros_ws/build/micro_ros_msgs
