gmake[1]: Entering directory '/home/tmdals010126/zephyrproject/zephyr/micro_ros_tfm/modules/libmicroros/micro_ros_src/build/rmw_microxrcedds'
-- Found ament_cmake_ros: 0.10.0 (/home/tmdals010126/zephyrproject/zephyr/micro_ros_tfm/modules/libmicroros/micro_ros_dev/install/ament_cmake_ros/share/ament_cmake_ros/cmake)
-- Found rcutils: 5.1.6 (/home/tmdals010126/zephyrproject/zephyr/micro_ros_tfm/modules/libmicroros/micro_ros_src/install/share/rcutils/cmake)
-- Found rosidl_runtime_c: 3.1.7 (/home/tmdals010126/zephyrproject/zephyr/micro_ros_tfm/modules/libmicroros/micro_ros_src/install/share/rosidl_runtime_c/cmake)
-- Found rmw: 6.1.2 (/home/tmdals010126/zephyrproject/zephyr/micro_ros_tfm/modules/libmicroros/micro_ros_src/install/share/rmw/cmake)
-- Found rosidl_typesupport_microxrcedds_c: 3.0.1 (/home/tmdals010126/zephyrproject/zephyr/micro_ros_tfm/modules/libmicroros/micro_ros_src/install/share/rosidl_typesupport_microxrcedds_c/cmake)
-- Found rosidl_adapter: 3.1.7 (/home/tmdals010126/zephyrproject/zephyr/micro_ros_tfm/modules/libmicroros/micro_ros_src/install/share/rosidl_adapter/cmake)
-- Configuring done (0.1s)
-- Generating done (0.0s)
-- Build files have been written to: /home/tmdals010126/zephyrproject/zephyr/micro_ros_tfm/modules/libmicroros/micro_ros_src/build/rmw_microxrcedds
gmake[2]: Entering directory '/home/tmdals010126/zephyrproject/zephyr/micro_ros_tfm/modules/libmicroros/micro_ros_src/build/rmw_microxrcedds'
gmake[3]: Entering directory '/home/tmdals010126/zephyrproject/zephyr/micro_ros_tfm/modules/libmicroros/micro_ros_src/build/rmw_microxrcedds'
gmake[3]: Leaving directory '/home/tmdals010126/zephyrproject/zephyr/micro_ros_tfm/modules/libmicroros/micro_ros_src/build/rmw_microxrcedds'
gmake[3]: Entering directory '/home/tmdals010126/zephyrproject/zephyr/micro_ros_tfm/modules/libmicroros/micro_ros_src/build/rmw_microxrcedds'
[  4%] Building C object CMakeFiles/rmw_microxrcedds.dir/src/identifiers.c.obj
[  4%] Building C object CMakeFiles/rmw_microxrcedds.dir/src/memory.c.obj
[  6%] Building C object CMakeFiles/rmw_microxrcedds.dir/src/rmw_client.c.obj
[  8%] Building C object CMakeFiles/rmw_microxrcedds.dir/src/rmw_compare_gids_equal.c.obj
[ 10%] Building C object CMakeFiles/rmw_microxrcedds.dir/src/rmw_count.c.obj
[ 15%] Building C object CMakeFiles/rmw_microxrcedds.dir/src/rmw_event.c.obj
[ 15%] Building C object CMakeFiles/rmw_microxrcedds.dir/src/rmw_get_implementation_identifier.c.obj
[ 19%] Building C object CMakeFiles/rmw_microxrcedds.dir/src/rmw_get_gid_for_publisher.c.obj
[ 19%] Building C object CMakeFiles/rmw_microxrcedds.dir/src/rmw_features.c.obj
[ 21%] Building C object CMakeFiles/rmw_microxrcedds.dir/src/rmw_get_topic_endpoint_info.c.obj
[ 23%] Building C object CMakeFiles/rmw_microxrcedds.dir/src/rmw_get_serialization_format.c.obj
[ 26%] Building C object CMakeFiles/rmw_microxrcedds.dir/src/rmw_get_endpoint_network_flow.c.obj
[ 28%] Building C object CMakeFiles/rmw_microxrcedds.dir/src/rmw_qos_profile_check_compatible.c.obj
[ 30%] Building C object CMakeFiles/rmw_microxrcedds.dir/src/rmw_guard_condition.c.obj
[ 34%] Building C object CMakeFiles/rmw_microxrcedds.dir/src/rmw_init.c.obj
[ 34%] Building C object CMakeFiles/rmw_microxrcedds.dir/src/rmw_logging.c.obj
[ 36%] Building C object CMakeFiles/rmw_microxrcedds.dir/src/rmw_microxrcedds_topic.c.obj
[ 41%] Building C object CMakeFiles/rmw_microxrcedds.dir/src/rmw_node_info_and_types.c.obj
[ 41%] Building C object CMakeFiles/rmw_microxrcedds.dir/src/rmw_node.c.obj
[ 43%] Building C object CMakeFiles/rmw_microxrcedds.dir/src/rmw_node_names.c.obj
[ 45%] Building C object CMakeFiles/rmw_microxrcedds.dir/src/rmw_publish.c.obj
[ 47%] Building C object CMakeFiles/rmw_microxrcedds.dir/src/rmw_publisher.c.obj
[ 52%] Building C object CMakeFiles/rmw_microxrcedds.dir/src/rmw_response.c.obj
[ 52%] Building C object CMakeFiles/rmw_microxrcedds.dir/src/rmw_request.c.obj
[ 54%] Building C object CMakeFiles/rmw_microxrcedds.dir/src/rmw_service_names_and_types.c.obj
[ 56%] Building C object CMakeFiles/rmw_microxrcedds.dir/src/rmw_service.c.obj
[ 58%] Building C object CMakeFiles/rmw_microxrcedds.dir/src/rmw_service_server_is_available.c.obj
[ 60%] Building C object CMakeFiles/rmw_microxrcedds.dir/src/rmw_serialize.c.obj
[ 67%] Building C object CMakeFiles/rmw_microxrcedds.dir/src/rmw_trigger_guard_condition.c.obj
[ 67%] Building C object CMakeFiles/rmw_microxrcedds.dir/src/rmw_subscription.c.obj
[ 67%] Building C object CMakeFiles/rmw_microxrcedds.dir/src/rmw_topic_names_and_types.c.obj
[ 69%] Building C object CMakeFiles/rmw_microxrcedds.dir/src/rmw_wait.c.obj
[ 71%] Building C object CMakeFiles/rmw_microxrcedds.dir/src/rmw_wait_set.c.obj
[ 73%] Building C object CMakeFiles/rmw_microxrcedds.dir/src/rmw_take.c.obj
[ 76%] Building C object CMakeFiles/rmw_microxrcedds.dir/src/utils.c.obj
[ 78%] Building C object CMakeFiles/rmw_microxrcedds.dir/src/types.c.obj
[ 80%] Building C object CMakeFiles/rmw_microxrcedds.dir/src/rmw_uxrce_transports.c.obj
[ 82%] Building C object CMakeFiles/rmw_microxrcedds.dir/src/rmw_event_callbacks.c.obj
[ 84%] Building C object CMakeFiles/rmw_microxrcedds.dir/src/callbacks.c.obj
[ 86%] Building C object CMakeFiles/rmw_microxrcedds.dir/src/rmw_microros/continous_serialization.c.obj
[ 91%] Building C object CMakeFiles/rmw_microxrcedds.dir/src/rmw_microros/time_sync.c.obj
[ 91%] Building C object CMakeFiles/rmw_microxrcedds.dir/src/rmw_microros/init_options.c.obj
[ 93%] Building C object CMakeFiles/rmw_microxrcedds.dir/src/rmw_microros/ping.c.obj
[ 95%] Building C object CMakeFiles/rmw_microxrcedds.dir/src/rmw_microros/timing.c.obj
[ 97%] Building C object CMakeFiles/rmw_microxrcedds.dir/src/rmw_microros/custom_transport.c.obj
[100%] Linking C static library librmw_microxrcedds.a
gmake[3]: Leaving directory '/home/tmdals010126/zephyrproject/zephyr/micro_ros_tfm/modules/libmicroros/micro_ros_src/build/rmw_microxrcedds'
[100%] Built target rmw_microxrcedds
gmake[2]: Leaving directory '/home/tmdals010126/zephyrproject/zephyr/micro_ros_tfm/modules/libmicroros/micro_ros_src/build/rmw_microxrcedds'
gmake[1]: Leaving directory '/home/tmdals010126/zephyrproject/zephyr/micro_ros_tfm/modules/libmicroros/micro_ros_src/build/rmw_microxrcedds'
-- Install configuration: "Release"
-- Up-to-date: /home/tmdals010126/zephyrproject/zephyr/micro_ros_tfm/modules/libmicroros/micro_ros_src/install/share/rmw_microxrcedds/environment/library_path.sh
-- Installing: /home/tmdals010126/zephyrproject/zephyr/micro_ros_tfm/modules/libmicroros/micro_ros_src/install/share/rmw_microxrcedds/environment/library_path.dsv
-- Up-to-date: /home/tmdals010126/zephyrproject/zephyr/micro_ros_tfm/modules/libmicroros/micro_ros_src/install/share/ament_index/resource_index/rmw_typesupport_c/rmw_microxrcedds
-- Up-to-date: /home/tmdals010126/zephyrproject/zephyr/micro_ros_tfm/modules/libmicroros/micro_ros_src/install/share/ament_index/resource_index/rmw_typesupport/rmw_microxrcedds
-- Up-to-date: /home/tmdals010126/zephyrproject/zephyr/micro_ros_tfm/modules/libmicroros/micro_ros_src/install/share/ament_index/resource_index/package_run_dependencies/rmw_microxrcedds
-- Up-to-date: /home/tmdals010126/zephyrproject/zephyr/micro_ros_tfm/modules/libmicroros/micro_ros_src/install/share/ament_index/resource_index/parent_prefix_path/rmw_microxrcedds
-- Up-to-date: /home/tmdals010126/zephyrproject/zephyr/micro_ros_tfm/modules/libmicroros/micro_ros_src/install/share/rmw_microxrcedds/environment/ament_prefix_path.sh
-- Installing: /home/tmdals010126/zephyrproject/zephyr/micro_ros_tfm/modules/libmicroros/micro_ros_src/install/share/rmw_microxrcedds/environment/ament_prefix_path.dsv
-- Up-to-date: /home/tmdals010126/zephyrproject/zephyr/micro_ros_tfm/modules/libmicroros/micro_ros_src/install/share/rmw_microxrcedds/environment/path.sh
-- Installing: /home/tmdals010126/zephyrproject/zephyr/micro_ros_tfm/modules/libmicroros/micro_ros_src/install/share/rmw_microxrcedds/environment/path.dsv
-- Up-to-date: /home/tmdals010126/zephyrproject/zephyr/micro_ros_tfm/modules/libmicroros/micro_ros_src/install/share/rmw_microxrcedds/local_setup.bash
-- Up-to-date: /home/tmdals010126/zephyrproject/zephyr/micro_ros_tfm/modules/libmicroros/micro_ros_src/install/share/rmw_microxrcedds/local_setup.sh
-- Up-to-date: /home/tmdals010126/zephyrproject/zephyr/micro_ros_tfm/modules/libmicroros/micro_ros_src/install/share/rmw_microxrcedds/local_setup.zsh
-- Installing: /home/tmdals010126/zephyrproject/zephyr/micro_ros_tfm/modules/libmicroros/micro_ros_src/install/share/rmw_microxrcedds/local_setup.dsv
-- Installing: /home/tmdals010126/zephyrproject/zephyr/micro_ros_tfm/modules/libmicroros/micro_ros_src/install/share/rmw_microxrcedds/package.dsv
-- Up-to-date: /home/tmdals010126/zephyrproject/zephyr/micro_ros_tfm/modules/libmicroros/micro_ros_src/install/share/ament_index/resource_index/packages/rmw_microxrcedds
-- Up-to-date: /home/tmdals010126/zephyrproject/zephyr/micro_ros_tfm/modules/libmicroros/micro_ros_src/install/share/rmw_microxrcedds/cmake/ament_cmake_export_include_directories-extras.cmake
-- Up-to-date: /home/tmdals010126/zephyrproject/zephyr/micro_ros_tfm/modules/libmicroros/micro_ros_src/install/share/rmw_microxrcedds/cmake/ament_cmake_export_libraries-extras.cmake
-- Up-to-date: /home/tmdals010126/zephyrproject/zephyr/micro_ros_tfm/modules/libmicroros/micro_ros_src/install/share/rmw_microxrcedds/cmake/ament_cmake_export_dependencies-extras.cmake
-- Up-to-date: /home/tmdals010126/zephyrproject/zephyr/micro_ros_tfm/modules/libmicroros/micro_ros_src/install/share/rmw_microxrcedds/cmake/rmw_microxrceddsConfig.cmake
-- Up-to-date: /home/tmdals010126/zephyrproject/zephyr/micro_ros_tfm/modules/libmicroros/micro_ros_src/install/share/rmw_microxrcedds/cmake/rmw_microxrceddsConfig-version.cmake
-- Up-to-date: /home/tmdals010126/zephyrproject/zephyr/micro_ros_tfm/modules/libmicroros/micro_ros_src/install/share/rmw_microxrcedds/package.xml
-- Up-to-date: /home/tmdals010126/zephyrproject/zephyr/micro_ros_tfm/modules/libmicroros/micro_ros_src/install/include
-- Up-to-date: /home/tmdals010126/zephyrproject/zephyr/micro_ros_tfm/modules/libmicroros/micro_ros_src/install/include/rmw_microxrcedds_c
-- Up-to-date: /home/tmdals010126/zephyrproject/zephyr/micro_ros_tfm/modules/libmicroros/micro_ros_src/install/include/rmw_microxrcedds_c/rmw_c_macros.h
-- Up-to-date: /home/tmdals010126/zephyrproject/zephyr/micro_ros_tfm/modules/libmicroros/micro_ros_src/install/include/rmw_microros
-- Up-to-date: /home/tmdals010126/zephyrproject/zephyr/micro_ros_tfm/modules/libmicroros/micro_ros_src/install/include/rmw_microros/init_options.h
-- Up-to-date: /home/tmdals010126/zephyrproject/zephyr/micro_ros_tfm/modules/libmicroros/micro_ros_src/install/include/rmw_microros/error_handling.h
-- Up-to-date: /home/tmdals010126/zephyrproject/zephyr/micro_ros_tfm/modules/libmicroros/micro_ros_src/install/include/rmw_microros/ping.h
-- Up-to-date: /home/tmdals010126/zephyrproject/zephyr/micro_ros_tfm/modules/libmicroros/micro_ros_src/install/include/rmw_microros/time_sync.h
-- Up-to-date: /home/tmdals010126/zephyrproject/zephyr/micro_ros_tfm/modules/libmicroros/micro_ros_src/install/include/rmw_microros/custom_transport.h
-- Up-to-date: /home/tmdals010126/zephyrproject/zephyr/micro_ros_tfm/modules/libmicroros/micro_ros_src/install/include/rmw_microros/rmw_microros.h
-- Up-to-date: /home/tmdals010126/zephyrproject/zephyr/micro_ros_tfm/modules/libmicroros/micro_ros_src/install/include/rmw_microros/continous_serialization.h
-- Up-to-date: /home/tmdals010126/zephyrproject/zephyr/micro_ros_tfm/modules/libmicroros/micro_ros_src/install/include/rmw_microros/timing.h
-- Up-to-date: /home/tmdals010126/zephyrproject/zephyr/micro_ros_tfm/modules/libmicroros/micro_ros_src/install/include/rmw_microros/discovery.h
-- Up-to-date: /home/tmdals010126/zephyrproject/zephyr/micro_ros_tfm/modules/libmicroros/micro_ros_src/install/include/rmw_microxrcedds_c/config.h
-- Installing: /home/tmdals010126/zephyrproject/zephyr/micro_ros_tfm/modules/libmicroros/micro_ros_src/install/lib/librmw_microxrcedds.a
