Not searching for unused variables given on the command line.
-- The C compiler identification is GNU 12.2.0
-- The CXX compiler identification is GNU 12.2.0
-- Detecting C compiler ABI info
-- Detecting C compiler ABI info - done
-- Check for working C compiler: /home/tmdals010126/zephyr-sdk-0.17.0/arm-zephyr-eabi/bin/arm-zephyr-eabi-gcc - skipped
-- Detecting C compile features
-- Detecting C compile features - done
-- Detecting CXX compiler ABI info
-- Detecting CXX compiler ABI info - done
-- Check for working CXX compiler: /home/tmdals010126/zephyr-sdk-0.17.0/arm-zephyr-eabi/bin/arm-zephyr-eabi-g++ - skipped
-- Detecting CXX compile features
-- Detecting CXX compile features - done
-- Found ament_cmake_ros: 0.10.0 (/home/tmdals010126/zephyrproject/zephyr/micro_ros_tfm/modules/libmicroros/micro_ros_dev/install/ament_cmake_ros/share/ament_cmake_ros/cmake)
-- Found Python3: /home/tmdals010126/zephyrproject/.venv/bin/python3 (found version "3.10.12") found components: Interpreter 
-- Found rcutils: 5.1.6 (/home/tmdals010126/zephyrproject/zephyr/micro_ros_tfm/modules/libmicroros/micro_ros_src/install/share/rcutils/cmake)
-- Configuring done (0.3s)
-- Generating done (0.0s)
-- Build files have been written to: /home/tmdals010126/zephyrproject/zephyr/micro_ros_tfm/modules/libmicroros/micro_ros_src/build/rcl_logging_interface
gmake[1]: Entering directory '/home/tmdals010126/zephyrproject/zephyr/micro_ros_tfm/modules/libmicroros/micro_ros_src/build/rcl_logging_interface'
gmake[2]: Entering directory '/home/tmdals010126/zephyrproject/zephyr/micro_ros_tfm/modules/libmicroros/micro_ros_src/build/rcl_logging_interface'
gmake[3]: Entering directory '/home/tmdals010126/zephyrproject/zephyr/micro_ros_tfm/modules/libmicroros/micro_ros_src/build/rcl_logging_interface'
gmake[3]: Leaving directory '/home/tmdals010126/zephyrproject/zephyr/micro_ros_tfm/modules/libmicroros/micro_ros_src/build/rcl_logging_interface'
gmake[3]: Entering directory '/home/tmdals010126/zephyrproject/zephyr/micro_ros_tfm/modules/libmicroros/micro_ros_src/build/rcl_logging_interface'
[ 50%] Building C object CMakeFiles/rcl_logging_interface.dir/src/logging_dir.c.obj
[100%] Linking C static library librcl_logging_interface.a
gmake[3]: Leaving directory '/home/tmdals010126/zephyrproject/zephyr/micro_ros_tfm/modules/libmicroros/micro_ros_src/build/rcl_logging_interface'
[100%] Built target rcl_logging_interface
gmake[2]: Leaving directory '/home/tmdals010126/zephyrproject/zephyr/micro_ros_tfm/modules/libmicroros/micro_ros_src/build/rcl_logging_interface'
gmake[1]: Leaving directory '/home/tmdals010126/zephyrproject/zephyr/micro_ros_tfm/modules/libmicroros/micro_ros_src/build/rcl_logging_interface'
-- Install configuration: "Release"
-- Installing: /home/tmdals010126/zephyrproject/zephyr/micro_ros_tfm/modules/libmicroros/micro_ros_src/install/include/rcl_logging_interface
-- Installing: /home/tmdals010126/zephyrproject/zephyr/micro_ros_tfm/modules/libmicroros/micro_ros_src/install/include/rcl_logging_interface/rcl_logging_interface
-- Installing: /home/tmdals010126/zephyrproject/zephyr/micro_ros_tfm/modules/libmicroros/micro_ros_src/install/include/rcl_logging_interface/rcl_logging_interface/rcl_logging_interface.h
-- Installing: /home/tmdals010126/zephyrproject/zephyr/micro_ros_tfm/modules/libmicroros/micro_ros_src/install/include/rcl_logging_interface/rcl_logging_interface/visibility_control.h
-- Installing: /home/tmdals010126/zephyrproject/zephyr/micro_ros_tfm/modules/libmicroros/micro_ros_src/install/lib/librcl_logging_interface.a
-- Installing: /home/tmdals010126/zephyrproject/zephyr/micro_ros_tfm/modules/libmicroros/micro_ros_src/install/share/ament_index/resource_index/package_run_dependencies/rcl_logging_interface
-- Installing: /home/tmdals010126/zephyrproject/zephyr/micro_ros_tfm/modules/libmicroros/micro_ros_src/install/share/ament_index/resource_index/parent_prefix_path/rcl_logging_interface
-- Installing: /home/tmdals010126/zephyrproject/zephyr/micro_ros_tfm/modules/libmicroros/micro_ros_src/install/share/rcl_logging_interface/environment/ament_prefix_path.sh
-- Installing: /home/tmdals010126/zephyrproject/zephyr/micro_ros_tfm/modules/libmicroros/micro_ros_src/install/share/rcl_logging_interface/environment/ament_prefix_path.dsv
-- Installing: /home/tmdals010126/zephyrproject/zephyr/micro_ros_tfm/modules/libmicroros/micro_ros_src/install/share/rcl_logging_interface/environment/path.sh
-- Installing: /home/tmdals010126/zephyrproject/zephyr/micro_ros_tfm/modules/libmicroros/micro_ros_src/install/share/rcl_logging_interface/environment/path.dsv
-- Installing: /home/tmdals010126/zephyrproject/zephyr/micro_ros_tfm/modules/libmicroros/micro_ros_src/install/share/rcl_logging_interface/local_setup.bash
-- Installing: /home/tmdals010126/zephyrproject/zephyr/micro_ros_tfm/modules/libmicroros/micro_ros_src/install/share/rcl_logging_interface/local_setup.sh
-- Installing: /home/tmdals010126/zephyrproject/zephyr/micro_ros_tfm/modules/libmicroros/micro_ros_src/install/share/rcl_logging_interface/local_setup.zsh
-- Installing: /home/tmdals010126/zephyrproject/zephyr/micro_ros_tfm/modules/libmicroros/micro_ros_src/install/share/rcl_logging_interface/local_setup.dsv
-- Installing: /home/tmdals010126/zephyrproject/zephyr/micro_ros_tfm/modules/libmicroros/micro_ros_src/install/share/rcl_logging_interface/package.dsv
-- Installing: /home/tmdals010126/zephyrproject/zephyr/micro_ros_tfm/modules/libmicroros/micro_ros_src/install/share/ament_index/resource_index/packages/rcl_logging_interface
-- Installing: /home/tmdals010126/zephyrproject/zephyr/micro_ros_tfm/modules/libmicroros/micro_ros_src/install/share/rcl_logging_interface/cmake/rcl_logging_interfaceExport.cmake
-- Installing: /home/tmdals010126/zephyrproject/zephyr/micro_ros_tfm/modules/libmicroros/micro_ros_src/install/share/rcl_logging_interface/cmake/rcl_logging_interfaceExport-release.cmake
-- Installing: /home/tmdals010126/zephyrproject/zephyr/micro_ros_tfm/modules/libmicroros/micro_ros_src/install/share/rcl_logging_interface/cmake/ament_cmake_export_include_directories-extras.cmake
-- Installing: /home/tmdals010126/zephyrproject/zephyr/micro_ros_tfm/modules/libmicroros/micro_ros_src/install/share/rcl_logging_interface/cmake/ament_cmake_export_targets-extras.cmake
-- Installing: /home/tmdals010126/zephyrproject/zephyr/micro_ros_tfm/modules/libmicroros/micro_ros_src/install/share/rcl_logging_interface/cmake/ament_cmake_export_dependencies-extras.cmake
-- Installing: /home/tmdals010126/zephyrproject/zephyr/micro_ros_tfm/modules/libmicroros/micro_ros_src/install/share/rcl_logging_interface/cmake/rcl_logging_interfaceConfig.cmake
-- Installing: /home/tmdals010126/zephyrproject/zephyr/micro_ros_tfm/modules/libmicroros/micro_ros_src/install/share/rcl_logging_interface/cmake/rcl_logging_interfaceConfig-version.cmake
-- Installing: /home/tmdals010126/zephyrproject/zephyr/micro_ros_tfm/modules/libmicroros/micro_ros_src/install/share/rcl_logging_interface/package.xml
