gmake[1]: Entering directory '/home/tmdals010126/zephyrproject/zephyr/micro_ros_tfm_base/modules/libmicroros/micro_ros_src/build/rosidl_typesupport_c'
-- Found ament_cmake_ros: 0.10.0 (/home/tmdals010126/zephyrproject/zephyr/micro_ros_tfm_base/modules/libmicroros/micro_ros_dev/install/ament_cmake_ros/share/ament_cmake_ros/cmake)
-- Found rcutils: 5.1.7 (/home/tmdals010126/zephyrproject/zephyr/micro_ros_tfm_base/modules/libmicroros/micro_ros_src/install/share/rcutils/cmake)
-- Found rosidl_runtime_c: 3.1.7 (/home/tmdals010126/zephyrproject/zephyr/micro_ros_tfm_base/modules/libmicroros/micro_ros_src/install/share/rosidl_runtime_c/cmake)
-- Configuring done (0.2s)
-- Generating done (0.0s)
-- Build files have been written to: /home/tmdals010126/zephyrproject/zephyr/micro_ros_tfm_base/modules/libmicroros/micro_ros_src/build/rosidl_typesupport_c
gmake[2]: Entering directory '/home/tmdals010126/zephyrproject/zephyr/micro_ros_tfm_base/modules/libmicroros/micro_ros_src/build/rosidl_typesupport_c'
gmake[3]: Entering directory '/home/tmdals010126/zephyrproject/zephyr/micro_ros_tfm_base/modules/libmicroros/micro_ros_src/build/rosidl_typesupport_c'
gmake[3]: Entering directory '/home/tmdals010126/zephyrproject/zephyr/micro_ros_tfm_base/modules/libmicroros/micro_ros_src/build/rosidl_typesupport_c'
gmake[3]: Entering directory '/home/tmdals010126/zephyrproject/zephyr/micro_ros_tfm_base/modules/libmicroros/micro_ros_src/build/rosidl_typesupport_c'
gmake[3]: Leaving directory '/home/tmdals010126/zephyrproject/zephyr/micro_ros_tfm_base/modules/libmicroros/micro_ros_src/build/rosidl_typesupport_c'
gmake[3]: Leaving directory '/home/tmdals010126/zephyrproject/zephyr/micro_ros_tfm_base/modules/libmicroros/micro_ros_src/build/rosidl_typesupport_c'
gmake[3]: Entering directory '/home/tmdals010126/zephyrproject/zephyr/micro_ros_tfm_base/modules/libmicroros/micro_ros_src/build/rosidl_typesupport_c'
gmake[3]: Entering directory '/home/tmdals010126/zephyrproject/zephyr/micro_ros_tfm_base/modules/libmicroros/micro_ros_src/build/rosidl_typesupport_c'
gmake[3]: Leaving directory '/home/tmdals010126/zephyrproject/zephyr/micro_ros_tfm_base/modules/libmicroros/micro_ros_src/build/rosidl_typesupport_c'
gmake[3]: Leaving directory '/home/tmdals010126/zephyrproject/zephyr/micro_ros_tfm_base/modules/libmicroros/micro_ros_src/build/rosidl_typesupport_c'
gmake[3]: Leaving directory '/home/tmdals010126/zephyrproject/zephyr/micro_ros_tfm_base/modules/libmicroros/micro_ros_src/build/rosidl_typesupport_c'
[100%] Built target rosidl_typesupport_c
[100%] Built target ament_cmake_python_copy_rosidl_typesupport_c_setup
[100%] Built target ament_cmake_python_copy_rosidl_typesupport_c
gmake[3]: Entering directory '/home/tmdals010126/zephyrproject/zephyr/micro_ros_tfm_base/modules/libmicroros/micro_ros_src/build/rosidl_typesupport_c'
gmake[3]: Leaving directory '/home/tmdals010126/zephyrproject/zephyr/micro_ros_tfm_base/modules/libmicroros/micro_ros_src/build/rosidl_typesupport_c'
gmake[3]: Entering directory '/home/tmdals010126/zephyrproject/zephyr/micro_ros_tfm_base/modules/libmicroros/micro_ros_src/build/rosidl_typesupport_c'
running egg_info
writing rosidl_typesupport_c.egg-info/PKG-INFO
writing dependency_links to rosidl_typesupport_c.egg-info/dependency_links.txt
writing entry points to rosidl_typesupport_c.egg-info/entry_points.txt
writing top-level names to rosidl_typesupport_c.egg-info/top_level.txt
reading manifest file 'rosidl_typesupport_c.egg-info/SOURCES.txt'
writing manifest file 'rosidl_typesupport_c.egg-info/SOURCES.txt'
gmake[3]: Leaving directory '/home/tmdals010126/zephyrproject/zephyr/micro_ros_tfm_base/modules/libmicroros/micro_ros_src/build/rosidl_typesupport_c'
[100%] Built target ament_cmake_python_build_rosidl_typesupport_c_egg
gmake[2]: Leaving directory '/home/tmdals010126/zephyrproject/zephyr/micro_ros_tfm_base/modules/libmicroros/micro_ros_src/build/rosidl_typesupport_c'
gmake[1]: Leaving directory '/home/tmdals010126/zephyrproject/zephyr/micro_ros_tfm_base/modules/libmicroros/micro_ros_src/build/rosidl_typesupport_c'
-- Install configuration: "Release"
-- Up-to-date: /home/tmdals010126/zephyrproject/zephyr/micro_ros_tfm_base/modules/libmicroros/micro_ros_src/install/share/rosidl_typesupport_c/environment/pythonpath.sh
-- Installing: /home/tmdals010126/zephyrproject/zephyr/micro_ros_tfm_base/modules/libmicroros/micro_ros_src/install/share/rosidl_typesupport_c/environment/pythonpath.dsv
-- Up-to-date: /home/tmdals010126/zephyrproject/zephyr/micro_ros_tfm_base/modules/libmicroros/micro_ros_src/install/lib/python3.10/site-packages/rosidl_typesupport_c-2.0.2-py3.10.egg-info
-- Installing: /home/tmdals010126/zephyrproject/zephyr/micro_ros_tfm_base/modules/libmicroros/micro_ros_src/install/lib/python3.10/site-packages/rosidl_typesupport_c-2.0.2-py3.10.egg-info/SOURCES.txt
-- Installing: /home/tmdals010126/zephyrproject/zephyr/micro_ros_tfm_base/modules/libmicroros/micro_ros_src/install/lib/python3.10/site-packages/rosidl_typesupport_c-2.0.2-py3.10.egg-info/dependency_links.txt
-- Installing: /home/tmdals010126/zephyrproject/zephyr/micro_ros_tfm_base/modules/libmicroros/micro_ros_src/install/lib/python3.10/site-packages/rosidl_typesupport_c-2.0.2-py3.10.egg-info/entry_points.txt
-- Installing: /home/tmdals010126/zephyrproject/zephyr/micro_ros_tfm_base/modules/libmicroros/micro_ros_src/install/lib/python3.10/site-packages/rosidl_typesupport_c-2.0.2-py3.10.egg-info/PKG-INFO
-- Installing: /home/tmdals010126/zephyrproject/zephyr/micro_ros_tfm_base/modules/libmicroros/micro_ros_src/install/lib/python3.10/site-packages/rosidl_typesupport_c-2.0.2-py3.10.egg-info/top_level.txt
-- Up-to-date: /home/tmdals010126/zephyrproject/zephyr/micro_ros_tfm_base/modules/libmicroros/micro_ros_src/install/lib/python3.10/site-packages/rosidl_typesupport_c
-- Up-to-date: /home/tmdals010126/zephyrproject/zephyr/micro_ros_tfm_base/modules/libmicroros/micro_ros_src/install/lib/python3.10/site-packages/rosidl_typesupport_c/cli.py
-- Up-to-date: /home/tmdals010126/zephyrproject/zephyr/micro_ros_tfm_base/modules/libmicroros/micro_ros_src/install/lib/python3.10/site-packages/rosidl_typesupport_c/__init__.py
Listing '/home/tmdals010126/zephyrproject/zephyr/micro_ros_tfm_base/modules/libmicroros/micro_ros_src/install/lib/python3.10/site-packages/rosidl_typesupport_c'...
-- Up-to-date: /home/tmdals010126/zephyrproject/zephyr/micro_ros_tfm_base/modules/libmicroros/micro_ros_src/install/share/rosidl_typesupport_c/environment/library_path.sh
-- Installing: /home/tmdals010126/zephyrproject/zephyr/micro_ros_tfm_base/modules/libmicroros/micro_ros_src/install/share/rosidl_typesupport_c/environment/library_path.dsv
-- Up-to-date: /home/tmdals010126/zephyrproject/zephyr/micro_ros_tfm_base/modules/libmicroros/micro_ros_src/install/share/ament_index/resource_index/rosidl_runtime_packages/rosidl_typesupport_c
-- Up-to-date: /home/tmdals010126/zephyrproject/zephyr/micro_ros_tfm_base/modules/libmicroros/micro_ros_src/install/share/ament_index/resource_index/package_run_dependencies/rosidl_typesupport_c
-- Up-to-date: /home/tmdals010126/zephyrproject/zephyr/micro_ros_tfm_base/modules/libmicroros/micro_ros_src/install/share/ament_index/resource_index/parent_prefix_path/rosidl_typesupport_c
-- Up-to-date: /home/tmdals010126/zephyrproject/zephyr/micro_ros_tfm_base/modules/libmicroros/micro_ros_src/install/share/rosidl_typesupport_c/environment/ament_prefix_path.sh
-- Installing: /home/tmdals010126/zephyrproject/zephyr/micro_ros_tfm_base/modules/libmicroros/micro_ros_src/install/share/rosidl_typesupport_c/environment/ament_prefix_path.dsv
-- Up-to-date: /home/tmdals010126/zephyrproject/zephyr/micro_ros_tfm_base/modules/libmicroros/micro_ros_src/install/share/rosidl_typesupport_c/environment/path.sh
-- Installing: /home/tmdals010126/zephyrproject/zephyr/micro_ros_tfm_base/modules/libmicroros/micro_ros_src/install/share/rosidl_typesupport_c/environment/path.dsv
-- Up-to-date: /home/tmdals010126/zephyrproject/zephyr/micro_ros_tfm_base/modules/libmicroros/micro_ros_src/install/share/rosidl_typesupport_c/local_setup.bash
-- Up-to-date: /home/tmdals010126/zephyrproject/zephyr/micro_ros_tfm_base/modules/libmicroros/micro_ros_src/install/share/rosidl_typesupport_c/local_setup.sh
-- Up-to-date: /home/tmdals010126/zephyrproject/zephyr/micro_ros_tfm_base/modules/libmicroros/micro_ros_src/install/share/rosidl_typesupport_c/local_setup.zsh
-- Installing: /home/tmdals010126/zephyrproject/zephyr/micro_ros_tfm_base/modules/libmicroros/micro_ros_src/install/share/rosidl_typesupport_c/local_setup.dsv
-- Installing: /home/tmdals010126/zephyrproject/zephyr/micro_ros_tfm_base/modules/libmicroros/micro_ros_src/install/share/rosidl_typesupport_c/package.dsv
-- Up-to-date: /home/tmdals010126/zephyrproject/zephyr/micro_ros_tfm_base/modules/libmicroros/micro_ros_src/install/share/ament_index/resource_index/packages/rosidl_typesupport_c
-- Up-to-date: /home/tmdals010126/zephyrproject/zephyr/micro_ros_tfm_base/modules/libmicroros/micro_ros_src/install/share/rosidl_typesupport_c/cmake/rosidl_typesupport_cExport.cmake
-- Up-to-date: /home/tmdals010126/zephyrproject/zephyr/micro_ros_tfm_base/modules/libmicroros/micro_ros_src/install/share/rosidl_typesupport_c/cmake/rosidl_typesupport_cExport-release.cmake
-- Up-to-date: /home/tmdals010126/zephyrproject/zephyr/micro_ros_tfm_base/modules/libmicroros/micro_ros_src/install/share/rosidl_typesupport_c/cmake/rosidl_typesupport_c-extras.cmake
-- Up-to-date: /home/tmdals010126/zephyrproject/zephyr/micro_ros_tfm_base/modules/libmicroros/micro_ros_src/install/share/rosidl_typesupport_c/cmake/ament_cmake_export_dependencies-extras.cmake
-- Up-to-date: /home/tmdals010126/zephyrproject/zephyr/micro_ros_tfm_base/modules/libmicroros/micro_ros_src/install/share/rosidl_typesupport_c/cmake/ament_cmake_export_include_directories-extras.cmake
-- Up-to-date: /home/tmdals010126/zephyrproject/zephyr/micro_ros_tfm_base/modules/libmicroros/micro_ros_src/install/share/rosidl_typesupport_c/cmake/ament_cmake_export_libraries-extras.cmake
-- Up-to-date: /home/tmdals010126/zephyrproject/zephyr/micro_ros_tfm_base/modules/libmicroros/micro_ros_src/install/share/rosidl_typesupport_c/cmake/ament_cmake_export_targets-extras.cmake
-- Up-to-date: /home/tmdals010126/zephyrproject/zephyr/micro_ros_tfm_base/modules/libmicroros/micro_ros_src/install/share/rosidl_typesupport_c/cmake/rosidl_typesupport_cConfig.cmake
-- Up-to-date: /home/tmdals010126/zephyrproject/zephyr/micro_ros_tfm_base/modules/libmicroros/micro_ros_src/install/share/rosidl_typesupport_c/cmake/rosidl_typesupport_cConfig-version.cmake
-- Up-to-date: /home/tmdals010126/zephyrproject/zephyr/micro_ros_tfm_base/modules/libmicroros/micro_ros_src/install/share/rosidl_typesupport_c/package.xml
-- Up-to-date: /home/tmdals010126/zephyrproject/zephyr/micro_ros_tfm_base/modules/libmicroros/micro_ros_src/install/lib/rosidl_typesupport_c/rosidl_typesupport_c
-- Up-to-date: /home/tmdals010126/zephyrproject/zephyr/micro_ros_tfm_base/modules/libmicroros/micro_ros_src/install/share/rosidl_typesupport_c/cmake
-- Up-to-date: /home/tmdals010126/zephyrproject/zephyr/micro_ros_tfm_base/modules/libmicroros/micro_ros_src/install/share/rosidl_typesupport_c/cmake/rosidl_typesupport_c_generate_interfaces.cmake
-- Up-to-date: /home/tmdals010126/zephyrproject/zephyr/micro_ros_tfm_base/modules/libmicroros/micro_ros_src/install/share/rosidl_typesupport_c/cmake/get_used_typesupports.cmake
-- Up-to-date: /home/tmdals010126/zephyrproject/zephyr/micro_ros_tfm_base/modules/libmicroros/micro_ros_src/install/share/rosidl_typesupport_c/resource
-- Up-to-date: /home/tmdals010126/zephyrproject/zephyr/micro_ros_tfm_base/modules/libmicroros/micro_ros_src/install/share/rosidl_typesupport_c/resource/srv__type_support.cpp.em
-- Up-to-date: /home/tmdals010126/zephyrproject/zephyr/micro_ros_tfm_base/modules/libmicroros/micro_ros_src/install/share/rosidl_typesupport_c/resource/action__type_support.c.em
-- Up-to-date: /home/tmdals010126/zephyrproject/zephyr/micro_ros_tfm_base/modules/libmicroros/micro_ros_src/install/share/rosidl_typesupport_c/resource/msg__type_support.cpp.em
-- Up-to-date: /home/tmdals010126/zephyrproject/zephyr/micro_ros_tfm_base/modules/libmicroros/micro_ros_src/install/share/rosidl_typesupport_c/resource/idl__type_support.cpp.em
-- Up-to-date: /home/tmdals010126/zephyrproject/zephyr/micro_ros_tfm_base/modules/libmicroros/micro_ros_src/install/include/rosidl_typesupport_c
-- Up-to-date: /home/tmdals010126/zephyrproject/zephyr/micro_ros_tfm_base/modules/libmicroros/micro_ros_src/install/include/rosidl_typesupport_c/rosidl_typesupport_c
-- Up-to-date: /home/tmdals010126/zephyrproject/zephyr/micro_ros_tfm_base/modules/libmicroros/micro_ros_src/install/include/rosidl_typesupport_c/rosidl_typesupport_c/service_type_support_dispatch.h
-- Up-to-date: /home/tmdals010126/zephyrproject/zephyr/micro_ros_tfm_base/modules/libmicroros/micro_ros_src/install/include/rosidl_typesupport_c/rosidl_typesupport_c/message_type_support_dispatch.h
-- Up-to-date: /home/tmdals010126/zephyrproject/zephyr/micro_ros_tfm_base/modules/libmicroros/micro_ros_src/install/include/rosidl_typesupport_c/rosidl_typesupport_c/identifier.h
-- Up-to-date: /home/tmdals010126/zephyrproject/zephyr/micro_ros_tfm_base/modules/libmicroros/micro_ros_src/install/include/rosidl_typesupport_c/rosidl_typesupport_c/visibility_control.h
-- Up-to-date: /home/tmdals010126/zephyrproject/zephyr/micro_ros_tfm_base/modules/libmicroros/micro_ros_src/install/include/rosidl_typesupport_c/rosidl_typesupport_c/type_support_map.h
-- Up-to-date: /home/tmdals010126/zephyrproject/zephyr/micro_ros_tfm_base/modules/libmicroros/micro_ros_src/install/lib/librosidl_typesupport_c.a
