Not searching for unused variables given on the command line.
-- The C compiler identification is GNU 12.2.0
-- Detecting C compiler ABI info
-- Detecting C compiler ABI info - done
-- Check for working C compiler: /home/tmdals010126/zephyr-sdk-0.17.0/arm-zephyr-eabi/bin/arm-zephyr-eabi-gcc - skipped
-- Detecting C compile features
-- Detecting C compile features - done
-- The CXX compiler identification is GNU 12.2.0
-- Detecting CXX compiler ABI info
-- Detecting CXX compiler ABI info - done
-- Check for working CXX compiler: /home/tmdals010126/zephyr-sdk-0.17.0/arm-zephyr-eabi/bin/arm-zephyr-eabi-g++ - skipped
-- Detecting CXX compile features
-- Detecting CXX compile features - done
-- Configuring done (0.1s)
-- Generating done (0.0s)
-- Build files have been written to: /home/tmdals010126/zephyrproject/zephyr/micro_ros_dice/modules/libmicroros/micro_ros_src/build/microcdr
gmake[1]: Entering directory '/home/tmdals010126/zephyrproject/zephyr/micro_ros_dice/modules/libmicroros/micro_ros_src/build/microcdr'
gmake[2]: Entering directory '/home/tmdals010126/zephyrproject/zephyr/micro_ros_dice/modules/libmicroros/micro_ros_src/build/microcdr'
gmake[3]: Entering directory '/home/tmdals010126/zephyrproject/zephyr/micro_ros_dice/modules/libmicroros/micro_ros_src/build/microcdr'
gmake[3]: Leaving directory '/home/tmdals010126/zephyrproject/zephyr/micro_ros_dice/modules/libmicroros/micro_ros_src/build/microcdr'
gmake[3]: Entering directory '/home/tmdals010126/zephyrproject/zephyr/micro_ros_dice/modules/libmicroros/micro_ros_src/build/microcdr'
[ 12%] Creating directories for 'ucdr'
[ 25%] No download step for 'ucdr'
[ 37%] No update step for 'ucdr'
[ 50%] No patch step for 'ucdr'
[ 62%] Performing configure step for 'ucdr'
loading initial cache file /home/tmdals010126/zephyrproject/zephyr/micro_ros_dice/modules/libmicroros/micro_ros_src/build/microcdr/ucdr-prefix/tmp/ucdr-cache-Release.cmake
-- Configuring done (0.0s)
-- Generating done (0.0s)
-- Build files have been written to: /home/tmdals010126/zephyrproject/zephyr/micro_ros_dice/modules/libmicroros/micro_ros_src/build/microcdr
[ 75%] Performing build step for 'ucdr'
gmake[4]: Entering directory '/home/tmdals010126/zephyrproject/zephyr/micro_ros_dice/modules/libmicroros/micro_ros_src/build/microcdr'
gmake[5]: Entering directory '/home/tmdals010126/zephyrproject/zephyr/micro_ros_dice/modules/libmicroros/micro_ros_src/build/microcdr'
gmake[6]: Entering directory '/home/tmdals010126/zephyrproject/zephyr/micro_ros_dice/modules/libmicroros/micro_ros_src/build/microcdr'
gmake[6]: Leaving directory '/home/tmdals010126/zephyrproject/zephyr/micro_ros_dice/modules/libmicroros/micro_ros_src/build/microcdr'
gmake[6]: Entering directory '/home/tmdals010126/zephyrproject/zephyr/micro_ros_dice/modules/libmicroros/micro_ros_src/build/microcdr'
[ 16%] Building C object CMakeFiles/microcdr.dir/src/c/common.c.obj
[ 33%] Building C object CMakeFiles/microcdr.dir/src/c/types/basic.c.obj
[ 50%] Building C object CMakeFiles/microcdr.dir/src/c/types/string.c.obj
[ 66%] Building C object CMakeFiles/microcdr.dir/src/c/types/array.c.obj
[ 83%] Building C object CMakeFiles/microcdr.dir/src/c/types/sequence.c.obj
[100%] Linking C static library libmicrocdr.a
gmake[6]: Leaving directory '/home/tmdals010126/zephyrproject/zephyr/micro_ros_dice/modules/libmicroros/micro_ros_src/build/microcdr'
[100%] Built target microcdr
gmake[5]: Leaving directory '/home/tmdals010126/zephyrproject/zephyr/micro_ros_dice/modules/libmicroros/micro_ros_src/build/microcdr'
gmake[4]: Leaving directory '/home/tmdals010126/zephyrproject/zephyr/micro_ros_dice/modules/libmicroros/micro_ros_src/build/microcdr'
No install step for 'ucdr'
Completed 'ucdr'
gmake[3]: Leaving directory '/home/tmdals010126/zephyrproject/zephyr/micro_ros_dice/modules/libmicroros/micro_ros_src/build/microcdr'
Built target ucdr
gmake[2]: Leaving directory '/home/tmdals010126/zephyrproject/zephyr/micro_ros_dice/modules/libmicroros/micro_ros_src/build/microcdr'
gmake[1]: Leaving directory '/home/tmdals010126/zephyrproject/zephyr/micro_ros_dice/modules/libmicroros/micro_ros_src/build/microcdr'
-- Install configuration: "Release"
-- Installing: /home/tmdals010126/zephyrproject/zephyr/micro_ros_dice/modules/libmicroros/micro_ros_src/install/lib/libmicrocdr.a
-- Installing: /home/tmdals010126/zephyrproject/zephyr/micro_ros_dice/modules/libmicroros/micro_ros_src/install/include/ucdr
-- Installing: /home/tmdals010126/zephyrproject/zephyr/micro_ros_dice/modules/libmicroros/micro_ros_src/install/include/ucdr/visibility.h
-- Installing: /home/tmdals010126/zephyrproject/zephyr/micro_ros_dice/modules/libmicroros/micro_ros_src/install/include/ucdr/microcdr.h
-- Installing: /home/tmdals010126/zephyrproject/zephyr/micro_ros_dice/modules/libmicroros/micro_ros_src/install/include/ucdr/config.h
-- Installing: /home/tmdals010126/zephyrproject/zephyr/micro_ros_dice/modules/libmicroros/micro_ros_src/install/share/microcdr/cmake/microcdrTargets.cmake
-- Installing: /home/tmdals010126/zephyrproject/zephyr/micro_ros_dice/modules/libmicroros/micro_ros_src/install/share/microcdr/cmake/microcdrTargets-release.cmake
-- Installing: /home/tmdals010126/zephyrproject/zephyr/micro_ros_dice/modules/libmicroros/micro_ros_src/install/share/microcdr/cmake/microcdrConfig.cmake
-- Installing: /home/tmdals010126/zephyrproject/zephyr/micro_ros_dice/modules/libmicroros/micro_ros_src/install/share/microcdr/cmake/microcdrConfigVersion.cmake
