[0.106s] Invoking command in '/home/tmdals010126/zephyrproject/zephyr/micro_ros_dice/modules/libmicroros/micro_ros_src/build/microcdr': /usr/local/bin/cmake /home/tmdals010126/zephyrproject/zephyr/micro_ros_dice/modules/libmicroros/micro_ros_src/src/micro-CDR --no-warn-unused-cli -DROSIDL_TYPESUPPORT_SKIP_CPP=ON -DCMAKE_POSITION_INDEPENDENT_CODE:BOOL=OFF -DTHIRDPARTY=ON -DBUILD_SHARED_LIBS=OFF -DBUILD_TESTING=OFF -DCMAKE_BUILD_TYPE=Release -DCMAKE_TOOLCHAIN_FILE=/home/tmdals010126/zephyrproject/zephyr/micro_ros_dice/modules/libmicroros/zephyr_toolchain.cmake -DCMAKE_VERBOSE_MAKEFILE=OFF -DUCDR_ISOLATED_INSTALL=OFF -DCMAKE_INSTALL_PREFIX=/home/tmdals010126/zephyrproject/zephyr/micro_ros_dice/modules/libmicroros/micro_ros_src/install
[0.299s] Not searching for unused variables given on the command line.
[0.299s] -- The C compiler identification is GNU 12.2.0
[0.299s] -- Detecting C compiler ABI info
[0.299s] -- Detecting C compiler ABI info - done
[0.299s] -- Check for working C compiler: /home/tmdals010126/zephyr-sdk-0.17.0/arm-zephyr-eabi/bin/arm-zephyr-eabi-gcc - skipped
[0.299s] -- Detecting C compile features
[0.299s] -- Detecting C compile features - done
[0.299s] -- The CXX compiler identification is GNU 12.2.0
[0.299s] -- Detecting CXX compiler ABI info
[0.301s] -- Detecting CXX compiler ABI info - done
[0.301s] -- Check for working CXX compiler: /home/tmdals010126/zephyr-sdk-0.17.0/arm-zephyr-eabi/bin/arm-zephyr-eabi-g++ - skipped
[0.301s] -- Detecting CXX compile features
[0.301s] -- Detecting CXX compile features - done
[0.301s] -- Configuring done (0.1s)
[0.301s] -- Generating done (0.0s)
[0.301s] -- Build files have been written to: /home/tmdals010126/zephyrproject/zephyr/micro_ros_dice/modules/libmicroros/micro_ros_src/build/microcdr
[0.303s] Invoked command in '/home/tmdals010126/zephyrproject/zephyr/micro_ros_dice/modules/libmicroros/micro_ros_src/build/microcdr' returned '0': /usr/local/bin/cmake /home/tmdals010126/zephyrproject/zephyr/micro_ros_dice/modules/libmicroros/micro_ros_src/src/micro-CDR --no-warn-unused-cli -DROSIDL_TYPESUPPORT_SKIP_CPP=ON -DCMAKE_POSITION_INDEPENDENT_CODE:BOOL=OFF -DTHIRDPARTY=ON -DBUILD_SHARED_LIBS=OFF -DBUILD_TESTING=OFF -DCMAKE_BUILD_TYPE=Release -DCMAKE_TOOLCHAIN_FILE=/home/tmdals010126/zephyrproject/zephyr/micro_ros_dice/modules/libmicroros/zephyr_toolchain.cmake -DCMAKE_VERBOSE_MAKEFILE=OFF -DUCDR_ISOLATED_INSTALL=OFF -DCMAKE_INSTALL_PREFIX=/home/tmdals010126/zephyrproject/zephyr/micro_ros_dice/modules/libmicroros/micro_ros_src/install
[0.304s] Invoking command in '/home/tmdals010126/zephyrproject/zephyr/micro_ros_dice/modules/libmicroros/micro_ros_src/build/microcdr': /usr/local/bin/cmake --build /home/tmdals010126/zephyrproject/zephyr/micro_ros_dice/modules/libmicroros/micro_ros_src/build/microcdr -- -j28 -l28
[0.307s] gmake[1]: Entering directory '/home/tmdals010126/zephyrproject/zephyr/micro_ros_dice/modules/libmicroros/micro_ros_src/build/microcdr'
[0.307s] gmake[2]: Entering directory '/home/tmdals010126/zephyrproject/zephyr/micro_ros_dice/modules/libmicroros/micro_ros_src/build/microcdr'
[0.307s] gmake[3]: Entering directory '/home/tmdals010126/zephyrproject/zephyr/micro_ros_dice/modules/libmicroros/micro_ros_src/build/microcdr'
[0.307s] gmake[3]: Leaving directory '/home/tmdals010126/zephyrproject/zephyr/micro_ros_dice/modules/libmicroros/micro_ros_src/build/microcdr'
[0.309s] gmake[3]: Entering directory '/home/tmdals010126/zephyrproject/zephyr/micro_ros_dice/modules/libmicroros/micro_ros_src/build/microcdr'
[0.309s] [ 12%] Creating directories for 'ucdr'
[0.314s] [ 25%] No download step for 'ucdr'
[0.331s] [ 37%] No update step for 'ucdr'
[0.331s] [ 50%] No patch step for 'ucdr'
[0.331s] [ 62%] Performing configure step for 'ucdr'
[0.331s] loading initial cache file /home/tmdals010126/zephyrproject/zephyr/micro_ros_dice/modules/libmicroros/micro_ros_src/build/microcdr/ucdr-prefix/tmp/ucdr-cache-Release.cmake
[0.344s] -- Configuring done (0.0s)
[0.344s] -- Generating done (0.0s)
[0.344s] -- Build files have been written to: /home/tmdals010126/zephyrproject/zephyr/micro_ros_dice/modules/libmicroros/micro_ros_src/build/microcdr
[0.344s] [ 75%] Performing build step for 'ucdr'
[0.344s] gmake[4]: Entering directory '/home/tmdals010126/zephyrproject/zephyr/micro_ros_dice/modules/libmicroros/micro_ros_src/build/microcdr'
[0.344s] gmake[5]: Entering directory '/home/tmdals010126/zephyrproject/zephyr/micro_ros_dice/modules/libmicroros/micro_ros_src/build/microcdr'
[0.344s] gmake[6]: Entering directory '/home/tmdals010126/zephyrproject/zephyr/micro_ros_dice/modules/libmicroros/micro_ros_src/build/microcdr'
[0.344s] gmake[6]: Leaving directory '/home/tmdals010126/zephyrproject/zephyr/micro_ros_dice/modules/libmicroros/micro_ros_src/build/microcdr'
[0.344s] gmake[6]: Entering directory '/home/tmdals010126/zephyrproject/zephyr/micro_ros_dice/modules/libmicroros/micro_ros_src/build/microcdr'
[0.344s] [ 16%] Building C object CMakeFiles/microcdr.dir/src/c/common.c.obj
[0.345s] [ 33%] Building C object CMakeFiles/microcdr.dir/src/c/types/basic.c.obj
[0.345s] [ 50%] Building C object CMakeFiles/microcdr.dir/src/c/types/string.c.obj
[0.345s] [ 66%] Building C object CMakeFiles/microcdr.dir/src/c/types/array.c.obj
[0.345s] [ 83%] Building C object CMakeFiles/microcdr.dir/src/c/types/sequence.c.obj
[0.347s] In file included from [01m[K/home/tmdals010126/zephyrproject/zephyr/micro_ros_dice/modules/libmicroros/micro_ros_src/src/micro-CDR/include/ucdr/microcdr.h:25[m[K,
[0.347s]                  from [01m[K/home/tmdals010126/zephyrproject/zephyr/micro_ros_dice/modules/libmicroros/micro_ros_src/src/micro-CDR/src/c/common_internal.h:22[m[K,
[0.347s]                  from [01m[K/home/tmdals010126/zephyrproject/zephyr/micro_ros_dice/modules/libmicroros/micro_ros_src/src/micro-CDR/src/c/common.c:15[m[K:
[0.347s] [01m[K/home/tmdals010126/zephyrproject/zephyr/lib/libc/newlib/include/stdint.h:28:2:[m[K [01;35m[Kwarning: [m[K#include_next is a GCC extension
[0.347s]    28 | #[01;35m[Kinclude_next[m[K <stdint.h>
[0.347s]       |  [01;35m[K^~~~~~~~~~~~[m[K
[0.347s] In file included from [01m[K/home/tmdals010126/zephyrproject/zephyr/micro_ros_dice/modules/libmicroros/micro_ros_src/src/micro-CDR/include/ucdr/microcdr.h:25[m[K,
[0.347s]                  from [01m[K/home/tmdals010126/zephyrproject/zephyr/micro_ros_dice/modules/libmicroros/micro_ros_src/src/micro-CDR/src/c/types/../common_internal.h:22[m[K,
[0.348s]                  from [01m[K/home/tmdals010126/zephyrproject/zephyr/micro_ros_dice/modules/libmicroros/micro_ros_src/src/micro-CDR/src/c/types/basic.c:15[m[K:
[0.348s] [01m[K/home/tmdals010126/zephyrproject/zephyr/lib/libc/newlib/include/stdint.h:28:2:[m[K [01;35m[Kwarning: [m[K#include_next is a GCC extension
[0.348s]    28 | #[01;35m[Kinclude_next[m[K <stdint.h>
[0.348s]       |  [01;35m[K^~~~~~~~~~~~[m[K
[0.348s] In file included from [01m[K/home/tmdals010126/zephyrproject/zephyr/micro_ros_dice/modules/libmicroros/micro_ros_src/src/micro-CDR/src/c/common.c:17[m[K:
[0.348s] [01m[K/home/tmdals010126/zephyrproject/zephyr/lib/libc/newlib/include/string.h:16:2:[m[K [01;35m[Kwarning: [m[K#include_next is a GCC extension
[0.348s]    16 | #[01;35m[Kinclude_next[m[K <string.h>
[0.348s]       |  [01;35m[K^~~~~~~~~~~~[m[K
[0.348s] In file included from [01m[K/home/tmdals010126/zephyrproject/zephyr/micro_ros_dice/modules/libmicroros/micro_ros_src/src/micro-CDR/include/ucdr/microcdr.h:25[m[K,
[0.348s]                  from [01m[K/home/tmdals010126/zephyrproject/zephyr/micro_ros_dice/modules/libmicroros/micro_ros_src/src/micro-CDR/src/c/types/string.c:16[m[K:
[0.348s] [01m[K/home/tmdals010126/zephyrproject/zephyr/lib/libc/newlib/include/stdint.h:28:2:[m[K [01;35m[Kwarning: [m[K#include_next is a GCC extension
[0.348s]    28 | #[01;35m[Kinclude_next[m[K <stdint.h>
[0.348s]       |  [01;35m[K^~~~~~~~~~~~[m[K
[0.348s] In file included from [01m[K/home/tmdals010126/zephyrproject/zephyr/micro_ros_dice/modules/libmicroros/micro_ros_src/src/micro-CDR/src/c/types/basic.c:17[m[K:
[0.348s] [01m[K/home/tmdals010126/zephyrproject/zephyr/lib/libc/newlib/include/string.h:16:2:[m[K [01;35m[Kwarning: [m[K#include_next is a GCC extension
[0.348s]    16 | #[01;35m[Kinclude_next[m[K <string.h>
[0.348s]       |  [01;35m[K^~~~~~~~~~~~[m[K
[0.349s] In file included from [01m[K/home/tmdals010126/zephyrproject/zephyr/micro_ros_dice/modules/libmicroros/micro_ros_src/src/micro-CDR/src/c/types/string.c:18[m[K:
[0.349s] [01m[K/home/tmdals010126/zephyrproject/zephyr/lib/libc/newlib/include/string.h:16:2:[m[K [01;35m[Kwarning: [m[K#include_next is a GCC extension
[0.349s]    16 | #[01;35m[Kinclude_next[m[K <string.h>
[0.349s]       |  [01;35m[K^~~~~~~~~~~~[m[K
[0.350s] In file included from [01m[K/home/tmdals010126/zephyrproject/zephyr/micro_ros_dice/modules/libmicroros/micro_ros_src/src/micro-CDR/include/ucdr/microcdr.h:25[m[K,
[0.350s]                  from [01m[K/home/tmdals010126/zephyrproject/zephyr/micro_ros_dice/modules/libmicroros/micro_ros_src/src/micro-CDR/src/c/types/../common_internal.h:22[m[K,
[0.350s]                  from [01m[K/home/tmdals010126/zephyrproject/zephyr/micro_ros_dice/modules/libmicroros/micro_ros_src/src/micro-CDR/src/c/types/array.c:15[m[K:
[0.350s] [01m[K/home/tmdals010126/zephyrproject/zephyr/lib/libc/newlib/include/stdint.h:28:2:[m[K [01;35m[Kwarning: [m[K#include_next is a GCC extension
[0.350s]    28 | #[01;35m[Kinclude_next[m[K <stdint.h>
[0.350s]       |  [01;35m[K^~~~~~~~~~~~[m[K
[0.350s] In file included from [01m[K/home/tmdals010126/zephyrproject/zephyr/micro_ros_dice/modules/libmicroros/micro_ros_src/src/micro-CDR/include/ucdr/microcdr.h:25[m[K,
[0.350s]                  from [01m[K/home/tmdals010126/zephyrproject/zephyr/micro_ros_dice/modules/libmicroros/micro_ros_src/src/micro-CDR/src/c/types/sequence.c:15[m[K:
[0.350s] [01m[K/home/tmdals010126/zephyrproject/zephyr/lib/libc/newlib/include/stdint.h:28:2:[m[K [01;35m[Kwarning: [m[K#include_next is a GCC extension
[0.350s]    28 | #[01;35m[Kinclude_next[m[K <stdint.h>
[0.350s]       |  [01;35m[K^~~~~~~~~~~~[m[K
[0.351s] In file included from [01m[K/home/tmdals010126/zephyrproject/zephyr/micro_ros_dice/modules/libmicroros/micro_ros_src/src/micro-CDR/src/c/types/array.c:17[m[K:
[0.352s] [01m[K/home/tmdals010126/zephyrproject/zephyr/lib/libc/newlib/include/string.h:16:2:[m[K [01;35m[Kwarning: [m[K#include_next is a GCC extension
[0.352s]    16 | #[01;35m[Kinclude_next[m[K <string.h>
[0.352s]       |  [01;35m[K^~~~~~~~~~~~[m[K
[0.707s] [100%] Linking C static library libmicrocdr.a
[0.713s] gmake[6]: Leaving directory '/home/tmdals010126/zephyrproject/zephyr/micro_ros_dice/modules/libmicroros/micro_ros_src/build/microcdr'
[0.714s] [100%] Built target microcdr
[0.714s] gmake[5]: Leaving directory '/home/tmdals010126/zephyrproject/zephyr/micro_ros_dice/modules/libmicroros/micro_ros_src/build/microcdr'
[0.716s] gmake[4]: Leaving directory '/home/tmdals010126/zephyrproject/zephyr/micro_ros_dice/modules/libmicroros/micro_ros_src/build/microcdr'
[0.719s] No install step for 'ucdr'
[0.723s] Completed 'ucdr'
[0.726s] gmake[3]: Leaving directory '/home/tmdals010126/zephyrproject/zephyr/micro_ros_dice/modules/libmicroros/micro_ros_src/build/microcdr'
[0.728s] Built target ucdr
[0.728s] gmake[2]: Leaving directory '/home/tmdals010126/zephyrproject/zephyr/micro_ros_dice/modules/libmicroros/micro_ros_src/build/microcdr'
[0.729s] gmake[1]: Leaving directory '/home/tmdals010126/zephyrproject/zephyr/micro_ros_dice/modules/libmicroros/micro_ros_src/build/microcdr'
[0.730s] Invoked command in '/home/tmdals010126/zephyrproject/zephyr/micro_ros_dice/modules/libmicroros/micro_ros_src/build/microcdr' returned '0': /usr/local/bin/cmake --build /home/tmdals010126/zephyrproject/zephyr/micro_ros_dice/modules/libmicroros/micro_ros_src/build/microcdr -- -j28 -l28
[0.730s] Invoking command in '/home/tmdals010126/zephyrproject/zephyr/micro_ros_dice/modules/libmicroros/micro_ros_src/build/microcdr': /usr/local/bin/cmake --install /home/tmdals010126/zephyrproject/zephyr/micro_ros_dice/modules/libmicroros/micro_ros_src/build/microcdr
[0.732s] -- Install configuration: "Release"
[0.732s] -- Installing: /home/tmdals010126/zephyrproject/zephyr/micro_ros_dice/modules/libmicroros/micro_ros_src/install/lib/libmicrocdr.a
[0.732s] -- Installing: /home/tmdals010126/zephyrproject/zephyr/micro_ros_dice/modules/libmicroros/micro_ros_src/install/include/ucdr
[0.732s] -- Installing: /home/tmdals010126/zephyrproject/zephyr/micro_ros_dice/modules/libmicroros/micro_ros_src/install/include/ucdr/visibility.h
[0.732s] -- Installing: /home/tmdals010126/zephyrproject/zephyr/micro_ros_dice/modules/libmicroros/micro_ros_src/install/include/ucdr/microcdr.h
[0.732s] -- Installing: /home/tmdals010126/zephyrproject/zephyr/micro_ros_dice/modules/libmicroros/micro_ros_src/install/include/ucdr/config.h
[0.732s] -- Installing: /home/tmdals010126/zephyrproject/zephyr/micro_ros_dice/modules/libmicroros/micro_ros_src/install/share/microcdr/cmake/microcdrTargets.cmake
[0.732s] -- Installing: /home/tmdals010126/zephyrproject/zephyr/micro_ros_dice/modules/libmicroros/micro_ros_src/install/share/microcdr/cmake/microcdrTargets-release.cmake
[0.732s] -- Installing: /home/tmdals010126/zephyrproject/zephyr/micro_ros_dice/modules/libmicroros/micro_ros_src/install/share/microcdr/cmake/microcdrConfig.cmake
[0.733s] -- Installing: /home/tmdals010126/zephyrproject/zephyr/micro_ros_dice/modules/libmicroros/micro_ros_src/install/share/microcdr/cmake/microcdrConfigVersion.cmake
[0.733s] Invoked command in '/home/tmdals010126/zephyrproject/zephyr/micro_ros_dice/modules/libmicroros/micro_ros_src/build/microcdr' returned '0': /usr/local/bin/cmake --install /home/tmdals010126/zephyrproject/zephyr/micro_ros_dice/modules/libmicroros/micro_ros_src/build/microcdr
