[0.029s] Invoking command in '/home/tmdals010126/zephyrproject/zephyr/micro_ros_tfm/modules/libmicroros/micro_ros_src/build/nav_msgs': AMENT_PREFIX_PATH=/home/tmdals010126/zephyrproject/zephyr/micro_ros_tfm/modules/libmicroros/micro_ros_src/install:${AMENT_PREFIX_PATH} CMAKE_PREFIX_PATH=/home/tmdals010126/zephyrproject/zephyr/micro_ros_tfm/modules/libmicroros/micro_ros_src/install:/home/tmdals010126/zephyrproject/zephyr/micro_ros_tfm/modules/libmicroros/micro_ros_dev/install/ament_cmake_ros:/home/tmdals010126/zephyrproject/zephyr/micro_ros_tfm/modules/libmicroros/micro_ros_dev/install/ament_cmake_auto:/home/tmdals010126/zephyrproject/zephyr/micro_ros_tfm/modules/libmicroros/micro_ros_dev/install/ament_cmake_gmock:/home/tmdals010126/zephyrproject/zephyr/micro_ros_tfm/modules/libmicroros/micro_ros_dev/install/gmock_vendor:/home/tmdals010126/zephyrproject/zephyr/micro_ros_tfm/modules/libmicroros/micro_ros_dev/install/ament_cmake_gtest:/home/tmdals010126/zephyrproject/zephyr/micro_ros_tfm/modules/libmicroros/micro_ros_dev/install/gtest_vendor:/home/tmdals010126/zephyrproject/zephyr/micro_ros_tfm/modules/libmicroros/micro_ros_dev/install/ament_lint_common:/home/tmdals010126/zephyrproject/zephyr/micro_ros_tfm/modules/libmicroros/micro_ros_dev/install/ament_cmake_xmllint:/home/tmdals010126/zephyrproject/zephyr/micro_ros_tfm/modules/libmicroros/micro_ros_dev/install/ament_cmake_uncrustify:/home/tmdals010126/zephyrproject/zephyr/micro_ros_tfm/modules/libmicroros/micro_ros_dev/install/ament_cmake_pyflakes:/home/tmdals010126/zephyrproject/zephyr/micro_ros_tfm/modules/libmicroros/micro_ros_dev/install/ament_cmake_pycodestyle:/home/tmdals010126/zephyrproject/zephyr/micro_ros_tfm/modules/libmicroros/micro_ros_dev/install/ament_cmake_pep257:/home/tmdals010126/zephyrproject/zephyr/micro_ros_tfm/modules/libmicroros/micro_ros_dev/install/ament_cmake_pclint:/home/tmdals010126/zephyrproject/zephyr/micro_ros_tfm/modules/libmicroros/micro_ros_dev/install/ament_lint_auto:/home/tmdals010126/zephyrproject/zephyr/micro_ros_tfm/modules/libmicroros/micro_ros_dev/install/ament_cmake:/home/tmdals010126/zephyrproject/zephyr/micro_ros_tfm/modules/libmicroros/micro_ros_dev/install/ament_cmake_version:/home/tmdals010126/zephyrproject/zephyr/micro_ros_tfm/modules/libmicroros/micro_ros_dev/install/ament_cmake_vendor_package:/home/tmdals010126/zephyrproject/zephyr/micro_ros_tfm/modules/libmicroros/micro_ros_dev/install/ament_cmake_pytest:/home/tmdals010126/zephyrproject/zephyr/micro_ros_tfm/modules/libmicroros/micro_ros_dev/install/ament_cmake_nose:/home/tmdals010126/zephyrproject/zephyr/micro_ros_tfm/modules/libmicroros/micro_ros_dev/install/ament_cmake_mypy:/home/tmdals010126/zephyrproject/zephyr/micro_ros_tfm/modules/libmicroros/micro_ros_dev/install/ament_cmake_lint_cmake:/home/tmdals010126/zephyrproject/zephyr/micro_ros_tfm/modules/libmicroros/micro_ros_dev/install/ament_cmake_google_benchmark:/home/tmdals010126/zephyrproject/zephyr/micro_ros_tfm/modules/libmicroros/micro_ros_dev/install/ament_cmake_flake8:/home/tmdals010126/zephyrproject/zephyr/micro_ros_tfm/modules/libmicroros/micro_ros_dev/install/ament_cmake_cpplint:/home/tmdals010126/zephyrproject/zephyr/micro_ros_tfm/modules/libmicroros/micro_ros_dev/install/ament_cmake_cppcheck:/home/tmdals010126/zephyrproject/zephyr/micro_ros_tfm/modules/libmicroros/micro_ros_dev/install/ament_cmake_copyright:/home/tmdals010126/zephyrproject/zephyr/micro_ros_tfm/modules/libmicroros/micro_ros_dev/install/ament_cmake_clang_tidy:/home/tmdals010126/zephyrproject/zephyr/micro_ros_tfm/modules/libmicroros/micro_ros_dev/install/ament_cmake_clang_format:/home/tmdals010126/zephyrproject/zephyr/micro_ros_tfm/modules/libmicroros/micro_ros_dev/install/ament_cmake_test:/home/tmdals010126/zephyrproject/zephyr/micro_ros_tfm/modules/libmicroros/micro_ros_dev/install/ament_cmake_target_dependencies:/home/tmdals010126/zephyrproject/zephyr/micro_ros_tfm/modules/libmicroros/micro_ros_dev/install/ament_cmake_python:/home/tmdals010126/zephyrproject/zephyr/micro_ros_tfm/modules/libmicroros/micro_ros_dev/install/ament_cmake_export_dependencies:/home/tmdals010126/zephyrproject/zephyr/micro_ros_tfm/modules/libmicroros/micro_ros_dev/install/ament_cmake_libraries:/home/tmdals010126/zephyrproject/zephyr/micro_ros_tfm/modules/libmicroros/micro_ros_dev/install/ament_cmake_include_directories:/home/tmdals010126/zephyrproject/zephyr/micro_ros_tfm/modules/libmicroros/micro_ros_dev/install/ament_cmake_gen_version_h:/home/tmdals010126/zephyrproject/zephyr/micro_ros_tfm/modules/libmicroros/micro_ros_dev/install/ament_cmake_export_targets:/home/tmdals010126/zephyrproject/zephyr/micro_ros_tfm/modules/libmicroros/micro_ros_dev/install/ament_cmake_export_link_flags:/home/tmdals010126/zephyrproject/zephyr/micro_ros_tfm/modules/libmicroros/micro_ros_dev/install/ament_cmake_export_interfaces:/home/tmdals010126/zephyrproject/zephyr/micro_ros_tfm/modules/libmicroros/micro_ros_dev/install/ament_cmake_export_libraries:/home/tmdals010126/zephyrproject/zephyr/micro_ros_tfm/modules/libmicroros/micro_ros_dev/install/ament_cmake_export_include_directories:/home/tmdals010126/zephyrproject/zephyr/micro_ros_tfm/modules/libmicroros/micro_ros_dev/install/ament_cmake_export_definitions:/home/tmdals010126/zephyrproject/zephyr/micro_ros_tfm/modules/libmicroros/micro_ros_dev/install/ament_cmake_core:/home/tmdals010126/zephyrproject/zephyr/micro_ros_tfm/modules/libmicroros/micro_ros_dev/install/ament_index_cpp:/home/tmdals010126/zephyrproject/zephyr/micro_ros_tfm/modules/libmicroros/micro_ros_dev/install/domain_coordinator:/home/tmdals010126/zephyrproject/zephyr/micro_ros_tfm/modules/libmicroros/micro_ros_dev/install/ament_xmllint:/home/tmdals010126/zephyrproject/zephyr/micro_ros_tfm/modules/libmicroros/micro_ros_dev/install/ament_uncrustify:/home/tmdals010126/zephyrproject/zephyr/micro_ros_tfm/modules/libmicroros/micro_ros_dev/install/ament_pyflakes:/home/tmdals010126/zephyrproject/zephyr/micro_ros_tfm/modules/libmicroros/micro_ros_dev/install/ament_pycodestyle:/home/tmdals010126/zephyrproject/zephyr/micro_ros_tfm/modules/libmicroros/micro_ros_dev/install/ament_pep257:/home/tmdals010126/zephyrproject/zephyr/micro_ros_tfm/modules/libmicroros/micro_ros_dev/install/ament_pclint:/home/tmdals010126/zephyrproject/zephyr/micro_ros_tfm/modules/libmicroros/micro_ros_dev/install/ament_package:/home/tmdals010126/zephyrproject/zephyr/micro_ros_tfm/modules/libmicroros/micro_ros_dev/install/ament_mypy:/home/tmdals010126/zephyrproject/zephyr/micro_ros_tfm/modules/libmicroros/micro_ros_dev/install/ament_lint_cmake:/home/tmdals010126/zephyrproject/zephyr/micro_ros_tfm/modules/libmicroros/micro_ros_dev/install/ament_flake8:/home/tmdals010126/zephyrproject/zephyr/micro_ros_tfm/modules/libmicroros/micro_ros_dev/install/ament_copyright:/home/tmdals010126/zephyrproject/zephyr/micro_ros_tfm/modules/libmicroros/micro_ros_dev/install/ament_lint:/home/tmdals010126/zephyrproject/zephyr/micro_ros_tfm/modules/libmicroros/micro_ros_dev/install/ament_index_python:/home/tmdals010126/zephyrproject/zephyr/micro_ros_tfm/modules/libmicroros/micro_ros_dev/install/ament_cpplint:/home/tmdals010126/zephyrproject/zephyr/micro_ros_tfm/modules/libmicroros/micro_ros_dev/install/ament_cppcheck:/home/tmdals010126/zephyrproject/zephyr/micro_ros_tfm/modules/libmicroros/micro_ros_dev/install/ament_clang_tidy:/home/tmdals010126/zephyrproject/zephyr/micro_ros_tfm/modules/libmicroros/micro_ros_dev/install/ament_clang_format LD_LIBRARY_PATH=/home/tmdals010126/zephyrproject/zephyr/micro_ros_tfm/modules/libmicroros/micro_ros_src/install/lib:${LD_LIBRARY_PATH} PATH=/home/tmdals010126/zephyrproject/zephyr/micro_ros_tfm/modules/libmicroros/micro_ros_src/install/bin:${PATH} PYTHONPATH=/home/tmdals010126/zephyrproject/zephyr/micro_ros_tfm/modules/libmicroros/micro_ros_src/install/lib/python3.10/site-packages:${PYTHONPATH} /usr/local/bin/cmake --build /home/tmdals010126/zephyrproject/zephyr/micro_ros_tfm/modules/libmicroros/micro_ros_src/build/nav_msgs -- -j28 -l28
[0.031s] gmake[1]: Entering directory '/home/tmdals010126/zephyrproject/zephyr/micro_ros_tfm/modules/libmicroros/micro_ros_src/build/nav_msgs'
[0.036s] -- Found ament_cmake: 1.3.12 (/home/tmdals010126/zephyrproject/zephyr/micro_ros_tfm/modules/libmicroros/micro_ros_dev/install/ament_cmake/share/ament_cmake/cmake)
[0.106s] -- Found builtin_interfaces: 1.2.2 (/home/tmdals010126/zephyrproject/zephyr/micro_ros_tfm/modules/libmicroros/micro_ros_src/install/share/builtin_interfaces/cmake)
[0.113s] -- Using all available rosidl_typesupport_c: rosidl_typesupport_introspection_c;rosidl_typesupport_microxrcedds_c
[0.115s] -- Found rosidl_adapter: 3.1.7 (/home/tmdals010126/zephyrproject/zephyr/micro_ros_tfm/modules/libmicroros/micro_ros_src/install/share/rosidl_adapter/cmake)
[0.127s] -- Found geometry_msgs: 4.9.0 (/home/tmdals010126/zephyrproject/zephyr/micro_ros_tfm/modules/libmicroros/micro_ros_src/install/share/geometry_msgs/cmake)
[0.134s] -- Found rosidl_default_generators: 1.2.0 (/home/tmdals010126/zephyrproject/zephyr/micro_ros_tfm/modules/libmicroros/micro_ros_src/install/share/rosidl_default_generators/cmake)
[0.407s] -- Found ament_cmake_ros: 0.10.0 (/home/tmdals010126/zephyrproject/zephyr/micro_ros_tfm/modules/libmicroros/micro_ros_dev/install/ament_cmake_ros/share/ament_cmake_ros/cmake)
[0.509s] -- Using all available rosidl_typesupport_c: rosidl_typesupport_introspection_c;rosidl_typesupport_microxrcedds_c
[0.514s] -- Configuring done (0.5s)
[0.533s] -- Generating done (0.0s)
[0.537s] -- Build files have been written to: /home/tmdals010126/zephyrproject/zephyr/micro_ros_tfm/modules/libmicroros/micro_ros_src/build/nav_msgs
[0.544s] gmake[2]: Entering directory '/home/tmdals010126/zephyrproject/zephyr/micro_ros_tfm/modules/libmicroros/micro_ros_src/build/nav_msgs'
[0.544s] gmake[3]: Entering directory '/home/tmdals010126/zephyrproject/zephyr/micro_ros_tfm/modules/libmicroros/micro_ros_src/build/nav_msgs'
[0.548s] gmake[3]: Leaving directory '/home/tmdals010126/zephyrproject/zephyr/micro_ros_tfm/modules/libmicroros/micro_ros_src/build/nav_msgs'
[0.549s] gmake[3]: Entering directory '/home/tmdals010126/zephyrproject/zephyr/micro_ros_tfm/modules/libmicroros/micro_ros_src/build/nav_msgs'
[0.551s] [  2%] Building C object CMakeFiles/nav_msgs__rosidl_generator_c.dir/rosidl_generator_c/nav_msgs/msg/detail/goals__functions.c.obj
[0.552s] [ 10%] Building C object CMakeFiles/nav_msgs__rosidl_generator_c.dir/rosidl_generator_c/nav_msgs/msg/detail/map_meta_data__functions.c.obj
[0.552s] [ 10%] Building C object CMakeFiles/nav_msgs__rosidl_generator_c.dir/rosidl_generator_c/nav_msgs/msg/detail/grid_cells__functions.c.obj
[0.553s] [ 10%] Building C object CMakeFiles/nav_msgs__rosidl_generator_c.dir/rosidl_generator_c/nav_msgs/msg/detail/odometry__functions.c.obj
[0.553s] [ 10%] Building C object CMakeFiles/nav_msgs__rosidl_generator_c.dir/rosidl_generator_c/nav_msgs/msg/detail/occupancy_grid__functions.c.obj
[0.553s] [ 12%] Building C object CMakeFiles/nav_msgs__rosidl_generator_c.dir/rosidl_generator_c/nav_msgs/msg/detail/path__functions.c.obj
[0.553s] [ 14%] Building C object CMakeFiles/nav_msgs__rosidl_generator_c.dir/rosidl_generator_c/nav_msgs/srv/detail/get_map__functions.c.obj
[0.553s] [ 16%] Building C object CMakeFiles/nav_msgs__rosidl_generator_c.dir/rosidl_generator_c/nav_msgs/srv/detail/get_plan__functions.c.obj
[0.553s] [ 18%] Building C object CMakeFiles/nav_msgs__rosidl_generator_c.dir/rosidl_generator_c/nav_msgs/srv/detail/set_map__functions.c.obj
[0.553s] [ 20%] Building C object CMakeFiles/nav_msgs__rosidl_generator_c.dir/rosidl_generator_c/nav_msgs/srv/detail/load_map__functions.c.obj
[0.712s] [ 22%] Linking C static library libnav_msgs__rosidl_generator_c.a
[0.723s] gmake[3]: Leaving directory '/home/tmdals010126/zephyrproject/zephyr/micro_ros_tfm/modules/libmicroros/micro_ros_src/build/nav_msgs'
[0.730s] [ 25%] Built target nav_msgs__rosidl_generator_c
[0.751s] gmake[3]: Entering directory '/home/tmdals010126/zephyrproject/zephyr/micro_ros_tfm/modules/libmicroros/micro_ros_src/build/nav_msgs'
[0.751s] gmake[3]: Entering directory '/home/tmdals010126/zephyrproject/zephyr/micro_ros_tfm/modules/libmicroros/micro_ros_src/build/nav_msgs'
[0.751s] gmake[3]: Entering directory '/home/tmdals010126/zephyrproject/zephyr/micro_ros_tfm/modules/libmicroros/micro_ros_src/build/nav_msgs'
[0.751s] gmake[3]: Leaving directory '/home/tmdals010126/zephyrproject/zephyr/micro_ros_tfm/modules/libmicroros/micro_ros_src/build/nav_msgs'
[0.751s] gmake[3]: Leaving directory '/home/tmdals010126/zephyrproject/zephyr/micro_ros_tfm/modules/libmicroros/micro_ros_src/build/nav_msgs'
[0.751s] gmake[3]: Leaving directory '/home/tmdals010126/zephyrproject/zephyr/micro_ros_tfm/modules/libmicroros/micro_ros_src/build/nav_msgs'
[0.751s] gmake[3]: Entering directory '/home/tmdals010126/zephyrproject/zephyr/micro_ros_tfm/modules/libmicroros/micro_ros_src/build/nav_msgs'
[0.751s] gmake[3]: Entering directory '/home/tmdals010126/zephyrproject/zephyr/micro_ros_tfm/modules/libmicroros/micro_ros_src/build/nav_msgs'
[0.751s] gmake[3]: Entering directory '/home/tmdals010126/zephyrproject/zephyr/micro_ros_tfm/modules/libmicroros/micro_ros_src/build/nav_msgs'
[0.751s] [ 27%] Building CXX object CMakeFiles/nav_msgs__rosidl_typesupport_c.dir/rosidl_typesupport_c/nav_msgs/msg/goals__type_support.cpp.obj
[0.752s] [ 29%] Building CXX object CMakeFiles/nav_msgs__rosidl_typesupport_c.dir/rosidl_typesupport_c/nav_msgs/msg/map_meta_data__type_support.cpp.obj
[0.752s] [ 31%] Building CXX object CMakeFiles/nav_msgs__rosidl_typesupport_c.dir/rosidl_typesupport_c/nav_msgs/msg/grid_cells__type_support.cpp.obj
[0.752s] [ 35%] Building C object CMakeFiles/nav_msgs__rosidl_typesupport_microxrcedds_c.dir/rosidl_typesupport_microxrcedds_c/nav_msgs/msg/detail/microxrcedds/goals__type_support_c.c.obj
[0.752s] [ 35%] Building C object CMakeFiles/nav_msgs__rosidl_typesupport_microxrcedds_c.dir/rosidl_typesupport_microxrcedds_c/nav_msgs/msg/detail/microxrcedds/grid_cells__type_support_c.c.obj
[0.752s] [ 37%] Building C object CMakeFiles/nav_msgs__rosidl_typesupport_microxrcedds_c.dir/rosidl_typesupport_microxrcedds_c/nav_msgs/msg/detail/microxrcedds/map_meta_data__type_support_c.c.obj
[0.752s] [ 39%] Building C object CMakeFiles/nav_msgs__rosidl_typesupport_microxrcedds_c.dir/rosidl_typesupport_microxrcedds_c/nav_msgs/msg/detail/microxrcedds/odometry__type_support_c.c.obj
[0.752s] [ 41%] Building C object CMakeFiles/nav_msgs__rosidl_typesupport_microxrcedds_c.dir/rosidl_typesupport_microxrcedds_c/nav_msgs/msg/detail/microxrcedds/path__type_support_c.c.obj
[0.752s] [ 43%] Building C object CMakeFiles/nav_msgs__rosidl_typesupport_microxrcedds_c.dir/rosidl_typesupport_microxrcedds_c/nav_msgs/msg/detail/microxrcedds/occupancy_grid__type_support_c.c.obj
[0.752s] [ 45%] Building C object CMakeFiles/nav_msgs__rosidl_typesupport_microxrcedds_c.dir/rosidl_typesupport_microxrcedds_c/nav_msgs/srv/detail/microxrcedds/get_plan__type_support_c.c.obj
[0.752s] [ 47%] Building C object CMakeFiles/nav_msgs__rosidl_typesupport_microxrcedds_c.dir/rosidl_typesupport_microxrcedds_c/nav_msgs/srv/detail/microxrcedds/get_map__type_support_c.c.obj
[0.752s] [ 50%] Building C object CMakeFiles/nav_msgs__rosidl_typesupport_microxrcedds_c.dir/rosidl_typesupport_microxrcedds_c/nav_msgs/srv/detail/microxrcedds/load_map__type_support_c.c.obj
[0.752s] [ 52%] Building C object CMakeFiles/nav_msgs__rosidl_typesupport_introspection_c.dir/rosidl_typesupport_introspection_c/nav_msgs/msg/detail/goals__type_support.c.obj
[0.752s] In file included from [01m[K/home/tmdals010126/zephyrproject/zephyr/micro_ros_tfm/modules/libmicroros/micro_ros_src/build/nav_msgs/rosidl_typesupport_microxrcedds_c/nav_msgs/msg/detail/goals__rosidl_typesupport_microxrcedds_c.h:10[m[K,
[0.752s]                  from [01m[K/home/tmdals010126/zephyrproject/zephyr/micro_ros_tfm/modules/libmicroros/micro_ros_src/build/nav_msgs/rosidl_typesupport_microxrcedds_c/nav_msgs/msg/detail/microxrcedds/goals__type_support_c.c:4[m[K:
[0.752s] [01m[K/home/tmdals010126/zephyrproject/zephyr/lib/libc/newlib/include/stdint.h:28:2:[m[K [01;35m[Kwarning: [m[K#include_next is a GCC extension
[0.752s]    28 | #[01;35m[Kinclude_next[m[K <stdint.h>
[0.752s]       |  [01;35m[K^~~~~~~~~~~~[m[K
[0.752s] In file included from [01m[K/home/tmdals010126/zephyrproject/zephyr/micro_ros_tfm/modules/libmicroros/micro_ros_src/build/nav_msgs/rosidl_typesupport_microxrcedds_c/nav_msgs/msg/detail/grid_cells__rosidl_typesupport_microxrcedds_c.h:10[m[K,
[0.752s]                  from [01m[K/home/tmdals010126/zephyrproject/zephyr/micro_ros_tfm/modules/libmicroros/micro_ros_src/build/nav_msgs/rosidl_typesupport_microxrcedds_c/nav_msgs/msg/detail/microxrcedds/grid_cells__type_support_c.c:4[m[K:
[0.752s] [01m[K/home/tmdals010126/zephyrproject/zephyr/lib/libc/newlib/include/stdint.h:28:2:[m[K [01;35m[Kwarning: [m[K#include_next is a GCC extension
[0.752s]    28 | #[01;35m[Kinclude_next[m[K <stdint.h>
[0.752s]       |  [01;35m[K^~~~~~~~~~~~[m[K
[0.769s] In file included from [01m[K/home/tmdals010126/zephyrproject/zephyr/micro_ros_tfm/modules/libmicroros/micro_ros_src/build/nav_msgs/rosidl_typesupport_microxrcedds_c/nav_msgs/msg/detail/microxrcedds/grid_cells__type_support_c.c:9[m[K:
[0.769s] [01m[K/home/tmdals010126/zephyrproject/zephyr/lib/libc/newlib/include/string.h:16:2:[m[K [01;35m[Kwarning: [m[K#include_next is a GCC extension
[0.769s]    16 | #[01;35m[Kinclude_next[m[K <string.h>
[0.769s]       |  [01;35m[K^~~~~~~~~~~~[m[K
[0.769s] In file included from [01m[K/home/tmdals010126/zephyrproject/zephyr/micro_ros_tfm/modules/libmicroros/micro_ros_src/build/nav_msgs/rosidl_typesupport_microxrcedds_c/nav_msgs/msg/detail/microxrcedds/goals__type_support_c.c:9[m[K:
[0.769s] [01m[K/home/tmdals010126/zephyrproject/zephyr/lib/libc/newlib/include/string.h:16:2:[m[K [01;35m[Kwarning: [m[K#include_next is a GCC extension
[0.769s]    16 | #[01;35m[Kinclude_next[m[K <string.h>
[0.769s]       |  [01;35m[K^~~~~~~~~~~~[m[K
[0.769s] [ 54%] Building CXX object CMakeFiles/nav_msgs__rosidl_typesupport_c.dir/rosidl_typesupport_c/nav_msgs/msg/occupancy_grid__type_support.cpp.obj
[0.795s] In file included from [01m[K/home/tmdals010126/zephyrproject/zephyr/micro_ros_tfm/modules/libmicroros/micro_ros_src/build/nav_msgs/rosidl_typesupport_microxrcedds_c/nav_msgs/msg/detail/map_meta_data__rosidl_typesupport_microxrcedds_c.h:10[m[K,
[0.796s]                  from [01m[K/home/tmdals010126/zephyrproject/zephyr/micro_ros_tfm/modules/libmicroros/micro_ros_src/build/nav_msgs/rosidl_typesupport_microxrcedds_c/nav_msgs/msg/detail/microxrcedds/map_meta_data__type_support_c.c:4[m[K:
[0.796s] [01m[K/home/tmdals010126/zephyrproject/zephyr/lib/libc/newlib/include/stdint.h:28:2:[m[K [01;35m[Kwarning: [m[K#include_next is a GCC extension
[0.796s]    28 | #[01;35m[Kinclude_next[m[K <stdint.h>
[0.796s]       |  [01;35m[K^~~~~~~~~~~~[m[K
[0.796s] In file included from [01m[K/home/tmdals010126/zephyrproject/zephyr/micro_ros_tfm/modules/libmicroros/micro_ros_src/build/nav_msgs/rosidl_typesupport_microxrcedds_c/nav_msgs/msg/detail/odometry__rosidl_typesupport_microxrcedds_c.h:10[m[K,
[0.796s]                  from [01m[K/home/tmdals010126/zephyrproject/zephyr/micro_ros_tfm/modules/libmicroros/micro_ros_src/build/nav_msgs/rosidl_typesupport_microxrcedds_c/nav_msgs/msg/detail/microxrcedds/odometry__type_support_c.c:4[m[K:
[0.796s] [01m[K/home/tmdals010126/zephyrproject/zephyr/lib/libc/newlib/include/stdint.h:28:2:[m[K [01;35m[Kwarning: [m[K#include_next is a GCC extension
[0.796s]    28 | #[01;35m[Kinclude_next[m[K <stdint.h>
[0.796s]       |  [01;35m[K^~~~~~~~~~~~[m[K
[0.796s] In file included from [01m[K/home/tmdals010126/zephyrproject/zephyr/micro_ros_tfm/modules/libmicroros/micro_ros_src/build/nav_msgs/rosidl_typesupport_microxrcedds_c/nav_msgs/srv/detail/get_map__rosidl_typesupport_microxrcedds_c.h:10[m[K,
[0.796s]                  from [01m[K/home/tmdals010126/zephyrproject/zephyr/micro_ros_tfm/modules/libmicroros/micro_ros_src/build/nav_msgs/rosidl_typesupport_microxrcedds_c/nav_msgs/srv/detail/microxrcedds/get_map__type_support_c.c:4[m[K:
[0.796s] [01m[K/home/tmdals010126/zephyrproject/zephyr/lib/libc/newlib/include/stdint.h:28:2:[m[K [01;35m[Kwarning: [m[K#include_next is a GCC extension
[0.796s]    28 | #[01;35m[Kinclude_next[m[K <stdint.h>
[0.796s]       |  [01;35m[K^~~~~~~~~~~~[m[K
[0.796s] In file included from [01m[K/home/tmdals010126/zephyrproject/zephyr/micro_ros_tfm/modules/libmicroros/micro_ros_src/build/nav_msgs/rosidl_typesupport_microxrcedds_c/nav_msgs/msg/detail/microxrcedds/odometry__type_support_c.c:9[m[K:
[0.796s] [01m[K/home/tmdals010126/zephyrproject/zephyr/lib/libc/newlib/include/string.h:16:2:[m[K [01;35m[Kwarning: [m[K#include_next is a GCC extension
[0.796s]    16 | #[01;35m[Kinclude_next[m[K <string.h>
[0.796s]       |  [01;35m[K^~~~~~~~~~~~[m[K
[0.796s] In file included from [01m[K/home/tmdals010126/zephyrproject/zephyr/micro_ros_tfm/modules/libmicroros/micro_ros_src/build/nav_msgs/rosidl_typesupport_microxrcedds_c/nav_msgs/msg/detail/microxrcedds/map_meta_data__type_support_c.c:9[m[K:
[0.796s] [01m[K/home/tmdals010126/zephyrproject/zephyr/lib/libc/newlib/include/string.h:16:2:[m[K [01;35m[Kwarning: [m[K#include_next is a GCC extension
[0.796s]    16 | #[01;35m[Kinclude_next[m[K <string.h>
[0.796s]       |  [01;35m[K^~~~~~~~~~~~[m[K
[0.796s] In file included from [01m[K/home/tmdals010126/zephyrproject/zephyr/micro_ros_tfm/modules/libmicroros/micro_ros_src/build/nav_msgs/rosidl_typesupport_microxrcedds_c/nav_msgs/srv/detail/microxrcedds/get_map__type_support_c.c:9[m[K:
[0.796s] [01m[K/home/tmdals010126/zephyrproject/zephyr/lib/libc/newlib/include/string.h:16:2:[m[K [01;35m[Kwarning: [m[K#include_next is a GCC extension
[0.796s]    16 | #[01;35m[Kinclude_next[m[K <string.h>
[0.796s]       |  [01;35m[K^~~~~~~~~~~~[m[K
[0.796s] In file included from [01m[K/home/tmdals010126/zephyrproject/zephyr/micro_ros_tfm/modules/libmicroros/micro_ros_src/build/nav_msgs/rosidl_typesupport_microxrcedds_c/nav_msgs/msg/detail/path__rosidl_typesupport_microxrcedds_c.h:10[m[K,
[0.796s]                  from [01m[K/home/tmdals010126/zephyrproject/zephyr/micro_ros_tfm/modules/libmicroros/micro_ros_src/build/nav_msgs/rosidl_typesupport_microxrcedds_c/nav_msgs/msg/detail/microxrcedds/path__type_support_c.c:4[m[K:
[0.796s] [01m[K/home/tmdals010126/zephyrproject/zephyr/lib/libc/newlib/include/stdint.h:28:2:[m[K [01;35m[Kwarning: [m[K#include_next is a GCC extension
[0.796s]    28 | #[01;35m[Kinclude_next[m[K <stdint.h>
[0.797s]       |  [01;35m[K^~~~~~~~~~~~[m[K
[0.797s] In file included from [01m[K/home/tmdals010126/zephyrproject/zephyr/micro_ros_tfm/modules/libmicroros/micro_ros_src/build/nav_msgs/rosidl_typesupport_microxrcedds_c/nav_msgs/srv/detail/get_plan__rosidl_typesupport_microxrcedds_c.h:10[m[K,
[0.797s]                  from [01m[K/home/tmdals010126/zephyrproject/zephyr/micro_ros_tfm/modules/libmicroros/micro_ros_src/build/nav_msgs/rosidl_typesupport_microxrcedds_c/nav_msgs/srv/detail/microxrcedds/get_plan__type_support_c.c:4[m[K:
[0.797s] [01m[K/home/tmdals010126/zephyrproject/zephyr/lib/libc/newlib/include/stdint.h:28:2:[m[K [01;35m[Kwarning: [m[K#include_next is a GCC extension
[0.797s]    28 | #[01;35m[Kinclude_next[m[K <stdint.h>
[0.797s]       |  [01;35m[K^~~~~~~~~~~~[m[K
[0.797s] In file included from [01m[K/home/tmdals010126/zephyrproject/zephyr/micro_ros_tfm/modules/libmicroros/micro_ros_src/build/nav_msgs/rosidl_typesupport_microxrcedds_c/nav_msgs/msg/detail/microxrcedds/path__type_support_c.c:9[m[K:
[0.797s] [01m[K/home/tmdals010126/zephyrproject/zephyr/lib/libc/newlib/include/string.h:16:2:[m[K [01;35m[Kwarning: [m[K#include_next is a GCC extension
[0.797s]    16 | #[01;35m[Kinclude_next[m[K <string.h>
[0.797s]       |  [01;35m[K^~~~~~~~~~~~[m[K
[0.797s] In file included from [01m[K/home/tmdals010126/zephyrproject/zephyr/micro_ros_tfm/modules/libmicroros/micro_ros_src/build/nav_msgs/rosidl_typesupport_microxrcedds_c/nav_msgs/msg/detail/occupancy_grid__rosidl_typesupport_microxrcedds_c.h:10[m[K,
[0.797s]                  from [01m[K/home/tmdals010126/zephyrproject/zephyr/micro_ros_tfm/modules/libmicroros/micro_ros_src/build/nav_msgs/rosidl_typesupport_microxrcedds_c/nav_msgs/msg/detail/microxrcedds/occupancy_grid__type_support_c.c:4[m[K:
[0.797s] [01m[K/home/tmdals010126/zephyrproject/zephyr/lib/libc/newlib/include/stdint.h:28:2:[m[K [01;35m[Kwarning: [m[K#include_next is a GCC extension
[0.797s]    28 | #[01;35m[Kinclude_next[m[K <stdint.h>
[0.797s]       |  [01;35m[K^~~~~~~~~~~~[m[K
[0.797s] In file included from [01m[K/home/tmdals010126/zephyrproject/zephyr/micro_ros_tfm/modules/libmicroros/micro_ros_src/build/nav_msgs/rosidl_typesupport_microxrcedds_c/nav_msgs/srv/detail/microxrcedds/get_plan__type_support_c.c:9[m[K:
[0.797s] [01m[K/home/tmdals010126/zephyrproject/zephyr/lib/libc/newlib/include/string.h:16:2:[m[K [01;35m[Kwarning: [m[K#include_next is a GCC extension
[0.797s]    16 | #[01;35m[Kinclude_next[m[K <string.h>
[0.797s]       |  [01;35m[K^~~~~~~~~~~~[m[K
[0.797s] [ 56%] Building C object CMakeFiles/nav_msgs__rosidl_typesupport_introspection_c.dir/rosidl_typesupport_introspection_c/nav_msgs/msg/detail/map_meta_data__type_support.c.obj
[0.797s] [ 60%] Building CXX object CMakeFiles/nav_msgs__rosidl_typesupport_c.dir/rosidl_typesupport_c/nav_msgs/msg/odometry__type_support.cpp.obj
[0.797s] [ 60%] Building C object CMakeFiles/nav_msgs__rosidl_typesupport_introspection_c.dir/rosidl_typesupport_introspection_c/nav_msgs/msg/detail/grid_cells__type_support.c.obj
[0.797s] [ 62%] Building CXX object CMakeFiles/nav_msgs__rosidl_typesupport_c.dir/rosidl_typesupport_c/nav_msgs/msg/path__type_support.cpp.obj
[0.797s] [ 64%] Building CXX object CMakeFiles/nav_msgs__rosidl_typesupport_c.dir/rosidl_typesupport_c/nav_msgs/srv/get_map__type_support.cpp.obj
[0.797s] [ 66%] Building C object CMakeFiles/nav_msgs__rosidl_typesupport_introspection_c.dir/rosidl_typesupport_introspection_c/nav_msgs/msg/detail/occupancy_grid__type_support.c.obj
[0.797s] [ 68%] Building CXX object CMakeFiles/nav_msgs__rosidl_typesupport_c.dir/rosidl_typesupport_c/nav_msgs/srv/get_plan__type_support.cpp.obj
[0.798s] [ 70%] Building C object CMakeFiles/nav_msgs__rosidl_typesupport_microxrcedds_c.dir/rosidl_typesupport_microxrcedds_c/nav_msgs/srv/detail/microxrcedds/set_map__type_support_c.c.obj
[0.798s] In file included from [01m[K/home/tmdals010126/zephyrproject/zephyr/micro_ros_tfm/modules/libmicroros/micro_ros_src/build/nav_msgs/rosidl_typesupport_microxrcedds_c/nav_msgs/msg/detail/microxrcedds/occupancy_grid__type_support_c.c:9[m[K:
[0.798s] [01m[K/home/tmdals010126/zephyrproject/zephyr/lib/libc/newlib/include/string.h:16:2:[m[K [01;35m[Kwarning: [m[K#include_next is a GCC extension
[0.798s]    16 | #[01;35m[Kinclude_next[m[K <string.h>
[0.798s]       |  [01;35m[K^~~~~~~~~~~~[m[K
[0.799s] [ 72%] Building CXX object CMakeFiles/nav_msgs__rosidl_typesupport_c.dir/rosidl_typesupport_c/nav_msgs/srv/load_map__type_support.cpp.obj
[0.809s] In file included from [01m[K/home/tmdals010126/zephyrproject/zephyr/micro_ros_tfm/modules/libmicroros/micro_ros_src/build/nav_msgs/rosidl_typesupport_microxrcedds_c/nav_msgs/srv/detail/load_map__rosidl_typesupport_microxrcedds_c.h:10[m[K,
[0.809s]                  from [01m[K/home/tmdals010126/zephyrproject/zephyr/micro_ros_tfm/modules/libmicroros/micro_ros_src/build/nav_msgs/rosidl_typesupport_microxrcedds_c/nav_msgs/srv/detail/microxrcedds/load_map__type_support_c.c:4[m[K:
[0.809s] [01m[K/home/tmdals010126/zephyrproject/zephyr/lib/libc/newlib/include/stdint.h:28:2:[m[K [01;35m[Kwarning: [m[K#include_next is a GCC extension
[0.809s]    28 | #[01;35m[Kinclude_next[m[K <stdint.h>
[0.809s]       |  [01;35m[K^~~~~~~~~~~~[m[K
[0.809s] [ 75%] Building C object CMakeFiles/nav_msgs__rosidl_typesupport_introspection_c.dir/rosidl_typesupport_introspection_c/nav_msgs/msg/detail/odometry__type_support.c.obj
[0.809s] [ 77%] Building CXX object CMakeFiles/nav_msgs__rosidl_typesupport_c.dir/rosidl_typesupport_c/nav_msgs/srv/set_map__type_support.cpp.obj
[0.809s] In file included from [01m[K/home/tmdals010126/zephyrproject/zephyr/micro_ros_tfm/modules/libmicroros/micro_ros_src/build/nav_msgs/rosidl_typesupport_microxrcedds_c/nav_msgs/srv/detail/set_map__rosidl_typesupport_microxrcedds_c.h:10[m[K,
[0.809s]                  from [01m[K/home/tmdals010126/zephyrproject/zephyr/micro_ros_tfm/modules/libmicroros/micro_ros_src/build/nav_msgs/rosidl_typesupport_microxrcedds_c/nav_msgs/srv/detail/microxrcedds/set_map__type_support_c.c:4[m[K:
[0.809s] [01m[K/home/tmdals010126/zephyrproject/zephyr/lib/libc/newlib/include/stdint.h:28:2:[m[K [01;35m[Kwarning: [m[K#include_next is a GCC extension
[0.809s]    28 | #[01;35m[Kinclude_next[m[K <stdint.h>
[0.809s]       |  [01;35m[K^~~~~~~~~~~~[m[K
[0.811s] In file included from [01m[K/home/tmdals010126/zephyrproject/zephyr/micro_ros_tfm/modules/libmicroros/micro_ros_src/build/nav_msgs/rosidl_typesupport_microxrcedds_c/nav_msgs/srv/detail/microxrcedds/load_map__type_support_c.c:9[m[K:
[0.811s] [01m[K/home/tmdals010126/zephyrproject/zephyr/lib/libc/newlib/include/string.h:16:2:[m[K [01;35m[Kwarning: [m[K#include_next is a GCC extension
[0.811s]    16 | #[01;35m[Kinclude_next[m[K <string.h>
[0.811s]       |  [01;35m[K^~~~~~~~~~~~[m[K
[0.815s] In file included from [01m[K/home/tmdals010126/zephyrproject/zephyr/micro_ros_tfm/modules/libmicroros/micro_ros_src/build/nav_msgs/rosidl_typesupport_microxrcedds_c/nav_msgs/srv/detail/microxrcedds/set_map__type_support_c.c:9[m[K:
[0.815s] [01m[K/home/tmdals010126/zephyrproject/zephyr/lib/libc/newlib/include/string.h:16:2:[m[K [01;35m[Kwarning: [m[K#include_next is a GCC extension
[0.815s]    16 | #[01;35m[Kinclude_next[m[K <string.h>
[0.815s]       |  [01;35m[K^~~~~~~~~~~~[m[K
[0.815s] [ 79%] Building C object CMakeFiles/nav_msgs__rosidl_typesupport_introspection_c.dir/rosidl_typesupport_introspection_c/nav_msgs/srv/detail/get_map__type_support.c.obj
[0.818s] [ 81%] Building C object CMakeFiles/nav_msgs__rosidl_typesupport_introspection_c.dir/rosidl_typesupport_introspection_c/nav_msgs/msg/detail/path__type_support.c.obj
[0.822s] [ 83%] Building C object CMakeFiles/nav_msgs__rosidl_typesupport_introspection_c.dir/rosidl_typesupport_introspection_c/nav_msgs/srv/detail/get_plan__type_support.c.obj
[0.822s] [ 85%] Building C object CMakeFiles/nav_msgs__rosidl_typesupport_introspection_c.dir/rosidl_typesupport_introspection_c/nav_msgs/srv/detail/load_map__type_support.c.obj
[0.823s] [ 87%] Building C object CMakeFiles/nav_msgs__rosidl_typesupport_introspection_c.dir/rosidl_typesupport_introspection_c/nav_msgs/srv/detail/set_map__type_support.c.obj
[0.849s] [ 89%] Linking CXX static library libnav_msgs__rosidl_typesupport_c.a
[0.854s] gmake[3]: Leaving directory '/home/tmdals010126/zephyrproject/zephyr/micro_ros_tfm/modules/libmicroros/micro_ros_src/build/nav_msgs'
[0.856s] [ 91%] Built target nav_msgs__rosidl_typesupport_c
[0.856s] [ 93%] Linking CXX static library libnav_msgs__rosidl_typesupport_microxrcedds_c.a
[0.857s] [ 95%] Linking C static library libnav_msgs__rosidl_typesupport_introspection_c.a
[0.862s] gmake[3]: Leaving directory '/home/tmdals010126/zephyrproject/zephyr/micro_ros_tfm/modules/libmicroros/micro_ros_src/build/nav_msgs'
[0.863s] gmake[3]: Leaving directory '/home/tmdals010126/zephyrproject/zephyr/micro_ros_tfm/modules/libmicroros/micro_ros_src/build/nav_msgs'
[0.864s] [ 97%] Built target nav_msgs__rosidl_typesupport_microxrcedds_c
[0.864s] [100%] Built target nav_msgs__rosidl_typesupport_introspection_c
[0.865s] gmake[3]: Entering directory '/home/tmdals010126/zephyrproject/zephyr/micro_ros_tfm/modules/libmicroros/micro_ros_src/build/nav_msgs'
[0.867s] gmake[3]: Leaving directory '/home/tmdals010126/zephyrproject/zephyr/micro_ros_tfm/modules/libmicroros/micro_ros_src/build/nav_msgs'
[0.869s] [100%] Built target nav_msgs
[0.869s] gmake[2]: Leaving directory '/home/tmdals010126/zephyrproject/zephyr/micro_ros_tfm/modules/libmicroros/micro_ros_src/build/nav_msgs'
[0.871s] gmake[1]: Leaving directory '/home/tmdals010126/zephyrproject/zephyr/micro_ros_tfm/modules/libmicroros/micro_ros_src/build/nav_msgs'
[0.872s] Invoked command in '/home/tmdals010126/zephyrproject/zephyr/micro_ros_tfm/modules/libmicroros/micro_ros_src/build/nav_msgs' returned '0': AMENT_PREFIX_PATH=/home/tmdals010126/zephyrproject/zephyr/micro_ros_tfm/modules/libmicroros/micro_ros_src/install:${AMENT_PREFIX_PATH} CMAKE_PREFIX_PATH=/home/tmdals010126/zephyrproject/zephyr/micro_ros_tfm/modules/libmicroros/micro_ros_src/install:/home/tmdals010126/zephyrproject/zephyr/micro_ros_tfm/modules/libmicroros/micro_ros_dev/install/ament_cmake_ros:/home/tmdals010126/zephyrproject/zephyr/micro_ros_tfm/modules/libmicroros/micro_ros_dev/install/ament_cmake_auto:/home/tmdals010126/zephyrproject/zephyr/micro_ros_tfm/modules/libmicroros/micro_ros_dev/install/ament_cmake_gmock:/home/tmdals010126/zephyrproject/zephyr/micro_ros_tfm/modules/libmicroros/micro_ros_dev/install/gmock_vendor:/home/tmdals010126/zephyrproject/zephyr/micro_ros_tfm/modules/libmicroros/micro_ros_dev/install/ament_cmake_gtest:/home/tmdals010126/zephyrproject/zephyr/micro_ros_tfm/modules/libmicroros/micro_ros_dev/install/gtest_vendor:/home/tmdals010126/zephyrproject/zephyr/micro_ros_tfm/modules/libmicroros/micro_ros_dev/install/ament_lint_common:/home/tmdals010126/zephyrproject/zephyr/micro_ros_tfm/modules/libmicroros/micro_ros_dev/install/ament_cmake_xmllint:/home/tmdals010126/zephyrproject/zephyr/micro_ros_tfm/modules/libmicroros/micro_ros_dev/install/ament_cmake_uncrustify:/home/tmdals010126/zephyrproject/zephyr/micro_ros_tfm/modules/libmicroros/micro_ros_dev/install/ament_cmake_pyflakes:/home/tmdals010126/zephyrproject/zephyr/micro_ros_tfm/modules/libmicroros/micro_ros_dev/install/ament_cmake_pycodestyle:/home/tmdals010126/zephyrproject/zephyr/micro_ros_tfm/modules/libmicroros/micro_ros_dev/install/ament_cmake_pep257:/home/tmdals010126/zephyrproject/zephyr/micro_ros_tfm/modules/libmicroros/micro_ros_dev/install/ament_cmake_pclint:/home/tmdals010126/zephyrproject/zephyr/micro_ros_tfm/modules/libmicroros/micro_ros_dev/install/ament_lint_auto:/home/tmdals010126/zephyrproject/zephyr/micro_ros_tfm/modules/libmicroros/micro_ros_dev/install/ament_cmake:/home/tmdals010126/zephyrproject/zephyr/micro_ros_tfm/modules/libmicroros/micro_ros_dev/install/ament_cmake_version:/home/tmdals010126/zephyrproject/zephyr/micro_ros_tfm/modules/libmicroros/micro_ros_dev/install/ament_cmake_vendor_package:/home/tmdals010126/zephyrproject/zephyr/micro_ros_tfm/modules/libmicroros/micro_ros_dev/install/ament_cmake_pytest:/home/tmdals010126/zephyrproject/zephyr/micro_ros_tfm/modules/libmicroros/micro_ros_dev/install/ament_cmake_nose:/home/tmdals010126/zephyrproject/zephyr/micro_ros_tfm/modules/libmicroros/micro_ros_dev/install/ament_cmake_mypy:/home/tmdals010126/zephyrproject/zephyr/micro_ros_tfm/modules/libmicroros/micro_ros_dev/install/ament_cmake_lint_cmake:/home/tmdals010126/zephyrproject/zephyr/micro_ros_tfm/modules/libmicroros/micro_ros_dev/install/ament_cmake_google_benchmark:/home/tmdals010126/zephyrproject/zephyr/micro_ros_tfm/modules/libmicroros/micro_ros_dev/install/ament_cmake_flake8:/home/tmdals010126/zephyrproject/zephyr/micro_ros_tfm/modules/libmicroros/micro_ros_dev/install/ament_cmake_cpplint:/home/tmdals010126/zephyrproject/zephyr/micro_ros_tfm/modules/libmicroros/micro_ros_dev/install/ament_cmake_cppcheck:/home/tmdals010126/zephyrproject/zephyr/micro_ros_tfm/modules/libmicroros/micro_ros_dev/install/ament_cmake_copyright:/home/tmdals010126/zephyrproject/zephyr/micro_ros_tfm/modules/libmicroros/micro_ros_dev/install/ament_cmake_clang_tidy:/home/tmdals010126/zephyrproject/zephyr/micro_ros_tfm/modules/libmicroros/micro_ros_dev/install/ament_cmake_clang_format:/home/tmdals010126/zephyrproject/zephyr/micro_ros_tfm/modules/libmicroros/micro_ros_dev/install/ament_cmake_test:/home/tmdals010126/zephyrproject/zephyr/micro_ros_tfm/modules/libmicroros/micro_ros_dev/install/ament_cmake_target_dependencies:/home/tmdals010126/zephyrproject/zephyr/micro_ros_tfm/modules/libmicroros/micro_ros_dev/install/ament_cmake_python:/home/tmdals010126/zephyrproject/zephyr/micro_ros_tfm/modules/libmicroros/micro_ros_dev/install/ament_cmake_export_dependencies:/home/tmdals010126/zephyrproject/zephyr/micro_ros_tfm/modules/libmicroros/micro_ros_dev/install/ament_cmake_libraries:/home/tmdals010126/zephyrproject/zephyr/micro_ros_tfm/modules/libmicroros/micro_ros_dev/install/ament_cmake_include_directories:/home/tmdals010126/zephyrproject/zephyr/micro_ros_tfm/modules/libmicroros/micro_ros_dev/install/ament_cmake_gen_version_h:/home/tmdals010126/zephyrproject/zephyr/micro_ros_tfm/modules/libmicroros/micro_ros_dev/install/ament_cmake_export_targets:/home/tmdals010126/zephyrproject/zephyr/micro_ros_tfm/modules/libmicroros/micro_ros_dev/install/ament_cmake_export_link_flags:/home/tmdals010126/zephyrproject/zephyr/micro_ros_tfm/modules/libmicroros/micro_ros_dev/install/ament_cmake_export_interfaces:/home/tmdals010126/zephyrproject/zephyr/micro_ros_tfm/modules/libmicroros/micro_ros_dev/install/ament_cmake_export_libraries:/home/tmdals010126/zephyrproject/zephyr/micro_ros_tfm/modules/libmicroros/micro_ros_dev/install/ament_cmake_export_include_directories:/home/tmdals010126/zephyrproject/zephyr/micro_ros_tfm/modules/libmicroros/micro_ros_dev/install/ament_cmake_export_definitions:/home/tmdals010126/zephyrproject/zephyr/micro_ros_tfm/modules/libmicroros/micro_ros_dev/install/ament_cmake_core:/home/tmdals010126/zephyrproject/zephyr/micro_ros_tfm/modules/libmicroros/micro_ros_dev/install/ament_index_cpp:/home/tmdals010126/zephyrproject/zephyr/micro_ros_tfm/modules/libmicroros/micro_ros_dev/install/domain_coordinator:/home/tmdals010126/zephyrproject/zephyr/micro_ros_tfm/modules/libmicroros/micro_ros_dev/install/ament_xmllint:/home/tmdals010126/zephyrproject/zephyr/micro_ros_tfm/modules/libmicroros/micro_ros_dev/install/ament_uncrustify:/home/tmdals010126/zephyrproject/zephyr/micro_ros_tfm/modules/libmicroros/micro_ros_dev/install/ament_pyflakes:/home/tmdals010126/zephyrproject/zephyr/micro_ros_tfm/modules/libmicroros/micro_ros_dev/install/ament_pycodestyle:/home/tmdals010126/zephyrproject/zephyr/micro_ros_tfm/modules/libmicroros/micro_ros_dev/install/ament_pep257:/home/tmdals010126/zephyrproject/zephyr/micro_ros_tfm/modules/libmicroros/micro_ros_dev/install/ament_pclint:/home/tmdals010126/zephyrproject/zephyr/micro_ros_tfm/modules/libmicroros/micro_ros_dev/install/ament_package:/home/tmdals010126/zephyrproject/zephyr/micro_ros_tfm/modules/libmicroros/micro_ros_dev/install/ament_mypy:/home/tmdals010126/zephyrproject/zephyr/micro_ros_tfm/modules/libmicroros/micro_ros_dev/install/ament_lint_cmake:/home/tmdals010126/zephyrproject/zephyr/micro_ros_tfm/modules/libmicroros/micro_ros_dev/install/ament_flake8:/home/tmdals010126/zephyrproject/zephyr/micro_ros_tfm/modules/libmicroros/micro_ros_dev/install/ament_copyright:/home/tmdals010126/zephyrproject/zephyr/micro_ros_tfm/modules/libmicroros/micro_ros_dev/install/ament_lint:/home/tmdals010126/zephyrproject/zephyr/micro_ros_tfm/modules/libmicroros/micro_ros_dev/install/ament_index_python:/home/tmdals010126/zephyrproject/zephyr/micro_ros_tfm/modules/libmicroros/micro_ros_dev/install/ament_cpplint:/home/tmdals010126/zephyrproject/zephyr/micro_ros_tfm/modules/libmicroros/micro_ros_dev/install/ament_cppcheck:/home/tmdals010126/zephyrproject/zephyr/micro_ros_tfm/modules/libmicroros/micro_ros_dev/install/ament_clang_tidy:/home/tmdals010126/zephyrproject/zephyr/micro_ros_tfm/modules/libmicroros/micro_ros_dev/install/ament_clang_format LD_LIBRARY_PATH=/home/tmdals010126/zephyrproject/zephyr/micro_ros_tfm/modules/libmicroros/micro_ros_src/install/lib:${LD_LIBRARY_PATH} PATH=/home/tmdals010126/zephyrproject/zephyr/micro_ros_tfm/modules/libmicroros/micro_ros_src/install/bin:${PATH} PYTHONPATH=/home/tmdals010126/zephyrproject/zephyr/micro_ros_tfm/modules/libmicroros/micro_ros_src/install/lib/python3.10/site-packages:${PYTHONPATH} /usr/local/bin/cmake --build /home/tmdals010126/zephyrproject/zephyr/micro_ros_tfm/modules/libmicroros/micro_ros_src/build/nav_msgs -- -j28 -l28
[0.873s] Invoking command in '/home/tmdals010126/zephyrproject/zephyr/micro_ros_tfm/modules/libmicroros/micro_ros_src/build/nav_msgs': AMENT_PREFIX_PATH=/home/tmdals010126/zephyrproject/zephyr/micro_ros_tfm/modules/libmicroros/micro_ros_src/install:${AMENT_PREFIX_PATH} CMAKE_PREFIX_PATH=/home/tmdals010126/zephyrproject/zephyr/micro_ros_tfm/modules/libmicroros/micro_ros_src/install:/home/tmdals010126/zephyrproject/zephyr/micro_ros_tfm/modules/libmicroros/micro_ros_dev/install/ament_cmake_ros:/home/tmdals010126/zephyrproject/zephyr/micro_ros_tfm/modules/libmicroros/micro_ros_dev/install/ament_cmake_auto:/home/tmdals010126/zephyrproject/zephyr/micro_ros_tfm/modules/libmicroros/micro_ros_dev/install/ament_cmake_gmock:/home/tmdals010126/zephyrproject/zephyr/micro_ros_tfm/modules/libmicroros/micro_ros_dev/install/gmock_vendor:/home/tmdals010126/zephyrproject/zephyr/micro_ros_tfm/modules/libmicroros/micro_ros_dev/install/ament_cmake_gtest:/home/tmdals010126/zephyrproject/zephyr/micro_ros_tfm/modules/libmicroros/micro_ros_dev/install/gtest_vendor:/home/tmdals010126/zephyrproject/zephyr/micro_ros_tfm/modules/libmicroros/micro_ros_dev/install/ament_lint_common:/home/tmdals010126/zephyrproject/zephyr/micro_ros_tfm/modules/libmicroros/micro_ros_dev/install/ament_cmake_xmllint:/home/tmdals010126/zephyrproject/zephyr/micro_ros_tfm/modules/libmicroros/micro_ros_dev/install/ament_cmake_uncrustify:/home/tmdals010126/zephyrproject/zephyr/micro_ros_tfm/modules/libmicroros/micro_ros_dev/install/ament_cmake_pyflakes:/home/tmdals010126/zephyrproject/zephyr/micro_ros_tfm/modules/libmicroros/micro_ros_dev/install/ament_cmake_pycodestyle:/home/tmdals010126/zephyrproject/zephyr/micro_ros_tfm/modules/libmicroros/micro_ros_dev/install/ament_cmake_pep257:/home/tmdals010126/zephyrproject/zephyr/micro_ros_tfm/modules/libmicroros/micro_ros_dev/install/ament_cmake_pclint:/home/tmdals010126/zephyrproject/zephyr/micro_ros_tfm/modules/libmicroros/micro_ros_dev/install/ament_lint_auto:/home/tmdals010126/zephyrproject/zephyr/micro_ros_tfm/modules/libmicroros/micro_ros_dev/install/ament_cmake:/home/tmdals010126/zephyrproject/zephyr/micro_ros_tfm/modules/libmicroros/micro_ros_dev/install/ament_cmake_version:/home/tmdals010126/zephyrproject/zephyr/micro_ros_tfm/modules/libmicroros/micro_ros_dev/install/ament_cmake_vendor_package:/home/tmdals010126/zephyrproject/zephyr/micro_ros_tfm/modules/libmicroros/micro_ros_dev/install/ament_cmake_pytest:/home/tmdals010126/zephyrproject/zephyr/micro_ros_tfm/modules/libmicroros/micro_ros_dev/install/ament_cmake_nose:/home/tmdals010126/zephyrproject/zephyr/micro_ros_tfm/modules/libmicroros/micro_ros_dev/install/ament_cmake_mypy:/home/tmdals010126/zephyrproject/zephyr/micro_ros_tfm/modules/libmicroros/micro_ros_dev/install/ament_cmake_lint_cmake:/home/tmdals010126/zephyrproject/zephyr/micro_ros_tfm/modules/libmicroros/micro_ros_dev/install/ament_cmake_google_benchmark:/home/tmdals010126/zephyrproject/zephyr/micro_ros_tfm/modules/libmicroros/micro_ros_dev/install/ament_cmake_flake8:/home/tmdals010126/zephyrproject/zephyr/micro_ros_tfm/modules/libmicroros/micro_ros_dev/install/ament_cmake_cpplint:/home/tmdals010126/zephyrproject/zephyr/micro_ros_tfm/modules/libmicroros/micro_ros_dev/install/ament_cmake_cppcheck:/home/tmdals010126/zephyrproject/zephyr/micro_ros_tfm/modules/libmicroros/micro_ros_dev/install/ament_cmake_copyright:/home/tmdals010126/zephyrproject/zephyr/micro_ros_tfm/modules/libmicroros/micro_ros_dev/install/ament_cmake_clang_tidy:/home/tmdals010126/zephyrproject/zephyr/micro_ros_tfm/modules/libmicroros/micro_ros_dev/install/ament_cmake_clang_format:/home/tmdals010126/zephyrproject/zephyr/micro_ros_tfm/modules/libmicroros/micro_ros_dev/install/ament_cmake_test:/home/tmdals010126/zephyrproject/zephyr/micro_ros_tfm/modules/libmicroros/micro_ros_dev/install/ament_cmake_target_dependencies:/home/tmdals010126/zephyrproject/zephyr/micro_ros_tfm/modules/libmicroros/micro_ros_dev/install/ament_cmake_python:/home/tmdals010126/zephyrproject/zephyr/micro_ros_tfm/modules/libmicroros/micro_ros_dev/install/ament_cmake_export_dependencies:/home/tmdals010126/zephyrproject/zephyr/micro_ros_tfm/modules/libmicroros/micro_ros_dev/install/ament_cmake_libraries:/home/tmdals010126/zephyrproject/zephyr/micro_ros_tfm/modules/libmicroros/micro_ros_dev/install/ament_cmake_include_directories:/home/tmdals010126/zephyrproject/zephyr/micro_ros_tfm/modules/libmicroros/micro_ros_dev/install/ament_cmake_gen_version_h:/home/tmdals010126/zephyrproject/zephyr/micro_ros_tfm/modules/libmicroros/micro_ros_dev/install/ament_cmake_export_targets:/home/tmdals010126/zephyrproject/zephyr/micro_ros_tfm/modules/libmicroros/micro_ros_dev/install/ament_cmake_export_link_flags:/home/tmdals010126/zephyrproject/zephyr/micro_ros_tfm/modules/libmicroros/micro_ros_dev/install/ament_cmake_export_interfaces:/home/tmdals010126/zephyrproject/zephyr/micro_ros_tfm/modules/libmicroros/micro_ros_dev/install/ament_cmake_export_libraries:/home/tmdals010126/zephyrproject/zephyr/micro_ros_tfm/modules/libmicroros/micro_ros_dev/install/ament_cmake_export_include_directories:/home/tmdals010126/zephyrproject/zephyr/micro_ros_tfm/modules/libmicroros/micro_ros_dev/install/ament_cmake_export_definitions:/home/tmdals010126/zephyrproject/zephyr/micro_ros_tfm/modules/libmicroros/micro_ros_dev/install/ament_cmake_core:/home/tmdals010126/zephyrproject/zephyr/micro_ros_tfm/modules/libmicroros/micro_ros_dev/install/ament_index_cpp:/home/tmdals010126/zephyrproject/zephyr/micro_ros_tfm/modules/libmicroros/micro_ros_dev/install/domain_coordinator:/home/tmdals010126/zephyrproject/zephyr/micro_ros_tfm/modules/libmicroros/micro_ros_dev/install/ament_xmllint:/home/tmdals010126/zephyrproject/zephyr/micro_ros_tfm/modules/libmicroros/micro_ros_dev/install/ament_uncrustify:/home/tmdals010126/zephyrproject/zephyr/micro_ros_tfm/modules/libmicroros/micro_ros_dev/install/ament_pyflakes:/home/tmdals010126/zephyrproject/zephyr/micro_ros_tfm/modules/libmicroros/micro_ros_dev/install/ament_pycodestyle:/home/tmdals010126/zephyrproject/zephyr/micro_ros_tfm/modules/libmicroros/micro_ros_dev/install/ament_pep257:/home/tmdals010126/zephyrproject/zephyr/micro_ros_tfm/modules/libmicroros/micro_ros_dev/install/ament_pclint:/home/tmdals010126/zephyrproject/zephyr/micro_ros_tfm/modules/libmicroros/micro_ros_dev/install/ament_package:/home/tmdals010126/zephyrproject/zephyr/micro_ros_tfm/modules/libmicroros/micro_ros_dev/install/ament_mypy:/home/tmdals010126/zephyrproject/zephyr/micro_ros_tfm/modules/libmicroros/micro_ros_dev/install/ament_lint_cmake:/home/tmdals010126/zephyrproject/zephyr/micro_ros_tfm/modules/libmicroros/micro_ros_dev/install/ament_flake8:/home/tmdals010126/zephyrproject/zephyr/micro_ros_tfm/modules/libmicroros/micro_ros_dev/install/ament_copyright:/home/tmdals010126/zephyrproject/zephyr/micro_ros_tfm/modules/libmicroros/micro_ros_dev/install/ament_lint:/home/tmdals010126/zephyrproject/zephyr/micro_ros_tfm/modules/libmicroros/micro_ros_dev/install/ament_index_python:/home/tmdals010126/zephyrproject/zephyr/micro_ros_tfm/modules/libmicroros/micro_ros_dev/install/ament_cpplint:/home/tmdals010126/zephyrproject/zephyr/micro_ros_tfm/modules/libmicroros/micro_ros_dev/install/ament_cppcheck:/home/tmdals010126/zephyrproject/zephyr/micro_ros_tfm/modules/libmicroros/micro_ros_dev/install/ament_clang_tidy:/home/tmdals010126/zephyrproject/zephyr/micro_ros_tfm/modules/libmicroros/micro_ros_dev/install/ament_clang_format LD_LIBRARY_PATH=/home/tmdals010126/zephyrproject/zephyr/micro_ros_tfm/modules/libmicroros/micro_ros_src/install/lib:${LD_LIBRARY_PATH} PATH=/home/tmdals010126/zephyrproject/zephyr/micro_ros_tfm/modules/libmicroros/micro_ros_src/install/bin:${PATH} PYTHONPATH=/home/tmdals010126/zephyrproject/zephyr/micro_ros_tfm/modules/libmicroros/micro_ros_src/install/lib/python3.10/site-packages:${PYTHONPATH} /usr/local/bin/cmake --install /home/tmdals010126/zephyrproject/zephyr/micro_ros_tfm/modules/libmicroros/micro_ros_src/build/nav_msgs
[0.875s] -- Install configuration: "Release"
[0.875s] -- Up-to-date: /home/tmdals010126/zephyrproject/zephyr/micro_ros_tfm/modules/libmicroros/micro_ros_src/install/share/ament_index/resource_index/rosidl_interfaces/nav_msgs
[0.875s] -- Up-to-date: /home/tmdals010126/zephyrproject/zephyr/micro_ros_tfm/modules/libmicroros/micro_ros_src/install/include/nav_msgs/nav_msgs
[0.875s] -- Up-to-date: /home/tmdals010126/zephyrproject/zephyr/micro_ros_tfm/modules/libmicroros/micro_ros_src/install/include/nav_msgs/nav_msgs/srv
[0.875s] -- Up-to-date: /home/tmdals010126/zephyrproject/zephyr/micro_ros_tfm/modules/libmicroros/micro_ros_src/install/include/nav_msgs/nav_msgs/srv/get_map.h
[0.875s] -- Up-to-date: /home/tmdals010126/zephyrproject/zephyr/micro_ros_tfm/modules/libmicroros/micro_ros_src/install/include/nav_msgs/nav_msgs/srv/get_plan.h
[0.875s] -- Up-to-date: /home/tmdals010126/zephyrproject/zephyr/micro_ros_tfm/modules/libmicroros/micro_ros_src/install/include/nav_msgs/nav_msgs/srv/set_map.h
[0.875s] -- Up-to-date: /home/tmdals010126/zephyrproject/zephyr/micro_ros_tfm/modules/libmicroros/micro_ros_src/install/include/nav_msgs/nav_msgs/srv/detail
[0.875s] -- Up-to-date: /home/tmdals010126/zephyrproject/zephyr/micro_ros_tfm/modules/libmicroros/micro_ros_src/install/include/nav_msgs/nav_msgs/srv/detail/set_map__struct.h
[0.875s] -- Up-to-date: /home/tmdals010126/zephyrproject/zephyr/micro_ros_tfm/modules/libmicroros/micro_ros_src/install/include/nav_msgs/nav_msgs/srv/detail/get_plan__functions.c
[0.875s] -- Up-to-date: /home/tmdals010126/zephyrproject/zephyr/micro_ros_tfm/modules/libmicroros/micro_ros_src/install/include/nav_msgs/nav_msgs/srv/detail/load_map__struct.h
[0.875s] -- Up-to-date: /home/tmdals010126/zephyrproject/zephyr/micro_ros_tfm/modules/libmicroros/micro_ros_src/install/include/nav_msgs/nav_msgs/srv/detail/get_plan__struct.h
[0.875s] -- Up-to-date: /home/tmdals010126/zephyrproject/zephyr/micro_ros_tfm/modules/libmicroros/micro_ros_src/install/include/nav_msgs/nav_msgs/srv/detail/get_plan__type_support.h
[0.875s] -- Up-to-date: /home/tmdals010126/zephyrproject/zephyr/micro_ros_tfm/modules/libmicroros/micro_ros_src/install/include/nav_msgs/nav_msgs/srv/detail/get_plan__functions.h
[0.875s] -- Up-to-date: /home/tmdals010126/zephyrproject/zephyr/micro_ros_tfm/modules/libmicroros/micro_ros_src/install/include/nav_msgs/nav_msgs/srv/detail/load_map__functions.c
[0.876s] -- Up-to-date: /home/tmdals010126/zephyrproject/zephyr/micro_ros_tfm/modules/libmicroros/micro_ros_src/install/include/nav_msgs/nav_msgs/srv/detail/set_map__type_support.h
[0.876s] -- Up-to-date: /home/tmdals010126/zephyrproject/zephyr/micro_ros_tfm/modules/libmicroros/micro_ros_src/install/include/nav_msgs/nav_msgs/srv/detail/get_map__functions.h
[0.876s] -- Up-to-date: /home/tmdals010126/zephyrproject/zephyr/micro_ros_tfm/modules/libmicroros/micro_ros_src/install/include/nav_msgs/nav_msgs/srv/detail/load_map__type_support.h
[0.876s] -- Up-to-date: /home/tmdals010126/zephyrproject/zephyr/micro_ros_tfm/modules/libmicroros/micro_ros_src/install/include/nav_msgs/nav_msgs/srv/detail/get_map__struct.h
[0.876s] -- Up-to-date: /home/tmdals010126/zephyrproject/zephyr/micro_ros_tfm/modules/libmicroros/micro_ros_src/install/include/nav_msgs/nav_msgs/srv/detail/get_map__type_support.h
[0.876s] -- Up-to-date: /home/tmdals010126/zephyrproject/zephyr/micro_ros_tfm/modules/libmicroros/micro_ros_src/install/include/nav_msgs/nav_msgs/srv/detail/set_map__functions.h
[0.876s] -- Up-to-date: /home/tmdals010126/zephyrproject/zephyr/micro_ros_tfm/modules/libmicroros/micro_ros_src/install/include/nav_msgs/nav_msgs/srv/detail/set_map__functions.c
[0.876s] -- Up-to-date: /home/tmdals010126/zephyrproject/zephyr/micro_ros_tfm/modules/libmicroros/micro_ros_src/install/include/nav_msgs/nav_msgs/srv/detail/get_map__functions.c
[0.876s] -- Up-to-date: /home/tmdals010126/zephyrproject/zephyr/micro_ros_tfm/modules/libmicroros/micro_ros_src/install/include/nav_msgs/nav_msgs/srv/detail/load_map__functions.h
[0.876s] -- Up-to-date: /home/tmdals010126/zephyrproject/zephyr/micro_ros_tfm/modules/libmicroros/micro_ros_src/install/include/nav_msgs/nav_msgs/srv/load_map.h
[0.876s] -- Up-to-date: /home/tmdals010126/zephyrproject/zephyr/micro_ros_tfm/modules/libmicroros/micro_ros_src/install/include/nav_msgs/nav_msgs/msg
[0.876s] -- Up-to-date: /home/tmdals010126/zephyrproject/zephyr/micro_ros_tfm/modules/libmicroros/micro_ros_src/install/include/nav_msgs/nav_msgs/msg/map_meta_data.h
[0.876s] -- Up-to-date: /home/tmdals010126/zephyrproject/zephyr/micro_ros_tfm/modules/libmicroros/micro_ros_src/install/include/nav_msgs/nav_msgs/msg/rosidl_generator_c__visibility_control.h
[0.876s] -- Up-to-date: /home/tmdals010126/zephyrproject/zephyr/micro_ros_tfm/modules/libmicroros/micro_ros_src/install/include/nav_msgs/nav_msgs/msg/detail
[0.876s] -- Up-to-date: /home/tmdals010126/zephyrproject/zephyr/micro_ros_tfm/modules/libmicroros/micro_ros_src/install/include/nav_msgs/nav_msgs/msg/detail/occupancy_grid__functions.h
[0.876s] -- Up-to-date: /home/tmdals010126/zephyrproject/zephyr/micro_ros_tfm/modules/libmicroros/micro_ros_src/install/include/nav_msgs/nav_msgs/msg/detail/map_meta_data__struct.h
[0.876s] -- Up-to-date: /home/tmdals010126/zephyrproject/zephyr/micro_ros_tfm/modules/libmicroros/micro_ros_src/install/include/nav_msgs/nav_msgs/msg/detail/map_meta_data__functions.h
[0.877s] -- Up-to-date: /home/tmdals010126/zephyrproject/zephyr/micro_ros_tfm/modules/libmicroros/micro_ros_src/install/include/nav_msgs/nav_msgs/msg/detail/grid_cells__functions.h
[0.877s] -- Up-to-date: /home/tmdals010126/zephyrproject/zephyr/micro_ros_tfm/modules/libmicroros/micro_ros_src/install/include/nav_msgs/nav_msgs/msg/detail/grid_cells__functions.c
[0.877s] -- Up-to-date: /home/tmdals010126/zephyrproject/zephyr/micro_ros_tfm/modules/libmicroros/micro_ros_src/install/include/nav_msgs/nav_msgs/msg/detail/path__struct.h
[0.877s] -- Up-to-date: /home/tmdals010126/zephyrproject/zephyr/micro_ros_tfm/modules/libmicroros/micro_ros_src/install/include/nav_msgs/nav_msgs/msg/detail/grid_cells__type_support.h
[0.877s] -- Up-to-date: /home/tmdals010126/zephyrproject/zephyr/micro_ros_tfm/modules/libmicroros/micro_ros_src/install/include/nav_msgs/nav_msgs/msg/detail/odometry__functions.h
[0.877s] -- Up-to-date: /home/tmdals010126/zephyrproject/zephyr/micro_ros_tfm/modules/libmicroros/micro_ros_src/install/include/nav_msgs/nav_msgs/msg/detail/goals__struct.h
[0.877s] -- Up-to-date: /home/tmdals010126/zephyrproject/zephyr/micro_ros_tfm/modules/libmicroros/micro_ros_src/install/include/nav_msgs/nav_msgs/msg/detail/goals__functions.c
[0.877s] -- Up-to-date: /home/tmdals010126/zephyrproject/zephyr/micro_ros_tfm/modules/libmicroros/micro_ros_src/install/include/nav_msgs/nav_msgs/msg/detail/path__type_support.h
[0.877s] -- Up-to-date: /home/tmdals010126/zephyrproject/zephyr/micro_ros_tfm/modules/libmicroros/micro_ros_src/install/include/nav_msgs/nav_msgs/msg/detail/goals__type_support.h
[0.877s] -- Up-to-date: /home/tmdals010126/zephyrproject/zephyr/micro_ros_tfm/modules/libmicroros/micro_ros_src/install/include/nav_msgs/nav_msgs/msg/detail/odometry__functions.c
[0.877s] -- Up-to-date: /home/tmdals010126/zephyrproject/zephyr/micro_ros_tfm/modules/libmicroros/micro_ros_src/install/include/nav_msgs/nav_msgs/msg/detail/path__functions.c
[0.877s] -- Up-to-date: /home/tmdals010126/zephyrproject/zephyr/micro_ros_tfm/modules/libmicroros/micro_ros_src/install/include/nav_msgs/nav_msgs/msg/detail/map_meta_data__functions.c
[0.877s] -- Up-to-date: /home/tmdals010126/zephyrproject/zephyr/micro_ros_tfm/modules/libmicroros/micro_ros_src/install/include/nav_msgs/nav_msgs/msg/detail/occupancy_grid__struct.h
[0.877s] -- Up-to-date: /home/tmdals010126/zephyrproject/zephyr/micro_ros_tfm/modules/libmicroros/micro_ros_src/install/include/nav_msgs/nav_msgs/msg/detail/path__functions.h
[0.877s] -- Up-to-date: /home/tmdals010126/zephyrproject/zephyr/micro_ros_tfm/modules/libmicroros/micro_ros_src/install/include/nav_msgs/nav_msgs/msg/detail/odometry__struct.h
[0.877s] -- Up-to-date: /home/tmdals010126/zephyrproject/zephyr/micro_ros_tfm/modules/libmicroros/micro_ros_src/install/include/nav_msgs/nav_msgs/msg/detail/occupancy_grid__type_support.h
[0.877s] -- Up-to-date: /home/tmdals010126/zephyrproject/zephyr/micro_ros_tfm/modules/libmicroros/micro_ros_src/install/include/nav_msgs/nav_msgs/msg/detail/occupancy_grid__functions.c
[0.877s] -- Up-to-date: /home/tmdals010126/zephyrproject/zephyr/micro_ros_tfm/modules/libmicroros/micro_ros_src/install/include/nav_msgs/nav_msgs/msg/detail/grid_cells__struct.h
[0.877s] -- Up-to-date: /home/tmdals010126/zephyrproject/zephyr/micro_ros_tfm/modules/libmicroros/micro_ros_src/install/include/nav_msgs/nav_msgs/msg/detail/map_meta_data__type_support.h
[0.878s] -- Up-to-date: /home/tmdals010126/zephyrproject/zephyr/micro_ros_tfm/modules/libmicroros/micro_ros_src/install/include/nav_msgs/nav_msgs/msg/detail/goals__functions.h
[0.878s] -- Up-to-date: /home/tmdals010126/zephyrproject/zephyr/micro_ros_tfm/modules/libmicroros/micro_ros_src/install/include/nav_msgs/nav_msgs/msg/detail/odometry__type_support.h
[0.878s] -- Up-to-date: /home/tmdals010126/zephyrproject/zephyr/micro_ros_tfm/modules/libmicroros/micro_ros_src/install/include/nav_msgs/nav_msgs/msg/goals.h
[0.878s] -- Up-to-date: /home/tmdals010126/zephyrproject/zephyr/micro_ros_tfm/modules/libmicroros/micro_ros_src/install/include/nav_msgs/nav_msgs/msg/occupancy_grid.h
[0.878s] -- Up-to-date: /home/tmdals010126/zephyrproject/zephyr/micro_ros_tfm/modules/libmicroros/micro_ros_src/install/include/nav_msgs/nav_msgs/msg/path.h
[0.878s] -- Up-to-date: /home/tmdals010126/zephyrproject/zephyr/micro_ros_tfm/modules/libmicroros/micro_ros_src/install/include/nav_msgs/nav_msgs/msg/grid_cells.h
[0.878s] -- Up-to-date: /home/tmdals010126/zephyrproject/zephyr/micro_ros_tfm/modules/libmicroros/micro_ros_src/install/include/nav_msgs/nav_msgs/msg/odometry.h
[0.878s] -- Up-to-date: /home/tmdals010126/zephyrproject/zephyr/micro_ros_tfm/modules/libmicroros/micro_ros_src/install/share/nav_msgs/environment/library_path.sh
[0.878s] -- Installing: /home/tmdals010126/zephyrproject/zephyr/micro_ros_tfm/modules/libmicroros/micro_ros_src/install/share/nav_msgs/environment/library_path.dsv
[0.878s] -- Installing: /home/tmdals010126/zephyrproject/zephyr/micro_ros_tfm/modules/libmicroros/micro_ros_src/install/lib/libnav_msgs__rosidl_generator_c.a
[0.878s] -- Up-to-date: /home/tmdals010126/zephyrproject/zephyr/micro_ros_tfm/modules/libmicroros/micro_ros_src/install/include/nav_msgs/nav_msgs
[0.878s] -- Up-to-date: /home/tmdals010126/zephyrproject/zephyr/micro_ros_tfm/modules/libmicroros/micro_ros_src/install/include/nav_msgs/nav_msgs/srv
[0.878s] -- Up-to-date: /home/tmdals010126/zephyrproject/zephyr/micro_ros_tfm/modules/libmicroros/micro_ros_src/install/include/nav_msgs/nav_msgs/srv/detail
[0.878s] -- Up-to-date: /home/tmdals010126/zephyrproject/zephyr/micro_ros_tfm/modules/libmicroros/micro_ros_src/install/include/nav_msgs/nav_msgs/srv/detail/set_map__rosidl_typesupport_introspection_c.h
[0.878s] -- Up-to-date: /home/tmdals010126/zephyrproject/zephyr/micro_ros_tfm/modules/libmicroros/micro_ros_src/install/include/nav_msgs/nav_msgs/srv/detail/get_plan__rosidl_typesupport_introspection_c.h
[0.878s] -- Up-to-date: /home/tmdals010126/zephyrproject/zephyr/micro_ros_tfm/modules/libmicroros/micro_ros_src/install/include/nav_msgs/nav_msgs/srv/detail/set_map__type_support.c
[0.878s] -- Up-to-date: /home/tmdals010126/zephyrproject/zephyr/micro_ros_tfm/modules/libmicroros/micro_ros_src/install/include/nav_msgs/nav_msgs/srv/detail/get_map__type_support.c
[0.878s] -- Up-to-date: /home/tmdals010126/zephyrproject/zephyr/micro_ros_tfm/modules/libmicroros/micro_ros_src/install/include/nav_msgs/nav_msgs/srv/detail/load_map__type_support.c
[0.878s] -- Up-to-date: /home/tmdals010126/zephyrproject/zephyr/micro_ros_tfm/modules/libmicroros/micro_ros_src/install/include/nav_msgs/nav_msgs/srv/detail/get_plan__type_support.c
[0.878s] -- Up-to-date: /home/tmdals010126/zephyrproject/zephyr/micro_ros_tfm/modules/libmicroros/micro_ros_src/install/include/nav_msgs/nav_msgs/srv/detail/load_map__rosidl_typesupport_introspection_c.h
[0.879s] -- Up-to-date: /home/tmdals010126/zephyrproject/zephyr/micro_ros_tfm/modules/libmicroros/micro_ros_src/install/include/nav_msgs/nav_msgs/srv/detail/get_map__rosidl_typesupport_introspection_c.h
[0.879s] -- Up-to-date: /home/tmdals010126/zephyrproject/zephyr/micro_ros_tfm/modules/libmicroros/micro_ros_src/install/include/nav_msgs/nav_msgs/msg
[0.879s] -- Up-to-date: /home/tmdals010126/zephyrproject/zephyr/micro_ros_tfm/modules/libmicroros/micro_ros_src/install/include/nav_msgs/nav_msgs/msg/detail
[0.879s] -- Up-to-date: /home/tmdals010126/zephyrproject/zephyr/micro_ros_tfm/modules/libmicroros/micro_ros_src/install/include/nav_msgs/nav_msgs/msg/detail/grid_cells__type_support.c
[0.879s] -- Up-to-date: /home/tmdals010126/zephyrproject/zephyr/micro_ros_tfm/modules/libmicroros/micro_ros_src/install/include/nav_msgs/nav_msgs/msg/detail/occupancy_grid__type_support.c
[0.879s] -- Up-to-date: /home/tmdals010126/zephyrproject/zephyr/micro_ros_tfm/modules/libmicroros/micro_ros_src/install/include/nav_msgs/nav_msgs/msg/detail/map_meta_data__type_support.c
[0.879s] -- Up-to-date: /home/tmdals010126/zephyrproject/zephyr/micro_ros_tfm/modules/libmicroros/micro_ros_src/install/include/nav_msgs/nav_msgs/msg/detail/map_meta_data__rosidl_typesupport_introspection_c.h
[0.879s] -- Up-to-date: /home/tmdals010126/zephyrproject/zephyr/micro_ros_tfm/modules/libmicroros/micro_ros_src/install/include/nav_msgs/nav_msgs/msg/detail/grid_cells__rosidl_typesupport_introspection_c.h
[0.879s] -- Up-to-date: /home/tmdals010126/zephyrproject/zephyr/micro_ros_tfm/modules/libmicroros/micro_ros_src/install/include/nav_msgs/nav_msgs/msg/detail/goals__type_support.c
[0.879s] -- Up-to-date: /home/tmdals010126/zephyrproject/zephyr/micro_ros_tfm/modules/libmicroros/micro_ros_src/install/include/nav_msgs/nav_msgs/msg/detail/goals__rosidl_typesupport_introspection_c.h
[0.879s] -- Up-to-date: /home/tmdals010126/zephyrproject/zephyr/micro_ros_tfm/modules/libmicroros/micro_ros_src/install/include/nav_msgs/nav_msgs/msg/detail/occupancy_grid__rosidl_typesupport_introspection_c.h
[0.879s] -- Up-to-date: /home/tmdals010126/zephyrproject/zephyr/micro_ros_tfm/modules/libmicroros/micro_ros_src/install/include/nav_msgs/nav_msgs/msg/detail/path__rosidl_typesupport_introspection_c.h
[0.879s] -- Up-to-date: /home/tmdals010126/zephyrproject/zephyr/micro_ros_tfm/modules/libmicroros/micro_ros_src/install/include/nav_msgs/nav_msgs/msg/detail/odometry__type_support.c
[0.879s] -- Up-to-date: /home/tmdals010126/zephyrproject/zephyr/micro_ros_tfm/modules/libmicroros/micro_ros_src/install/include/nav_msgs/nav_msgs/msg/detail/path__type_support.c
[0.879s] -- Up-to-date: /home/tmdals010126/zephyrproject/zephyr/micro_ros_tfm/modules/libmicroros/micro_ros_src/install/include/nav_msgs/nav_msgs/msg/detail/odometry__rosidl_typesupport_introspection_c.h
[0.879s] -- Up-to-date: /home/tmdals010126/zephyrproject/zephyr/micro_ros_tfm/modules/libmicroros/micro_ros_src/install/include/nav_msgs/nav_msgs/msg/rosidl_typesupport_introspection_c__visibility_control.h
[0.879s] -- Installing: /home/tmdals010126/zephyrproject/zephyr/micro_ros_tfm/modules/libmicroros/micro_ros_src/install/lib/libnav_msgs__rosidl_typesupport_introspection_c.a
[0.879s] -- Up-to-date: /home/tmdals010126/zephyrproject/zephyr/micro_ros_tfm/modules/libmicroros/micro_ros_src/install/include/nav_msgs
[0.879s] -- Up-to-date: /home/tmdals010126/zephyrproject/zephyr/micro_ros_tfm/modules/libmicroros/micro_ros_src/install/include/nav_msgs/srv
[0.879s] -- Up-to-date: /home/tmdals010126/zephyrproject/zephyr/micro_ros_tfm/modules/libmicroros/micro_ros_src/install/include/nav_msgs/srv/detail
[0.879s] -- Up-to-date: /home/tmdals010126/zephyrproject/zephyr/micro_ros_tfm/modules/libmicroros/micro_ros_src/install/include/nav_msgs/srv/detail/get_map__rosidl_typesupport_microxrcedds_c.h
[0.880s] -- Up-to-date: /home/tmdals010126/zephyrproject/zephyr/micro_ros_tfm/modules/libmicroros/micro_ros_src/install/include/nav_msgs/srv/detail/load_map__rosidl_typesupport_microxrcedds_c.h
[0.880s] -- Up-to-date: /home/tmdals010126/zephyrproject/zephyr/micro_ros_tfm/modules/libmicroros/micro_ros_src/install/include/nav_msgs/srv/detail/microxrcedds
[0.880s] -- Up-to-date: /home/tmdals010126/zephyrproject/zephyr/micro_ros_tfm/modules/libmicroros/micro_ros_src/install/include/nav_msgs/srv/detail/get_plan__rosidl_typesupport_microxrcedds_c.h
[0.880s] -- Up-to-date: /home/tmdals010126/zephyrproject/zephyr/micro_ros_tfm/modules/libmicroros/micro_ros_src/install/include/nav_msgs/srv/detail/set_map__rosidl_typesupport_microxrcedds_c.h
[0.880s] -- Up-to-date: /home/tmdals010126/zephyrproject/zephyr/micro_ros_tfm/modules/libmicroros/micro_ros_src/install/include/nav_msgs/msg
[0.880s] -- Up-to-date: /home/tmdals010126/zephyrproject/zephyr/micro_ros_tfm/modules/libmicroros/micro_ros_src/install/include/nav_msgs/msg/detail
[0.880s] -- Up-to-date: /home/tmdals010126/zephyrproject/zephyr/micro_ros_tfm/modules/libmicroros/micro_ros_src/install/include/nav_msgs/msg/detail/map_meta_data__rosidl_typesupport_microxrcedds_c.h
[0.880s] -- Up-to-date: /home/tmdals010126/zephyrproject/zephyr/micro_ros_tfm/modules/libmicroros/micro_ros_src/install/include/nav_msgs/msg/detail/odometry__rosidl_typesupport_microxrcedds_c.h
[0.880s] -- Up-to-date: /home/tmdals010126/zephyrproject/zephyr/micro_ros_tfm/modules/libmicroros/micro_ros_src/install/include/nav_msgs/msg/detail/microxrcedds
[0.880s] -- Up-to-date: /home/tmdals010126/zephyrproject/zephyr/micro_ros_tfm/modules/libmicroros/micro_ros_src/install/include/nav_msgs/msg/detail/grid_cells__rosidl_typesupport_microxrcedds_c.h
[0.880s] -- Up-to-date: /home/tmdals010126/zephyrproject/zephyr/micro_ros_tfm/modules/libmicroros/micro_ros_src/install/include/nav_msgs/msg/detail/path__rosidl_typesupport_microxrcedds_c.h
[0.880s] -- Up-to-date: /home/tmdals010126/zephyrproject/zephyr/micro_ros_tfm/modules/libmicroros/micro_ros_src/install/include/nav_msgs/msg/detail/goals__rosidl_typesupport_microxrcedds_c.h
[0.880s] -- Up-to-date: /home/tmdals010126/zephyrproject/zephyr/micro_ros_tfm/modules/libmicroros/micro_ros_src/install/include/nav_msgs/msg/detail/occupancy_grid__rosidl_typesupport_microxrcedds_c.h
[0.880s] -- Up-to-date: /home/tmdals010126/zephyrproject/zephyr/micro_ros_tfm/modules/libmicroros/micro_ros_src/install/include/nav_msgs/msg/rosidl_typesupport_microxrcedds_c__visibility_control.h
[0.880s] -- Installing: /home/tmdals010126/zephyrproject/zephyr/micro_ros_tfm/modules/libmicroros/micro_ros_src/install/lib/libnav_msgs__rosidl_typesupport_microxrcedds_c.a
[0.880s] -- Installing: /home/tmdals010126/zephyrproject/zephyr/micro_ros_tfm/modules/libmicroros/micro_ros_src/install/lib/libnav_msgs__rosidl_typesupport_c.a
[0.880s] -- Up-to-date: /home/tmdals010126/zephyrproject/zephyr/micro_ros_tfm/modules/libmicroros/micro_ros_src/install/share/nav_msgs/msg/Goals.idl
[0.880s] -- Up-to-date: /home/tmdals010126/zephyrproject/zephyr/micro_ros_tfm/modules/libmicroros/micro_ros_src/install/share/nav_msgs/msg/GridCells.idl
[0.880s] -- Up-to-date: /home/tmdals010126/zephyrproject/zephyr/micro_ros_tfm/modules/libmicroros/micro_ros_src/install/share/nav_msgs/msg/MapMetaData.idl
[0.880s] -- Up-to-date: /home/tmdals010126/zephyrproject/zephyr/micro_ros_tfm/modules/libmicroros/micro_ros_src/install/share/nav_msgs/msg/OccupancyGrid.idl
[0.880s] -- Up-to-date: /home/tmdals010126/zephyrproject/zephyr/micro_ros_tfm/modules/libmicroros/micro_ros_src/install/share/nav_msgs/msg/Odometry.idl
[0.880s] -- Up-to-date: /home/tmdals010126/zephyrproject/zephyr/micro_ros_tfm/modules/libmicroros/micro_ros_src/install/share/nav_msgs/msg/Path.idl
[0.880s] -- Up-to-date: /home/tmdals010126/zephyrproject/zephyr/micro_ros_tfm/modules/libmicroros/micro_ros_src/install/share/nav_msgs/srv/GetMap.idl
[0.880s] -- Up-to-date: /home/tmdals010126/zephyrproject/zephyr/micro_ros_tfm/modules/libmicroros/micro_ros_src/install/share/nav_msgs/srv/GetPlan.idl
[0.880s] -- Up-to-date: /home/tmdals010126/zephyrproject/zephyr/micro_ros_tfm/modules/libmicroros/micro_ros_src/install/share/nav_msgs/srv/LoadMap.idl
[0.880s] -- Up-to-date: /home/tmdals010126/zephyrproject/zephyr/micro_ros_tfm/modules/libmicroros/micro_ros_src/install/share/nav_msgs/srv/SetMap.idl
[0.880s] -- Up-to-date: /home/tmdals010126/zephyrproject/zephyr/micro_ros_tfm/modules/libmicroros/micro_ros_src/install/share/nav_msgs/msg/Goals.msg
[0.880s] -- Up-to-date: /home/tmdals010126/zephyrproject/zephyr/micro_ros_tfm/modules/libmicroros/micro_ros_src/install/share/nav_msgs/msg/GridCells.msg
[0.880s] -- Up-to-date: /home/tmdals010126/zephyrproject/zephyr/micro_ros_tfm/modules/libmicroros/micro_ros_src/install/share/nav_msgs/msg/MapMetaData.msg
[0.880s] -- Up-to-date: /home/tmdals010126/zephyrproject/zephyr/micro_ros_tfm/modules/libmicroros/micro_ros_src/install/share/nav_msgs/msg/OccupancyGrid.msg
[0.880s] -- Up-to-date: /home/tmdals010126/zephyrproject/zephyr/micro_ros_tfm/modules/libmicroros/micro_ros_src/install/share/nav_msgs/msg/Odometry.msg
[0.880s] -- Up-to-date: /home/tmdals010126/zephyrproject/zephyr/micro_ros_tfm/modules/libmicroros/micro_ros_src/install/share/nav_msgs/msg/Path.msg
[0.880s] -- Up-to-date: /home/tmdals010126/zephyrproject/zephyr/micro_ros_tfm/modules/libmicroros/micro_ros_src/install/share/nav_msgs/srv/GetMap.srv
[0.880s] -- Up-to-date: /home/tmdals010126/zephyrproject/zephyr/micro_ros_tfm/modules/libmicroros/micro_ros_src/install/share/nav_msgs/srv/GetMap_Request.msg
[0.880s] -- Up-to-date: /home/tmdals010126/zephyrproject/zephyr/micro_ros_tfm/modules/libmicroros/micro_ros_src/install/share/nav_msgs/srv/GetMap_Response.msg
[0.880s] -- Up-to-date: /home/tmdals010126/zephyrproject/zephyr/micro_ros_tfm/modules/libmicroros/micro_ros_src/install/share/nav_msgs/srv/GetPlan.srv
[0.880s] -- Up-to-date: /home/tmdals010126/zephyrproject/zephyr/micro_ros_tfm/modules/libmicroros/micro_ros_src/install/share/nav_msgs/srv/GetPlan_Request.msg
[0.880s] -- Up-to-date: /home/tmdals010126/zephyrproject/zephyr/micro_ros_tfm/modules/libmicroros/micro_ros_src/install/share/nav_msgs/srv/GetPlan_Response.msg
[0.880s] -- Up-to-date: /home/tmdals010126/zephyrproject/zephyr/micro_ros_tfm/modules/libmicroros/micro_ros_src/install/share/nav_msgs/srv/LoadMap.srv
[0.880s] -- Up-to-date: /home/tmdals010126/zephyrproject/zephyr/micro_ros_tfm/modules/libmicroros/micro_ros_src/install/share/nav_msgs/srv/LoadMap_Request.msg
[0.880s] -- Up-to-date: /home/tmdals010126/zephyrproject/zephyr/micro_ros_tfm/modules/libmicroros/micro_ros_src/install/share/nav_msgs/srv/LoadMap_Response.msg
[0.880s] -- Up-to-date: /home/tmdals010126/zephyrproject/zephyr/micro_ros_tfm/modules/libmicroros/micro_ros_src/install/share/nav_msgs/srv/SetMap.srv
[0.880s] -- Up-to-date: /home/tmdals010126/zephyrproject/zephyr/micro_ros_tfm/modules/libmicroros/micro_ros_src/install/share/nav_msgs/srv/SetMap_Request.msg
[0.881s] -- Up-to-date: /home/tmdals010126/zephyrproject/zephyr/micro_ros_tfm/modules/libmicroros/micro_ros_src/install/share/nav_msgs/srv/SetMap_Response.msg
[0.881s] -- Up-to-date: /home/tmdals010126/zephyrproject/zephyr/micro_ros_tfm/modules/libmicroros/micro_ros_src/install/share/ament_index/resource_index/package_run_dependencies/nav_msgs
[0.881s] -- Up-to-date: /home/tmdals010126/zephyrproject/zephyr/micro_ros_tfm/modules/libmicroros/micro_ros_src/install/share/ament_index/resource_index/parent_prefix_path/nav_msgs
[0.881s] -- Up-to-date: /home/tmdals010126/zephyrproject/zephyr/micro_ros_tfm/modules/libmicroros/micro_ros_src/install/share/nav_msgs/environment/ament_prefix_path.sh
[0.881s] -- Installing: /home/tmdals010126/zephyrproject/zephyr/micro_ros_tfm/modules/libmicroros/micro_ros_src/install/share/nav_msgs/environment/ament_prefix_path.dsv
[0.881s] -- Up-to-date: /home/tmdals010126/zephyrproject/zephyr/micro_ros_tfm/modules/libmicroros/micro_ros_src/install/share/nav_msgs/environment/path.sh
[0.881s] -- Installing: /home/tmdals010126/zephyrproject/zephyr/micro_ros_tfm/modules/libmicroros/micro_ros_src/install/share/nav_msgs/environment/path.dsv
[0.881s] -- Up-to-date: /home/tmdals010126/zephyrproject/zephyr/micro_ros_tfm/modules/libmicroros/micro_ros_src/install/share/nav_msgs/local_setup.bash
[0.881s] -- Up-to-date: /home/tmdals010126/zephyrproject/zephyr/micro_ros_tfm/modules/libmicroros/micro_ros_src/install/share/nav_msgs/local_setup.sh
[0.881s] -- Up-to-date: /home/tmdals010126/zephyrproject/zephyr/micro_ros_tfm/modules/libmicroros/micro_ros_src/install/share/nav_msgs/local_setup.zsh
[0.881s] -- Installing: /home/tmdals010126/zephyrproject/zephyr/micro_ros_tfm/modules/libmicroros/micro_ros_src/install/share/nav_msgs/local_setup.dsv
[0.881s] -- Installing: /home/tmdals010126/zephyrproject/zephyr/micro_ros_tfm/modules/libmicroros/micro_ros_src/install/share/nav_msgs/package.dsv
[0.881s] -- Up-to-date: /home/tmdals010126/zephyrproject/zephyr/micro_ros_tfm/modules/libmicroros/micro_ros_src/install/share/ament_index/resource_index/packages/nav_msgs
[0.881s] -- Up-to-date: /home/tmdals010126/zephyrproject/zephyr/micro_ros_tfm/modules/libmicroros/micro_ros_src/install/share/nav_msgs/cmake/export_nav_msgs__rosidl_generator_cExport.cmake
[0.881s] -- Up-to-date: /home/tmdals010126/zephyrproject/zephyr/micro_ros_tfm/modules/libmicroros/micro_ros_src/install/share/nav_msgs/cmake/export_nav_msgs__rosidl_generator_cExport-release.cmake
[0.881s] -- Up-to-date: /home/tmdals010126/zephyrproject/zephyr/micro_ros_tfm/modules/libmicroros/micro_ros_src/install/share/nav_msgs/cmake/nav_msgs__rosidl_typesupport_introspection_cExport.cmake
[0.881s] -- Up-to-date: /home/tmdals010126/zephyrproject/zephyr/micro_ros_tfm/modules/libmicroros/micro_ros_src/install/share/nav_msgs/cmake/nav_msgs__rosidl_typesupport_introspection_cExport-release.cmake
[0.881s] -- Up-to-date: /home/tmdals010126/zephyrproject/zephyr/micro_ros_tfm/modules/libmicroros/micro_ros_src/install/share/nav_msgs/cmake/nav_msgs__rosidl_typesupport_cExport.cmake
[0.881s] -- Up-to-date: /home/tmdals010126/zephyrproject/zephyr/micro_ros_tfm/modules/libmicroros/micro_ros_src/install/share/nav_msgs/cmake/nav_msgs__rosidl_typesupport_cExport-release.cmake
[0.881s] -- Up-to-date: /home/tmdals010126/zephyrproject/zephyr/micro_ros_tfm/modules/libmicroros/micro_ros_src/install/share/nav_msgs/cmake/rosidl_cmake-extras.cmake
[0.881s] -- Up-to-date: /home/tmdals010126/zephyrproject/zephyr/micro_ros_tfm/modules/libmicroros/micro_ros_src/install/share/nav_msgs/cmake/ament_cmake_export_dependencies-extras.cmake
[0.881s] -- Up-to-date: /home/tmdals010126/zephyrproject/zephyr/micro_ros_tfm/modules/libmicroros/micro_ros_src/install/share/nav_msgs/cmake/ament_cmake_export_include_directories-extras.cmake
[0.881s] -- Up-to-date: /home/tmdals010126/zephyrproject/zephyr/micro_ros_tfm/modules/libmicroros/micro_ros_src/install/share/nav_msgs/cmake/ament_cmake_export_libraries-extras.cmake
[0.881s] -- Up-to-date: /home/tmdals010126/zephyrproject/zephyr/micro_ros_tfm/modules/libmicroros/micro_ros_src/install/share/nav_msgs/cmake/ament_cmake_export_targets-extras.cmake
[0.881s] -- Up-to-date: /home/tmdals010126/zephyrproject/zephyr/micro_ros_tfm/modules/libmicroros/micro_ros_src/install/share/nav_msgs/cmake/rosidl_cmake_export_typesupport_targets-extras.cmake
[0.881s] -- Up-to-date: /home/tmdals010126/zephyrproject/zephyr/micro_ros_tfm/modules/libmicroros/micro_ros_src/install/share/nav_msgs/cmake/rosidl_cmake_export_typesupport_libraries-extras.cmake
[0.881s] -- Up-to-date: /home/tmdals010126/zephyrproject/zephyr/micro_ros_tfm/modules/libmicroros/micro_ros_src/install/share/nav_msgs/cmake/nav_msgsConfig.cmake
[0.881s] -- Up-to-date: /home/tmdals010126/zephyrproject/zephyr/micro_ros_tfm/modules/libmicroros/micro_ros_src/install/share/nav_msgs/cmake/nav_msgsConfig-version.cmake
[0.881s] -- Up-to-date: /home/tmdals010126/zephyrproject/zephyr/micro_ros_tfm/modules/libmicroros/micro_ros_src/install/share/nav_msgs/package.xml
[0.881s] Invoked command in '/home/tmdals010126/zephyrproject/zephyr/micro_ros_tfm/modules/libmicroros/micro_ros_src/build/nav_msgs' returned '0': AMENT_PREFIX_PATH=/home/tmdals010126/zephyrproject/zephyr/micro_ros_tfm/modules/libmicroros/micro_ros_src/install:${AMENT_PREFIX_PATH} CMAKE_PREFIX_PATH=/home/tmdals010126/zephyrproject/zephyr/micro_ros_tfm/modules/libmicroros/micro_ros_src/install:/home/tmdals010126/zephyrproject/zephyr/micro_ros_tfm/modules/libmicroros/micro_ros_dev/install/ament_cmake_ros:/home/tmdals010126/zephyrproject/zephyr/micro_ros_tfm/modules/libmicroros/micro_ros_dev/install/ament_cmake_auto:/home/tmdals010126/zephyrproject/zephyr/micro_ros_tfm/modules/libmicroros/micro_ros_dev/install/ament_cmake_gmock:/home/tmdals010126/zephyrproject/zephyr/micro_ros_tfm/modules/libmicroros/micro_ros_dev/install/gmock_vendor:/home/tmdals010126/zephyrproject/zephyr/micro_ros_tfm/modules/libmicroros/micro_ros_dev/install/ament_cmake_gtest:/home/tmdals010126/zephyrproject/zephyr/micro_ros_tfm/modules/libmicroros/micro_ros_dev/install/gtest_vendor:/home/tmdals010126/zephyrproject/zephyr/micro_ros_tfm/modules/libmicroros/micro_ros_dev/install/ament_lint_common:/home/tmdals010126/zephyrproject/zephyr/micro_ros_tfm/modules/libmicroros/micro_ros_dev/install/ament_cmake_xmllint:/home/tmdals010126/zephyrproject/zephyr/micro_ros_tfm/modules/libmicroros/micro_ros_dev/install/ament_cmake_uncrustify:/home/tmdals010126/zephyrproject/zephyr/micro_ros_tfm/modules/libmicroros/micro_ros_dev/install/ament_cmake_pyflakes:/home/tmdals010126/zephyrproject/zephyr/micro_ros_tfm/modules/libmicroros/micro_ros_dev/install/ament_cmake_pycodestyle:/home/tmdals010126/zephyrproject/zephyr/micro_ros_tfm/modules/libmicroros/micro_ros_dev/install/ament_cmake_pep257:/home/tmdals010126/zephyrproject/zephyr/micro_ros_tfm/modules/libmicroros/micro_ros_dev/install/ament_cmake_pclint:/home/tmdals010126/zephyrproject/zephyr/micro_ros_tfm/modules/libmicroros/micro_ros_dev/install/ament_lint_auto:/home/tmdals010126/zephyrproject/zephyr/micro_ros_tfm/modules/libmicroros/micro_ros_dev/install/ament_cmake:/home/tmdals010126/zephyrproject/zephyr/micro_ros_tfm/modules/libmicroros/micro_ros_dev/install/ament_cmake_version:/home/tmdals010126/zephyrproject/zephyr/micro_ros_tfm/modules/libmicroros/micro_ros_dev/install/ament_cmake_vendor_package:/home/tmdals010126/zephyrproject/zephyr/micro_ros_tfm/modules/libmicroros/micro_ros_dev/install/ament_cmake_pytest:/home/tmdals010126/zephyrproject/zephyr/micro_ros_tfm/modules/libmicroros/micro_ros_dev/install/ament_cmake_nose:/home/tmdals010126/zephyrproject/zephyr/micro_ros_tfm/modules/libmicroros/micro_ros_dev/install/ament_cmake_mypy:/home/tmdals010126/zephyrproject/zephyr/micro_ros_tfm/modules/libmicroros/micro_ros_dev/install/ament_cmake_lint_cmake:/home/tmdals010126/zephyrproject/zephyr/micro_ros_tfm/modules/libmicroros/micro_ros_dev/install/ament_cmake_google_benchmark:/home/tmdals010126/zephyrproject/zephyr/micro_ros_tfm/modules/libmicroros/micro_ros_dev/install/ament_cmake_flake8:/home/tmdals010126/zephyrproject/zephyr/micro_ros_tfm/modules/libmicroros/micro_ros_dev/install/ament_cmake_cpplint:/home/tmdals010126/zephyrproject/zephyr/micro_ros_tfm/modules/libmicroros/micro_ros_dev/install/ament_cmake_cppcheck:/home/tmdals010126/zephyrproject/zephyr/micro_ros_tfm/modules/libmicroros/micro_ros_dev/install/ament_cmake_copyright:/home/tmdals010126/zephyrproject/zephyr/micro_ros_tfm/modules/libmicroros/micro_ros_dev/install/ament_cmake_clang_tidy:/home/tmdals010126/zephyrproject/zephyr/micro_ros_tfm/modules/libmicroros/micro_ros_dev/install/ament_cmake_clang_format:/home/tmdals010126/zephyrproject/zephyr/micro_ros_tfm/modules/libmicroros/micro_ros_dev/install/ament_cmake_test:/home/tmdals010126/zephyrproject/zephyr/micro_ros_tfm/modules/libmicroros/micro_ros_dev/install/ament_cmake_target_dependencies:/home/tmdals010126/zephyrproject/zephyr/micro_ros_tfm/modules/libmicroros/micro_ros_dev/install/ament_cmake_python:/home/tmdals010126/zephyrproject/zephyr/micro_ros_tfm/modules/libmicroros/micro_ros_dev/install/ament_cmake_export_dependencies:/home/tmdals010126/zephyrproject/zephyr/micro_ros_tfm/modules/libmicroros/micro_ros_dev/install/ament_cmake_libraries:/home/tmdals010126/zephyrproject/zephyr/micro_ros_tfm/modules/libmicroros/micro_ros_dev/install/ament_cmake_include_directories:/home/tmdals010126/zephyrproject/zephyr/micro_ros_tfm/modules/libmicroros/micro_ros_dev/install/ament_cmake_gen_version_h:/home/tmdals010126/zephyrproject/zephyr/micro_ros_tfm/modules/libmicroros/micro_ros_dev/install/ament_cmake_export_targets:/home/tmdals010126/zephyrproject/zephyr/micro_ros_tfm/modules/libmicroros/micro_ros_dev/install/ament_cmake_export_link_flags:/home/tmdals010126/zephyrproject/zephyr/micro_ros_tfm/modules/libmicroros/micro_ros_dev/install/ament_cmake_export_interfaces:/home/tmdals010126/zephyrproject/zephyr/micro_ros_tfm/modules/libmicroros/micro_ros_dev/install/ament_cmake_export_libraries:/home/tmdals010126/zephyrproject/zephyr/micro_ros_tfm/modules/libmicroros/micro_ros_dev/install/ament_cmake_export_include_directories:/home/tmdals010126/zephyrproject/zephyr/micro_ros_tfm/modules/libmicroros/micro_ros_dev/install/ament_cmake_export_definitions:/home/tmdals010126/zephyrproject/zephyr/micro_ros_tfm/modules/libmicroros/micro_ros_dev/install/ament_cmake_core:/home/tmdals010126/zephyrproject/zephyr/micro_ros_tfm/modules/libmicroros/micro_ros_dev/install/ament_index_cpp:/home/tmdals010126/zephyrproject/zephyr/micro_ros_tfm/modules/libmicroros/micro_ros_dev/install/domain_coordinator:/home/tmdals010126/zephyrproject/zephyr/micro_ros_tfm/modules/libmicroros/micro_ros_dev/install/ament_xmllint:/home/tmdals010126/zephyrproject/zephyr/micro_ros_tfm/modules/libmicroros/micro_ros_dev/install/ament_uncrustify:/home/tmdals010126/zephyrproject/zephyr/micro_ros_tfm/modules/libmicroros/micro_ros_dev/install/ament_pyflakes:/home/tmdals010126/zephyrproject/zephyr/micro_ros_tfm/modules/libmicroros/micro_ros_dev/install/ament_pycodestyle:/home/tmdals010126/zephyrproject/zephyr/micro_ros_tfm/modules/libmicroros/micro_ros_dev/install/ament_pep257:/home/tmdals010126/zephyrproject/zephyr/micro_ros_tfm/modules/libmicroros/micro_ros_dev/install/ament_pclint:/home/tmdals010126/zephyrproject/zephyr/micro_ros_tfm/modules/libmicroros/micro_ros_dev/install/ament_package:/home/tmdals010126/zephyrproject/zephyr/micro_ros_tfm/modules/libmicroros/micro_ros_dev/install/ament_mypy:/home/tmdals010126/zephyrproject/zephyr/micro_ros_tfm/modules/libmicroros/micro_ros_dev/install/ament_lint_cmake:/home/tmdals010126/zephyrproject/zephyr/micro_ros_tfm/modules/libmicroros/micro_ros_dev/install/ament_flake8:/home/tmdals010126/zephyrproject/zephyr/micro_ros_tfm/modules/libmicroros/micro_ros_dev/install/ament_copyright:/home/tmdals010126/zephyrproject/zephyr/micro_ros_tfm/modules/libmicroros/micro_ros_dev/install/ament_lint:/home/tmdals010126/zephyrproject/zephyr/micro_ros_tfm/modules/libmicroros/micro_ros_dev/install/ament_index_python:/home/tmdals010126/zephyrproject/zephyr/micro_ros_tfm/modules/libmicroros/micro_ros_dev/install/ament_cpplint:/home/tmdals010126/zephyrproject/zephyr/micro_ros_tfm/modules/libmicroros/micro_ros_dev/install/ament_cppcheck:/home/tmdals010126/zephyrproject/zephyr/micro_ros_tfm/modules/libmicroros/micro_ros_dev/install/ament_clang_tidy:/home/tmdals010126/zephyrproject/zephyr/micro_ros_tfm/modules/libmicroros/micro_ros_dev/install/ament_clang_format LD_LIBRARY_PATH=/home/tmdals010126/zephyrproject/zephyr/micro_ros_tfm/modules/libmicroros/micro_ros_src/install/lib:${LD_LIBRARY_PATH} PATH=/home/tmdals010126/zephyrproject/zephyr/micro_ros_tfm/modules/libmicroros/micro_ros_src/install/bin:${PATH} PYTHONPATH=/home/tmdals010126/zephyrproject/zephyr/micro_ros_tfm/modules/libmicroros/micro_ros_src/install/lib/python3.10/site-packages:${PYTHONPATH} /usr/local/bin/cmake --install /home/tmdals010126/zephyrproject/zephyr/micro_ros_tfm/modules/libmicroros/micro_ros_src/build/nav_msgs
