[0.509s] Invoking command in '/home/tmdals010126/zephyrproject/zephyr/micro_ros_tfm/modules/libmicroros/micro_ros_src/src/rosidl/rosidl_cli': PYTHONPATH=/home/tmdals010126/zephyrproject/zephyr/micro_ros_tfm/modules/libmicroros/micro_ros_src/build/rosidl_cli/prefix_override:/home/tmdals010126/zephyrproject/.venv/lib/python3.10/site-packages/colcon_core/task/python/colcon_distutils_commands:/home/tmdals010126/zephyrproject/zephyr/micro_ros_tfm/modules/libmicroros/micro_ros_src/install/lib/python3.10/site-packages:${PYTHONPATH} /home/tmdals010126/zephyrproject/.venv/bin/python3 -W ignore:setup.py install is deprecated -W ignore:easy_install command is deprecated setup.py egg_info --egg-base ../../../build/rosidl_cli build --build-base /home/tmdals010126/zephyrproject/zephyr/micro_ros_tfm/modules/libmicroros/micro_ros_src/build/rosidl_cli/build install --record /home/tmdals010126/zephyrproject/zephyr/micro_ros_tfm/modules/libmicroros/micro_ros_src/build/rosidl_cli/install.log --single-version-externally-managed install_data
[0.591s] /home/tmdals010126/zephyrproject/.venv/lib/python3.10/site-packages/setuptools/_distutils/dist.py:289: UserWarning: Unknown distribution option: 'tests_require'
[0.591s]   warnings.warn(msg)
[0.604s] /home/tmdals010126/zephyrproject/.venv/lib/python3.10/site-packages/setuptools/dist.py:759: SetuptoolsDeprecationWarning: License classifiers are deprecated.
[0.604s] !!
[0.604s] 
[0.604s]         ********************************************************************************
[0.604s]         Please consider removing the following classifiers in favor of a SPDX license expression:
[0.604s] 
[0.604s]         License :: OSI Approved :: Apache Software License
[0.604s] 
[0.604s]         See https://packaging.python.org/en/latest/guides/writing-pyproject-toml/#license for details.
[0.604s]         ********************************************************************************
[0.604s] 
[0.604s] !!
[0.604s]   self._finalize_license_expression()
[0.620s] running egg_info
[0.624s] writing ../../../build/rosidl_cli/rosidl_cli.egg-info/PKG-INFO
[0.624s] writing dependency_links to ../../../build/rosidl_cli/rosidl_cli.egg-info/dependency_links.txt
[0.624s] writing entry points to ../../../build/rosidl_cli/rosidl_cli.egg-info/entry_points.txt
[0.625s] writing requirements to ../../../build/rosidl_cli/rosidl_cli.egg-info/requires.txt
[0.625s] writing top-level names to ../../../build/rosidl_cli/rosidl_cli.egg-info/top_level.txt
[0.652s] writing manifest file '../../../build/rosidl_cli/rosidl_cli.egg-info/SOURCES.txt'
[0.652s] running build
[0.652s] running build_py
[0.653s] copying rosidl_cli/cli.py -> /home/tmdals010126/zephyrproject/zephyr/micro_ros_tfm/modules/libmicroros/micro_ros_src/build/rosidl_cli/build/lib/rosidl_cli
[0.653s] copying rosidl_cli/__init__.py -> /home/tmdals010126/zephyrproject/zephyr/micro_ros_tfm/modules/libmicroros/micro_ros_src/build/rosidl_cli/build/lib/rosidl_cli
[0.653s] copying rosidl_cli/common.py -> /home/tmdals010126/zephyrproject/zephyr/micro_ros_tfm/modules/libmicroros/micro_ros_src/build/rosidl_cli/build/lib/rosidl_cli
[0.653s] copying rosidl_cli/extensions.py -> /home/tmdals010126/zephyrproject/zephyr/micro_ros_tfm/modules/libmicroros/micro_ros_src/build/rosidl_cli/build/lib/rosidl_cli
[0.653s] copying rosidl_cli/entry_points.py -> /home/tmdals010126/zephyrproject/zephyr/micro_ros_tfm/modules/libmicroros/micro_ros_src/build/rosidl_cli/build/lib/rosidl_cli
[0.653s] copying rosidl_cli/command/__init__.py -> /home/tmdals010126/zephyrproject/zephyr/micro_ros_tfm/modules/libmicroros/micro_ros_src/build/rosidl_cli/build/lib/rosidl_cli/command
[0.653s] copying rosidl_cli/command/helpers.py -> /home/tmdals010126/zephyrproject/zephyr/micro_ros_tfm/modules/libmicroros/micro_ros_src/build/rosidl_cli/build/lib/rosidl_cli/command
[0.653s] copying rosidl_cli/command/translate/api.py -> /home/tmdals010126/zephyrproject/zephyr/micro_ros_tfm/modules/libmicroros/micro_ros_src/build/rosidl_cli/build/lib/rosidl_cli/command/translate
[0.653s] copying rosidl_cli/command/translate/__init__.py -> /home/tmdals010126/zephyrproject/zephyr/micro_ros_tfm/modules/libmicroros/micro_ros_src/build/rosidl_cli/build/lib/rosidl_cli/command/translate
[0.653s] copying rosidl_cli/command/translate/extensions.py -> /home/tmdals010126/zephyrproject/zephyr/micro_ros_tfm/modules/libmicroros/micro_ros_src/build/rosidl_cli/build/lib/rosidl_cli/command/translate
[0.653s] copying rosidl_cli/command/generate/api.py -> /home/tmdals010126/zephyrproject/zephyr/micro_ros_tfm/modules/libmicroros/micro_ros_src/build/rosidl_cli/build/lib/rosidl_cli/command/generate
[0.653s] copying rosidl_cli/command/generate/__init__.py -> /home/tmdals010126/zephyrproject/zephyr/micro_ros_tfm/modules/libmicroros/micro_ros_src/build/rosidl_cli/build/lib/rosidl_cli/command/generate
[0.653s] copying rosidl_cli/command/generate/extensions.py -> /home/tmdals010126/zephyrproject/zephyr/micro_ros_tfm/modules/libmicroros/micro_ros_src/build/rosidl_cli/build/lib/rosidl_cli/command/generate
[0.654s] running install
[0.655s] running install_lib
[0.660s] running install_data
[0.660s] copying resource/rosidl_cli -> /home/tmdals010126/zephyrproject/zephyr/micro_ros_tfm/modules/libmicroros/micro_ros_src/install/share/ament_index/resource_index/packages
[0.660s] copying package.xml -> /home/tmdals010126/zephyrproject/zephyr/micro_ros_tfm/modules/libmicroros/micro_ros_src/install/share/rosidl_cli
[0.660s] copying completion/rosidl-argcomplete.bash -> /home/tmdals010126/zephyrproject/zephyr/micro_ros_tfm/modules/libmicroros/micro_ros_src/install/share/rosidl_cli/environment
[0.660s] copying completion/rosidl-argcomplete.zsh -> /home/tmdals010126/zephyrproject/zephyr/micro_ros_tfm/modules/libmicroros/micro_ros_src/install/share/rosidl_cli/environment
[0.660s] running install_egg_info
[0.664s] removing '/home/tmdals010126/zephyrproject/zephyr/micro_ros_tfm/modules/libmicroros/micro_ros_src/install/lib/python3.10/site-packages/rosidl_cli-3.1.7-py3.10.egg-info' (and everything under it)
[0.665s] Copying ../../../build/rosidl_cli/rosidl_cli.egg-info to /home/tmdals010126/zephyrproject/zephyr/micro_ros_tfm/modules/libmicroros/micro_ros_src/install/lib/python3.10/site-packages/rosidl_cli-3.1.7-py3.10.egg-info
[0.665s] running install_scripts
[0.673s] Installing rosidl script to /home/tmdals010126/zephyrproject/zephyr/micro_ros_tfm/modules/libmicroros/micro_ros_src/install/bin
[0.674s] writing list of installed files to '/home/tmdals010126/zephyrproject/zephyr/micro_ros_tfm/modules/libmicroros/micro_ros_src/build/rosidl_cli/install.log'
[0.696s] Invoked command in '/home/tmdals010126/zephyrproject/zephyr/micro_ros_tfm/modules/libmicroros/micro_ros_src/src/rosidl/rosidl_cli' returned '0': PYTHONPATH=/home/tmdals010126/zephyrproject/zephyr/micro_ros_tfm/modules/libmicroros/micro_ros_src/build/rosidl_cli/prefix_override:/home/tmdals010126/zephyrproject/.venv/lib/python3.10/site-packages/colcon_core/task/python/colcon_distutils_commands:/home/tmdals010126/zephyrproject/zephyr/micro_ros_tfm/modules/libmicroros/micro_ros_src/install/lib/python3.10/site-packages:${PYTHONPATH} /home/tmdals010126/zephyrproject/.venv/bin/python3 -W ignore:setup.py install is deprecated -W ignore:easy_install command is deprecated setup.py egg_info --egg-base ../../../build/rosidl_cli build --build-base /home/tmdals010126/zephyrproject/zephyr/micro_ros_tfm/modules/libmicroros/micro_ros_src/build/rosidl_cli/build install --record /home/tmdals010126/zephyrproject/zephyr/micro_ros_tfm/modules/libmicroros/micro_ros_src/build/rosidl_cli/install.log --single-version-externally-managed install_data
