Not searching for unused variables given on the command line.
-- The C compiler identification is GNU 12.2.0
-- The CXX compiler identification is GNU 12.2.0
-- Detecting C compiler ABI info
-- Detecting C compiler ABI info - done
-- Check for working C compiler: /home/tmdals010126/zephyr-sdk-0.17.0/arm-zephyr-eabi/bin/arm-zephyr-eabi-gcc - skipped
-- Detecting C compile features
-- Detecting C compile features - done
-- Detecting CXX compiler ABI info
-- Detecting CXX compiler ABI info - done
-- Check for working CXX compiler: /home/tmdals010126/zephyr-sdk-0.17.0/arm-zephyr-eabi/bin/arm-zephyr-eabi-g++ - skipped
-- Detecting CXX compile features
-- Detecting CXX compile features - done
-- Found ament_cmake: 1.3.12 (/home/tmdals010126/zephyrproject/zephyr/micro_ros_tfm/modules/libmicroros/micro_ros_dev/install/ament_cmake/share/ament_cmake/cmake)
-- Found Python3: /home/tmdals010126/zephyrproject/.venv/bin/python3 (found version "3.10.12") found components: Interpreter 
-- Found rcl: 5.3.10 (/home/tmdals010126/zephyrproject/zephyr/micro_ros_tfm/modules/libmicroros/micro_ros_src/install/share/rcl/cmake)
-- Using all available rosidl_typesupport_c: rosidl_typesupport_introspection_c;rosidl_typesupport_microxrcedds_c
-- Found rosidl_adapter: 3.1.7 (/home/tmdals010126/zephyrproject/zephyr/micro_ros_tfm/modules/libmicroros/micro_ros_src/install/share/rosidl_adapter/cmake)
-- Found rmw_implementation_cmake: 6.1.2 (/home/tmdals010126/zephyrproject/zephyr/micro_ros_tfm/modules/libmicroros/micro_ros_src/install/share/rmw_implementation_cmake/cmake)
-- Found rmw_microxrcedds: 3.0.3 (/home/tmdals010126/zephyrproject/zephyr/micro_ros_tfm/modules/libmicroros/micro_ros_src/install/share/rmw_microxrcedds/cmake)
-- Using RMW implementation 'rmw_microxrcedds'
-- Found rclc: 4.0.2 (/home/tmdals010126/zephyrproject/zephyr/micro_ros_tfm/modules/libmicroros/micro_ros_src/install/share/rclc/cmake)
-- Configuring done (0.4s)
-- Generating done (0.0s)
-- Build files have been written to: /home/tmdals010126/zephyrproject/zephyr/micro_ros_tfm/modules/libmicroros/micro_ros_src/build/rclc_parameter
gmake[1]: Entering directory '/home/tmdals010126/zephyrproject/zephyr/micro_ros_tfm/modules/libmicroros/micro_ros_src/build/rclc_parameter'
/usr/local/bin/cmake -S/home/tmdals010126/zephyrproject/zephyr/micro_ros_tfm/modules/libmicroros/micro_ros_src/src/rclc/rclc_parameter -B/home/tmdals010126/zephyrproject/zephyr/micro_ros_tfm/modules/libmicroros/micro_ros_src/build/rclc_parameter --check-build-system CMakeFiles/Makefile.cmake 0
/usr/local/bin/cmake -E cmake_progress_start /home/tmdals010126/zephyrproject/zephyr/micro_ros_tfm/modules/libmicroros/micro_ros_src/build/rclc_parameter/CMakeFiles /home/tmdals010126/zephyrproject/zephyr/micro_ros_tfm/modules/libmicroros/micro_ros_src/build/rclc_parameter//CMakeFiles/progress.marks
/usr/bin/gmake  -f CMakeFiles/Makefile2 all
gmake[2]: Entering directory '/home/tmdals010126/zephyrproject/zephyr/micro_ros_tfm/modules/libmicroros/micro_ros_src/build/rclc_parameter'
/usr/bin/gmake  -f CMakeFiles/rclc_parameter.dir/build.make CMakeFiles/rclc_parameter.dir/depend
gmake[3]: Entering directory '/home/tmdals010126/zephyrproject/zephyr/micro_ros_tfm/modules/libmicroros/micro_ros_src/build/rclc_parameter'
cd /home/tmdals010126/zephyrproject/zephyr/micro_ros_tfm/modules/libmicroros/micro_ros_src/build/rclc_parameter && /usr/local/bin/cmake -E cmake_depends "Unix Makefiles" /home/tmdals010126/zephyrproject/zephyr/micro_ros_tfm/modules/libmicroros/micro_ros_src/src/rclc/rclc_parameter /home/tmdals010126/zephyrproject/zephyr/micro_ros_tfm/modules/libmicroros/micro_ros_src/src/rclc/rclc_parameter /home/tmdals010126/zephyrproject/zephyr/micro_ros_tfm/modules/libmicroros/micro_ros_src/build/rclc_parameter /home/tmdals010126/zephyrproject/zephyr/micro_ros_tfm/modules/libmicroros/micro_ros_src/build/rclc_parameter /home/tmdals010126/zephyrproject/zephyr/micro_ros_tfm/modules/libmicroros/micro_ros_src/build/rclc_parameter/CMakeFiles/rclc_parameter.dir/DependInfo.cmake "--color="
gmake[3]: Leaving directory '/home/tmdals010126/zephyrproject/zephyr/micro_ros_tfm/modules/libmicroros/micro_ros_src/build/rclc_parameter'
/usr/bin/gmake  -f CMakeFiles/rclc_parameter.dir/build.make CMakeFiles/rclc_parameter.dir/build
gmake[3]: Entering directory '/home/tmdals010126/zephyrproject/zephyr/micro_ros_tfm/modules/libmicroros/micro_ros_src/build/rclc_parameter'
[ 33%] Building C object CMakeFiles/rclc_parameter.dir/src/rclc_parameter/parameter_utils.c.obj
[ 66%] Building C object CMakeFiles/rclc_parameter.dir/src/rclc_parameter/parameter_server.c.obj
/home/tmdals010126/zephyr-sdk-0.17.0/arm-zephyr-eabi/bin/arm-zephyr-eabi-gcc --sysroot=/home/tmdals010126/zephyrproject/zephyr/micro_ros_tfm/modules/libmicroros -DRCLC_PARAMETER_BUILDING_LIBRARY -DRCLC_PARAMETER_MAX_STRING_LENGTH=50 -I/home/tmdals010126/zephyrproject/zephyr/micro_ros_tfm/modules/libmicroros/micro_ros_src/src/rclc/rclc_parameter/include -I/home/tmdals010126/zephyrproject/zephyr/micro_ros_tfm/modules/libmicroros/micro_ros_src/src/rclc/rclc_parameter/src -isystem /home/tmdals010126/zephyrproject/zephyr/micro_ros_tfm/modules/libmicroros/micro_ros_src/install/include/rcl -isystem /home/tmdals010126/zephyrproject/zephyr/micro_ros_tfm/modules/libmicroros/micro_ros_src/install/include -isystem /home/tmdals010126/zephyrproject/zephyr/micro_ros_tfm/modules/libmicroros/micro_ros_src/install/include/rosidl_typesupport_interface -isystem /home/tmdals010126/zephyrproject/zephyr/micro_ros_tfm/modules/libmicroros/micro_ros_src/install/include/rcutils -isystem /home/tmdals010126/zephyrproject/zephyr/micro_ros_tfm/modules/libmicroros/micro_ros_src/install/include/builtin_interfaces -isystem /home/tmdals010126/zephyrproject/zephyr/micro_ros_tfm/modules/libmicroros/micro_ros_src/install/include/rcl_interfaces -isystem /home/tmdals010126/zephyrproject/zephyr/micro_ros_tfm/modules/libmicroros/micro_ros_src/install/include/rosidl_runtime_c -isystem /home/tmdals010126/zephyrproject/zephyr/micro_ros_tfm/modules/libmicroros/micro_ros_src/install/include/rosidl_typesupport_introspection_c -isystem /home/tmdals010126/zephyrproject/zephyr/micro_ros_tfm/modules/libmicroros/micro_ros_src/install/include/rcl_logging_interface -isystem /home/tmdals010126/zephyrproject/zephyr/micro_ros_tfm/modules/libmicroros/micro_ros_src/install/include/rmw -isystem /home/tmdals010126/zephyrproject/zephyr/micro_ros_tfm/modules/libmicroros/micro_ros_src/install/include/tracetools -isystem /home/tmdals010126/zephyrproject/zephyr/micro_ros_tfm/modules/libmicroros/micro_ros_src/install/include/rcl_action -isystem /home/tmdals010126/zephyrproject/zephyr/micro_ros_tfm/modules/libmicroros/micro_ros_src/install/include/action_msgs -isystem /home/tmdals010126/zephyrproject/zephyr/micro_ros_tfm/modules/libmicroros/micro_ros_src/install/include/unique_identifier_msgs -c -I/home/tmdals010126/zephyrproject/zephyr/include/posix -I/home/tmdals010126/zephyrproject/zephyr/build/zephyr/include/generated -I/home/tmdals010126/zephyrproject/zephyr/micro_ros_tfm/modules/libmicroros/../../../../modules/tee/tf-m/trusted-firmware-m/interface/include -I/home/tmdals010126/zephyrproject/zephyr/micro_ros_tfm/modules/libmicroros/../../../../modules/tee/tf-m/trusted-firmware-m/interface/include/psa -I/home/tmdals010126/zephyrproject/zephyr/micro_ros_tfm/modules/libmicroros/../../src -I/home/tmdals010126/zephyrproject/zephyr/micro_ros_tfm/modules/libmicroros/../../src/configs -I/home/tmdals010126/zephyrproject/zephyr/build/zephyr/include/generated/zephyr -I/home/tmdals010126/zephyrproject/zephyr/include -I/home/tmdals010126/zephyrproject/zephyr/build/zephyr/include/generated -I/home/tmdals010126/zephyrproject/zephyr/soc/st/stm32 -I/home/tmdals010126/zephyrproject/zephyr/lib/libc/newlib/include -I/home/tmdals010126/zephyrproject/zephyr/lib/libc/common/include -I/home/tmdals010126/zephyrproject/zephyr/include/zephyr/posix -I/home/tmdals010126/zephyrproject/zephyr/lib/cpp/minimal/include -I/home/tmdals010126/zephyrproject/zephyr/soc/st/stm32/common/. -I/home/tmdals010126/zephyrproject/zephyr/drivers -I/home/tmdals010126/zephyrproject/zephyr/soc/st/stm32/stm32l5x/. -I/home/tmdals010126/zephyrproject/modules/hal/cmsis/CMSIS/Core/Include -I/home/tmdals010126/zephyrproject/zephyr/modules/cmsis/. -I/home/tmdals010126/zephyrproject/modules/hal/stm32/stm32cube/stm32l5xx/soc -I/home/tmdals010126/zephyrproject/modules/hal/stm32/stm32cube/stm32l5xx/drivers/include -I/home/tmdals010126/zephyrproject/modules/hal/stm32/stm32cube/common_ll/include -DKERNEL -D__ZEPHYR__=1 -D_ANSI_SOURCE -D__LINUX_ERRNO_EXTENSIONS__ -D__PROGRAM_START -DSTM32L552xx -DUSE_HAL_DRIVER -DUSE_FULL_LL_DRIVER -DHSE_VALUE=8000000 -fno-strict-aliasing -Os -imacros /home/tmdals010126/zephyrproject/zephyr/build/zephyr/include/generated/zephyr/autoconf.h -fno-common -g -gdwarf-4 -fdiagnostics-color=always -mcpu=cortex-m33 -mthumb -mabi=aapcs -mfp16-format=ieee --sysroot=/home/tmdals010126/zephyr-sdk-0.17.0/arm-zephyr-eabi/arm-zephyr-eabi -imacros /home/tmdals010126/zephyrproject/zephyr/include/zephyr/toolchain/zephyr_stdint.h -Wall -Wformat -Wformat-security -Wformat -Wno-format-zero-length -Wdouble-promotion -Wno-pointer-sign -Wpointer-arith -Wexpansion-to-defined -Wno-unused-but-set-variable -Werror=implicit-int -fno-pic -fno-pie -fno-asynchronous-unwind-tables -fno-reorder-functions --param=min-pagesize=0 -fno-defer-pop -fmacro-prefix-map=/home/tmdals010126/zephyrproject/zephyr/micro_ros_tfm=CMAKE_SOURCE_DIR -fmacro-prefix-map=/home/tmdals010126/zephyrproject/zephyr=ZEPHYR_BASE -fmacro-prefix-map=/home/tmdals010126/zephyrproject=WEST_TOPDIR -ffunction-sections -fdata-sections -D_POSIX_THREADS -isystem/home/tmdals010126/zephyrproject/zephyr/lib/libc/common/include -isystem/home/tmdals010126/zephyrproject/zephyr/lib/cpp/minimal/include -O3 -DNDEBUG -std=gnu11 -Wall -Wextra -Wpedantic -MD -MT CMakeFiles/rclc_parameter.dir/src/rclc_parameter/parameter_utils.c.obj -MF CMakeFiles/rclc_parameter.dir/src/rclc_parameter/parameter_utils.c.obj.d -o CMakeFiles/rclc_parameter.dir/src/rclc_parameter/parameter_utils.c.obj -c /home/tmdals010126/zephyrproject/zephyr/micro_ros_tfm/modules/libmicroros/micro_ros_src/src/rclc/rclc_parameter/src/rclc_parameter/parameter_utils.c
/home/tmdals010126/zephyr-sdk-0.17.0/arm-zephyr-eabi/bin/arm-zephyr-eabi-gcc --sysroot=/home/tmdals010126/zephyrproject/zephyr/micro_ros_tfm/modules/libmicroros -DRCLC_PARAMETER_BUILDING_LIBRARY -DRCLC_PARAMETER_MAX_STRING_LENGTH=50 -I/home/tmdals010126/zephyrproject/zephyr/micro_ros_tfm/modules/libmicroros/micro_ros_src/src/rclc/rclc_parameter/include -I/home/tmdals010126/zephyrproject/zephyr/micro_ros_tfm/modules/libmicroros/micro_ros_src/src/rclc/rclc_parameter/src -isystem /home/tmdals010126/zephyrproject/zephyr/micro_ros_tfm/modules/libmicroros/micro_ros_src/install/include/rcl -isystem /home/tmdals010126/zephyrproject/zephyr/micro_ros_tfm/modules/libmicroros/micro_ros_src/install/include -isystem /home/tmdals010126/zephyrproject/zephyr/micro_ros_tfm/modules/libmicroros/micro_ros_src/install/include/rosidl_typesupport_interface -isystem /home/tmdals010126/zephyrproject/zephyr/micro_ros_tfm/modules/libmicroros/micro_ros_src/install/include/rcutils -isystem /home/tmdals010126/zephyrproject/zephyr/micro_ros_tfm/modules/libmicroros/micro_ros_src/install/include/builtin_interfaces -isystem /home/tmdals010126/zephyrproject/zephyr/micro_ros_tfm/modules/libmicroros/micro_ros_src/install/include/rcl_interfaces -isystem /home/tmdals010126/zephyrproject/zephyr/micro_ros_tfm/modules/libmicroros/micro_ros_src/install/include/rosidl_runtime_c -isystem /home/tmdals010126/zephyrproject/zephyr/micro_ros_tfm/modules/libmicroros/micro_ros_src/install/include/rosidl_typesupport_introspection_c -isystem /home/tmdals010126/zephyrproject/zephyr/micro_ros_tfm/modules/libmicroros/micro_ros_src/install/include/rcl_logging_interface -isystem /home/tmdals010126/zephyrproject/zephyr/micro_ros_tfm/modules/libmicroros/micro_ros_src/install/include/rmw -isystem /home/tmdals010126/zephyrproject/zephyr/micro_ros_tfm/modules/libmicroros/micro_ros_src/install/include/tracetools -isystem /home/tmdals010126/zephyrproject/zephyr/micro_ros_tfm/modules/libmicroros/micro_ros_src/install/include/rcl_action -isystem /home/tmdals010126/zephyrproject/zephyr/micro_ros_tfm/modules/libmicroros/micro_ros_src/install/include/action_msgs -isystem /home/tmdals010126/zephyrproject/zephyr/micro_ros_tfm/modules/libmicroros/micro_ros_src/install/include/unique_identifier_msgs -c -I/home/tmdals010126/zephyrproject/zephyr/include/posix -I/home/tmdals010126/zephyrproject/zephyr/build/zephyr/include/generated -I/home/tmdals010126/zephyrproject/zephyr/micro_ros_tfm/modules/libmicroros/../../../../modules/tee/tf-m/trusted-firmware-m/interface/include -I/home/tmdals010126/zephyrproject/zephyr/micro_ros_tfm/modules/libmicroros/../../../../modules/tee/tf-m/trusted-firmware-m/interface/include/psa -I/home/tmdals010126/zephyrproject/zephyr/micro_ros_tfm/modules/libmicroros/../../src -I/home/tmdals010126/zephyrproject/zephyr/micro_ros_tfm/modules/libmicroros/../../src/configs -I/home/tmdals010126/zephyrproject/zephyr/build/zephyr/include/generated/zephyr -I/home/tmdals010126/zephyrproject/zephyr/include -I/home/tmdals010126/zephyrproject/zephyr/build/zephyr/include/generated -I/home/tmdals010126/zephyrproject/zephyr/soc/st/stm32 -I/home/tmdals010126/zephyrproject/zephyr/lib/libc/newlib/include -I/home/tmdals010126/zephyrproject/zephyr/lib/libc/common/include -I/home/tmdals010126/zephyrproject/zephyr/include/zephyr/posix -I/home/tmdals010126/zephyrproject/zephyr/lib/cpp/minimal/include -I/home/tmdals010126/zephyrproject/zephyr/soc/st/stm32/common/. -I/home/tmdals010126/zephyrproject/zephyr/drivers -I/home/tmdals010126/zephyrproject/zephyr/soc/st/stm32/stm32l5x/. -I/home/tmdals010126/zephyrproject/modules/hal/cmsis/CMSIS/Core/Include -I/home/tmdals010126/zephyrproject/zephyr/modules/cmsis/. -I/home/tmdals010126/zephyrproject/modules/hal/stm32/stm32cube/stm32l5xx/soc -I/home/tmdals010126/zephyrproject/modules/hal/stm32/stm32cube/stm32l5xx/drivers/include -I/home/tmdals010126/zephyrproject/modules/hal/stm32/stm32cube/common_ll/include -DKERNEL -D__ZEPHYR__=1 -D_ANSI_SOURCE -D__LINUX_ERRNO_EXTENSIONS__ -D__PROGRAM_START -DSTM32L552xx -DUSE_HAL_DRIVER -DUSE_FULL_LL_DRIVER -DHSE_VALUE=8000000 -fno-strict-aliasing -Os -imacros /home/tmdals010126/zephyrproject/zephyr/build/zephyr/include/generated/zephyr/autoconf.h -fno-common -g -gdwarf-4 -fdiagnostics-color=always -mcpu=cortex-m33 -mthumb -mabi=aapcs -mfp16-format=ieee --sysroot=/home/tmdals010126/zephyr-sdk-0.17.0/arm-zephyr-eabi/arm-zephyr-eabi -imacros /home/tmdals010126/zephyrproject/zephyr/include/zephyr/toolchain/zephyr_stdint.h -Wall -Wformat -Wformat-security -Wformat -Wno-format-zero-length -Wdouble-promotion -Wno-pointer-sign -Wpointer-arith -Wexpansion-to-defined -Wno-unused-but-set-variable -Werror=implicit-int -fno-pic -fno-pie -fno-asynchronous-unwind-tables -fno-reorder-functions --param=min-pagesize=0 -fno-defer-pop -fmacro-prefix-map=/home/tmdals010126/zephyrproject/zephyr/micro_ros_tfm=CMAKE_SOURCE_DIR -fmacro-prefix-map=/home/tmdals010126/zephyrproject/zephyr=ZEPHYR_BASE -fmacro-prefix-map=/home/tmdals010126/zephyrproject=WEST_TOPDIR -ffunction-sections -fdata-sections -D_POSIX_THREADS -isystem/home/tmdals010126/zephyrproject/zephyr/lib/libc/common/include -isystem/home/tmdals010126/zephyrproject/zephyr/lib/cpp/minimal/include -O3 -DNDEBUG -std=gnu11 -Wall -Wextra -Wpedantic -MD -MT CMakeFiles/rclc_parameter.dir/src/rclc_parameter/parameter_server.c.obj -MF CMakeFiles/rclc_parameter.dir/src/rclc_parameter/parameter_server.c.obj.d -o CMakeFiles/rclc_parameter.dir/src/rclc_parameter/parameter_server.c.obj -c /home/tmdals010126/zephyrproject/zephyr/micro_ros_tfm/modules/libmicroros/micro_ros_src/src/rclc/rclc_parameter/src/rclc_parameter/parameter_server.c
[100%] Linking CXX static library librclc_parameter.a
/usr/local/bin/cmake -P CMakeFiles/rclc_parameter.dir/cmake_clean_target.cmake
/usr/local/bin/cmake -E cmake_link_script CMakeFiles/rclc_parameter.dir/link.txt --verbose=1
/home/tmdals010126/zephyr-sdk-0.17.0/arm-zephyr-eabi/bin/arm-zephyr-eabi-ar qc librclc_parameter.a CMakeFiles/rclc_parameter.dir/src/rclc_parameter/parameter_server.c.obj CMakeFiles/rclc_parameter.dir/src/rclc_parameter/parameter_utils.c.obj
/home/tmdals010126/zephyr-sdk-0.17.0/arm-zephyr-eabi/bin/arm-zephyr-eabi-ranlib librclc_parameter.a
gmake[3]: Leaving directory '/home/tmdals010126/zephyrproject/zephyr/micro_ros_tfm/modules/libmicroros/micro_ros_src/build/rclc_parameter'
[100%] Built target rclc_parameter
gmake[2]: Leaving directory '/home/tmdals010126/zephyrproject/zephyr/micro_ros_tfm/modules/libmicroros/micro_ros_src/build/rclc_parameter'
/usr/local/bin/cmake -E cmake_progress_start /home/tmdals010126/zephyrproject/zephyr/micro_ros_tfm/modules/libmicroros/micro_ros_src/build/rclc_parameter/CMakeFiles 0
gmake[1]: Leaving directory '/home/tmdals010126/zephyrproject/zephyr/micro_ros_tfm/modules/libmicroros/micro_ros_src/build/rclc_parameter'
-- Install configuration: "Release"
-- Installing: /home/tmdals010126/zephyrproject/zephyr/micro_ros_tfm/modules/libmicroros/micro_ros_src/install/lib/librclc_parameter.a
-- Up-to-date: /home/tmdals010126/zephyrproject/zephyr/micro_ros_tfm/modules/libmicroros/micro_ros_src/install/include
-- Up-to-date: /home/tmdals010126/zephyrproject/zephyr/micro_ros_tfm/modules/libmicroros/micro_ros_src/install/include/rclc_parameter
-- Up-to-date: /home/tmdals010126/zephyrproject/zephyr/micro_ros_tfm/modules/libmicroros/micro_ros_src/install/include/rclc_parameter/visibility_control.h
-- Up-to-date: /home/tmdals010126/zephyrproject/zephyr/micro_ros_tfm/modules/libmicroros/micro_ros_src/install/include/rclc_parameter/rclc_parameter.h
-- Up-to-date: /home/tmdals010126/zephyrproject/zephyr/micro_ros_tfm/modules/libmicroros/micro_ros_src/install/share/rclc_parameter/environment/library_path.sh
-- Installing: /home/tmdals010126/zephyrproject/zephyr/micro_ros_tfm/modules/libmicroros/micro_ros_src/install/share/rclc_parameter/environment/library_path.dsv
-- Installing: /home/tmdals010126/zephyrproject/zephyr/micro_ros_tfm/modules/libmicroros/micro_ros_src/install/share/ament_index/resource_index/package_run_dependencies/rclc_parameter
-- Installing: /home/tmdals010126/zephyrproject/zephyr/micro_ros_tfm/modules/libmicroros/micro_ros_src/install/share/ament_index/resource_index/parent_prefix_path/rclc_parameter
-- Up-to-date: /home/tmdals010126/zephyrproject/zephyr/micro_ros_tfm/modules/libmicroros/micro_ros_src/install/share/rclc_parameter/environment/ament_prefix_path.sh
-- Installing: /home/tmdals010126/zephyrproject/zephyr/micro_ros_tfm/modules/libmicroros/micro_ros_src/install/share/rclc_parameter/environment/ament_prefix_path.dsv
-- Up-to-date: /home/tmdals010126/zephyrproject/zephyr/micro_ros_tfm/modules/libmicroros/micro_ros_src/install/share/rclc_parameter/environment/path.sh
-- Installing: /home/tmdals010126/zephyrproject/zephyr/micro_ros_tfm/modules/libmicroros/micro_ros_src/install/share/rclc_parameter/environment/path.dsv
-- Installing: /home/tmdals010126/zephyrproject/zephyr/micro_ros_tfm/modules/libmicroros/micro_ros_src/install/share/rclc_parameter/local_setup.bash
-- Installing: /home/tmdals010126/zephyrproject/zephyr/micro_ros_tfm/modules/libmicroros/micro_ros_src/install/share/rclc_parameter/local_setup.sh
-- Installing: /home/tmdals010126/zephyrproject/zephyr/micro_ros_tfm/modules/libmicroros/micro_ros_src/install/share/rclc_parameter/local_setup.zsh
-- Installing: /home/tmdals010126/zephyrproject/zephyr/micro_ros_tfm/modules/libmicroros/micro_ros_src/install/share/rclc_parameter/local_setup.dsv
-- Installing: /home/tmdals010126/zephyrproject/zephyr/micro_ros_tfm/modules/libmicroros/micro_ros_src/install/share/rclc_parameter/package.dsv
-- Installing: /home/tmdals010126/zephyrproject/zephyr/micro_ros_tfm/modules/libmicroros/micro_ros_src/install/share/ament_index/resource_index/packages/rclc_parameter
-- Installing: /home/tmdals010126/zephyrproject/zephyr/micro_ros_tfm/modules/libmicroros/micro_ros_src/install/share/rclc_parameter/cmake/rclc_parameterExport.cmake
-- Installing: /home/tmdals010126/zephyrproject/zephyr/micro_ros_tfm/modules/libmicroros/micro_ros_src/install/share/rclc_parameter/cmake/rclc_parameterExport-release.cmake
-- Installing: /home/tmdals010126/zephyrproject/zephyr/micro_ros_tfm/modules/libmicroros/micro_ros_src/install/share/rclc_parameter/cmake/ament_cmake_export_include_directories-extras.cmake
-- Installing: /home/tmdals010126/zephyrproject/zephyr/micro_ros_tfm/modules/libmicroros/micro_ros_src/install/share/rclc_parameter/cmake/ament_cmake_export_libraries-extras.cmake
-- Installing: /home/tmdals010126/zephyrproject/zephyr/micro_ros_tfm/modules/libmicroros/micro_ros_src/install/share/rclc_parameter/cmake/ament_cmake_export_targets-extras.cmake
-- Installing: /home/tmdals010126/zephyrproject/zephyr/micro_ros_tfm/modules/libmicroros/micro_ros_src/install/share/rclc_parameter/cmake/ament_cmake_export_dependencies-extras.cmake
-- Installing: /home/tmdals010126/zephyrproject/zephyr/micro_ros_tfm/modules/libmicroros/micro_ros_src/install/share/rclc_parameter/cmake/rclc_parameterConfig.cmake
-- Installing: /home/tmdals010126/zephyrproject/zephyr/micro_ros_tfm/modules/libmicroros/micro_ros_src/install/share/rclc_parameter/cmake/rclc_parameterConfig-version.cmake
-- Up-to-date: /home/tmdals010126/zephyrproject/zephyr/micro_ros_tfm/modules/libmicroros/micro_ros_src/install/share/rclc_parameter/package.xml
