In file included from [01m[K/home/tmdals010126/zephyrproject/zephyr/micro_ros_tfm/modules/libmicroros/micro_ros_src/build/action_msgs/rosidl_typesupport_microxrcedds_c/action_msgs/msg/detail/goal_info__rosidl_typesupport_microxrcedds_c.h:10[m[K,
                 from [01m[K/home/tmdals010126/zephyrproject/zephyr/micro_ros_tfm/modules/libmicroros/micro_ros_src/build/action_msgs/rosidl_typesupport_microxrcedds_c/action_msgs/msg/detail/microxrcedds/goal_info__type_support_c.c:4[m[K:
[01m[K/home/tmdals010126/zephyrproject/zephyr/lib/libc/newlib/include/stdint.h:28:2:[m[K [01;35m[Kwarning: [m[K#include_next is a GCC extension
   28 | #[01;35m[Kinclude_next[m[K <stdint.h>
      |  [01;35m[K^~~~~~~~~~~~[m[K
In file included from [01m[K/home/tmdals010126/zephyrproject/zephyr/micro_ros_tfm/modules/libmicroros/micro_ros_src/build/action_msgs/rosidl_typesupport_microxrcedds_c/action_msgs/msg/detail/goal_status__rosidl_typesupport_microxrcedds_c.h:10[m[K,
                 from [01m[K/home/tmdals010126/zephyrproject/zephyr/micro_ros_tfm/modules/libmicroros/micro_ros_src/build/action_msgs/rosidl_typesupport_microxrcedds_c/action_msgs/msg/detail/microxrcedds/goal_status__type_support_c.c:4[m[K:
[01m[K/home/tmdals010126/zephyrproject/zephyr/lib/libc/newlib/include/stdint.h:28:2:[m[K [01;35m[Kwarning: [m[K#include_next is a GCC extension
   28 | #[01;35m[Kinclude_next[m[K <stdint.h>
      |  [01;35m[K^~~~~~~~~~~~[m[K
In file included from [01m[K/home/tmdals010126/zephyrproject/zephyr/micro_ros_tfm/modules/libmicroros/micro_ros_src/build/action_msgs/rosidl_typesupport_microxrcedds_c/action_msgs/msg/detail/goal_status_array__rosidl_typesupport_microxrcedds_c.h:10[m[K,
                 from [01m[K/home/tmdals010126/zephyrproject/zephyr/micro_ros_tfm/modules/libmicroros/micro_ros_src/build/action_msgs/rosidl_typesupport_microxrcedds_c/action_msgs/msg/detail/microxrcedds/goal_status_array__type_support_c.c:4[m[K:
[01m[K/home/tmdals010126/zephyrproject/zephyr/lib/libc/newlib/include/stdint.h:28:2:[m[K [01;35m[Kwarning: [m[K#include_next is a GCC extension
   28 | #[01;35m[Kinclude_next[m[K <stdint.h>
      |  [01;35m[K^~~~~~~~~~~~[m[K
In file included from [01m[K/home/tmdals010126/zephyrproject/zephyr/micro_ros_tfm/modules/libmicroros/micro_ros_src/build/action_msgs/rosidl_typesupport_microxrcedds_c/action_msgs/msg/detail/microxrcedds/goal_info__type_support_c.c:9[m[K:
[01m[K/home/tmdals010126/zephyrproject/zephyr/lib/libc/newlib/include/string.h:16:2:[m[K [01;35m[Kwarning: [m[K#include_next is a GCC extension
   16 | #[01;35m[Kinclude_next[m[K <string.h>
      |  [01;35m[K^~~~~~~~~~~~[m[K
In file included from [01m[K/home/tmdals010126/zephyrproject/zephyr/micro_ros_tfm/modules/libmicroros/micro_ros_src/build/action_msgs/rosidl_typesupport_microxrcedds_c/action_msgs/msg/detail/microxrcedds/goal_status__type_support_c.c:9[m[K:
[01m[K/home/tmdals010126/zephyrproject/zephyr/lib/libc/newlib/include/string.h:16:2:[m[K [01;35m[Kwarning: [m[K#include_next is a GCC extension
   16 | #[01;35m[Kinclude_next[m[K <string.h>
      |  [01;35m[K^~~~~~~~~~~~[m[K
In file included from [01m[K/home/tmdals010126/zephyrproject/zephyr/micro_ros_tfm/modules/libmicroros/micro_ros_src/build/action_msgs/rosidl_typesupport_microxrcedds_c/action_msgs/srv/detail/cancel_goal__rosidl_typesupport_microxrcedds_c.h:10[m[K,
                 from [01m[K/home/tmdals010126/zephyrproject/zephyr/micro_ros_tfm/modules/libmicroros/micro_ros_src/build/action_msgs/rosidl_typesupport_microxrcedds_c/action_msgs/srv/detail/microxrcedds/cancel_goal__type_support_c.c:4[m[K:
[01m[K/home/tmdals010126/zephyrproject/zephyr/lib/libc/newlib/include/stdint.h:28:2:[m[K [01;35m[Kwarning: [m[K#include_next is a GCC extension
   28 | #[01;35m[Kinclude_next[m[K <stdint.h>
      |  [01;35m[K^~~~~~~~~~~~[m[K
In file included from [01m[K/home/tmdals010126/zephyrproject/zephyr/micro_ros_tfm/modules/libmicroros/micro_ros_src/build/action_msgs/rosidl_typesupport_microxrcedds_c/action_msgs/msg/detail/microxrcedds/goal_status_array__type_support_c.c:9[m[K:
[01m[K/home/tmdals010126/zephyrproject/zephyr/lib/libc/newlib/include/string.h:16:2:[m[K [01;35m[Kwarning: [m[K#include_next is a GCC extension
   16 | #[01;35m[Kinclude_next[m[K <string.h>
      |  [01;35m[K^~~~~~~~~~~~[m[K
In file included from [01m[K/home/tmdals010126/zephyrproject/zephyr/micro_ros_tfm/modules/libmicroros/micro_ros_src/build/action_msgs/rosidl_typesupport_microxrcedds_c/action_msgs/srv/detail/microxrcedds/cancel_goal__type_support_c.c:9[m[K:
[01m[K/home/tmdals010126/zephyrproject/zephyr/lib/libc/newlib/include/string.h:16:2:[m[K [01;35m[Kwarning: [m[K#include_next is a GCC extension
   16 | #[01;35m[Kinclude_next[m[K <string.h>
      |  [01;35m[K^~~~~~~~~~~~[m[K
