[0.499s] Invoking command in '/home/tmdals010126/zephyrproject/zephyr/micro_ros_tfm/modules/libmicroros/micro_ros_src/src/ros2_tracing/tracetools_read': PYTHONPATH=/home/tmdals010126/zephyrproject/zephyr/micro_ros_tfm/modules/libmicroros/micro_ros_src/build/tracetools_read/prefix_override:/home/tmdals010126/zephyrproject/.venv/lib/python3.10/site-packages/colcon_core/task/python/colcon_distutils_commands:/home/tmdals010126/zephyrproject/zephyr/micro_ros_tfm/modules/libmicroros/micro_ros_src/install/lib/python3.10/site-packages:${PYTHONPATH} /home/tmdals010126/zephyrproject/.venv/bin/python3 -W ignore:setup.py install is deprecated -W ignore:easy_install command is deprecated setup.py egg_info --egg-base ../../../build/tracetools_read build --build-base /home/tmdals010126/zephyrproject/zephyr/micro_ros_tfm/modules/libmicroros/micro_ros_src/build/tracetools_read/build install --record /home/tmdals010126/zephyrproject/zephyr/micro_ros_tfm/modules/libmicroros/micro_ros_src/build/tracetools_read/install.log --single-version-externally-managed install_data
[0.575s] /home/tmdals010126/zephyrproject/.venv/lib/python3.10/site-packages/setuptools/_distutils/dist.py:289: UserWarning: Unknown distribution option: 'tests_require'
[0.575s]   warnings.warn(msg)
[0.604s] running egg_info
[0.608s] writing ../../../build/tracetools_read/tracetools_read.egg-info/PKG-INFO
[0.608s] writing dependency_links to ../../../build/tracetools_read/tracetools_read.egg-info/dependency_links.txt
[0.608s] writing requirements to ../../../build/tracetools_read/tracetools_read.egg-info/requires.txt
[0.608s] writing top-level names to ../../../build/tracetools_read/tracetools_read.egg-info/top_level.txt
[0.640s] writing manifest file '../../../build/tracetools_read/tracetools_read.egg-info/SOURCES.txt'
[0.640s] running build
[0.640s] running build_py
[0.640s] copying tracetools_read/__init__.py -> /home/tmdals010126/zephyrproject/zephyr/micro_ros_tfm/modules/libmicroros/micro_ros_src/build/tracetools_read/build/lib/tracetools_read
[0.640s] copying tracetools_read/trace.py -> /home/tmdals010126/zephyrproject/zephyr/micro_ros_tfm/modules/libmicroros/micro_ros_src/build/tracetools_read/build/lib/tracetools_read
[0.640s] running install
[0.642s] running install_lib
[0.646s] running install_data
[0.647s] copying package.xml -> /home/tmdals010126/zephyrproject/zephyr/micro_ros_tfm/modules/libmicroros/micro_ros_src/install/share/tracetools_read
[0.647s] copying resource/tracetools_read -> /home/tmdals010126/zephyrproject/zephyr/micro_ros_tfm/modules/libmicroros/micro_ros_src/install/share/ament_index/resource_index/packages
[0.647s] running install_egg_info
[0.651s] removing '/home/tmdals010126/zephyrproject/zephyr/micro_ros_tfm/modules/libmicroros/micro_ros_src/install/lib/python3.10/site-packages/tracetools_read-4.1.1-py3.10.egg-info' (and everything under it)
[0.651s] Copying ../../../build/tracetools_read/tracetools_read.egg-info to /home/tmdals010126/zephyrproject/zephyr/micro_ros_tfm/modules/libmicroros/micro_ros_src/install/lib/python3.10/site-packages/tracetools_read-4.1.1-py3.10.egg-info
[0.651s] running install_scripts
[0.660s] writing list of installed files to '/home/tmdals010126/zephyrproject/zephyr/micro_ros_tfm/modules/libmicroros/micro_ros_src/build/tracetools_read/install.log'
[0.671s] Invoked command in '/home/tmdals010126/zephyrproject/zephyr/micro_ros_tfm/modules/libmicroros/micro_ros_src/src/ros2_tracing/tracetools_read' returned '0': PYTHONPATH=/home/tmdals010126/zephyrproject/zephyr/micro_ros_tfm/modules/libmicroros/micro_ros_src/build/tracetools_read/prefix_override:/home/tmdals010126/zephyrproject/.venv/lib/python3.10/site-packages/colcon_core/task/python/colcon_distutils_commands:/home/tmdals010126/zephyrproject/zephyr/micro_ros_tfm/modules/libmicroros/micro_ros_src/install/lib/python3.10/site-packages:${PYTHONPATH} /home/tmdals010126/zephyrproject/.venv/bin/python3 -W ignore:setup.py install is deprecated -W ignore:easy_install command is deprecated setup.py egg_info --egg-base ../../../build/tracetools_read build --build-base /home/tmdals010126/zephyrproject/zephyr/micro_ros_tfm/modules/libmicroros/micro_ros_src/build/tracetools_read/build install --record /home/tmdals010126/zephyrproject/zephyr/micro_ros_tfm/modules/libmicroros/micro_ros_src/build/tracetools_read/install.log --single-version-externally-managed install_data
