gmake[1]: Entering directory '/home/tmdals010126/zephyrproject/zephyr/micro_ros_tfm/modules/libmicroros/micro_ros_src/build/unique_identifier_msgs'
-- Found ament_cmake: 1.3.12 (/home/tmdals010126/zephyrproject/zephyr/micro_ros_tfm/modules/libmicroros/micro_ros_dev/install/ament_cmake/share/ament_cmake/cmake)
-- Found rosidl_default_generators: 1.2.0 (/home/tmdals010126/zephyrproject/zephyr/micro_ros_tfm/modules/libmicroros/micro_ros_src/install/share/rosidl_default_generators/cmake)
-- Using all available rosidl_typesupport_c: rosidl_typesupport_introspection_c;rosidl_typesupport_microxrcedds_c
-- Found rosidl_adapter: 3.1.7 (/home/tmdals010126/zephyrproject/zephyr/micro_ros_tfm/modules/libmicroros/micro_ros_src/install/share/rosidl_adapter/cmake)
-- Found ament_cmake_ros: 0.10.0 (/home/tmdals010126/zephyrproject/zephyr/micro_ros_tfm/modules/libmicroros/micro_ros_dev/install/ament_cmake_ros/share/ament_cmake_ros/cmake)
-- Using all available rosidl_typesupport_c: rosidl_typesupport_introspection_c;rosidl_typesupport_microxrcedds_c
-- Configuring done (0.3s)
-- Generating done (0.0s)
-- Build files have been written to: /home/tmdals010126/zephyrproject/zephyr/micro_ros_tfm/modules/libmicroros/micro_ros_src/build/unique_identifier_msgs
gmake[2]: Entering directory '/home/tmdals010126/zephyrproject/zephyr/micro_ros_tfm/modules/libmicroros/micro_ros_src/build/unique_identifier_msgs'
gmake[3]: Entering directory '/home/tmdals010126/zephyrproject/zephyr/micro_ros_tfm/modules/libmicroros/micro_ros_src/build/unique_identifier_msgs'
gmake[3]: Leaving directory '/home/tmdals010126/zephyrproject/zephyr/micro_ros_tfm/modules/libmicroros/micro_ros_src/build/unique_identifier_msgs'
gmake[3]: Entering directory '/home/tmdals010126/zephyrproject/zephyr/micro_ros_tfm/modules/libmicroros/micro_ros_src/build/unique_identifier_msgs'
[  8%] Building C object CMakeFiles/unique_identifier_msgs__rosidl_generator_c.dir/rosidl_generator_c/unique_identifier_msgs/msg/detail/uuid__functions.c.obj
[ 16%] Linking C static library libunique_identifier_msgs__rosidl_generator_c.a
gmake[3]: Leaving directory '/home/tmdals010126/zephyrproject/zephyr/micro_ros_tfm/modules/libmicroros/micro_ros_src/build/unique_identifier_msgs'
[ 25%] Built target unique_identifier_msgs__rosidl_generator_c
gmake[3]: Entering directory '/home/tmdals010126/zephyrproject/zephyr/micro_ros_tfm/modules/libmicroros/micro_ros_src/build/unique_identifier_msgs'
gmake[3]: Entering directory '/home/tmdals010126/zephyrproject/zephyr/micro_ros_tfm/modules/libmicroros/micro_ros_src/build/unique_identifier_msgs'
gmake[3]: Entering directory '/home/tmdals010126/zephyrproject/zephyr/micro_ros_tfm/modules/libmicroros/micro_ros_src/build/unique_identifier_msgs'
gmake[3]: Leaving directory '/home/tmdals010126/zephyrproject/zephyr/micro_ros_tfm/modules/libmicroros/micro_ros_src/build/unique_identifier_msgs'
gmake[3]: Leaving directory '/home/tmdals010126/zephyrproject/zephyr/micro_ros_tfm/modules/libmicroros/micro_ros_src/build/unique_identifier_msgs'
gmake[3]: Leaving directory '/home/tmdals010126/zephyrproject/zephyr/micro_ros_tfm/modules/libmicroros/micro_ros_src/build/unique_identifier_msgs'
gmake[3]: Entering directory '/home/tmdals010126/zephyrproject/zephyr/micro_ros_tfm/modules/libmicroros/micro_ros_src/build/unique_identifier_msgs'
gmake[3]: Entering directory '/home/tmdals010126/zephyrproject/zephyr/micro_ros_tfm/modules/libmicroros/micro_ros_src/build/unique_identifier_msgs'
gmake[3]: Entering directory '/home/tmdals010126/zephyrproject/zephyr/micro_ros_tfm/modules/libmicroros/micro_ros_src/build/unique_identifier_msgs'
[ 33%] Building C object CMakeFiles/unique_identifier_msgs__rosidl_typesupport_introspection_c.dir/rosidl_typesupport_introspection_c/unique_identifier_msgs/msg/detail/uuid__type_support.c.obj
[ 41%] Building CXX object CMakeFiles/unique_identifier_msgs__rosidl_typesupport_c.dir/rosidl_typesupport_c/unique_identifier_msgs/msg/uuid__type_support.cpp.obj
[ 50%] Building C object CMakeFiles/unique_identifier_msgs__rosidl_typesupport_microxrcedds_c.dir/rosidl_typesupport_microxrcedds_c/unique_identifier_msgs/msg/detail/microxrcedds/uuid__type_support_c.c.obj
[ 58%] Linking CXX static library libunique_identifier_msgs__rosidl_typesupport_c.a
[ 66%] Linking C static library libunique_identifier_msgs__rosidl_typesupport_introspection_c.a
gmake[3]: Leaving directory '/home/tmdals010126/zephyrproject/zephyr/micro_ros_tfm/modules/libmicroros/micro_ros_src/build/unique_identifier_msgs'
[ 75%] Built target unique_identifier_msgs__rosidl_typesupport_c
gmake[3]: Leaving directory '/home/tmdals010126/zephyrproject/zephyr/micro_ros_tfm/modules/libmicroros/micro_ros_src/build/unique_identifier_msgs'
[ 83%] Linking C static library libunique_identifier_msgs__rosidl_typesupport_microxrcedds_c.a
[ 91%] Built target unique_identifier_msgs__rosidl_typesupport_introspection_c
gmake[3]: Leaving directory '/home/tmdals010126/zephyrproject/zephyr/micro_ros_tfm/modules/libmicroros/micro_ros_src/build/unique_identifier_msgs'
[100%] Built target unique_identifier_msgs__rosidl_typesupport_microxrcedds_c
gmake[3]: Entering directory '/home/tmdals010126/zephyrproject/zephyr/micro_ros_tfm/modules/libmicroros/micro_ros_src/build/unique_identifier_msgs'
gmake[3]: Leaving directory '/home/tmdals010126/zephyrproject/zephyr/micro_ros_tfm/modules/libmicroros/micro_ros_src/build/unique_identifier_msgs'
[100%] Built target unique_identifier_msgs
gmake[2]: Leaving directory '/home/tmdals010126/zephyrproject/zephyr/micro_ros_tfm/modules/libmicroros/micro_ros_src/build/unique_identifier_msgs'
gmake[1]: Leaving directory '/home/tmdals010126/zephyrproject/zephyr/micro_ros_tfm/modules/libmicroros/micro_ros_src/build/unique_identifier_msgs'
-- Install configuration: "Release"
-- Up-to-date: /home/tmdals010126/zephyrproject/zephyr/micro_ros_tfm/modules/libmicroros/micro_ros_src/install/share/ament_index/resource_index/rosidl_interfaces/unique_identifier_msgs
-- Up-to-date: /home/tmdals010126/zephyrproject/zephyr/micro_ros_tfm/modules/libmicroros/micro_ros_src/install/include/unique_identifier_msgs/unique_identifier_msgs
-- Up-to-date: /home/tmdals010126/zephyrproject/zephyr/micro_ros_tfm/modules/libmicroros/micro_ros_src/install/include/unique_identifier_msgs/unique_identifier_msgs/msg
-- Up-to-date: /home/tmdals010126/zephyrproject/zephyr/micro_ros_tfm/modules/libmicroros/micro_ros_src/install/include/unique_identifier_msgs/unique_identifier_msgs/msg/rosidl_generator_c__visibility_control.h
-- Up-to-date: /home/tmdals010126/zephyrproject/zephyr/micro_ros_tfm/modules/libmicroros/micro_ros_src/install/include/unique_identifier_msgs/unique_identifier_msgs/msg/detail
-- Up-to-date: /home/tmdals010126/zephyrproject/zephyr/micro_ros_tfm/modules/libmicroros/micro_ros_src/install/include/unique_identifier_msgs/unique_identifier_msgs/msg/detail/uuid__functions.c
-- Up-to-date: /home/tmdals010126/zephyrproject/zephyr/micro_ros_tfm/modules/libmicroros/micro_ros_src/install/include/unique_identifier_msgs/unique_identifier_msgs/msg/detail/uuid__functions.h
-- Up-to-date: /home/tmdals010126/zephyrproject/zephyr/micro_ros_tfm/modules/libmicroros/micro_ros_src/install/include/unique_identifier_msgs/unique_identifier_msgs/msg/detail/uuid__type_support.h
-- Up-to-date: /home/tmdals010126/zephyrproject/zephyr/micro_ros_tfm/modules/libmicroros/micro_ros_src/install/include/unique_identifier_msgs/unique_identifier_msgs/msg/detail/uuid__struct.h
-- Up-to-date: /home/tmdals010126/zephyrproject/zephyr/micro_ros_tfm/modules/libmicroros/micro_ros_src/install/include/unique_identifier_msgs/unique_identifier_msgs/msg/uuid.h
-- Up-to-date: /home/tmdals010126/zephyrproject/zephyr/micro_ros_tfm/modules/libmicroros/micro_ros_src/install/share/unique_identifier_msgs/environment/library_path.sh
-- Installing: /home/tmdals010126/zephyrproject/zephyr/micro_ros_tfm/modules/libmicroros/micro_ros_src/install/share/unique_identifier_msgs/environment/library_path.dsv
-- Installing: /home/tmdals010126/zephyrproject/zephyr/micro_ros_tfm/modules/libmicroros/micro_ros_src/install/lib/libunique_identifier_msgs__rosidl_generator_c.a
-- Up-to-date: /home/tmdals010126/zephyrproject/zephyr/micro_ros_tfm/modules/libmicroros/micro_ros_src/install/include/unique_identifier_msgs/unique_identifier_msgs
-- Up-to-date: /home/tmdals010126/zephyrproject/zephyr/micro_ros_tfm/modules/libmicroros/micro_ros_src/install/include/unique_identifier_msgs/unique_identifier_msgs/msg
-- Up-to-date: /home/tmdals010126/zephyrproject/zephyr/micro_ros_tfm/modules/libmicroros/micro_ros_src/install/include/unique_identifier_msgs/unique_identifier_msgs/msg/detail
-- Up-to-date: /home/tmdals010126/zephyrproject/zephyr/micro_ros_tfm/modules/libmicroros/micro_ros_src/install/include/unique_identifier_msgs/unique_identifier_msgs/msg/detail/uuid__type_support.c
-- Up-to-date: /home/tmdals010126/zephyrproject/zephyr/micro_ros_tfm/modules/libmicroros/micro_ros_src/install/include/unique_identifier_msgs/unique_identifier_msgs/msg/detail/uuid__rosidl_typesupport_introspection_c.h
-- Up-to-date: /home/tmdals010126/zephyrproject/zephyr/micro_ros_tfm/modules/libmicroros/micro_ros_src/install/include/unique_identifier_msgs/unique_identifier_msgs/msg/rosidl_typesupport_introspection_c__visibility_control.h
-- Installing: /home/tmdals010126/zephyrproject/zephyr/micro_ros_tfm/modules/libmicroros/micro_ros_src/install/lib/libunique_identifier_msgs__rosidl_typesupport_introspection_c.a
-- Up-to-date: /home/tmdals010126/zephyrproject/zephyr/micro_ros_tfm/modules/libmicroros/micro_ros_src/install/include/unique_identifier_msgs
-- Up-to-date: /home/tmdals010126/zephyrproject/zephyr/micro_ros_tfm/modules/libmicroros/micro_ros_src/install/include/unique_identifier_msgs/msg
-- Up-to-date: /home/tmdals010126/zephyrproject/zephyr/micro_ros_tfm/modules/libmicroros/micro_ros_src/install/include/unique_identifier_msgs/msg/detail
-- Up-to-date: /home/tmdals010126/zephyrproject/zephyr/micro_ros_tfm/modules/libmicroros/micro_ros_src/install/include/unique_identifier_msgs/msg/detail/uuid__rosidl_typesupport_microxrcedds_c.h
-- Up-to-date: /home/tmdals010126/zephyrproject/zephyr/micro_ros_tfm/modules/libmicroros/micro_ros_src/install/include/unique_identifier_msgs/msg/detail/microxrcedds
-- Up-to-date: /home/tmdals010126/zephyrproject/zephyr/micro_ros_tfm/modules/libmicroros/micro_ros_src/install/include/unique_identifier_msgs/msg/rosidl_typesupport_microxrcedds_c__visibility_control.h
-- Installing: /home/tmdals010126/zephyrproject/zephyr/micro_ros_tfm/modules/libmicroros/micro_ros_src/install/lib/libunique_identifier_msgs__rosidl_typesupport_microxrcedds_c.a
-- Installing: /home/tmdals010126/zephyrproject/zephyr/micro_ros_tfm/modules/libmicroros/micro_ros_src/install/lib/libunique_identifier_msgs__rosidl_typesupport_c.a
-- Up-to-date: /home/tmdals010126/zephyrproject/zephyr/micro_ros_tfm/modules/libmicroros/micro_ros_src/install/share/unique_identifier_msgs/msg/UUID.idl
-- Up-to-date: /home/tmdals010126/zephyrproject/zephyr/micro_ros_tfm/modules/libmicroros/micro_ros_src/install/share/unique_identifier_msgs/msg/UUID.msg
-- Up-to-date: /home/tmdals010126/zephyrproject/zephyr/micro_ros_tfm/modules/libmicroros/micro_ros_src/install/share/ament_index/resource_index/package_run_dependencies/unique_identifier_msgs
-- Up-to-date: /home/tmdals010126/zephyrproject/zephyr/micro_ros_tfm/modules/libmicroros/micro_ros_src/install/share/ament_index/resource_index/parent_prefix_path/unique_identifier_msgs
-- Up-to-date: /home/tmdals010126/zephyrproject/zephyr/micro_ros_tfm/modules/libmicroros/micro_ros_src/install/share/unique_identifier_msgs/environment/ament_prefix_path.sh
-- Installing: /home/tmdals010126/zephyrproject/zephyr/micro_ros_tfm/modules/libmicroros/micro_ros_src/install/share/unique_identifier_msgs/environment/ament_prefix_path.dsv
-- Up-to-date: /home/tmdals010126/zephyrproject/zephyr/micro_ros_tfm/modules/libmicroros/micro_ros_src/install/share/unique_identifier_msgs/environment/path.sh
-- Installing: /home/tmdals010126/zephyrproject/zephyr/micro_ros_tfm/modules/libmicroros/micro_ros_src/install/share/unique_identifier_msgs/environment/path.dsv
-- Up-to-date: /home/tmdals010126/zephyrproject/zephyr/micro_ros_tfm/modules/libmicroros/micro_ros_src/install/share/unique_identifier_msgs/local_setup.bash
-- Up-to-date: /home/tmdals010126/zephyrproject/zephyr/micro_ros_tfm/modules/libmicroros/micro_ros_src/install/share/unique_identifier_msgs/local_setup.sh
-- Up-to-date: /home/tmdals010126/zephyrproject/zephyr/micro_ros_tfm/modules/libmicroros/micro_ros_src/install/share/unique_identifier_msgs/local_setup.zsh
-- Installing: /home/tmdals010126/zephyrproject/zephyr/micro_ros_tfm/modules/libmicroros/micro_ros_src/install/share/unique_identifier_msgs/local_setup.dsv
-- Installing: /home/tmdals010126/zephyrproject/zephyr/micro_ros_tfm/modules/libmicroros/micro_ros_src/install/share/unique_identifier_msgs/package.dsv
-- Up-to-date: /home/tmdals010126/zephyrproject/zephyr/micro_ros_tfm/modules/libmicroros/micro_ros_src/install/share/ament_index/resource_index/packages/unique_identifier_msgs
-- Up-to-date: /home/tmdals010126/zephyrproject/zephyr/micro_ros_tfm/modules/libmicroros/micro_ros_src/install/share/unique_identifier_msgs/cmake/export_unique_identifier_msgs__rosidl_generator_cExport.cmake
-- Up-to-date: /home/tmdals010126/zephyrproject/zephyr/micro_ros_tfm/modules/libmicroros/micro_ros_src/install/share/unique_identifier_msgs/cmake/export_unique_identifier_msgs__rosidl_generator_cExport-release.cmake
-- Up-to-date: /home/tmdals010126/zephyrproject/zephyr/micro_ros_tfm/modules/libmicroros/micro_ros_src/install/share/unique_identifier_msgs/cmake/unique_identifier_msgs__rosidl_typesupport_introspection_cExport.cmake
-- Up-to-date: /home/tmdals010126/zephyrproject/zephyr/micro_ros_tfm/modules/libmicroros/micro_ros_src/install/share/unique_identifier_msgs/cmake/unique_identifier_msgs__rosidl_typesupport_introspection_cExport-release.cmake
-- Up-to-date: /home/tmdals010126/zephyrproject/zephyr/micro_ros_tfm/modules/libmicroros/micro_ros_src/install/share/unique_identifier_msgs/cmake/unique_identifier_msgs__rosidl_typesupport_cExport.cmake
-- Up-to-date: /home/tmdals010126/zephyrproject/zephyr/micro_ros_tfm/modules/libmicroros/micro_ros_src/install/share/unique_identifier_msgs/cmake/unique_identifier_msgs__rosidl_typesupport_cExport-release.cmake
-- Up-to-date: /home/tmdals010126/zephyrproject/zephyr/micro_ros_tfm/modules/libmicroros/micro_ros_src/install/share/unique_identifier_msgs/cmake/rosidl_cmake-extras.cmake
-- Up-to-date: /home/tmdals010126/zephyrproject/zephyr/micro_ros_tfm/modules/libmicroros/micro_ros_src/install/share/unique_identifier_msgs/cmake/ament_cmake_export_include_directories-extras.cmake
-- Up-to-date: /home/tmdals010126/zephyrproject/zephyr/micro_ros_tfm/modules/libmicroros/micro_ros_src/install/share/unique_identifier_msgs/cmake/ament_cmake_export_libraries-extras.cmake
-- Up-to-date: /home/tmdals010126/zephyrproject/zephyr/micro_ros_tfm/modules/libmicroros/micro_ros_src/install/share/unique_identifier_msgs/cmake/ament_cmake_export_targets-extras.cmake
-- Up-to-date: /home/tmdals010126/zephyrproject/zephyr/micro_ros_tfm/modules/libmicroros/micro_ros_src/install/share/unique_identifier_msgs/cmake/rosidl_cmake_export_typesupport_targets-extras.cmake
-- Up-to-date: /home/tmdals010126/zephyrproject/zephyr/micro_ros_tfm/modules/libmicroros/micro_ros_src/install/share/unique_identifier_msgs/cmake/ament_cmake_export_dependencies-extras.cmake
-- Up-to-date: /home/tmdals010126/zephyrproject/zephyr/micro_ros_tfm/modules/libmicroros/micro_ros_src/install/share/unique_identifier_msgs/cmake/rosidl_cmake_export_typesupport_libraries-extras.cmake
-- Up-to-date: /home/tmdals010126/zephyrproject/zephyr/micro_ros_tfm/modules/libmicroros/micro_ros_src/install/share/unique_identifier_msgs/cmake/unique_identifier_msgsConfig.cmake
-- Up-to-date: /home/tmdals010126/zephyrproject/zephyr/micro_ros_tfm/modules/libmicroros/micro_ros_src/install/share/unique_identifier_msgs/cmake/unique_identifier_msgsConfig-version.cmake
-- Up-to-date: /home/tmdals010126/zephyrproject/zephyr/micro_ros_tfm/modules/libmicroros/micro_ros_src/install/share/unique_identifier_msgs/package.xml
-- Up-to-date: /home/tmdals010126/zephyrproject/zephyr/micro_ros_tfm/modules/libmicroros/micro_ros_src/install/share/unique_identifier_msgs/mapping_rules.yaml
