[0.020s] Invoking command in '/home/tmdals010126/uros_ws/build/micro_ros_msgs': CMAKE_PREFIX_PATH=${CMAKE_PREFIX_PATH}:/home/tmdals010126/ros2_humble/install/rqt_bag_plugins:/home/tmdals010126/ros2_humble/install/rqt_bag:/home/tmdals010126/ros2_humble/install/launch_testing_examples:/home/tmdals010126/ros2_humble/install/ros2bag:/home/tmdals010126/ros2_humble/install/tracetools_test:/home/tmdals010126/ros2_humble/install/tracetools_launch:/home/tmdals010126/ros2_humble/install/topic_monitor:/home/tmdals010126/ros2_humble/install/tf2_tools:/home/tmdals010126/ros2_humble/install/examples_tf2_py:/home/tmdals010126/ros2_humble/install/tf2_ros_py:/home/tmdals010126/ros2_humble/install/sros2:/home/tmdals010126/ros2_humble/install/rqt_topic:/home/tmdals010126/ros2_humble/install/rqt_srv:/home/tmdals010126/ros2_humble/install/rqt_shell:/home/tmdals010126/ros2_humble/install/rqt_service_caller:/home/tmdals010126/ros2_humble/install/rqt_reconfigure:/home/tmdals010126/ros2_humble/install/rqt_py_console:/home/tmdals010126/ros2_humble/install/rqt_publisher:/home/tmdals010126/ros2_humble/install/rqt_plot:/home/tmdals010126/ros2_humble/install/rqt_action:/home/tmdals010126/ros2_humble/install/rqt_msg:/home/tmdals010126/ros2_humble/install/rqt_console:/home/tmdals010126/ros2_humble/install/rqt:/home/tmdals010126/ros2_humble/install/rqt_graph:/home/tmdals010126/ros2_humble/install/rqt_gui_py:/home/tmdals010126/ros2_humble/install/rqt_gui:/home/tmdals010126/ros2_humble/install/ros2trace:/home/tmdals010126/ros2_humble/install/ros2topic:/home/tmdals010126/ros2_humble/install/ros2test:/home/tmdals010126/ros2_humble/install/ros2component:/home/tmdals010126/ros2_humble/install/ros2param:/home/tmdals010126/ros2_humble/install/ros2lifecycle:/home/tmdals010126/ros2_humble/install/ros2service:/home/tmdals010126/ros2_humble/install/ros2run:/home/tmdals010126/ros2_humble/install/ros2launch:/home/tmdals010126/ros2_humble/install/ros2pkg:/home/tmdals010126/ros2_humble/install/ros2node:/home/tmdals010126/ros2_humble/install/ros2multicast:/home/tmdals010126/ros2_humble/install/ros2interface:/home/tmdals010126/ros2_humble/install/ros2doctor:/home/tmdals010126/ros2_humble/install/ros2action:/home/tmdals010126/ros2_humble/install/ros2cli:/home/tmdals010126/ros2_humble/install/quality_of_service_demo_py:/home/tmdals010126/ros2_humble/install/lifecycle_py:/home/tmdals010126/ros2_humble/install/launch_testing_ros:/home/tmdals010126/ros2_humble/install/launch_ros:/home/tmdals010126/ros2_humble/install/examples_rclpy_pointcloud_publisher:/home/tmdals010126/ros2_humble/install/examples_rclpy_minimal_subscriber:/home/tmdals010126/ros2_humble/install/examples_rclpy_minimal_service:/home/tmdals010126/ros2_humble/install/examples_rclpy_minimal_publisher:/home/tmdals010126/ros2_humble/install/examples_rclpy_minimal_client:/home/tmdals010126/ros2_humble/install/examples_rclpy_minimal_action_server:/home/tmdals010126/ros2_humble/install/examples_rclpy_minimal_action_client:/home/tmdals010126/ros2_humble/install/examples_rclpy_guard_conditions:/home/tmdals010126/ros2_humble/install/examples_rclpy_executors:/home/tmdals010126/ros2_humble/install/demo_nodes_py:/home/tmdals010126/ros2_humble/install/camera_info_manager_py:/home/tmdals010126/ros2_humble/install/action_tutorials_py:/home/tmdals010126/ros2_humble/install/ament_uncrustify:/home/tmdals010126/ros2_humble/install/tracetools_trace:/home/tmdals010126/ros2_humble/install/tracetools_read:/home/tmdals010126/ros2_humble/install/test_tracetools_launch:/home/tmdals010126/ros2_humble/install/test_launch_ros:/home/tmdals010126/ros2_humble/install/sensor_msgs_py:/home/tmdals010126/ros2_humble/install/rpyutils:/home/tmdals010126/ros2_humble/install/rosidl_runtime_py:/home/tmdals010126/ros2_humble/install/rosidl_cli:/home/tmdals010126/ros2_humble/install/launch_pytest:/home/tmdals010126/ros2_humble/install/launch_testing:/home/tmdals010126/ros2_humble/install/launch_yaml:/home/tmdals010126/ros2_humble/install/launch_xml:/home/tmdals010126/ros2_humble/install/launch:/home/tmdals010126/ros2_humble/install/osrf_pycommon:/home/tmdals010126/ros2_humble/install/domain_coordinator:/home/tmdals010126/ros2_humble/install/ament_xmllint:/home/tmdals010126/ros2_humble/install/ament_pyflakes:/home/tmdals010126/ros2_humble/install/ament_pycodestyle:/home/tmdals010126/ros2_humble/install/ament_pep257:/home/tmdals010126/ros2_humble/install/ament_pclint:/home/tmdals010126/ros2_humble/install/ament_package:/home/tmdals010126/ros2_humble/install/ament_mypy:/home/tmdals010126/ros2_humble/install/ament_lint_cmake:/home/tmdals010126/ros2_humble/install/ament_flake8:/home/tmdals010126/ros2_humble/install/ament_copyright:/home/tmdals010126/ros2_humble/install/ament_lint:/home/tmdals010126/ros2_humble/install/ament_index_python:/home/tmdals010126/ros2_humble/install/ament_cpplint:/home/tmdals010126/ros2_humble/install/ament_cppcheck:/home/tmdals010126/ros2_humble/install/ament_clang_tidy:/home/tmdals010126/ros2_humble/install/ament_clang_format /usr/local/bin/cmake /home/tmdals010126/uros_ws/src/uros/micro_ros_msgs -DCMAKE_INSTALL_PREFIX=/home/tmdals010126/uros_ws/install/micro_ros_msgs
[0.073s] -- The C compiler identification is GNU 11.4.0
[0.118s] -- The CXX compiler identification is GNU 12.3.0
[0.135s] -- Detecting C compiler ABI info
[0.233s] -- Detecting C compiler ABI info - done
[0.238s] -- Check for working C compiler: /usr/bin/cc - skipped
[0.238s] -- Detecting C compile features
[0.238s] -- Detecting C compile features - done
[0.245s] -- Detecting CXX compiler ABI info
[0.299s] -- Detecting CXX compiler ABI info - done
[0.304s] -- Check for working CXX compiler: /usr/bin/c++ - skipped
[0.304s] -- Detecting CXX compile features
[0.304s] -- Detecting CXX compile features - done
[0.312s] -- Found ament_cmake: 1.3.11 (/home/tmdals010126/ros2_humble/install/ament_cmake/share/ament_cmake/cmake)
[0.540s] -- Found Python3: /usr/bin/python3 (found version "3.10.12") found components: Interpreter 
[0.730s] -- Found rosidl_default_generators: 1.2.0 (/home/tmdals010126/ros2_humble/install/rosidl_default_generators/share/rosidl_default_generators/cmake)
[0.792s] -- Using all available rosidl_typesupport_c: rosidl_typesupport_introspection_c;rosidl_typesupport_fastrtps_c
[0.810s] -- Found rosidl_adapter: 3.1.6 (/home/tmdals010126/ros2_humble/install/rosidl_adapter/share/rosidl_adapter/cmake)
[0.900s] -- Using all available rosidl_typesupport_cpp: rosidl_typesupport_introspection_cpp;rosidl_typesupport_fastrtps_cpp
[0.959s] -- Found ament_lint_auto: 0.12.12 (/home/tmdals010126/ros2_humble/install/ament_lint_auto/share/ament_lint_auto/cmake)
[1.823s] -- Found ament_cmake_ros: 0.10.0 (/home/tmdals010126/ros2_humble/install/ament_cmake_ros/share/ament_cmake_ros/cmake)
[2.283s] -- Using all available rosidl_typesupport_c: rosidl_typesupport_introspection_c;rosidl_typesupport_fastrtps_c
[3.155s] -- Using all available rosidl_typesupport_cpp: rosidl_typesupport_introspection_cpp;rosidl_typesupport_fastrtps_cpp
[3.156s] [33mCMake Warning (dev) at /home/tmdals010126/ros2_humble/install/rosidl_generator_py/share/rosidl_generator_py/cmake/rosidl_generator_py_generate_interfaces.cmake:20 (find_package):
[3.156s]   Policy CMP0148 is not set: The FindPythonInterp and FindPythonLibs modules
[3.156s]   are removed.  Run "cmake --help-policy CMP0148" for policy details.  Use
[3.157s]   the cmake_policy command to set the policy and suppress this warning.
[3.157s] 
[3.157s] Call Stack (most recent call first):
[3.157s]   /home/tmdals010126/ros2_humble/install/ament_cmake_core/share/ament_cmake_core/cmake/core/ament_execute_extensions.cmake:48 (include)
[3.157s]   /home/tmdals010126/ros2_humble/install/rosidl_cmake/share/rosidl_cmake/cmake/rosidl_generate_interfaces.cmake:286 (ament_execute_extensions)
[3.157s]   CMakeLists.txt:27 (rosidl_generate_interfaces)
[3.157s] This warning is for project developers.  Use -Wno-dev to suppress it.
[3.157s] [0m
[3.194s] -- Found PythonInterp: /usr/bin/python3 (found suitable version "3.10.12", minimum required is "3.6") 
[3.200s] -- Found python_cmake_module: 0.10.0 (/home/tmdals010126/ros2_humble/install/python_cmake_module/share/python_cmake_module/cmake)
[3.201s] [33mCMake Warning (dev) at /home/tmdals010126/ros2_humble/install/python_cmake_module/share/python_cmake_module/cmake/Modules/FindPythonExtra.cmake:52 (find_package):
[3.201s]   Policy CMP0148 is not set: The FindPythonInterp and FindPythonLibs modules
[3.201s]   are removed.  Run "cmake --help-policy CMP0148" for policy details.  Use
[3.201s]   the cmake_policy command to set the policy and suppress this warning.
[3.201s] 
[3.201s] Call Stack (most recent call first):
[3.201s]   /home/tmdals010126/ros2_humble/install/rosidl_generator_py/share/rosidl_generator_py/cmake/rosidl_generator_py_generate_interfaces.cmake:23 (find_package)
[3.201s]   /home/tmdals010126/ros2_humble/install/ament_cmake_core/share/ament_cmake_core/cmake/core/ament_execute_extensions.cmake:48 (include)
[3.201s]   /home/tmdals010126/ros2_humble/install/rosidl_cmake/share/rosidl_cmake/cmake/rosidl_generate_interfaces.cmake:286 (ament_execute_extensions)
[3.201s]   CMakeLists.txt:27 (rosidl_generate_interfaces)
[3.201s] This warning is for project developers.  Use -Wno-dev to suppress it.
[3.201s] [0m
[3.255s] [33mCMake Warning (dev) at /home/tmdals010126/ros2_humble/install/python_cmake_module/share/python_cmake_module/cmake/Modules/FindPythonExtra.cmake:140 (find_package):
[3.255s]   Policy CMP0148 is not set: The FindPythonInterp and FindPythonLibs modules
[3.255s]   are removed.  Run "cmake --help-policy CMP0148" for policy details.  Use
[3.255s]   the cmake_policy command to set the policy and suppress this warning.
[3.255s] 
[3.255s] Call Stack (most recent call first):
[3.255s]   /home/tmdals010126/ros2_humble/install/rosidl_generator_py/share/rosidl_generator_py/cmake/rosidl_generator_py_generate_interfaces.cmake:23 (find_package)
[3.255s]   /home/tmdals010126/ros2_humble/install/ament_cmake_core/share/ament_cmake_core/cmake/core/ament_execute_extensions.cmake:48 (include)
[3.255s]   /home/tmdals010126/ros2_humble/install/rosidl_cmake/share/rosidl_cmake/cmake/rosidl_generate_interfaces.cmake:286 (ament_execute_extensions)
[3.255s]   CMakeLists.txt:27 (rosidl_generate_interfaces)
[3.255s] This warning is for project developers.  Use -Wno-dev to suppress it.
[3.255s] [0m
[3.276s] -- Found PythonLibs: /usr/lib/x86_64-linux-gnu/libpython3.10.so (found suitable version "3.10.12", minimum required is "3.5") 
[3.276s] -- Using PYTHON_EXECUTABLE: /usr/bin/python3
[3.276s] -- Using PYTHON_INCLUDE_DIRS: /usr/include/python3.10
[3.276s] -- Using PYTHON_LIBRARIES: /usr/lib/x86_64-linux-gnu/libpython3.10.so
[3.313s] -- Found PythonExtra: .so  
[3.500s] -- Added test 'copyright' to check source files copyright and LICENSE
[3.509s] -- Added test 'lint_cmake' to check CMake code style
[3.514s] -- Added test 'xmllint' to check XML markup files
[3.521s] -- Configuring done (3.5s)
[3.535s] -- Generating done (0.0s)
[3.539s] -- Build files have been written to: /home/tmdals010126/uros_ws/build/micro_ros_msgs
[3.546s] Invoked command in '/home/tmdals010126/uros_ws/build/micro_ros_msgs' returned '0': CMAKE_PREFIX_PATH=${CMAKE_PREFIX_PATH}:/home/tmdals010126/ros2_humble/install/rqt_bag_plugins:/home/tmdals010126/ros2_humble/install/rqt_bag:/home/tmdals010126/ros2_humble/install/launch_testing_examples:/home/tmdals010126/ros2_humble/install/ros2bag:/home/tmdals010126/ros2_humble/install/tracetools_test:/home/tmdals010126/ros2_humble/install/tracetools_launch:/home/tmdals010126/ros2_humble/install/topic_monitor:/home/tmdals010126/ros2_humble/install/tf2_tools:/home/tmdals010126/ros2_humble/install/examples_tf2_py:/home/tmdals010126/ros2_humble/install/tf2_ros_py:/home/tmdals010126/ros2_humble/install/sros2:/home/tmdals010126/ros2_humble/install/rqt_topic:/home/tmdals010126/ros2_humble/install/rqt_srv:/home/tmdals010126/ros2_humble/install/rqt_shell:/home/tmdals010126/ros2_humble/install/rqt_service_caller:/home/tmdals010126/ros2_humble/install/rqt_reconfigure:/home/tmdals010126/ros2_humble/install/rqt_py_console:/home/tmdals010126/ros2_humble/install/rqt_publisher:/home/tmdals010126/ros2_humble/install/rqt_plot:/home/tmdals010126/ros2_humble/install/rqt_action:/home/tmdals010126/ros2_humble/install/rqt_msg:/home/tmdals010126/ros2_humble/install/rqt_console:/home/tmdals010126/ros2_humble/install/rqt:/home/tmdals010126/ros2_humble/install/rqt_graph:/home/tmdals010126/ros2_humble/install/rqt_gui_py:/home/tmdals010126/ros2_humble/install/rqt_gui:/home/tmdals010126/ros2_humble/install/ros2trace:/home/tmdals010126/ros2_humble/install/ros2topic:/home/tmdals010126/ros2_humble/install/ros2test:/home/tmdals010126/ros2_humble/install/ros2component:/home/tmdals010126/ros2_humble/install/ros2param:/home/tmdals010126/ros2_humble/install/ros2lifecycle:/home/tmdals010126/ros2_humble/install/ros2service:/home/tmdals010126/ros2_humble/install/ros2run:/home/tmdals010126/ros2_humble/install/ros2launch:/home/tmdals010126/ros2_humble/install/ros2pkg:/home/tmdals010126/ros2_humble/install/ros2node:/home/tmdals010126/ros2_humble/install/ros2multicast:/home/tmdals010126/ros2_humble/install/ros2interface:/home/tmdals010126/ros2_humble/install/ros2doctor:/home/tmdals010126/ros2_humble/install/ros2action:/home/tmdals010126/ros2_humble/install/ros2cli:/home/tmdals010126/ros2_humble/install/quality_of_service_demo_py:/home/tmdals010126/ros2_humble/install/lifecycle_py:/home/tmdals010126/ros2_humble/install/launch_testing_ros:/home/tmdals010126/ros2_humble/install/launch_ros:/home/tmdals010126/ros2_humble/install/examples_rclpy_pointcloud_publisher:/home/tmdals010126/ros2_humble/install/examples_rclpy_minimal_subscriber:/home/tmdals010126/ros2_humble/install/examples_rclpy_minimal_service:/home/tmdals010126/ros2_humble/install/examples_rclpy_minimal_publisher:/home/tmdals010126/ros2_humble/install/examples_rclpy_minimal_client:/home/tmdals010126/ros2_humble/install/examples_rclpy_minimal_action_server:/home/tmdals010126/ros2_humble/install/examples_rclpy_minimal_action_client:/home/tmdals010126/ros2_humble/install/examples_rclpy_guard_conditions:/home/tmdals010126/ros2_humble/install/examples_rclpy_executors:/home/tmdals010126/ros2_humble/install/demo_nodes_py:/home/tmdals010126/ros2_humble/install/camera_info_manager_py:/home/tmdals010126/ros2_humble/install/action_tutorials_py:/home/tmdals010126/ros2_humble/install/ament_uncrustify:/home/tmdals010126/ros2_humble/install/tracetools_trace:/home/tmdals010126/ros2_humble/install/tracetools_read:/home/tmdals010126/ros2_humble/install/test_tracetools_launch:/home/tmdals010126/ros2_humble/install/test_launch_ros:/home/tmdals010126/ros2_humble/install/sensor_msgs_py:/home/tmdals010126/ros2_humble/install/rpyutils:/home/tmdals010126/ros2_humble/install/rosidl_runtime_py:/home/tmdals010126/ros2_humble/install/rosidl_cli:/home/tmdals010126/ros2_humble/install/launch_pytest:/home/tmdals010126/ros2_humble/install/launch_testing:/home/tmdals010126/ros2_humble/install/launch_yaml:/home/tmdals010126/ros2_humble/install/launch_xml:/home/tmdals010126/ros2_humble/install/launch:/home/tmdals010126/ros2_humble/install/osrf_pycommon:/home/tmdals010126/ros2_humble/install/domain_coordinator:/home/tmdals010126/ros2_humble/install/ament_xmllint:/home/tmdals010126/ros2_humble/install/ament_pyflakes:/home/tmdals010126/ros2_humble/install/ament_pycodestyle:/home/tmdals010126/ros2_humble/install/ament_pep257:/home/tmdals010126/ros2_humble/install/ament_pclint:/home/tmdals010126/ros2_humble/install/ament_package:/home/tmdals010126/ros2_humble/install/ament_mypy:/home/tmdals010126/ros2_humble/install/ament_lint_cmake:/home/tmdals010126/ros2_humble/install/ament_flake8:/home/tmdals010126/ros2_humble/install/ament_copyright:/home/tmdals010126/ros2_humble/install/ament_lint:/home/tmdals010126/ros2_humble/install/ament_index_python:/home/tmdals010126/ros2_humble/install/ament_cpplint:/home/tmdals010126/ros2_humble/install/ament_cppcheck:/home/tmdals010126/ros2_humble/install/ament_clang_tidy:/home/tmdals010126/ros2_humble/install/ament_clang_format /usr/local/bin/cmake /home/tmdals010126/uros_ws/src/uros/micro_ros_msgs -DCMAKE_INSTALL_PREFIX=/home/tmdals010126/uros_ws/install/micro_ros_msgs
[3.546s] Invoking command in '/home/tmdals010126/uros_ws/build/micro_ros_msgs': CMAKE_PREFIX_PATH=${CMAKE_PREFIX_PATH}:/home/tmdals010126/ros2_humble/install/rqt_bag_plugins:/home/tmdals010126/ros2_humble/install/rqt_bag:/home/tmdals010126/ros2_humble/install/launch_testing_examples:/home/tmdals010126/ros2_humble/install/ros2bag:/home/tmdals010126/ros2_humble/install/tracetools_test:/home/tmdals010126/ros2_humble/install/tracetools_launch:/home/tmdals010126/ros2_humble/install/topic_monitor:/home/tmdals010126/ros2_humble/install/tf2_tools:/home/tmdals010126/ros2_humble/install/examples_tf2_py:/home/tmdals010126/ros2_humble/install/tf2_ros_py:/home/tmdals010126/ros2_humble/install/sros2:/home/tmdals010126/ros2_humble/install/rqt_topic:/home/tmdals010126/ros2_humble/install/rqt_srv:/home/tmdals010126/ros2_humble/install/rqt_shell:/home/tmdals010126/ros2_humble/install/rqt_service_caller:/home/tmdals010126/ros2_humble/install/rqt_reconfigure:/home/tmdals010126/ros2_humble/install/rqt_py_console:/home/tmdals010126/ros2_humble/install/rqt_publisher:/home/tmdals010126/ros2_humble/install/rqt_plot:/home/tmdals010126/ros2_humble/install/rqt_action:/home/tmdals010126/ros2_humble/install/rqt_msg:/home/tmdals010126/ros2_humble/install/rqt_console:/home/tmdals010126/ros2_humble/install/rqt:/home/tmdals010126/ros2_humble/install/rqt_graph:/home/tmdals010126/ros2_humble/install/rqt_gui_py:/home/tmdals010126/ros2_humble/install/rqt_gui:/home/tmdals010126/ros2_humble/install/ros2trace:/home/tmdals010126/ros2_humble/install/ros2topic:/home/tmdals010126/ros2_humble/install/ros2test:/home/tmdals010126/ros2_humble/install/ros2component:/home/tmdals010126/ros2_humble/install/ros2param:/home/tmdals010126/ros2_humble/install/ros2lifecycle:/home/tmdals010126/ros2_humble/install/ros2service:/home/tmdals010126/ros2_humble/install/ros2run:/home/tmdals010126/ros2_humble/install/ros2launch:/home/tmdals010126/ros2_humble/install/ros2pkg:/home/tmdals010126/ros2_humble/install/ros2node:/home/tmdals010126/ros2_humble/install/ros2multicast:/home/tmdals010126/ros2_humble/install/ros2interface:/home/tmdals010126/ros2_humble/install/ros2doctor:/home/tmdals010126/ros2_humble/install/ros2action:/home/tmdals010126/ros2_humble/install/ros2cli:/home/tmdals010126/ros2_humble/install/quality_of_service_demo_py:/home/tmdals010126/ros2_humble/install/lifecycle_py:/home/tmdals010126/ros2_humble/install/launch_testing_ros:/home/tmdals010126/ros2_humble/install/launch_ros:/home/tmdals010126/ros2_humble/install/examples_rclpy_pointcloud_publisher:/home/tmdals010126/ros2_humble/install/examples_rclpy_minimal_subscriber:/home/tmdals010126/ros2_humble/install/examples_rclpy_minimal_service:/home/tmdals010126/ros2_humble/install/examples_rclpy_minimal_publisher:/home/tmdals010126/ros2_humble/install/examples_rclpy_minimal_client:/home/tmdals010126/ros2_humble/install/examples_rclpy_minimal_action_server:/home/tmdals010126/ros2_humble/install/examples_rclpy_minimal_action_client:/home/tmdals010126/ros2_humble/install/examples_rclpy_guard_conditions:/home/tmdals010126/ros2_humble/install/examples_rclpy_executors:/home/tmdals010126/ros2_humble/install/demo_nodes_py:/home/tmdals010126/ros2_humble/install/camera_info_manager_py:/home/tmdals010126/ros2_humble/install/action_tutorials_py:/home/tmdals010126/ros2_humble/install/ament_uncrustify:/home/tmdals010126/ros2_humble/install/tracetools_trace:/home/tmdals010126/ros2_humble/install/tracetools_read:/home/tmdals010126/ros2_humble/install/test_tracetools_launch:/home/tmdals010126/ros2_humble/install/test_launch_ros:/home/tmdals010126/ros2_humble/install/sensor_msgs_py:/home/tmdals010126/ros2_humble/install/rpyutils:/home/tmdals010126/ros2_humble/install/rosidl_runtime_py:/home/tmdals010126/ros2_humble/install/rosidl_cli:/home/tmdals010126/ros2_humble/install/launch_pytest:/home/tmdals010126/ros2_humble/install/launch_testing:/home/tmdals010126/ros2_humble/install/launch_yaml:/home/tmdals010126/ros2_humble/install/launch_xml:/home/tmdals010126/ros2_humble/install/launch:/home/tmdals010126/ros2_humble/install/osrf_pycommon:/home/tmdals010126/ros2_humble/install/domain_coordinator:/home/tmdals010126/ros2_humble/install/ament_xmllint:/home/tmdals010126/ros2_humble/install/ament_pyflakes:/home/tmdals010126/ros2_humble/install/ament_pycodestyle:/home/tmdals010126/ros2_humble/install/ament_pep257:/home/tmdals010126/ros2_humble/install/ament_pclint:/home/tmdals010126/ros2_humble/install/ament_package:/home/tmdals010126/ros2_humble/install/ament_mypy:/home/tmdals010126/ros2_humble/install/ament_lint_cmake:/home/tmdals010126/ros2_humble/install/ament_flake8:/home/tmdals010126/ros2_humble/install/ament_copyright:/home/tmdals010126/ros2_humble/install/ament_lint:/home/tmdals010126/ros2_humble/install/ament_index_python:/home/tmdals010126/ros2_humble/install/ament_cpplint:/home/tmdals010126/ros2_humble/install/ament_cppcheck:/home/tmdals010126/ros2_humble/install/ament_clang_tidy:/home/tmdals010126/ros2_humble/install/ament_clang_format /usr/local/bin/cmake --build /home/tmdals010126/uros_ws/build/micro_ros_msgs -- -j28 -l28
[3.566s] [  2%] [34m[1mGenerating C code for ROS interfaces[0m
[3.575s] [  4%] [34m[1mGenerating C++ code for ROS interfaces[0m
[3.578s] [  4%] Built target ament_cmake_python_copy_micro_ros_msgs
[3.810s] running egg_info
[3.810s] [  4%] Built target micro_ros_msgs__cpp
[3.815s] [  6%] [34m[1mGenerating C++ type support for eProsima Fast-RTPS[0m
[3.816s] [  8%] [34m[1mGenerating C++ type support dispatch for ROS interfaces[0m
[3.816s] [ 10%] [34m[1mGenerating C++ introspection for ROS interfaces[0m
[3.817s] [ 12%] [32mBuilding C object CMakeFiles/micro_ros_msgs__rosidl_generator_c.dir/rosidl_generator_c/micro_ros_msgs/msg/detail/graph__functions.c.o[0m
[3.817s] [ 14%] [32mBuilding C object CMakeFiles/micro_ros_msgs__rosidl_generator_c.dir/rosidl_generator_c/micro_ros_msgs/msg/detail/node__functions.c.o[0m
[3.818s] [ 17%] [32mBuilding C object CMakeFiles/micro_ros_msgs__rosidl_generator_c.dir/rosidl_generator_c/micro_ros_msgs/msg/detail/entity__functions.c.o[0m
[3.826s] creating micro_ros_msgs.egg-info
[3.826s] writing micro_ros_msgs.egg-info/PKG-INFO
[3.826s] writing dependency_links to micro_ros_msgs.egg-info/dependency_links.txt
[3.826s] writing top-level names to micro_ros_msgs.egg-info/top_level.txt
[3.826s] writing manifest file 'micro_ros_msgs.egg-info/SOURCES.txt'
[3.849s] [ 19%] [32m[1mLinking C shared library libmicro_ros_msgs__rosidl_generator_c.so[0m
[3.868s] [ 19%] Built target micro_ros_msgs__rosidl_generator_c
[3.874s] [ 23%] [34m[1mGenerating C type support dispatch for ROS interfaces[0m
[3.874s] [ 23%] [34m[1mGenerating C type support for eProsima Fast-RTPS[0m
[3.875s] reading manifest file 'micro_ros_msgs.egg-info/SOURCES.txt'
[3.875s] writing manifest file 'micro_ros_msgs.egg-info/SOURCES.txt'
[3.878s] [ 25%] [34m[1mGenerating C introspection for ROS interfaces[0m
[3.898s] [ 25%] Built target ament_cmake_python_build_micro_ros_msgs_egg
[4.026s] [ 27%] [32mBuilding CXX object CMakeFiles/micro_ros_msgs__rosidl_typesupport_cpp.dir/rosidl_typesupport_cpp/micro_ros_msgs/msg/graph__type_support.cpp.o[0m
[4.026s] [ 29%] [32mBuilding CXX object CMakeFiles/micro_ros_msgs__rosidl_typesupport_cpp.dir/rosidl_typesupport_cpp/micro_ros_msgs/msg/node__type_support.cpp.o[0m
[4.026s] [ 31%] [32mBuilding CXX object CMakeFiles/micro_ros_msgs__rosidl_typesupport_cpp.dir/rosidl_typesupport_cpp/micro_ros_msgs/msg/entity__type_support.cpp.o[0m
[4.048s] [ 36%] [32mBuilding CXX object CMakeFiles/micro_ros_msgs__rosidl_typesupport_fastrtps_cpp.dir/rosidl_typesupport_fastrtps_cpp/micro_ros_msgs/msg/detail/dds_fastrtps/graph__type_support.cpp.o[0m
[4.048s] [ 38%] [32mBuilding CXX object CMakeFiles/micro_ros_msgs__rosidl_typesupport_introspection_cpp.dir/rosidl_typesupport_introspection_cpp/micro_ros_msgs/msg/detail/node__type_support.cpp.o[0m
[4.048s] [ 38%] [32mBuilding CXX object CMakeFiles/micro_ros_msgs__rosidl_typesupport_introspection_cpp.dir/rosidl_typesupport_introspection_cpp/micro_ros_msgs/msg/detail/graph__type_support.cpp.o[0m
[4.050s] [ 40%] [32mBuilding CXX object CMakeFiles/micro_ros_msgs__rosidl_typesupport_fastrtps_cpp.dir/rosidl_typesupport_fastrtps_cpp/micro_ros_msgs/msg/detail/dds_fastrtps/node__type_support.cpp.o[0m
[4.050s] [ 44%] [32mBuilding CXX object CMakeFiles/micro_ros_msgs__rosidl_typesupport_introspection_cpp.dir/rosidl_typesupport_introspection_cpp/micro_ros_msgs/msg/detail/entity__type_support.cpp.o[0m
[4.050s] [ 44%] [32mBuilding CXX object CMakeFiles/micro_ros_msgs__rosidl_typesupport_fastrtps_cpp.dir/rosidl_typesupport_fastrtps_cpp/micro_ros_msgs/msg/detail/dds_fastrtps/entity__type_support.cpp.o[0m
[4.089s] [ 46%] [32mBuilding CXX object CMakeFiles/micro_ros_msgs__rosidl_typesupport_c.dir/rosidl_typesupport_c/micro_ros_msgs/msg/graph__type_support.cpp.o[0m
[4.092s] [ 51%] [32mBuilding CXX object CMakeFiles/micro_ros_msgs__rosidl_typesupport_c.dir/rosidl_typesupport_c/micro_ros_msgs/msg/entity__type_support.cpp.o[0m
[4.092s] [ 51%] [32mBuilding CXX object CMakeFiles/micro_ros_msgs__rosidl_typesupport_c.dir/rosidl_typesupport_c/micro_ros_msgs/msg/node__type_support.cpp.o[0m
[4.107s] [ 53%] [32mBuilding CXX object CMakeFiles/micro_ros_msgs__rosidl_typesupport_fastrtps_c.dir/rosidl_typesupport_fastrtps_c/micro_ros_msgs/msg/detail/graph__type_support_c.cpp.o[0m
[4.109s] [ 57%] [32mBuilding CXX object CMakeFiles/micro_ros_msgs__rosidl_typesupport_fastrtps_c.dir/rosidl_typesupport_fastrtps_c/micro_ros_msgs/msg/detail/node__type_support_c.cpp.o[0m
[4.110s] [ 57%] [32mBuilding CXX object CMakeFiles/micro_ros_msgs__rosidl_typesupport_fastrtps_c.dir/rosidl_typesupport_fastrtps_c/micro_ros_msgs/msg/detail/entity__type_support_c.cpp.o[0m
[4.124s] [ 59%] [32m[1mLinking CXX shared library libmicro_ros_msgs__rosidl_typesupport_c.so[0m
[4.157s] [ 59%] Built target micro_ros_msgs__rosidl_typesupport_c
[4.158s] [ 61%] [32m[1mLinking CXX shared library libmicro_ros_msgs__rosidl_typesupport_cpp.so[0m
[4.160s] [ 63%] [32mBuilding C object CMakeFiles/micro_ros_msgs__rosidl_typesupport_introspection_c.dir/rosidl_typesupport_introspection_c/micro_ros_msgs/msg/detail/graph__type_support.c.o[0m
[4.161s] [ 65%] [32mBuilding C object CMakeFiles/micro_ros_msgs__rosidl_typesupport_introspection_c.dir/rosidl_typesupport_introspection_c/micro_ros_msgs/msg/detail/node__type_support.c.o[0m
[4.163s] [ 68%] [32mBuilding C object CMakeFiles/micro_ros_msgs__rosidl_typesupport_introspection_c.dir/rosidl_typesupport_introspection_c/micro_ros_msgs/msg/detail/entity__type_support.c.o[0m
[4.178s] [ 68%] Built target micro_ros_msgs__rosidl_typesupport_cpp
[4.191s] [ 70%] [32m[1mLinking C shared library libmicro_ros_msgs__rosidl_typesupport_introspection_c.so[0m
[4.207s] [ 70%] Built target micro_ros_msgs__rosidl_typesupport_introspection_c
[4.272s] [ 72%] [32m[1mLinking CXX shared library libmicro_ros_msgs__rosidl_typesupport_introspection_cpp.so[0m
[4.311s] [ 72%] Built target micro_ros_msgs__rosidl_typesupport_introspection_cpp
[4.321s] [ 74%] [32m[1mLinking CXX shared library libmicro_ros_msgs__rosidl_typesupport_fastrtps_c.so[0m
[4.346s] [ 76%] [32m[1mLinking CXX shared library libmicro_ros_msgs__rosidl_typesupport_fastrtps_cpp.so[0m
[4.355s] [ 76%] Built target micro_ros_msgs__rosidl_typesupport_fastrtps_c
[4.382s] [ 76%] Built target micro_ros_msgs__rosidl_typesupport_fastrtps_cpp
[4.393s] [ 76%] Built target micro_ros_msgs
[4.406s] [ 78%] [34m[1mGenerating Python code for ROS interfaces[0m
[4.729s] [ 78%] Built target micro_ros_msgs__py
[4.739s] [ 80%] [32mBuilding C object CMakeFiles/micro_ros_msgs__rosidl_generator_py.dir/rosidl_generator_py/micro_ros_msgs/msg/_graph_s.c.o[0m
[4.740s] [ 82%] [32mBuilding C object CMakeFiles/micro_ros_msgs__rosidl_generator_py.dir/rosidl_generator_py/micro_ros_msgs/msg/_node_s.c.o[0m
[4.740s] [ 85%] [32mBuilding C object CMakeFiles/micro_ros_msgs__rosidl_generator_py.dir/rosidl_generator_py/micro_ros_msgs/msg/_entity_s.c.o[0m
[4.798s] [ 87%] [32m[1mLinking C shared library rosidl_generator_py/micro_ros_msgs/libmicro_ros_msgs__rosidl_generator_py.so[0m
[4.820s] [ 87%] Built target micro_ros_msgs__rosidl_generator_py
[4.841s] [ 89%] [32mBuilding C object CMakeFiles/micro_ros_msgs__rosidl_typesupport_introspection_c__pyext.dir/rosidl_generator_py/micro_ros_msgs/_micro_ros_msgs_s.ep.rosidl_typesupport_introspection_c.c.o[0m
[4.841s] [ 91%] [32mBuilding C object CMakeFiles/micro_ros_msgs__rosidl_typesupport_fastrtps_c__pyext.dir/rosidl_generator_py/micro_ros_msgs/_micro_ros_msgs_s.ep.rosidl_typesupport_fastrtps_c.c.o[0m
[4.842s] [ 93%] [32mBuilding C object CMakeFiles/micro_ros_msgs__rosidl_typesupport_c__pyext.dir/rosidl_generator_py/micro_ros_msgs/_micro_ros_msgs_s.ep.rosidl_typesupport_c.c.o[0m
[4.890s] [100%] [32m[1mLinking C shared library rosidl_generator_py/micro_ros_msgs/micro_ros_msgs_s__rosidl_typesupport_introspection_c.cpython-310-x86_64-linux-gnu.so[0m
[4.890s] [100%] [32m[1mLinking C shared library rosidl_generator_py/micro_ros_msgs/micro_ros_msgs_s__rosidl_typesupport_fastrtps_c.cpython-310-x86_64-linux-gnu.so[0m
[4.890s] [100%] [32m[1mLinking C shared library rosidl_generator_py/micro_ros_msgs/micro_ros_msgs_s__rosidl_typesupport_c.cpython-310-x86_64-linux-gnu.so[0m
[4.906s] [100%] Built target micro_ros_msgs__rosidl_typesupport_c__pyext
[4.906s] [100%] Built target micro_ros_msgs__rosidl_typesupport_introspection_c__pyext
[4.906s] [100%] Built target micro_ros_msgs__rosidl_typesupport_fastrtps_c__pyext
[4.910s] Invoked command in '/home/tmdals010126/uros_ws/build/micro_ros_msgs' returned '0': CMAKE_PREFIX_PATH=${CMAKE_PREFIX_PATH}:/home/tmdals010126/ros2_humble/install/rqt_bag_plugins:/home/tmdals010126/ros2_humble/install/rqt_bag:/home/tmdals010126/ros2_humble/install/launch_testing_examples:/home/tmdals010126/ros2_humble/install/ros2bag:/home/tmdals010126/ros2_humble/install/tracetools_test:/home/tmdals010126/ros2_humble/install/tracetools_launch:/home/tmdals010126/ros2_humble/install/topic_monitor:/home/tmdals010126/ros2_humble/install/tf2_tools:/home/tmdals010126/ros2_humble/install/examples_tf2_py:/home/tmdals010126/ros2_humble/install/tf2_ros_py:/home/tmdals010126/ros2_humble/install/sros2:/home/tmdals010126/ros2_humble/install/rqt_topic:/home/tmdals010126/ros2_humble/install/rqt_srv:/home/tmdals010126/ros2_humble/install/rqt_shell:/home/tmdals010126/ros2_humble/install/rqt_service_caller:/home/tmdals010126/ros2_humble/install/rqt_reconfigure:/home/tmdals010126/ros2_humble/install/rqt_py_console:/home/tmdals010126/ros2_humble/install/rqt_publisher:/home/tmdals010126/ros2_humble/install/rqt_plot:/home/tmdals010126/ros2_humble/install/rqt_action:/home/tmdals010126/ros2_humble/install/rqt_msg:/home/tmdals010126/ros2_humble/install/rqt_console:/home/tmdals010126/ros2_humble/install/rqt:/home/tmdals010126/ros2_humble/install/rqt_graph:/home/tmdals010126/ros2_humble/install/rqt_gui_py:/home/tmdals010126/ros2_humble/install/rqt_gui:/home/tmdals010126/ros2_humble/install/ros2trace:/home/tmdals010126/ros2_humble/install/ros2topic:/home/tmdals010126/ros2_humble/install/ros2test:/home/tmdals010126/ros2_humble/install/ros2component:/home/tmdals010126/ros2_humble/install/ros2param:/home/tmdals010126/ros2_humble/install/ros2lifecycle:/home/tmdals010126/ros2_humble/install/ros2service:/home/tmdals010126/ros2_humble/install/ros2run:/home/tmdals010126/ros2_humble/install/ros2launch:/home/tmdals010126/ros2_humble/install/ros2pkg:/home/tmdals010126/ros2_humble/install/ros2node:/home/tmdals010126/ros2_humble/install/ros2multicast:/home/tmdals010126/ros2_humble/install/ros2interface:/home/tmdals010126/ros2_humble/install/ros2doctor:/home/tmdals010126/ros2_humble/install/ros2action:/home/tmdals010126/ros2_humble/install/ros2cli:/home/tmdals010126/ros2_humble/install/quality_of_service_demo_py:/home/tmdals010126/ros2_humble/install/lifecycle_py:/home/tmdals010126/ros2_humble/install/launch_testing_ros:/home/tmdals010126/ros2_humble/install/launch_ros:/home/tmdals010126/ros2_humble/install/examples_rclpy_pointcloud_publisher:/home/tmdals010126/ros2_humble/install/examples_rclpy_minimal_subscriber:/home/tmdals010126/ros2_humble/install/examples_rclpy_minimal_service:/home/tmdals010126/ros2_humble/install/examples_rclpy_minimal_publisher:/home/tmdals010126/ros2_humble/install/examples_rclpy_minimal_client:/home/tmdals010126/ros2_humble/install/examples_rclpy_minimal_action_server:/home/tmdals010126/ros2_humble/install/examples_rclpy_minimal_action_client:/home/tmdals010126/ros2_humble/install/examples_rclpy_guard_conditions:/home/tmdals010126/ros2_humble/install/examples_rclpy_executors:/home/tmdals010126/ros2_humble/install/demo_nodes_py:/home/tmdals010126/ros2_humble/install/camera_info_manager_py:/home/tmdals010126/ros2_humble/install/action_tutorials_py:/home/tmdals010126/ros2_humble/install/ament_uncrustify:/home/tmdals010126/ros2_humble/install/tracetools_trace:/home/tmdals010126/ros2_humble/install/tracetools_read:/home/tmdals010126/ros2_humble/install/test_tracetools_launch:/home/tmdals010126/ros2_humble/install/test_launch_ros:/home/tmdals010126/ros2_humble/install/sensor_msgs_py:/home/tmdals010126/ros2_humble/install/rpyutils:/home/tmdals010126/ros2_humble/install/rosidl_runtime_py:/home/tmdals010126/ros2_humble/install/rosidl_cli:/home/tmdals010126/ros2_humble/install/launch_pytest:/home/tmdals010126/ros2_humble/install/launch_testing:/home/tmdals010126/ros2_humble/install/launch_yaml:/home/tmdals010126/ros2_humble/install/launch_xml:/home/tmdals010126/ros2_humble/install/launch:/home/tmdals010126/ros2_humble/install/osrf_pycommon:/home/tmdals010126/ros2_humble/install/domain_coordinator:/home/tmdals010126/ros2_humble/install/ament_xmllint:/home/tmdals010126/ros2_humble/install/ament_pyflakes:/home/tmdals010126/ros2_humble/install/ament_pycodestyle:/home/tmdals010126/ros2_humble/install/ament_pep257:/home/tmdals010126/ros2_humble/install/ament_pclint:/home/tmdals010126/ros2_humble/install/ament_package:/home/tmdals010126/ros2_humble/install/ament_mypy:/home/tmdals010126/ros2_humble/install/ament_lint_cmake:/home/tmdals010126/ros2_humble/install/ament_flake8:/home/tmdals010126/ros2_humble/install/ament_copyright:/home/tmdals010126/ros2_humble/install/ament_lint:/home/tmdals010126/ros2_humble/install/ament_index_python:/home/tmdals010126/ros2_humble/install/ament_cpplint:/home/tmdals010126/ros2_humble/install/ament_cppcheck:/home/tmdals010126/ros2_humble/install/ament_clang_tidy:/home/tmdals010126/ros2_humble/install/ament_clang_format /usr/local/bin/cmake --build /home/tmdals010126/uros_ws/build/micro_ros_msgs -- -j28 -l28
[4.911s] Invoking command in '/home/tmdals010126/uros_ws/build/micro_ros_msgs': CMAKE_PREFIX_PATH=${CMAKE_PREFIX_PATH}:/home/tmdals010126/ros2_humble/install/rqt_bag_plugins:/home/tmdals010126/ros2_humble/install/rqt_bag:/home/tmdals010126/ros2_humble/install/launch_testing_examples:/home/tmdals010126/ros2_humble/install/ros2bag:/home/tmdals010126/ros2_humble/install/tracetools_test:/home/tmdals010126/ros2_humble/install/tracetools_launch:/home/tmdals010126/ros2_humble/install/topic_monitor:/home/tmdals010126/ros2_humble/install/tf2_tools:/home/tmdals010126/ros2_humble/install/examples_tf2_py:/home/tmdals010126/ros2_humble/install/tf2_ros_py:/home/tmdals010126/ros2_humble/install/sros2:/home/tmdals010126/ros2_humble/install/rqt_topic:/home/tmdals010126/ros2_humble/install/rqt_srv:/home/tmdals010126/ros2_humble/install/rqt_shell:/home/tmdals010126/ros2_humble/install/rqt_service_caller:/home/tmdals010126/ros2_humble/install/rqt_reconfigure:/home/tmdals010126/ros2_humble/install/rqt_py_console:/home/tmdals010126/ros2_humble/install/rqt_publisher:/home/tmdals010126/ros2_humble/install/rqt_plot:/home/tmdals010126/ros2_humble/install/rqt_action:/home/tmdals010126/ros2_humble/install/rqt_msg:/home/tmdals010126/ros2_humble/install/rqt_console:/home/tmdals010126/ros2_humble/install/rqt:/home/tmdals010126/ros2_humble/install/rqt_graph:/home/tmdals010126/ros2_humble/install/rqt_gui_py:/home/tmdals010126/ros2_humble/install/rqt_gui:/home/tmdals010126/ros2_humble/install/ros2trace:/home/tmdals010126/ros2_humble/install/ros2topic:/home/tmdals010126/ros2_humble/install/ros2test:/home/tmdals010126/ros2_humble/install/ros2component:/home/tmdals010126/ros2_humble/install/ros2param:/home/tmdals010126/ros2_humble/install/ros2lifecycle:/home/tmdals010126/ros2_humble/install/ros2service:/home/tmdals010126/ros2_humble/install/ros2run:/home/tmdals010126/ros2_humble/install/ros2launch:/home/tmdals010126/ros2_humble/install/ros2pkg:/home/tmdals010126/ros2_humble/install/ros2node:/home/tmdals010126/ros2_humble/install/ros2multicast:/home/tmdals010126/ros2_humble/install/ros2interface:/home/tmdals010126/ros2_humble/install/ros2doctor:/home/tmdals010126/ros2_humble/install/ros2action:/home/tmdals010126/ros2_humble/install/ros2cli:/home/tmdals010126/ros2_humble/install/quality_of_service_demo_py:/home/tmdals010126/ros2_humble/install/lifecycle_py:/home/tmdals010126/ros2_humble/install/launch_testing_ros:/home/tmdals010126/ros2_humble/install/launch_ros:/home/tmdals010126/ros2_humble/install/examples_rclpy_pointcloud_publisher:/home/tmdals010126/ros2_humble/install/examples_rclpy_minimal_subscriber:/home/tmdals010126/ros2_humble/install/examples_rclpy_minimal_service:/home/tmdals010126/ros2_humble/install/examples_rclpy_minimal_publisher:/home/tmdals010126/ros2_humble/install/examples_rclpy_minimal_client:/home/tmdals010126/ros2_humble/install/examples_rclpy_minimal_action_server:/home/tmdals010126/ros2_humble/install/examples_rclpy_minimal_action_client:/home/tmdals010126/ros2_humble/install/examples_rclpy_guard_conditions:/home/tmdals010126/ros2_humble/install/examples_rclpy_executors:/home/tmdals010126/ros2_humble/install/demo_nodes_py:/home/tmdals010126/ros2_humble/install/camera_info_manager_py:/home/tmdals010126/ros2_humble/install/action_tutorials_py:/home/tmdals010126/ros2_humble/install/ament_uncrustify:/home/tmdals010126/ros2_humble/install/tracetools_trace:/home/tmdals010126/ros2_humble/install/tracetools_read:/home/tmdals010126/ros2_humble/install/test_tracetools_launch:/home/tmdals010126/ros2_humble/install/test_launch_ros:/home/tmdals010126/ros2_humble/install/sensor_msgs_py:/home/tmdals010126/ros2_humble/install/rpyutils:/home/tmdals010126/ros2_humble/install/rosidl_runtime_py:/home/tmdals010126/ros2_humble/install/rosidl_cli:/home/tmdals010126/ros2_humble/install/launch_pytest:/home/tmdals010126/ros2_humble/install/launch_testing:/home/tmdals010126/ros2_humble/install/launch_yaml:/home/tmdals010126/ros2_humble/install/launch_xml:/home/tmdals010126/ros2_humble/install/launch:/home/tmdals010126/ros2_humble/install/osrf_pycommon:/home/tmdals010126/ros2_humble/install/domain_coordinator:/home/tmdals010126/ros2_humble/install/ament_xmllint:/home/tmdals010126/ros2_humble/install/ament_pyflakes:/home/tmdals010126/ros2_humble/install/ament_pycodestyle:/home/tmdals010126/ros2_humble/install/ament_pep257:/home/tmdals010126/ros2_humble/install/ament_pclint:/home/tmdals010126/ros2_humble/install/ament_package:/home/tmdals010126/ros2_humble/install/ament_mypy:/home/tmdals010126/ros2_humble/install/ament_lint_cmake:/home/tmdals010126/ros2_humble/install/ament_flake8:/home/tmdals010126/ros2_humble/install/ament_copyright:/home/tmdals010126/ros2_humble/install/ament_lint:/home/tmdals010126/ros2_humble/install/ament_index_python:/home/tmdals010126/ros2_humble/install/ament_cpplint:/home/tmdals010126/ros2_humble/install/ament_cppcheck:/home/tmdals010126/ros2_humble/install/ament_clang_tidy:/home/tmdals010126/ros2_humble/install/ament_clang_format /usr/local/bin/cmake --install /home/tmdals010126/uros_ws/build/micro_ros_msgs
[4.914s] -- Install configuration: ""
[4.914s] -- Installing: /home/tmdals010126/uros_ws/install/micro_ros_msgs/share/ament_index/resource_index/rosidl_interfaces/micro_ros_msgs
[4.914s] -- Installing: /home/tmdals010126/uros_ws/install/micro_ros_msgs/include/micro_ros_msgs/micro_ros_msgs
[4.914s] -- Installing: /home/tmdals010126/uros_ws/install/micro_ros_msgs/include/micro_ros_msgs/micro_ros_msgs/msg
[4.914s] -- Installing: /home/tmdals010126/uros_ws/install/micro_ros_msgs/include/micro_ros_msgs/micro_ros_msgs/msg/rosidl_generator_c__visibility_control.h
[4.915s] -- Installing: /home/tmdals010126/uros_ws/install/micro_ros_msgs/include/micro_ros_msgs/micro_ros_msgs/msg/entity.h
[4.915s] -- Installing: /home/tmdals010126/uros_ws/install/micro_ros_msgs/include/micro_ros_msgs/micro_ros_msgs/msg/graph.h
[4.915s] -- Installing: /home/tmdals010126/uros_ws/install/micro_ros_msgs/include/micro_ros_msgs/micro_ros_msgs/msg/detail
[4.915s] -- Installing: /home/tmdals010126/uros_ws/install/micro_ros_msgs/include/micro_ros_msgs/micro_ros_msgs/msg/detail/node__struct.h
[4.915s] -- Installing: /home/tmdals010126/uros_ws/install/micro_ros_msgs/include/micro_ros_msgs/micro_ros_msgs/msg/detail/graph__functions.h
[4.915s] -- Installing: /home/tmdals010126/uros_ws/install/micro_ros_msgs/include/micro_ros_msgs/micro_ros_msgs/msg/detail/node__type_support.h
[4.915s] -- Installing: /home/tmdals010126/uros_ws/install/micro_ros_msgs/include/micro_ros_msgs/micro_ros_msgs/msg/detail/graph__struct.h
[4.915s] -- Installing: /home/tmdals010126/uros_ws/install/micro_ros_msgs/include/micro_ros_msgs/micro_ros_msgs/msg/detail/entity__struct.h
[4.915s] -- Installing: /home/tmdals010126/uros_ws/install/micro_ros_msgs/include/micro_ros_msgs/micro_ros_msgs/msg/detail/entity__functions.c
[4.915s] -- Installing: /home/tmdals010126/uros_ws/install/micro_ros_msgs/include/micro_ros_msgs/micro_ros_msgs/msg/detail/entity__type_support.h
[4.915s] -- Installing: /home/tmdals010126/uros_ws/install/micro_ros_msgs/include/micro_ros_msgs/micro_ros_msgs/msg/detail/entity__functions.h
[4.915s] -- Installing: /home/tmdals010126/uros_ws/install/micro_ros_msgs/include/micro_ros_msgs/micro_ros_msgs/msg/detail/node__functions.h
[4.915s] -- Installing: /home/tmdals010126/uros_ws/install/micro_ros_msgs/include/micro_ros_msgs/micro_ros_msgs/msg/detail/node__functions.c
[4.915s] -- Installing: /home/tmdals010126/uros_ws/install/micro_ros_msgs/include/micro_ros_msgs/micro_ros_msgs/msg/detail/graph__type_support.h
[4.915s] -- Installing: /home/tmdals010126/uros_ws/install/micro_ros_msgs/include/micro_ros_msgs/micro_ros_msgs/msg/detail/graph__functions.c
[4.915s] -- Installing: /home/tmdals010126/uros_ws/install/micro_ros_msgs/include/micro_ros_msgs/micro_ros_msgs/msg/node.h
[4.916s] -- Installing: /home/tmdals010126/uros_ws/install/micro_ros_msgs/share/micro_ros_msgs/environment/library_path.sh
[4.916s] -- Installing: /home/tmdals010126/uros_ws/install/micro_ros_msgs/share/micro_ros_msgs/environment/library_path.dsv
[4.916s] -- Installing: /home/tmdals010126/uros_ws/install/micro_ros_msgs/lib/libmicro_ros_msgs__rosidl_generator_c.so
[4.916s] -- Set runtime path of "/home/tmdals010126/uros_ws/install/micro_ros_msgs/lib/libmicro_ros_msgs__rosidl_generator_c.so" to ""
[4.916s] -- Up-to-date: /home/tmdals010126/uros_ws/install/micro_ros_msgs/include/micro_ros_msgs/micro_ros_msgs
[4.916s] -- Up-to-date: /home/tmdals010126/uros_ws/install/micro_ros_msgs/include/micro_ros_msgs/micro_ros_msgs/msg
[4.916s] -- Up-to-date: /home/tmdals010126/uros_ws/install/micro_ros_msgs/include/micro_ros_msgs/micro_ros_msgs/msg/detail
[4.916s] -- Installing: /home/tmdals010126/uros_ws/install/micro_ros_msgs/include/micro_ros_msgs/micro_ros_msgs/msg/detail/node__type_support.c
[4.916s] -- Installing: /home/tmdals010126/uros_ws/install/micro_ros_msgs/include/micro_ros_msgs/micro_ros_msgs/msg/detail/graph__rosidl_typesupport_introspection_c.h
[4.916s] -- Installing: /home/tmdals010126/uros_ws/install/micro_ros_msgs/include/micro_ros_msgs/micro_ros_msgs/msg/detail/entity__rosidl_typesupport_introspection_c.h
[4.916s] -- Installing: /home/tmdals010126/uros_ws/install/micro_ros_msgs/include/micro_ros_msgs/micro_ros_msgs/msg/detail/node__rosidl_typesupport_introspection_c.h
[4.916s] -- Installing: /home/tmdals010126/uros_ws/install/micro_ros_msgs/include/micro_ros_msgs/micro_ros_msgs/msg/detail/entity__type_support.c
[4.916s] -- Installing: /home/tmdals010126/uros_ws/install/micro_ros_msgs/include/micro_ros_msgs/micro_ros_msgs/msg/detail/graph__type_support.c
[4.916s] -- Installing: /home/tmdals010126/uros_ws/install/micro_ros_msgs/include/micro_ros_msgs/micro_ros_msgs/msg/rosidl_typesupport_introspection_c__visibility_control.h
[4.916s] -- Installing: /home/tmdals010126/uros_ws/install/micro_ros_msgs/lib/libmicro_ros_msgs__rosidl_typesupport_introspection_c.so
[4.916s] -- Set runtime path of "/home/tmdals010126/uros_ws/install/micro_ros_msgs/lib/libmicro_ros_msgs__rosidl_typesupport_introspection_c.so" to ""
[4.916s] -- Up-to-date: /home/tmdals010126/uros_ws/install/micro_ros_msgs/include/micro_ros_msgs/micro_ros_msgs
[4.917s] -- Up-to-date: /home/tmdals010126/uros_ws/install/micro_ros_msgs/include/micro_ros_msgs/micro_ros_msgs/msg
[4.917s] -- Up-to-date: /home/tmdals010126/uros_ws/install/micro_ros_msgs/include/micro_ros_msgs/micro_ros_msgs/msg/detail
[4.917s] -- Installing: /home/tmdals010126/uros_ws/install/micro_ros_msgs/include/micro_ros_msgs/micro_ros_msgs/msg/detail/graph__rosidl_typesupport_fastrtps_c.h
[4.917s] -- Installing: /home/tmdals010126/uros_ws/install/micro_ros_msgs/include/micro_ros_msgs/micro_ros_msgs/msg/detail/entity__rosidl_typesupport_fastrtps_c.h
[4.917s] -- Installing: /home/tmdals010126/uros_ws/install/micro_ros_msgs/include/micro_ros_msgs/micro_ros_msgs/msg/detail/node__rosidl_typesupport_fastrtps_c.h
[4.917s] -- Installing: /home/tmdals010126/uros_ws/install/micro_ros_msgs/include/micro_ros_msgs/micro_ros_msgs/msg/rosidl_typesupport_fastrtps_c__visibility_control.h
[4.917s] -- Installing: /home/tmdals010126/uros_ws/install/micro_ros_msgs/lib/libmicro_ros_msgs__rosidl_typesupport_fastrtps_c.so
[4.917s] -- Set runtime path of "/home/tmdals010126/uros_ws/install/micro_ros_msgs/lib/libmicro_ros_msgs__rosidl_typesupport_fastrtps_c.so" to ""
[4.917s] -- Installing: /home/tmdals010126/uros_ws/install/micro_ros_msgs/lib/libmicro_ros_msgs__rosidl_typesupport_c.so
[4.917s] -- Set runtime path of "/home/tmdals010126/uros_ws/install/micro_ros_msgs/lib/libmicro_ros_msgs__rosidl_typesupport_c.so" to ""
[4.917s] -- Up-to-date: /home/tmdals010126/uros_ws/install/micro_ros_msgs/include/micro_ros_msgs/micro_ros_msgs
[4.917s] -- Up-to-date: /home/tmdals010126/uros_ws/install/micro_ros_msgs/include/micro_ros_msgs/micro_ros_msgs/msg
[4.917s] -- Installing: /home/tmdals010126/uros_ws/install/micro_ros_msgs/include/micro_ros_msgs/micro_ros_msgs/msg/rosidl_generator_cpp__visibility_control.hpp
[4.917s] -- Installing: /home/tmdals010126/uros_ws/install/micro_ros_msgs/include/micro_ros_msgs/micro_ros_msgs/msg/graph.hpp
[4.917s] -- Up-to-date: /home/tmdals010126/uros_ws/install/micro_ros_msgs/include/micro_ros_msgs/micro_ros_msgs/msg/detail
[4.917s] -- Installing: /home/tmdals010126/uros_ws/install/micro_ros_msgs/include/micro_ros_msgs/micro_ros_msgs/msg/detail/node__traits.hpp
[4.917s] -- Installing: /home/tmdals010126/uros_ws/install/micro_ros_msgs/include/micro_ros_msgs/micro_ros_msgs/msg/detail/entity__traits.hpp
[4.918s] -- Installing: /home/tmdals010126/uros_ws/install/micro_ros_msgs/include/micro_ros_msgs/micro_ros_msgs/msg/detail/graph__type_support.hpp
[4.918s] -- Installing: /home/tmdals010126/uros_ws/install/micro_ros_msgs/include/micro_ros_msgs/micro_ros_msgs/msg/detail/node__builder.hpp
[4.918s] -- Installing: /home/tmdals010126/uros_ws/install/micro_ros_msgs/include/micro_ros_msgs/micro_ros_msgs/msg/detail/entity__struct.hpp
[4.918s] -- Installing: /home/tmdals010126/uros_ws/install/micro_ros_msgs/include/micro_ros_msgs/micro_ros_msgs/msg/detail/graph__struct.hpp
[4.918s] -- Installing: /home/tmdals010126/uros_ws/install/micro_ros_msgs/include/micro_ros_msgs/micro_ros_msgs/msg/detail/graph__builder.hpp
[4.918s] -- Installing: /home/tmdals010126/uros_ws/install/micro_ros_msgs/include/micro_ros_msgs/micro_ros_msgs/msg/detail/entity__builder.hpp
[4.918s] -- Installing: /home/tmdals010126/uros_ws/install/micro_ros_msgs/include/micro_ros_msgs/micro_ros_msgs/msg/detail/node__type_support.hpp
[4.918s] -- Installing: /home/tmdals010126/uros_ws/install/micro_ros_msgs/include/micro_ros_msgs/micro_ros_msgs/msg/detail/node__struct.hpp
[4.918s] -- Installing: /home/tmdals010126/uros_ws/install/micro_ros_msgs/include/micro_ros_msgs/micro_ros_msgs/msg/detail/graph__traits.hpp
[4.918s] -- Installing: /home/tmdals010126/uros_ws/install/micro_ros_msgs/include/micro_ros_msgs/micro_ros_msgs/msg/detail/entity__type_support.hpp
[4.918s] -- Installing: /home/tmdals010126/uros_ws/install/micro_ros_msgs/include/micro_ros_msgs/micro_ros_msgs/msg/node.hpp
[4.918s] -- Installing: /home/tmdals010126/uros_ws/install/micro_ros_msgs/include/micro_ros_msgs/micro_ros_msgs/msg/entity.hpp
[4.918s] -- Up-to-date: /home/tmdals010126/uros_ws/install/micro_ros_msgs/include/micro_ros_msgs/micro_ros_msgs
[4.918s] -- Up-to-date: /home/tmdals010126/uros_ws/install/micro_ros_msgs/include/micro_ros_msgs/micro_ros_msgs/msg
[4.918s] -- Up-to-date: /home/tmdals010126/uros_ws/install/micro_ros_msgs/include/micro_ros_msgs/micro_ros_msgs/msg/detail
[4.918s] -- Installing: /home/tmdals010126/uros_ws/install/micro_ros_msgs/include/micro_ros_msgs/micro_ros_msgs/msg/detail/graph__rosidl_typesupport_introspection_cpp.hpp
[4.918s] -- Installing: /home/tmdals010126/uros_ws/install/micro_ros_msgs/include/micro_ros_msgs/micro_ros_msgs/msg/detail/graph__type_support.cpp
[4.918s] -- Installing: /home/tmdals010126/uros_ws/install/micro_ros_msgs/include/micro_ros_msgs/micro_ros_msgs/msg/detail/entity__rosidl_typesupport_introspection_cpp.hpp
[4.918s] -- Installing: /home/tmdals010126/uros_ws/install/micro_ros_msgs/include/micro_ros_msgs/micro_ros_msgs/msg/detail/entity__type_support.cpp
[4.918s] -- Installing: /home/tmdals010126/uros_ws/install/micro_ros_msgs/include/micro_ros_msgs/micro_ros_msgs/msg/detail/node__rosidl_typesupport_introspection_cpp.hpp
[4.918s] -- Installing: /home/tmdals010126/uros_ws/install/micro_ros_msgs/include/micro_ros_msgs/micro_ros_msgs/msg/detail/node__type_support.cpp
[4.918s] -- Installing: /home/tmdals010126/uros_ws/install/micro_ros_msgs/lib/libmicro_ros_msgs__rosidl_typesupport_introspection_cpp.so
[4.918s] -- Set runtime path of "/home/tmdals010126/uros_ws/install/micro_ros_msgs/lib/libmicro_ros_msgs__rosidl_typesupport_introspection_cpp.so" to ""
[4.918s] -- Up-to-date: /home/tmdals010126/uros_ws/install/micro_ros_msgs/include/micro_ros_msgs/micro_ros_msgs
[4.918s] -- Up-to-date: /home/tmdals010126/uros_ws/install/micro_ros_msgs/include/micro_ros_msgs/micro_ros_msgs/msg
[4.918s] -- Up-to-date: /home/tmdals010126/uros_ws/install/micro_ros_msgs/include/micro_ros_msgs/micro_ros_msgs/msg/detail
[4.918s] -- Installing: /home/tmdals010126/uros_ws/install/micro_ros_msgs/include/micro_ros_msgs/micro_ros_msgs/msg/detail/graph__rosidl_typesupport_fastrtps_cpp.hpp
[4.918s] -- Installing: /home/tmdals010126/uros_ws/install/micro_ros_msgs/include/micro_ros_msgs/micro_ros_msgs/msg/detail/dds_fastrtps
[4.918s] -- Installing: /home/tmdals010126/uros_ws/install/micro_ros_msgs/include/micro_ros_msgs/micro_ros_msgs/msg/detail/node__rosidl_typesupport_fastrtps_cpp.hpp
[4.918s] -- Installing: /home/tmdals010126/uros_ws/install/micro_ros_msgs/include/micro_ros_msgs/micro_ros_msgs/msg/detail/entity__rosidl_typesupport_fastrtps_cpp.hpp
[4.918s] -- Installing: /home/tmdals010126/uros_ws/install/micro_ros_msgs/include/micro_ros_msgs/micro_ros_msgs/msg/rosidl_typesupport_fastrtps_cpp__visibility_control.h
[4.918s] -- Installing: /home/tmdals010126/uros_ws/install/micro_ros_msgs/lib/libmicro_ros_msgs__rosidl_typesupport_fastrtps_cpp.so
[4.918s] -- Set runtime path of "/home/tmdals010126/uros_ws/install/micro_ros_msgs/lib/libmicro_ros_msgs__rosidl_typesupport_fastrtps_cpp.so" to ""
[4.918s] -- Installing: /home/tmdals010126/uros_ws/install/micro_ros_msgs/lib/libmicro_ros_msgs__rosidl_typesupport_cpp.so
[4.918s] -- Set runtime path of "/home/tmdals010126/uros_ws/install/micro_ros_msgs/lib/libmicro_ros_msgs__rosidl_typesupport_cpp.so" to ""
[4.918s] -- Installing: /home/tmdals010126/uros_ws/install/micro_ros_msgs/share/micro_ros_msgs/environment/pythonpath.sh
[4.918s] -- Installing: /home/tmdals010126/uros_ws/install/micro_ros_msgs/share/micro_ros_msgs/environment/pythonpath.dsv
[4.919s] -- Installing: /home/tmdals010126/uros_ws/install/micro_ros_msgs/local/lib/python3.10/dist-packages/micro_ros_msgs-3.0.1-py3.10.egg-info
[4.919s] -- Installing: /home/tmdals010126/uros_ws/install/micro_ros_msgs/local/lib/python3.10/dist-packages/micro_ros_msgs-3.0.1-py3.10.egg-info/SOURCES.txt
[4.919s] -- Installing: /home/tmdals010126/uros_ws/install/micro_ros_msgs/local/lib/python3.10/dist-packages/micro_ros_msgs-3.0.1-py3.10.egg-info/dependency_links.txt
[4.919s] -- Installing: /home/tmdals010126/uros_ws/install/micro_ros_msgs/local/lib/python3.10/dist-packages/micro_ros_msgs-3.0.1-py3.10.egg-info/PKG-INFO
[4.919s] -- Installing: /home/tmdals010126/uros_ws/install/micro_ros_msgs/local/lib/python3.10/dist-packages/micro_ros_msgs-3.0.1-py3.10.egg-info/top_level.txt
[4.919s] -- Installing: /home/tmdals010126/uros_ws/install/micro_ros_msgs/local/lib/python3.10/dist-packages/micro_ros_msgs
[4.919s] -- Installing: /home/tmdals010126/uros_ws/install/micro_ros_msgs/local/lib/python3.10/dist-packages/micro_ros_msgs/micro_ros_msgs_s__rosidl_typesupport_c.cpython-310-x86_64-linux-gnu.so
[4.919s] -- Installing: /home/tmdals010126/uros_ws/install/micro_ros_msgs/local/lib/python3.10/dist-packages/micro_ros_msgs/__init__.py
[4.919s] -- Installing: /home/tmdals010126/uros_ws/install/micro_ros_msgs/local/lib/python3.10/dist-packages/micro_ros_msgs/micro_ros_msgs_s__rosidl_typesupport_introspection_c.cpython-310-x86_64-linux-gnu.so
[4.919s] -- Installing: /home/tmdals010126/uros_ws/install/micro_ros_msgs/local/lib/python3.10/dist-packages/micro_ros_msgs/libmicro_ros_msgs__rosidl_generator_py.so
[4.919s] -- Installing: /home/tmdals010126/uros_ws/install/micro_ros_msgs/local/lib/python3.10/dist-packages/micro_ros_msgs/msg
[4.919s] -- Installing: /home/tmdals010126/uros_ws/install/micro_ros_msgs/local/lib/python3.10/dist-packages/micro_ros_msgs/msg/_node_s.c
[4.919s] -- Installing: /home/tmdals010126/uros_ws/install/micro_ros_msgs/local/lib/python3.10/dist-packages/micro_ros_msgs/msg/__init__.py
[4.919s] -- Installing: /home/tmdals010126/uros_ws/install/micro_ros_msgs/local/lib/python3.10/dist-packages/micro_ros_msgs/msg/_graph.py
[4.919s] -- Installing: /home/tmdals010126/uros_ws/install/micro_ros_msgs/local/lib/python3.10/dist-packages/micro_ros_msgs/msg/_entity.py
[4.919s] -- Installing: /home/tmdals010126/uros_ws/install/micro_ros_msgs/local/lib/python3.10/dist-packages/micro_ros_msgs/msg/_node.py
[4.919s] -- Installing: /home/tmdals010126/uros_ws/install/micro_ros_msgs/local/lib/python3.10/dist-packages/micro_ros_msgs/msg/_graph_s.c
[4.919s] -- Installing: /home/tmdals010126/uros_ws/install/micro_ros_msgs/local/lib/python3.10/dist-packages/micro_ros_msgs/msg/_entity_s.c
[4.919s] -- Installing: /home/tmdals010126/uros_ws/install/micro_ros_msgs/local/lib/python3.10/dist-packages/micro_ros_msgs/_micro_ros_msgs_s.ep.rosidl_typesupport_fastrtps_c.c
[4.919s] -- Installing: /home/tmdals010126/uros_ws/install/micro_ros_msgs/local/lib/python3.10/dist-packages/micro_ros_msgs/_micro_ros_msgs_s.ep.rosidl_typesupport_introspection_c.c
[4.919s] -- Installing: /home/tmdals010126/uros_ws/install/micro_ros_msgs/local/lib/python3.10/dist-packages/micro_ros_msgs/_micro_ros_msgs_s.ep.rosidl_typesupport_c.c
[4.919s] -- Installing: /home/tmdals010126/uros_ws/install/micro_ros_msgs/local/lib/python3.10/dist-packages/micro_ros_msgs/micro_ros_msgs_s__rosidl_typesupport_fastrtps_c.cpython-310-x86_64-linux-gnu.so
[4.995s] Listing '/home/tmdals010126/uros_ws/install/micro_ros_msgs/local/lib/python3.10/dist-packages/micro_ros_msgs'...
[4.995s] Compiling '/home/tmdals010126/uros_ws/install/micro_ros_msgs/local/lib/python3.10/dist-packages/micro_ros_msgs/__init__.py'...
[4.995s] Listing '/home/tmdals010126/uros_ws/install/micro_ros_msgs/local/lib/python3.10/dist-packages/micro_ros_msgs/msg'...
[4.995s] Compiling '/home/tmdals010126/uros_ws/install/micro_ros_msgs/local/lib/python3.10/dist-packages/micro_ros_msgs/msg/__init__.py'...
[4.995s] Compiling '/home/tmdals010126/uros_ws/install/micro_ros_msgs/local/lib/python3.10/dist-packages/micro_ros_msgs/msg/_entity.py'...
[4.995s] Compiling '/home/tmdals010126/uros_ws/install/micro_ros_msgs/local/lib/python3.10/dist-packages/micro_ros_msgs/msg/_graph.py'...
[4.995s] Compiling '/home/tmdals010126/uros_ws/install/micro_ros_msgs/local/lib/python3.10/dist-packages/micro_ros_msgs/msg/_node.py'...
[4.997s] -- Installing: /home/tmdals010126/uros_ws/install/micro_ros_msgs/local/lib/python3.10/dist-packages/micro_ros_msgs/micro_ros_msgs_s__rosidl_typesupport_introspection_c.cpython-310-x86_64-linux-gnu.so
[4.997s] -- Set runtime path of "/home/tmdals010126/uros_ws/install/micro_ros_msgs/local/lib/python3.10/dist-packages/micro_ros_msgs/micro_ros_msgs_s__rosidl_typesupport_introspection_c.cpython-310-x86_64-linux-gnu.so" to ""
[4.998s] -- Installing: /home/tmdals010126/uros_ws/install/micro_ros_msgs/local/lib/python3.10/dist-packages/micro_ros_msgs/micro_ros_msgs_s__rosidl_typesupport_fastrtps_c.cpython-310-x86_64-linux-gnu.so
[4.998s] -- Set runtime path of "/home/tmdals010126/uros_ws/install/micro_ros_msgs/local/lib/python3.10/dist-packages/micro_ros_msgs/micro_ros_msgs_s__rosidl_typesupport_fastrtps_c.cpython-310-x86_64-linux-gnu.so" to ""
[4.998s] -- Installing: /home/tmdals010126/uros_ws/install/micro_ros_msgs/local/lib/python3.10/dist-packages/micro_ros_msgs/micro_ros_msgs_s__rosidl_typesupport_c.cpython-310-x86_64-linux-gnu.so
[4.998s] -- Set runtime path of "/home/tmdals010126/uros_ws/install/micro_ros_msgs/local/lib/python3.10/dist-packages/micro_ros_msgs/micro_ros_msgs_s__rosidl_typesupport_c.cpython-310-x86_64-linux-gnu.so" to ""
[4.998s] -- Installing: /home/tmdals010126/uros_ws/install/micro_ros_msgs/lib/libmicro_ros_msgs__rosidl_generator_py.so
[4.998s] -- Set runtime path of "/home/tmdals010126/uros_ws/install/micro_ros_msgs/lib/libmicro_ros_msgs__rosidl_generator_py.so" to ""
[4.998s] -- Installing: /home/tmdals010126/uros_ws/install/micro_ros_msgs/share/micro_ros_msgs/msg/Graph.idl
[4.998s] -- Installing: /home/tmdals010126/uros_ws/install/micro_ros_msgs/share/micro_ros_msgs/msg/Node.idl
[4.998s] -- Installing: /home/tmdals010126/uros_ws/install/micro_ros_msgs/share/micro_ros_msgs/msg/Entity.idl
[4.998s] -- Installing: /home/tmdals010126/uros_ws/install/micro_ros_msgs/share/micro_ros_msgs/msg/Graph.msg
[4.998s] -- Installing: /home/tmdals010126/uros_ws/install/micro_ros_msgs/share/micro_ros_msgs/msg/Node.msg
[4.998s] -- Installing: /home/tmdals010126/uros_ws/install/micro_ros_msgs/share/micro_ros_msgs/msg/Entity.msg
[4.998s] -- Installing: /home/tmdals010126/uros_ws/install/micro_ros_msgs/share/ament_index/resource_index/package_run_dependencies/micro_ros_msgs
[4.998s] -- Installing: /home/tmdals010126/uros_ws/install/micro_ros_msgs/share/ament_index/resource_index/parent_prefix_path/micro_ros_msgs
[4.998s] -- Installing: /home/tmdals010126/uros_ws/install/micro_ros_msgs/share/micro_ros_msgs/environment/ament_prefix_path.sh
[4.998s] -- Installing: /home/tmdals010126/uros_ws/install/micro_ros_msgs/share/micro_ros_msgs/environment/ament_prefix_path.dsv
[4.998s] -- Installing: /home/tmdals010126/uros_ws/install/micro_ros_msgs/share/micro_ros_msgs/environment/path.sh
[4.998s] -- Installing: /home/tmdals010126/uros_ws/install/micro_ros_msgs/share/micro_ros_msgs/environment/path.dsv
[4.998s] -- Installing: /home/tmdals010126/uros_ws/install/micro_ros_msgs/share/micro_ros_msgs/local_setup.bash
[4.998s] -- Installing: /home/tmdals010126/uros_ws/install/micro_ros_msgs/share/micro_ros_msgs/local_setup.sh
[4.998s] -- Installing: /home/tmdals010126/uros_ws/install/micro_ros_msgs/share/micro_ros_msgs/local_setup.zsh
[4.998s] -- Installing: /home/tmdals010126/uros_ws/install/micro_ros_msgs/share/micro_ros_msgs/local_setup.dsv
[4.998s] -- Installing: /home/tmdals010126/uros_ws/install/micro_ros_msgs/share/micro_ros_msgs/package.dsv
[4.998s] -- Installing: /home/tmdals010126/uros_ws/install/micro_ros_msgs/share/ament_index/resource_index/packages/micro_ros_msgs
[4.999s] -- Installing: /home/tmdals010126/uros_ws/install/micro_ros_msgs/share/micro_ros_msgs/cmake/export_micro_ros_msgs__rosidl_generator_cExport.cmake
[4.999s] -- Installing: /home/tmdals010126/uros_ws/install/micro_ros_msgs/share/micro_ros_msgs/cmake/export_micro_ros_msgs__rosidl_generator_cExport-noconfig.cmake
[4.999s] -- Installing: /home/tmdals010126/uros_ws/install/micro_ros_msgs/share/micro_ros_msgs/cmake/micro_ros_msgs__rosidl_typesupport_introspection_cExport.cmake
[4.999s] -- Installing: /home/tmdals010126/uros_ws/install/micro_ros_msgs/share/micro_ros_msgs/cmake/micro_ros_msgs__rosidl_typesupport_introspection_cExport-noconfig.cmake
[4.999s] -- Installing: /home/tmdals010126/uros_ws/install/micro_ros_msgs/share/micro_ros_msgs/cmake/export_micro_ros_msgs__rosidl_typesupport_fastrtps_cExport.cmake
[4.999s] -- Installing: /home/tmdals010126/uros_ws/install/micro_ros_msgs/share/micro_ros_msgs/cmake/export_micro_ros_msgs__rosidl_typesupport_fastrtps_cExport-noconfig.cmake
[4.999s] -- Installing: /home/tmdals010126/uros_ws/install/micro_ros_msgs/share/micro_ros_msgs/cmake/micro_ros_msgs__rosidl_typesupport_cExport.cmake
[4.999s] -- Installing: /home/tmdals010126/uros_ws/install/micro_ros_msgs/share/micro_ros_msgs/cmake/micro_ros_msgs__rosidl_typesupport_cExport-noconfig.cmake
[4.999s] -- Installing: /home/tmdals010126/uros_ws/install/micro_ros_msgs/share/micro_ros_msgs/cmake/export_micro_ros_msgs__rosidl_generator_cppExport.cmake
[4.999s] -- Installing: /home/tmdals010126/uros_ws/install/micro_ros_msgs/share/micro_ros_msgs/cmake/micro_ros_msgs__rosidl_typesupport_introspection_cppExport.cmake
[4.999s] -- Installing: /home/tmdals010126/uros_ws/install/micro_ros_msgs/share/micro_ros_msgs/cmake/micro_ros_msgs__rosidl_typesupport_introspection_cppExport-noconfig.cmake
[4.999s] -- Installing: /home/tmdals010126/uros_ws/install/micro_ros_msgs/share/micro_ros_msgs/cmake/export_micro_ros_msgs__rosidl_typesupport_fastrtps_cppExport.cmake
[4.999s] -- Installing: /home/tmdals010126/uros_ws/install/micro_ros_msgs/share/micro_ros_msgs/cmake/export_micro_ros_msgs__rosidl_typesupport_fastrtps_cppExport-noconfig.cmake
[4.999s] -- Installing: /home/tmdals010126/uros_ws/install/micro_ros_msgs/share/micro_ros_msgs/cmake/micro_ros_msgs__rosidl_typesupport_cppExport.cmake
[4.999s] -- Installing: /home/tmdals010126/uros_ws/install/micro_ros_msgs/share/micro_ros_msgs/cmake/micro_ros_msgs__rosidl_typesupport_cppExport-noconfig.cmake
[4.999s] -- Installing: /home/tmdals010126/uros_ws/install/micro_ros_msgs/share/micro_ros_msgs/cmake/export_micro_ros_msgs__rosidl_generator_pyExport.cmake
[4.999s] -- Installing: /home/tmdals010126/uros_ws/install/micro_ros_msgs/share/micro_ros_msgs/cmake/export_micro_ros_msgs__rosidl_generator_pyExport-noconfig.cmake
[4.999s] -- Installing: /home/tmdals010126/uros_ws/install/micro_ros_msgs/share/micro_ros_msgs/cmake/rosidl_cmake-extras.cmake
[4.999s] -- Installing: /home/tmdals010126/uros_ws/install/micro_ros_msgs/share/micro_ros_msgs/cmake/ament_cmake_export_include_directories-extras.cmake
[4.999s] -- Installing: /home/tmdals010126/uros_ws/install/micro_ros_msgs/share/micro_ros_msgs/cmake/ament_cmake_export_libraries-extras.cmake
[4.999s] -- Installing: /home/tmdals010126/uros_ws/install/micro_ros_msgs/share/micro_ros_msgs/cmake/ament_cmake_export_targets-extras.cmake
[4.999s] -- Installing: /home/tmdals010126/uros_ws/install/micro_ros_msgs/share/micro_ros_msgs/cmake/rosidl_cmake_export_typesupport_targets-extras.cmake
[4.999s] -- Installing: /home/tmdals010126/uros_ws/install/micro_ros_msgs/share/micro_ros_msgs/cmake/ament_cmake_export_dependencies-extras.cmake
[4.999s] -- Installing: /home/tmdals010126/uros_ws/install/micro_ros_msgs/share/micro_ros_msgs/cmake/rosidl_cmake_export_typesupport_libraries-extras.cmake
[4.999s] -- Installing: /home/tmdals010126/uros_ws/install/micro_ros_msgs/share/micro_ros_msgs/cmake/micro_ros_msgsConfig.cmake
[4.999s] -- Installing: /home/tmdals010126/uros_ws/install/micro_ros_msgs/share/micro_ros_msgs/cmake/micro_ros_msgsConfig-version.cmake
[4.999s] -- Installing: /home/tmdals010126/uros_ws/install/micro_ros_msgs/share/micro_ros_msgs/package.xml
[5.000s] Invoked command in '/home/tmdals010126/uros_ws/build/micro_ros_msgs' returned '0': CMAKE_PREFIX_PATH=${CMAKE_PREFIX_PATH}:/home/tmdals010126/ros2_humble/install/rqt_bag_plugins:/home/tmdals010126/ros2_humble/install/rqt_bag:/home/tmdals010126/ros2_humble/install/launch_testing_examples:/home/tmdals010126/ros2_humble/install/ros2bag:/home/tmdals010126/ros2_humble/install/tracetools_test:/home/tmdals010126/ros2_humble/install/tracetools_launch:/home/tmdals010126/ros2_humble/install/topic_monitor:/home/tmdals010126/ros2_humble/install/tf2_tools:/home/tmdals010126/ros2_humble/install/examples_tf2_py:/home/tmdals010126/ros2_humble/install/tf2_ros_py:/home/tmdals010126/ros2_humble/install/sros2:/home/tmdals010126/ros2_humble/install/rqt_topic:/home/tmdals010126/ros2_humble/install/rqt_srv:/home/tmdals010126/ros2_humble/install/rqt_shell:/home/tmdals010126/ros2_humble/install/rqt_service_caller:/home/tmdals010126/ros2_humble/install/rqt_reconfigure:/home/tmdals010126/ros2_humble/install/rqt_py_console:/home/tmdals010126/ros2_humble/install/rqt_publisher:/home/tmdals010126/ros2_humble/install/rqt_plot:/home/tmdals010126/ros2_humble/install/rqt_action:/home/tmdals010126/ros2_humble/install/rqt_msg:/home/tmdals010126/ros2_humble/install/rqt_console:/home/tmdals010126/ros2_humble/install/rqt:/home/tmdals010126/ros2_humble/install/rqt_graph:/home/tmdals010126/ros2_humble/install/rqt_gui_py:/home/tmdals010126/ros2_humble/install/rqt_gui:/home/tmdals010126/ros2_humble/install/ros2trace:/home/tmdals010126/ros2_humble/install/ros2topic:/home/tmdals010126/ros2_humble/install/ros2test:/home/tmdals010126/ros2_humble/install/ros2component:/home/tmdals010126/ros2_humble/install/ros2param:/home/tmdals010126/ros2_humble/install/ros2lifecycle:/home/tmdals010126/ros2_humble/install/ros2service:/home/tmdals010126/ros2_humble/install/ros2run:/home/tmdals010126/ros2_humble/install/ros2launch:/home/tmdals010126/ros2_humble/install/ros2pkg:/home/tmdals010126/ros2_humble/install/ros2node:/home/tmdals010126/ros2_humble/install/ros2multicast:/home/tmdals010126/ros2_humble/install/ros2interface:/home/tmdals010126/ros2_humble/install/ros2doctor:/home/tmdals010126/ros2_humble/install/ros2action:/home/tmdals010126/ros2_humble/install/ros2cli:/home/tmdals010126/ros2_humble/install/quality_of_service_demo_py:/home/tmdals010126/ros2_humble/install/lifecycle_py:/home/tmdals010126/ros2_humble/install/launch_testing_ros:/home/tmdals010126/ros2_humble/install/launch_ros:/home/tmdals010126/ros2_humble/install/examples_rclpy_pointcloud_publisher:/home/tmdals010126/ros2_humble/install/examples_rclpy_minimal_subscriber:/home/tmdals010126/ros2_humble/install/examples_rclpy_minimal_service:/home/tmdals010126/ros2_humble/install/examples_rclpy_minimal_publisher:/home/tmdals010126/ros2_humble/install/examples_rclpy_minimal_client:/home/tmdals010126/ros2_humble/install/examples_rclpy_minimal_action_server:/home/tmdals010126/ros2_humble/install/examples_rclpy_minimal_action_client:/home/tmdals010126/ros2_humble/install/examples_rclpy_guard_conditions:/home/tmdals010126/ros2_humble/install/examples_rclpy_executors:/home/tmdals010126/ros2_humble/install/demo_nodes_py:/home/tmdals010126/ros2_humble/install/camera_info_manager_py:/home/tmdals010126/ros2_humble/install/action_tutorials_py:/home/tmdals010126/ros2_humble/install/ament_uncrustify:/home/tmdals010126/ros2_humble/install/tracetools_trace:/home/tmdals010126/ros2_humble/install/tracetools_read:/home/tmdals010126/ros2_humble/install/test_tracetools_launch:/home/tmdals010126/ros2_humble/install/test_launch_ros:/home/tmdals010126/ros2_humble/install/sensor_msgs_py:/home/tmdals010126/ros2_humble/install/rpyutils:/home/tmdals010126/ros2_humble/install/rosidl_runtime_py:/home/tmdals010126/ros2_humble/install/rosidl_cli:/home/tmdals010126/ros2_humble/install/launch_pytest:/home/tmdals010126/ros2_humble/install/launch_testing:/home/tmdals010126/ros2_humble/install/launch_yaml:/home/tmdals010126/ros2_humble/install/launch_xml:/home/tmdals010126/ros2_humble/install/launch:/home/tmdals010126/ros2_humble/install/osrf_pycommon:/home/tmdals010126/ros2_humble/install/domain_coordinator:/home/tmdals010126/ros2_humble/install/ament_xmllint:/home/tmdals010126/ros2_humble/install/ament_pyflakes:/home/tmdals010126/ros2_humble/install/ament_pycodestyle:/home/tmdals010126/ros2_humble/install/ament_pep257:/home/tmdals010126/ros2_humble/install/ament_pclint:/home/tmdals010126/ros2_humble/install/ament_package:/home/tmdals010126/ros2_humble/install/ament_mypy:/home/tmdals010126/ros2_humble/install/ament_lint_cmake:/home/tmdals010126/ros2_humble/install/ament_flake8:/home/tmdals010126/ros2_humble/install/ament_copyright:/home/tmdals010126/ros2_humble/install/ament_lint:/home/tmdals010126/ros2_humble/install/ament_index_python:/home/tmdals010126/ros2_humble/install/ament_cpplint:/home/tmdals010126/ros2_humble/install/ament_cppcheck:/home/tmdals010126/ros2_humble/install/ament_clang_tidy:/home/tmdals010126/ros2_humble/install/ament_clang_format /usr/local/bin/cmake --install /home/tmdals010126/uros_ws/build/micro_ros_msgs
