[0.046s] Invoking command in '/home/tmdals010126/uros_ws/build/micro_ros_msgs': CMAKE_PREFIX_PATH=${CMAKE_PREFIX_PATH}:/home/tmdals010126/ros2_humble/install/rqt_bag_plugins:/home/tmdals010126/ros2_humble/install/rqt_bag:/home/tmdals010126/ros2_humble/install/launch_testing_examples:/home/tmdals010126/ros2_humble/install/ros2bag:/home/tmdals010126/ros2_humble/install/tracetools_test:/home/tmdals010126/ros2_humble/install/tracetools_launch:/home/tmdals010126/ros2_humble/install/topic_monitor:/home/tmdals010126/ros2_humble/install/tf2_tools:/home/tmdals010126/ros2_humble/install/examples_tf2_py:/home/tmdals010126/ros2_humble/install/tf2_ros_py:/home/tmdals010126/ros2_humble/install/sros2:/home/tmdals010126/ros2_humble/install/rqt_topic:/home/tmdals010126/ros2_humble/install/rqt_srv:/home/tmdals010126/ros2_humble/install/rqt_shell:/home/tmdals010126/ros2_humble/install/rqt_service_caller:/home/tmdals010126/ros2_humble/install/rqt_reconfigure:/home/tmdals010126/ros2_humble/install/rqt_py_console:/home/tmdals010126/ros2_humble/install/rqt_publisher:/home/tmdals010126/ros2_humble/install/rqt_plot:/home/tmdals010126/ros2_humble/install/rqt_action:/home/tmdals010126/ros2_humble/install/rqt_msg:/home/tmdals010126/ros2_humble/install/rqt_console:/home/tmdals010126/ros2_humble/install/rqt:/home/tmdals010126/ros2_humble/install/rqt_graph:/home/tmdals010126/ros2_humble/install/rqt_gui_py:/home/tmdals010126/ros2_humble/install/rqt_gui:/home/tmdals010126/ros2_humble/install/ros2trace:/home/tmdals010126/ros2_humble/install/ros2topic:/home/tmdals010126/ros2_humble/install/ros2test:/home/tmdals010126/ros2_humble/install/ros2component:/home/tmdals010126/ros2_humble/install/ros2param:/home/tmdals010126/ros2_humble/install/ros2lifecycle:/home/tmdals010126/ros2_humble/install/ros2service:/home/tmdals010126/ros2_humble/install/ros2run:/home/tmdals010126/ros2_humble/install/ros2launch:/home/tmdals010126/ros2_humble/install/ros2pkg:/home/tmdals010126/ros2_humble/install/ros2node:/home/tmdals010126/ros2_humble/install/ros2multicast:/home/tmdals010126/ros2_humble/install/ros2interface:/home/tmdals010126/ros2_humble/install/ros2doctor:/home/tmdals010126/ros2_humble/install/ros2action:/home/tmdals010126/ros2_humble/install/ros2cli:/home/tmdals010126/ros2_humble/install/quality_of_service_demo_py:/home/tmdals010126/ros2_humble/install/lifecycle_py:/home/tmdals010126/ros2_humble/install/launch_testing_ros:/home/tmdals010126/ros2_humble/install/launch_ros:/home/tmdals010126/ros2_humble/install/examples_rclpy_pointcloud_publisher:/home/tmdals010126/ros2_humble/install/examples_rclpy_minimal_subscriber:/home/tmdals010126/ros2_humble/install/examples_rclpy_minimal_service:/home/tmdals010126/ros2_humble/install/examples_rclpy_minimal_publisher:/home/tmdals010126/ros2_humble/install/examples_rclpy_minimal_client:/home/tmdals010126/ros2_humble/install/examples_rclpy_minimal_action_server:/home/tmdals010126/ros2_humble/install/examples_rclpy_minimal_action_client:/home/tmdals010126/ros2_humble/install/examples_rclpy_guard_conditions:/home/tmdals010126/ros2_humble/install/examples_rclpy_executors:/home/tmdals010126/ros2_humble/install/demo_nodes_py:/home/tmdals010126/ros2_humble/install/camera_info_manager_py:/home/tmdals010126/ros2_humble/install/action_tutorials_py:/home/tmdals010126/ros2_humble/install/ament_uncrustify:/home/tmdals010126/ros2_humble/install/tracetools_trace:/home/tmdals010126/ros2_humble/install/tracetools_read:/home/tmdals010126/ros2_humble/install/test_tracetools_launch:/home/tmdals010126/ros2_humble/install/test_launch_ros:/home/tmdals010126/ros2_humble/install/sensor_msgs_py:/home/tmdals010126/ros2_humble/install/rpyutils:/home/tmdals010126/ros2_humble/install/rosidl_runtime_py:/home/tmdals010126/ros2_humble/install/rosidl_cli:/home/tmdals010126/ros2_humble/install/launch_pytest:/home/tmdals010126/ros2_humble/install/launch_testing:/home/tmdals010126/ros2_humble/install/launch_yaml:/home/tmdals010126/ros2_humble/install/launch_xml:/home/tmdals010126/ros2_humble/install/launch:/home/tmdals010126/ros2_humble/install/osrf_pycommon:/home/tmdals010126/ros2_humble/install/domain_coordinator:/home/tmdals010126/ros2_humble/install/ament_xmllint:/home/tmdals010126/ros2_humble/install/ament_pyflakes:/home/tmdals010126/ros2_humble/install/ament_pycodestyle:/home/tmdals010126/ros2_humble/install/ament_pep257:/home/tmdals010126/ros2_humble/install/ament_pclint:/home/tmdals010126/ros2_humble/install/ament_package:/home/tmdals010126/ros2_humble/install/ament_mypy:/home/tmdals010126/ros2_humble/install/ament_lint_cmake:/home/tmdals010126/ros2_humble/install/ament_flake8:/home/tmdals010126/ros2_humble/install/ament_copyright:/home/tmdals010126/ros2_humble/install/ament_lint:/home/tmdals010126/ros2_humble/install/ament_index_python:/home/tmdals010126/ros2_humble/install/ament_cpplint:/home/tmdals010126/ros2_humble/install/ament_cppcheck:/home/tmdals010126/ros2_humble/install/ament_clang_tidy:/home/tmdals010126/ros2_humble/install/ament_clang_format /usr/local/bin/cmake /home/tmdals010126/uros_ws/src/uros/micro_ros_msgs -DCMAKE_INSTALL_PREFIX=/home/tmdals010126/uros_ws/install/micro_ros_msgs
[0.093s] -- The C compiler identification is GNU 11.4.0
[0.128s] -- The CXX compiler identification is GNU 12.3.0
[0.140s] -- Detecting C compiler ABI info
[0.188s] -- Detecting C compiler ABI info - done
[0.193s] -- Check for working C compiler: /usr/bin/cc - skipped
[0.193s] -- Detecting C compile features
[0.194s] -- Detecting C compile features - done
[0.201s] -- Detecting CXX compiler ABI info
[0.257s] -- Detecting CXX compiler ABI info - done
[0.261s] -- Check for working CXX compiler: /usr/bin/c++ - skipped
[0.261s] -- Detecting CXX compile features
[0.262s] -- Detecting CXX compile features - done
[0.290s] -- Found ament_cmake: 1.3.11 (/home/tmdals010126/ros2_humble/install/ament_cmake/share/ament_cmake/cmake)
[0.482s] -- Found Python3: /home/tmdals010126/zephyrproject/.venv/bin/python3 (found version "3.10.12") found components: Interpreter 
[0.712s] -- Found rosidl_default_generators: 1.2.0 (/home/tmdals010126/ros2_humble/install/rosidl_default_generators/share/rosidl_default_generators/cmake)
[0.836s] -- Using all available rosidl_typesupport_c: rosidl_typesupport_introspection_c;rosidl_typesupport_fastrtps_c
[0.858s] -- Found rosidl_adapter: 3.1.6 (/home/tmdals010126/ros2_humble/install/rosidl_adapter/share/rosidl_adapter/cmake)
[0.968s] -- Using all available rosidl_typesupport_cpp: rosidl_typesupport_introspection_cpp;rosidl_typesupport_fastrtps_cpp
[1.034s] -- Found ament_lint_auto: 0.12.12 (/home/tmdals010126/ros2_humble/install/ament_lint_auto/share/ament_lint_auto/cmake)
[1.764s] -- Found ament_cmake_ros: 0.10.0 (/home/tmdals010126/ros2_humble/install/ament_cmake_ros/share/ament_cmake_ros/cmake)
[2.123s] -- Using all available rosidl_typesupport_c: rosidl_typesupport_introspection_c;rosidl_typesupport_fastrtps_c
[2.784s] -- Using all available rosidl_typesupport_cpp: rosidl_typesupport_introspection_cpp;rosidl_typesupport_fastrtps_cpp
[2.786s] [33mCMake Warning (dev) at /home/tmdals010126/ros2_humble/install/rosidl_generator_py/share/rosidl_generator_py/cmake/rosidl_generator_py_generate_interfaces.cmake:20 (find_package):
[2.786s]   Policy CMP0148 is not set: The FindPythonInterp and FindPythonLibs modules
[2.786s]   are removed.  Run "cmake --help-policy CMP0148" for policy details.  Use
[2.786s]   the cmake_policy command to set the policy and suppress this warning.
[2.786s] 
[2.786s] Call Stack (most recent call first):
[2.786s]   /home/tmdals010126/ros2_humble/install/ament_cmake_core/share/ament_cmake_core/cmake/core/ament_execute_extensions.cmake:48 (include)
[2.786s]   /home/tmdals010126/ros2_humble/install/rosidl_cmake/share/rosidl_cmake/cmake/rosidl_generate_interfaces.cmake:286 (ament_execute_extensions)
[2.786s]   CMakeLists.txt:27 (rosidl_generate_interfaces)
[2.786s] This warning is for project developers.  Use -Wno-dev to suppress it.
[2.786s] [0m
[2.815s] -- Found PythonInterp: /home/tmdals010126/zephyrproject/.venv/bin/python3 (found suitable version "3.10.12", minimum required is "3.6") 
[2.822s] -- Found python_cmake_module: 0.10.0 (/home/tmdals010126/ros2_humble/install/python_cmake_module/share/python_cmake_module/cmake)
[2.823s] [33mCMake Warning (dev) at /home/tmdals010126/ros2_humble/install/python_cmake_module/share/python_cmake_module/cmake/Modules/FindPythonExtra.cmake:52 (find_package):
[2.824s]   Policy CMP0148 is not set: The FindPythonInterp and FindPythonLibs modules
[2.824s]   are removed.  Run "cmake --help-policy CMP0148" for policy details.  Use
[2.824s]   the cmake_policy command to set the policy and suppress this warning.
[2.824s] 
[2.824s] Call Stack (most recent call first):
[2.824s]   /home/tmdals010126/ros2_humble/install/rosidl_generator_py/share/rosidl_generator_py/cmake/rosidl_generator_py_generate_interfaces.cmake:23 (find_package)
[2.824s]   /home/tmdals010126/ros2_humble/install/ament_cmake_core/share/ament_cmake_core/cmake/core/ament_execute_extensions.cmake:48 (include)
[2.824s]   /home/tmdals010126/ros2_humble/install/rosidl_cmake/share/rosidl_cmake/cmake/rosidl_generate_interfaces.cmake:286 (ament_execute_extensions)
[2.824s]   CMakeLists.txt:27 (rosidl_generate_interfaces)
[2.824s] This warning is for project developers.  Use -Wno-dev to suppress it.
[2.824s] [0m
[2.848s] [33mCMake Warning (dev) at /home/tmdals010126/ros2_humble/install/python_cmake_module/share/python_cmake_module/cmake/Modules/FindPythonExtra.cmake:140 (find_package):
[2.848s]   Policy CMP0148 is not set: The FindPythonInterp and FindPythonLibs modules
[2.848s]   are removed.  Run "cmake --help-policy CMP0148" for policy details.  Use
[2.848s]   the cmake_policy command to set the policy and suppress this warning.
[2.848s] 
[2.848s] Call Stack (most recent call first):
[2.848s]   /home/tmdals010126/ros2_humble/install/rosidl_generator_py/share/rosidl_generator_py/cmake/rosidl_generator_py_generate_interfaces.cmake:23 (find_package)
[2.849s]   /home/tmdals010126/ros2_humble/install/ament_cmake_core/share/ament_cmake_core/cmake/core/ament_execute_extensions.cmake:48 (include)
[2.849s]   /home/tmdals010126/ros2_humble/install/rosidl_cmake/share/rosidl_cmake/cmake/rosidl_generate_interfaces.cmake:286 (ament_execute_extensions)
[2.849s]   CMakeLists.txt:27 (rosidl_generate_interfaces)
[2.849s] This warning is for project developers.  Use -Wno-dev to suppress it.
[2.849s] [0m
[2.883s] -- Found PythonLibs: /usr/lib/x86_64-linux-gnu/libpython3.10.so (found suitable version "3.10.12", minimum required is "3.5") 
[2.883s] -- Using PYTHON_EXECUTABLE: /home/tmdals010126/zephyrproject/.venv/bin/python3
[2.883s] -- Using PYTHON_INCLUDE_DIRS: /usr/include/python3.10
[2.883s] -- Using PYTHON_LIBRARIES: /usr/lib/x86_64-linux-gnu/libpython3.10.so
[2.908s] -- Found PythonExtra: .so  
[3.087s] -- Added test 'copyright' to check source files copyright and LICENSE
[3.097s] -- Added test 'lint_cmake' to check CMake code style
[3.102s] -- Added test 'xmllint' to check XML markup files
[3.111s] -- Configuring done (3.1s)
[3.125s] -- Generating done (0.0s)
[3.130s] -- Build files have been written to: /home/tmdals010126/uros_ws/build/micro_ros_msgs
[3.135s] Invoked command in '/home/tmdals010126/uros_ws/build/micro_ros_msgs' returned '0': CMAKE_PREFIX_PATH=${CMAKE_PREFIX_PATH}:/home/tmdals010126/ros2_humble/install/rqt_bag_plugins:/home/tmdals010126/ros2_humble/install/rqt_bag:/home/tmdals010126/ros2_humble/install/launch_testing_examples:/home/tmdals010126/ros2_humble/install/ros2bag:/home/tmdals010126/ros2_humble/install/tracetools_test:/home/tmdals010126/ros2_humble/install/tracetools_launch:/home/tmdals010126/ros2_humble/install/topic_monitor:/home/tmdals010126/ros2_humble/install/tf2_tools:/home/tmdals010126/ros2_humble/install/examples_tf2_py:/home/tmdals010126/ros2_humble/install/tf2_ros_py:/home/tmdals010126/ros2_humble/install/sros2:/home/tmdals010126/ros2_humble/install/rqt_topic:/home/tmdals010126/ros2_humble/install/rqt_srv:/home/tmdals010126/ros2_humble/install/rqt_shell:/home/tmdals010126/ros2_humble/install/rqt_service_caller:/home/tmdals010126/ros2_humble/install/rqt_reconfigure:/home/tmdals010126/ros2_humble/install/rqt_py_console:/home/tmdals010126/ros2_humble/install/rqt_publisher:/home/tmdals010126/ros2_humble/install/rqt_plot:/home/tmdals010126/ros2_humble/install/rqt_action:/home/tmdals010126/ros2_humble/install/rqt_msg:/home/tmdals010126/ros2_humble/install/rqt_console:/home/tmdals010126/ros2_humble/install/rqt:/home/tmdals010126/ros2_humble/install/rqt_graph:/home/tmdals010126/ros2_humble/install/rqt_gui_py:/home/tmdals010126/ros2_humble/install/rqt_gui:/home/tmdals010126/ros2_humble/install/ros2trace:/home/tmdals010126/ros2_humble/install/ros2topic:/home/tmdals010126/ros2_humble/install/ros2test:/home/tmdals010126/ros2_humble/install/ros2component:/home/tmdals010126/ros2_humble/install/ros2param:/home/tmdals010126/ros2_humble/install/ros2lifecycle:/home/tmdals010126/ros2_humble/install/ros2service:/home/tmdals010126/ros2_humble/install/ros2run:/home/tmdals010126/ros2_humble/install/ros2launch:/home/tmdals010126/ros2_humble/install/ros2pkg:/home/tmdals010126/ros2_humble/install/ros2node:/home/tmdals010126/ros2_humble/install/ros2multicast:/home/tmdals010126/ros2_humble/install/ros2interface:/home/tmdals010126/ros2_humble/install/ros2doctor:/home/tmdals010126/ros2_humble/install/ros2action:/home/tmdals010126/ros2_humble/install/ros2cli:/home/tmdals010126/ros2_humble/install/quality_of_service_demo_py:/home/tmdals010126/ros2_humble/install/lifecycle_py:/home/tmdals010126/ros2_humble/install/launch_testing_ros:/home/tmdals010126/ros2_humble/install/launch_ros:/home/tmdals010126/ros2_humble/install/examples_rclpy_pointcloud_publisher:/home/tmdals010126/ros2_humble/install/examples_rclpy_minimal_subscriber:/home/tmdals010126/ros2_humble/install/examples_rclpy_minimal_service:/home/tmdals010126/ros2_humble/install/examples_rclpy_minimal_publisher:/home/tmdals010126/ros2_humble/install/examples_rclpy_minimal_client:/home/tmdals010126/ros2_humble/install/examples_rclpy_minimal_action_server:/home/tmdals010126/ros2_humble/install/examples_rclpy_minimal_action_client:/home/tmdals010126/ros2_humble/install/examples_rclpy_guard_conditions:/home/tmdals010126/ros2_humble/install/examples_rclpy_executors:/home/tmdals010126/ros2_humble/install/demo_nodes_py:/home/tmdals010126/ros2_humble/install/camera_info_manager_py:/home/tmdals010126/ros2_humble/install/action_tutorials_py:/home/tmdals010126/ros2_humble/install/ament_uncrustify:/home/tmdals010126/ros2_humble/install/tracetools_trace:/home/tmdals010126/ros2_humble/install/tracetools_read:/home/tmdals010126/ros2_humble/install/test_tracetools_launch:/home/tmdals010126/ros2_humble/install/test_launch_ros:/home/tmdals010126/ros2_humble/install/sensor_msgs_py:/home/tmdals010126/ros2_humble/install/rpyutils:/home/tmdals010126/ros2_humble/install/rosidl_runtime_py:/home/tmdals010126/ros2_humble/install/rosidl_cli:/home/tmdals010126/ros2_humble/install/launch_pytest:/home/tmdals010126/ros2_humble/install/launch_testing:/home/tmdals010126/ros2_humble/install/launch_yaml:/home/tmdals010126/ros2_humble/install/launch_xml:/home/tmdals010126/ros2_humble/install/launch:/home/tmdals010126/ros2_humble/install/osrf_pycommon:/home/tmdals010126/ros2_humble/install/domain_coordinator:/home/tmdals010126/ros2_humble/install/ament_xmllint:/home/tmdals010126/ros2_humble/install/ament_pyflakes:/home/tmdals010126/ros2_humble/install/ament_pycodestyle:/home/tmdals010126/ros2_humble/install/ament_pep257:/home/tmdals010126/ros2_humble/install/ament_pclint:/home/tmdals010126/ros2_humble/install/ament_package:/home/tmdals010126/ros2_humble/install/ament_mypy:/home/tmdals010126/ros2_humble/install/ament_lint_cmake:/home/tmdals010126/ros2_humble/install/ament_flake8:/home/tmdals010126/ros2_humble/install/ament_copyright:/home/tmdals010126/ros2_humble/install/ament_lint:/home/tmdals010126/ros2_humble/install/ament_index_python:/home/tmdals010126/ros2_humble/install/ament_cpplint:/home/tmdals010126/ros2_humble/install/ament_cppcheck:/home/tmdals010126/ros2_humble/install/ament_clang_tidy:/home/tmdals010126/ros2_humble/install/ament_clang_format /usr/local/bin/cmake /home/tmdals010126/uros_ws/src/uros/micro_ros_msgs -DCMAKE_INSTALL_PREFIX=/home/tmdals010126/uros_ws/install/micro_ros_msgs
[3.136s] Invoking command in '/home/tmdals010126/uros_ws/build/micro_ros_msgs': CMAKE_PREFIX_PATH=${CMAKE_PREFIX_PATH}:/home/tmdals010126/ros2_humble/install/rqt_bag_plugins:/home/tmdals010126/ros2_humble/install/rqt_bag:/home/tmdals010126/ros2_humble/install/launch_testing_examples:/home/tmdals010126/ros2_humble/install/ros2bag:/home/tmdals010126/ros2_humble/install/tracetools_test:/home/tmdals010126/ros2_humble/install/tracetools_launch:/home/tmdals010126/ros2_humble/install/topic_monitor:/home/tmdals010126/ros2_humble/install/tf2_tools:/home/tmdals010126/ros2_humble/install/examples_tf2_py:/home/tmdals010126/ros2_humble/install/tf2_ros_py:/home/tmdals010126/ros2_humble/install/sros2:/home/tmdals010126/ros2_humble/install/rqt_topic:/home/tmdals010126/ros2_humble/install/rqt_srv:/home/tmdals010126/ros2_humble/install/rqt_shell:/home/tmdals010126/ros2_humble/install/rqt_service_caller:/home/tmdals010126/ros2_humble/install/rqt_reconfigure:/home/tmdals010126/ros2_humble/install/rqt_py_console:/home/tmdals010126/ros2_humble/install/rqt_publisher:/home/tmdals010126/ros2_humble/install/rqt_plot:/home/tmdals010126/ros2_humble/install/rqt_action:/home/tmdals010126/ros2_humble/install/rqt_msg:/home/tmdals010126/ros2_humble/install/rqt_console:/home/tmdals010126/ros2_humble/install/rqt:/home/tmdals010126/ros2_humble/install/rqt_graph:/home/tmdals010126/ros2_humble/install/rqt_gui_py:/home/tmdals010126/ros2_humble/install/rqt_gui:/home/tmdals010126/ros2_humble/install/ros2trace:/home/tmdals010126/ros2_humble/install/ros2topic:/home/tmdals010126/ros2_humble/install/ros2test:/home/tmdals010126/ros2_humble/install/ros2component:/home/tmdals010126/ros2_humble/install/ros2param:/home/tmdals010126/ros2_humble/install/ros2lifecycle:/home/tmdals010126/ros2_humble/install/ros2service:/home/tmdals010126/ros2_humble/install/ros2run:/home/tmdals010126/ros2_humble/install/ros2launch:/home/tmdals010126/ros2_humble/install/ros2pkg:/home/tmdals010126/ros2_humble/install/ros2node:/home/tmdals010126/ros2_humble/install/ros2multicast:/home/tmdals010126/ros2_humble/install/ros2interface:/home/tmdals010126/ros2_humble/install/ros2doctor:/home/tmdals010126/ros2_humble/install/ros2action:/home/tmdals010126/ros2_humble/install/ros2cli:/home/tmdals010126/ros2_humble/install/quality_of_service_demo_py:/home/tmdals010126/ros2_humble/install/lifecycle_py:/home/tmdals010126/ros2_humble/install/launch_testing_ros:/home/tmdals010126/ros2_humble/install/launch_ros:/home/tmdals010126/ros2_humble/install/examples_rclpy_pointcloud_publisher:/home/tmdals010126/ros2_humble/install/examples_rclpy_minimal_subscriber:/home/tmdals010126/ros2_humble/install/examples_rclpy_minimal_service:/home/tmdals010126/ros2_humble/install/examples_rclpy_minimal_publisher:/home/tmdals010126/ros2_humble/install/examples_rclpy_minimal_client:/home/tmdals010126/ros2_humble/install/examples_rclpy_minimal_action_server:/home/tmdals010126/ros2_humble/install/examples_rclpy_minimal_action_client:/home/tmdals010126/ros2_humble/install/examples_rclpy_guard_conditions:/home/tmdals010126/ros2_humble/install/examples_rclpy_executors:/home/tmdals010126/ros2_humble/install/demo_nodes_py:/home/tmdals010126/ros2_humble/install/camera_info_manager_py:/home/tmdals010126/ros2_humble/install/action_tutorials_py:/home/tmdals010126/ros2_humble/install/ament_uncrustify:/home/tmdals010126/ros2_humble/install/tracetools_trace:/home/tmdals010126/ros2_humble/install/tracetools_read:/home/tmdals010126/ros2_humble/install/test_tracetools_launch:/home/tmdals010126/ros2_humble/install/test_launch_ros:/home/tmdals010126/ros2_humble/install/sensor_msgs_py:/home/tmdals010126/ros2_humble/install/rpyutils:/home/tmdals010126/ros2_humble/install/rosidl_runtime_py:/home/tmdals010126/ros2_humble/install/rosidl_cli:/home/tmdals010126/ros2_humble/install/launch_pytest:/home/tmdals010126/ros2_humble/install/launch_testing:/home/tmdals010126/ros2_humble/install/launch_yaml:/home/tmdals010126/ros2_humble/install/launch_xml:/home/tmdals010126/ros2_humble/install/launch:/home/tmdals010126/ros2_humble/install/osrf_pycommon:/home/tmdals010126/ros2_humble/install/domain_coordinator:/home/tmdals010126/ros2_humble/install/ament_xmllint:/home/tmdals010126/ros2_humble/install/ament_pyflakes:/home/tmdals010126/ros2_humble/install/ament_pycodestyle:/home/tmdals010126/ros2_humble/install/ament_pep257:/home/tmdals010126/ros2_humble/install/ament_pclint:/home/tmdals010126/ros2_humble/install/ament_package:/home/tmdals010126/ros2_humble/install/ament_mypy:/home/tmdals010126/ros2_humble/install/ament_lint_cmake:/home/tmdals010126/ros2_humble/install/ament_flake8:/home/tmdals010126/ros2_humble/install/ament_copyright:/home/tmdals010126/ros2_humble/install/ament_lint:/home/tmdals010126/ros2_humble/install/ament_index_python:/home/tmdals010126/ros2_humble/install/ament_cpplint:/home/tmdals010126/ros2_humble/install/ament_cppcheck:/home/tmdals010126/ros2_humble/install/ament_clang_tidy:/home/tmdals010126/ros2_humble/install/ament_clang_format /usr/local/bin/cmake --build /home/tmdals010126/uros_ws/build/micro_ros_msgs -- -j28 -l28
[3.154s] [  2%] [34m[1mGenerating C code for ROS interfaces[0m
[3.159s] [  4%] [34m[1mGenerating C++ code for ROS interfaces[0m
[3.161s] [  4%] Built target ament_cmake_python_copy_micro_ros_msgs
[3.382s] running egg_info
[3.387s] [  4%] Built target micro_ros_msgs__cpp
[3.388s] [  6%] [32mBuilding C object CMakeFiles/micro_ros_msgs__rosidl_generator_c.dir/rosidl_generator_c/micro_ros_msgs/msg/detail/graph__functions.c.o[0m
[3.388s] [  8%] [32mBuilding C object CMakeFiles/micro_ros_msgs__rosidl_generator_c.dir/rosidl_generator_c/micro_ros_msgs/msg/detail/node__functions.c.o[0m
[3.389s] [ 10%] [32mBuilding C object CMakeFiles/micro_ros_msgs__rosidl_generator_c.dir/rosidl_generator_c/micro_ros_msgs/msg/detail/entity__functions.c.o[0m
[3.392s] [ 12%] [34m[1mGenerating C++ type support for eProsima Fast-RTPS[0m
[3.392s] [ 14%] [34m[1mGenerating C++ type support dispatch for ROS interfaces[0m
[3.394s] creating micro_ros_msgs.egg-info
[3.394s] writing micro_ros_msgs.egg-info/PKG-INFO
[3.395s] writing dependency_links to micro_ros_msgs.egg-info/dependency_links.txt
[3.395s] writing top-level names to micro_ros_msgs.egg-info/top_level.txt
[3.395s] writing manifest file 'micro_ros_msgs.egg-info/SOURCES.txt'
[3.396s] [ 17%] [34m[1mGenerating C++ introspection for ROS interfaces[0m
[3.423s] [ 19%] [32m[1mLinking C shared library libmicro_ros_msgs__rosidl_generator_c.so[0m
[3.441s] [ 19%] Built target micro_ros_msgs__rosidl_generator_c
[3.446s] [ 21%] [34m[1mGenerating C introspection for ROS interfaces[0m
[3.447s] [ 23%] [34m[1mGenerating C type support for eProsima Fast-RTPS[0m
[3.448s] [ 25%] [34m[1mGenerating C type support dispatch for ROS interfaces[0m
[3.589s] [ 27%] [32mBuilding CXX object CMakeFiles/micro_ros_msgs__rosidl_typesupport_cpp.dir/rosidl_typesupport_cpp/micro_ros_msgs/msg/graph__type_support.cpp.o[0m
[3.592s] [ 31%] [32mBuilding CXX object CMakeFiles/micro_ros_msgs__rosidl_typesupport_cpp.dir/rosidl_typesupport_cpp/micro_ros_msgs/msg/entity__type_support.cpp.o[0m
[3.592s] [ 31%] [32mBuilding CXX object CMakeFiles/micro_ros_msgs__rosidl_typesupport_cpp.dir/rosidl_typesupport_cpp/micro_ros_msgs/msg/node__type_support.cpp.o[0m
[3.607s] [ 34%] [32mBuilding CXX object CMakeFiles/micro_ros_msgs__rosidl_typesupport_introspection_cpp.dir/rosidl_typesupport_introspection_cpp/micro_ros_msgs/msg/detail/node__type_support.cpp.o[0m
[3.607s] [ 36%] [32mBuilding CXX object CMakeFiles/micro_ros_msgs__rosidl_typesupport_introspection_cpp.dir/rosidl_typesupport_introspection_cpp/micro_ros_msgs/msg/detail/graph__type_support.cpp.o[0m
[3.607s] [ 38%] [32mBuilding CXX object CMakeFiles/micro_ros_msgs__rosidl_typesupport_introspection_cpp.dir/rosidl_typesupport_introspection_cpp/micro_ros_msgs/msg/detail/entity__type_support.cpp.o[0m
[3.609s] [ 40%] [32mBuilding CXX object CMakeFiles/micro_ros_msgs__rosidl_typesupport_fastrtps_cpp.dir/rosidl_typesupport_fastrtps_cpp/micro_ros_msgs/msg/detail/dds_fastrtps/graph__type_support.cpp.o[0m
[3.609s] [ 42%] [32mBuilding CXX object CMakeFiles/micro_ros_msgs__rosidl_typesupport_fastrtps_cpp.dir/rosidl_typesupport_fastrtps_cpp/micro_ros_msgs/msg/detail/dds_fastrtps/node__type_support.cpp.o[0m
[3.612s] [ 44%] [32mBuilding CXX object CMakeFiles/micro_ros_msgs__rosidl_typesupport_fastrtps_cpp.dir/rosidl_typesupport_fastrtps_cpp/micro_ros_msgs/msg/detail/dds_fastrtps/entity__type_support.cpp.o[0m
[3.688s] [ 46%] [32mBuilding CXX object CMakeFiles/micro_ros_msgs__rosidl_typesupport_c.dir/rosidl_typesupport_c/micro_ros_msgs/msg/node__type_support.cpp.o[0m
[3.688s] [ 48%] [32mBuilding CXX object CMakeFiles/micro_ros_msgs__rosidl_typesupport_c.dir/rosidl_typesupport_c/micro_ros_msgs/msg/graph__type_support.cpp.o[0m
[3.690s] [ 51%] [32mBuilding CXX object CMakeFiles/micro_ros_msgs__rosidl_typesupport_c.dir/rosidl_typesupport_c/micro_ros_msgs/msg/entity__type_support.cpp.o[0m
[3.703s] [ 53%] [32mBuilding C object CMakeFiles/micro_ros_msgs__rosidl_typesupport_introspection_c.dir/rosidl_typesupport_introspection_c/micro_ros_msgs/msg/detail/graph__type_support.c.o[0m
[3.706s] [ 57%] [32mBuilding C object CMakeFiles/micro_ros_msgs__rosidl_typesupport_introspection_c.dir/rosidl_typesupport_introspection_c/micro_ros_msgs/msg/detail/entity__type_support.c.o[0m
[3.706s] [ 57%] [32mBuilding C object CMakeFiles/micro_ros_msgs__rosidl_typesupport_introspection_c.dir/rosidl_typesupport_introspection_c/micro_ros_msgs/msg/detail/node__type_support.c.o[0m
[3.719s] [ 59%] [32m[1mLinking CXX shared library libmicro_ros_msgs__rosidl_typesupport_c.so[0m
[3.721s] [ 61%] [32mBuilding CXX object CMakeFiles/micro_ros_msgs__rosidl_typesupport_fastrtps_c.dir/rosidl_typesupport_fastrtps_c/micro_ros_msgs/msg/detail/graph__type_support_c.cpp.o[0m
[3.722s] [ 63%] [32mBuilding CXX object CMakeFiles/micro_ros_msgs__rosidl_typesupport_fastrtps_c.dir/rosidl_typesupport_fastrtps_c/micro_ros_msgs/msg/detail/entity__type_support_c.cpp.o[0m
[3.723s] [ 65%] [32mBuilding CXX object CMakeFiles/micro_ros_msgs__rosidl_typesupport_fastrtps_c.dir/rosidl_typesupport_fastrtps_c/micro_ros_msgs/msg/detail/node__type_support_c.cpp.o[0m
[3.738s] [ 68%] [32m[1mLinking C shared library libmicro_ros_msgs__rosidl_typesupport_introspection_c.so[0m
[3.746s] [ 68%] Built target micro_ros_msgs__rosidl_typesupport_c
[3.755s] [ 68%] Built target micro_ros_msgs__rosidl_typesupport_introspection_c
[3.843s] [ 70%] [32m[1mLinking CXX shared library libmicro_ros_msgs__rosidl_typesupport_cpp.so[0m
[3.863s] [ 70%] Built target micro_ros_msgs__rosidl_typesupport_cpp
[3.905s] [ 72%] [32m[1mLinking CXX shared library libmicro_ros_msgs__rosidl_typesupport_fastrtps_cpp.so[0m
[3.933s] [ 74%] [32m[1mLinking CXX shared library libmicro_ros_msgs__rosidl_typesupport_introspection_cpp.so[0m
[3.943s] [ 74%] Built target micro_ros_msgs__rosidl_typesupport_fastrtps_cpp
[3.971s] [ 76%] [32m[1mLinking CXX shared library libmicro_ros_msgs__rosidl_typesupport_fastrtps_c.so[0m
[3.971s] [ 76%] Built target micro_ros_msgs__rosidl_typesupport_introspection_cpp
[4.006s] [ 76%] Built target micro_ros_msgs__rosidl_typesupport_fastrtps_c
[4.017s] [ 76%] Built target micro_ros_msgs
[4.027s] [ 78%] [34m[1mGenerating Python code for ROS interfaces[0m
[4.308s] [ 78%] Built target micro_ros_msgs__py
[4.319s] [ 85%] [32mBuilding C object CMakeFiles/micro_ros_msgs__rosidl_generator_py.dir/rosidl_generator_py/micro_ros_msgs/msg/_entity_s.c.o[0m
[4.319s] [ 85%] [32mBuilding C object CMakeFiles/micro_ros_msgs__rosidl_generator_py.dir/rosidl_generator_py/micro_ros_msgs/msg/_graph_s.c.o[0m
[4.319s] [ 85%] [32mBuilding C object CMakeFiles/micro_ros_msgs__rosidl_generator_py.dir/rosidl_generator_py/micro_ros_msgs/msg/_node_s.c.o[0m
[4.383s] [ 87%] [32m[1mLinking C shared library rosidl_generator_py/micro_ros_msgs/libmicro_ros_msgs__rosidl_generator_py.so[0m
[4.402s] [ 87%] Built target micro_ros_msgs__rosidl_generator_py
[4.413s] [ 93%] [32mBuilding C object CMakeFiles/micro_ros_msgs__rosidl_typesupport_c__pyext.dir/rosidl_generator_py/micro_ros_msgs/_micro_ros_msgs_s.ep.rosidl_typesupport_c.c.o[0m
[4.414s] [ 93%] [32mBuilding C object CMakeFiles/micro_ros_msgs__rosidl_typesupport_fastrtps_c__pyext.dir/rosidl_generator_py/micro_ros_msgs/_micro_ros_msgs_s.ep.rosidl_typesupport_fastrtps_c.c.o[0m
[4.414s] [ 93%] [32mBuilding C object CMakeFiles/micro_ros_msgs__rosidl_typesupport_introspection_c__pyext.dir/rosidl_generator_py/micro_ros_msgs/_micro_ros_msgs_s.ep.rosidl_typesupport_introspection_c.c.o[0m
[4.460s] [100%] [32m[1mLinking C shared library rosidl_generator_py/micro_ros_msgs/micro_ros_msgs_s__rosidl_typesupport_c.cpython-310-x86_64-linux-gnu.so[0m
[4.460s] [100%] [32m[1mLinking C shared library rosidl_generator_py/micro_ros_msgs/micro_ros_msgs_s__rosidl_typesupport_introspection_c.cpython-310-x86_64-linux-gnu.so[0m
[4.460s] [100%] [32m[1mLinking C shared library rosidl_generator_py/micro_ros_msgs/micro_ros_msgs_s__rosidl_typesupport_fastrtps_c.cpython-310-x86_64-linux-gnu.so[0m
[4.475s] [100%] Built target micro_ros_msgs__rosidl_typesupport_c__pyext
[4.475s] [100%] Built target micro_ros_msgs__rosidl_typesupport_introspection_c__pyext
[4.476s] [100%] Built target micro_ros_msgs__rosidl_typesupport_fastrtps_c__pyext
[5.965s] writing manifest file 'micro_ros_msgs.egg-info/SOURCES.txt'
[5.983s] [100%] Built target ament_cmake_python_build_micro_ros_msgs_egg
[5.987s] Invoked command in '/home/tmdals010126/uros_ws/build/micro_ros_msgs' returned '0': CMAKE_PREFIX_PATH=${CMAKE_PREFIX_PATH}:/home/tmdals010126/ros2_humble/install/rqt_bag_plugins:/home/tmdals010126/ros2_humble/install/rqt_bag:/home/tmdals010126/ros2_humble/install/launch_testing_examples:/home/tmdals010126/ros2_humble/install/ros2bag:/home/tmdals010126/ros2_humble/install/tracetools_test:/home/tmdals010126/ros2_humble/install/tracetools_launch:/home/tmdals010126/ros2_humble/install/topic_monitor:/home/tmdals010126/ros2_humble/install/tf2_tools:/home/tmdals010126/ros2_humble/install/examples_tf2_py:/home/tmdals010126/ros2_humble/install/tf2_ros_py:/home/tmdals010126/ros2_humble/install/sros2:/home/tmdals010126/ros2_humble/install/rqt_topic:/home/tmdals010126/ros2_humble/install/rqt_srv:/home/tmdals010126/ros2_humble/install/rqt_shell:/home/tmdals010126/ros2_humble/install/rqt_service_caller:/home/tmdals010126/ros2_humble/install/rqt_reconfigure:/home/tmdals010126/ros2_humble/install/rqt_py_console:/home/tmdals010126/ros2_humble/install/rqt_publisher:/home/tmdals010126/ros2_humble/install/rqt_plot:/home/tmdals010126/ros2_humble/install/rqt_action:/home/tmdals010126/ros2_humble/install/rqt_msg:/home/tmdals010126/ros2_humble/install/rqt_console:/home/tmdals010126/ros2_humble/install/rqt:/home/tmdals010126/ros2_humble/install/rqt_graph:/home/tmdals010126/ros2_humble/install/rqt_gui_py:/home/tmdals010126/ros2_humble/install/rqt_gui:/home/tmdals010126/ros2_humble/install/ros2trace:/home/tmdals010126/ros2_humble/install/ros2topic:/home/tmdals010126/ros2_humble/install/ros2test:/home/tmdals010126/ros2_humble/install/ros2component:/home/tmdals010126/ros2_humble/install/ros2param:/home/tmdals010126/ros2_humble/install/ros2lifecycle:/home/tmdals010126/ros2_humble/install/ros2service:/home/tmdals010126/ros2_humble/install/ros2run:/home/tmdals010126/ros2_humble/install/ros2launch:/home/tmdals010126/ros2_humble/install/ros2pkg:/home/tmdals010126/ros2_humble/install/ros2node:/home/tmdals010126/ros2_humble/install/ros2multicast:/home/tmdals010126/ros2_humble/install/ros2interface:/home/tmdals010126/ros2_humble/install/ros2doctor:/home/tmdals010126/ros2_humble/install/ros2action:/home/tmdals010126/ros2_humble/install/ros2cli:/home/tmdals010126/ros2_humble/install/quality_of_service_demo_py:/home/tmdals010126/ros2_humble/install/lifecycle_py:/home/tmdals010126/ros2_humble/install/launch_testing_ros:/home/tmdals010126/ros2_humble/install/launch_ros:/home/tmdals010126/ros2_humble/install/examples_rclpy_pointcloud_publisher:/home/tmdals010126/ros2_humble/install/examples_rclpy_minimal_subscriber:/home/tmdals010126/ros2_humble/install/examples_rclpy_minimal_service:/home/tmdals010126/ros2_humble/install/examples_rclpy_minimal_publisher:/home/tmdals010126/ros2_humble/install/examples_rclpy_minimal_client:/home/tmdals010126/ros2_humble/install/examples_rclpy_minimal_action_server:/home/tmdals010126/ros2_humble/install/examples_rclpy_minimal_action_client:/home/tmdals010126/ros2_humble/install/examples_rclpy_guard_conditions:/home/tmdals010126/ros2_humble/install/examples_rclpy_executors:/home/tmdals010126/ros2_humble/install/demo_nodes_py:/home/tmdals010126/ros2_humble/install/camera_info_manager_py:/home/tmdals010126/ros2_humble/install/action_tutorials_py:/home/tmdals010126/ros2_humble/install/ament_uncrustify:/home/tmdals010126/ros2_humble/install/tracetools_trace:/home/tmdals010126/ros2_humble/install/tracetools_read:/home/tmdals010126/ros2_humble/install/test_tracetools_launch:/home/tmdals010126/ros2_humble/install/test_launch_ros:/home/tmdals010126/ros2_humble/install/sensor_msgs_py:/home/tmdals010126/ros2_humble/install/rpyutils:/home/tmdals010126/ros2_humble/install/rosidl_runtime_py:/home/tmdals010126/ros2_humble/install/rosidl_cli:/home/tmdals010126/ros2_humble/install/launch_pytest:/home/tmdals010126/ros2_humble/install/launch_testing:/home/tmdals010126/ros2_humble/install/launch_yaml:/home/tmdals010126/ros2_humble/install/launch_xml:/home/tmdals010126/ros2_humble/install/launch:/home/tmdals010126/ros2_humble/install/osrf_pycommon:/home/tmdals010126/ros2_humble/install/domain_coordinator:/home/tmdals010126/ros2_humble/install/ament_xmllint:/home/tmdals010126/ros2_humble/install/ament_pyflakes:/home/tmdals010126/ros2_humble/install/ament_pycodestyle:/home/tmdals010126/ros2_humble/install/ament_pep257:/home/tmdals010126/ros2_humble/install/ament_pclint:/home/tmdals010126/ros2_humble/install/ament_package:/home/tmdals010126/ros2_humble/install/ament_mypy:/home/tmdals010126/ros2_humble/install/ament_lint_cmake:/home/tmdals010126/ros2_humble/install/ament_flake8:/home/tmdals010126/ros2_humble/install/ament_copyright:/home/tmdals010126/ros2_humble/install/ament_lint:/home/tmdals010126/ros2_humble/install/ament_index_python:/home/tmdals010126/ros2_humble/install/ament_cpplint:/home/tmdals010126/ros2_humble/install/ament_cppcheck:/home/tmdals010126/ros2_humble/install/ament_clang_tidy:/home/tmdals010126/ros2_humble/install/ament_clang_format /usr/local/bin/cmake --build /home/tmdals010126/uros_ws/build/micro_ros_msgs -- -j28 -l28
[5.989s] Invoking command in '/home/tmdals010126/uros_ws/build/micro_ros_msgs': CMAKE_PREFIX_PATH=${CMAKE_PREFIX_PATH}:/home/tmdals010126/ros2_humble/install/rqt_bag_plugins:/home/tmdals010126/ros2_humble/install/rqt_bag:/home/tmdals010126/ros2_humble/install/launch_testing_examples:/home/tmdals010126/ros2_humble/install/ros2bag:/home/tmdals010126/ros2_humble/install/tracetools_test:/home/tmdals010126/ros2_humble/install/tracetools_launch:/home/tmdals010126/ros2_humble/install/topic_monitor:/home/tmdals010126/ros2_humble/install/tf2_tools:/home/tmdals010126/ros2_humble/install/examples_tf2_py:/home/tmdals010126/ros2_humble/install/tf2_ros_py:/home/tmdals010126/ros2_humble/install/sros2:/home/tmdals010126/ros2_humble/install/rqt_topic:/home/tmdals010126/ros2_humble/install/rqt_srv:/home/tmdals010126/ros2_humble/install/rqt_shell:/home/tmdals010126/ros2_humble/install/rqt_service_caller:/home/tmdals010126/ros2_humble/install/rqt_reconfigure:/home/tmdals010126/ros2_humble/install/rqt_py_console:/home/tmdals010126/ros2_humble/install/rqt_publisher:/home/tmdals010126/ros2_humble/install/rqt_plot:/home/tmdals010126/ros2_humble/install/rqt_action:/home/tmdals010126/ros2_humble/install/rqt_msg:/home/tmdals010126/ros2_humble/install/rqt_console:/home/tmdals010126/ros2_humble/install/rqt:/home/tmdals010126/ros2_humble/install/rqt_graph:/home/tmdals010126/ros2_humble/install/rqt_gui_py:/home/tmdals010126/ros2_humble/install/rqt_gui:/home/tmdals010126/ros2_humble/install/ros2trace:/home/tmdals010126/ros2_humble/install/ros2topic:/home/tmdals010126/ros2_humble/install/ros2test:/home/tmdals010126/ros2_humble/install/ros2component:/home/tmdals010126/ros2_humble/install/ros2param:/home/tmdals010126/ros2_humble/install/ros2lifecycle:/home/tmdals010126/ros2_humble/install/ros2service:/home/tmdals010126/ros2_humble/install/ros2run:/home/tmdals010126/ros2_humble/install/ros2launch:/home/tmdals010126/ros2_humble/install/ros2pkg:/home/tmdals010126/ros2_humble/install/ros2node:/home/tmdals010126/ros2_humble/install/ros2multicast:/home/tmdals010126/ros2_humble/install/ros2interface:/home/tmdals010126/ros2_humble/install/ros2doctor:/home/tmdals010126/ros2_humble/install/ros2action:/home/tmdals010126/ros2_humble/install/ros2cli:/home/tmdals010126/ros2_humble/install/quality_of_service_demo_py:/home/tmdals010126/ros2_humble/install/lifecycle_py:/home/tmdals010126/ros2_humble/install/launch_testing_ros:/home/tmdals010126/ros2_humble/install/launch_ros:/home/tmdals010126/ros2_humble/install/examples_rclpy_pointcloud_publisher:/home/tmdals010126/ros2_humble/install/examples_rclpy_minimal_subscriber:/home/tmdals010126/ros2_humble/install/examples_rclpy_minimal_service:/home/tmdals010126/ros2_humble/install/examples_rclpy_minimal_publisher:/home/tmdals010126/ros2_humble/install/examples_rclpy_minimal_client:/home/tmdals010126/ros2_humble/install/examples_rclpy_minimal_action_server:/home/tmdals010126/ros2_humble/install/examples_rclpy_minimal_action_client:/home/tmdals010126/ros2_humble/install/examples_rclpy_guard_conditions:/home/tmdals010126/ros2_humble/install/examples_rclpy_executors:/home/tmdals010126/ros2_humble/install/demo_nodes_py:/home/tmdals010126/ros2_humble/install/camera_info_manager_py:/home/tmdals010126/ros2_humble/install/action_tutorials_py:/home/tmdals010126/ros2_humble/install/ament_uncrustify:/home/tmdals010126/ros2_humble/install/tracetools_trace:/home/tmdals010126/ros2_humble/install/tracetools_read:/home/tmdals010126/ros2_humble/install/test_tracetools_launch:/home/tmdals010126/ros2_humble/install/test_launch_ros:/home/tmdals010126/ros2_humble/install/sensor_msgs_py:/home/tmdals010126/ros2_humble/install/rpyutils:/home/tmdals010126/ros2_humble/install/rosidl_runtime_py:/home/tmdals010126/ros2_humble/install/rosidl_cli:/home/tmdals010126/ros2_humble/install/launch_pytest:/home/tmdals010126/ros2_humble/install/launch_testing:/home/tmdals010126/ros2_humble/install/launch_yaml:/home/tmdals010126/ros2_humble/install/launch_xml:/home/tmdals010126/ros2_humble/install/launch:/home/tmdals010126/ros2_humble/install/osrf_pycommon:/home/tmdals010126/ros2_humble/install/domain_coordinator:/home/tmdals010126/ros2_humble/install/ament_xmllint:/home/tmdals010126/ros2_humble/install/ament_pyflakes:/home/tmdals010126/ros2_humble/install/ament_pycodestyle:/home/tmdals010126/ros2_humble/install/ament_pep257:/home/tmdals010126/ros2_humble/install/ament_pclint:/home/tmdals010126/ros2_humble/install/ament_package:/home/tmdals010126/ros2_humble/install/ament_mypy:/home/tmdals010126/ros2_humble/install/ament_lint_cmake:/home/tmdals010126/ros2_humble/install/ament_flake8:/home/tmdals010126/ros2_humble/install/ament_copyright:/home/tmdals010126/ros2_humble/install/ament_lint:/home/tmdals010126/ros2_humble/install/ament_index_python:/home/tmdals010126/ros2_humble/install/ament_cpplint:/home/tmdals010126/ros2_humble/install/ament_cppcheck:/home/tmdals010126/ros2_humble/install/ament_clang_tidy:/home/tmdals010126/ros2_humble/install/ament_clang_format /usr/local/bin/cmake --install /home/tmdals010126/uros_ws/build/micro_ros_msgs
[5.992s] -- Install configuration: ""
[5.992s] -- Installing: /home/tmdals010126/uros_ws/install/micro_ros_msgs/share/ament_index/resource_index/rosidl_interfaces/micro_ros_msgs
[5.992s] -- Installing: /home/tmdals010126/uros_ws/install/micro_ros_msgs/include/micro_ros_msgs/micro_ros_msgs
[5.992s] -- Installing: /home/tmdals010126/uros_ws/install/micro_ros_msgs/include/micro_ros_msgs/micro_ros_msgs/msg
[5.992s] -- Installing: /home/tmdals010126/uros_ws/install/micro_ros_msgs/include/micro_ros_msgs/micro_ros_msgs/msg/rosidl_generator_c__visibility_control.h
[5.992s] -- Installing: /home/tmdals010126/uros_ws/install/micro_ros_msgs/include/micro_ros_msgs/micro_ros_msgs/msg/entity.h
[5.992s] -- Installing: /home/tmdals010126/uros_ws/install/micro_ros_msgs/include/micro_ros_msgs/micro_ros_msgs/msg/graph.h
[5.992s] -- Installing: /home/tmdals010126/uros_ws/install/micro_ros_msgs/include/micro_ros_msgs/micro_ros_msgs/msg/detail
[5.993s] -- Installing: /home/tmdals010126/uros_ws/install/micro_ros_msgs/include/micro_ros_msgs/micro_ros_msgs/msg/detail/node__struct.h
[5.993s] -- Installing: /home/tmdals010126/uros_ws/install/micro_ros_msgs/include/micro_ros_msgs/micro_ros_msgs/msg/detail/graph__functions.h
[5.993s] -- Installing: /home/tmdals010126/uros_ws/install/micro_ros_msgs/include/micro_ros_msgs/micro_ros_msgs/msg/detail/node__type_support.h
[5.993s] -- Installing: /home/tmdals010126/uros_ws/install/micro_ros_msgs/include/micro_ros_msgs/micro_ros_msgs/msg/detail/graph__struct.h
[5.993s] -- Installing: /home/tmdals010126/uros_ws/install/micro_ros_msgs/include/micro_ros_msgs/micro_ros_msgs/msg/detail/entity__struct.h
[5.993s] -- Installing: /home/tmdals010126/uros_ws/install/micro_ros_msgs/include/micro_ros_msgs/micro_ros_msgs/msg/detail/entity__functions.c
[5.993s] -- Installing: /home/tmdals010126/uros_ws/install/micro_ros_msgs/include/micro_ros_msgs/micro_ros_msgs/msg/detail/entity__type_support.h
[5.993s] -- Installing: /home/tmdals010126/uros_ws/install/micro_ros_msgs/include/micro_ros_msgs/micro_ros_msgs/msg/detail/entity__functions.h
[5.993s] -- Installing: /home/tmdals010126/uros_ws/install/micro_ros_msgs/include/micro_ros_msgs/micro_ros_msgs/msg/detail/node__functions.h
[5.993s] -- Installing: /home/tmdals010126/uros_ws/install/micro_ros_msgs/include/micro_ros_msgs/micro_ros_msgs/msg/detail/node__functions.c
[5.993s] -- Installing: /home/tmdals010126/uros_ws/install/micro_ros_msgs/include/micro_ros_msgs/micro_ros_msgs/msg/detail/graph__type_support.h
[5.993s] -- Installing: /home/tmdals010126/uros_ws/install/micro_ros_msgs/include/micro_ros_msgs/micro_ros_msgs/msg/detail/graph__functions.c
[5.993s] -- Installing: /home/tmdals010126/uros_ws/install/micro_ros_msgs/include/micro_ros_msgs/micro_ros_msgs/msg/node.h
[5.993s] -- Installing: /home/tmdals010126/uros_ws/install/micro_ros_msgs/share/micro_ros_msgs/environment/library_path.sh
[5.993s] -- Installing: /home/tmdals010126/uros_ws/install/micro_ros_msgs/share/micro_ros_msgs/environment/library_path.dsv
[5.993s] -- Installing: /home/tmdals010126/uros_ws/install/micro_ros_msgs/lib/libmicro_ros_msgs__rosidl_generator_c.so
[5.994s] -- Set runtime path of "/home/tmdals010126/uros_ws/install/micro_ros_msgs/lib/libmicro_ros_msgs__rosidl_generator_c.so" to ""
[5.994s] -- Up-to-date: /home/tmdals010126/uros_ws/install/micro_ros_msgs/include/micro_ros_msgs/micro_ros_msgs
[5.994s] -- Up-to-date: /home/tmdals010126/uros_ws/install/micro_ros_msgs/include/micro_ros_msgs/micro_ros_msgs/msg
[5.994s] -- Up-to-date: /home/tmdals010126/uros_ws/install/micro_ros_msgs/include/micro_ros_msgs/micro_ros_msgs/msg/detail
[5.994s] -- Installing: /home/tmdals010126/uros_ws/install/micro_ros_msgs/include/micro_ros_msgs/micro_ros_msgs/msg/detail/node__type_support.c
[5.994s] -- Installing: /home/tmdals010126/uros_ws/install/micro_ros_msgs/include/micro_ros_msgs/micro_ros_msgs/msg/detail/graph__rosidl_typesupport_introspection_c.h
[5.994s] -- Installing: /home/tmdals010126/uros_ws/install/micro_ros_msgs/include/micro_ros_msgs/micro_ros_msgs/msg/detail/entity__rosidl_typesupport_introspection_c.h
[5.994s] -- Installing: /home/tmdals010126/uros_ws/install/micro_ros_msgs/include/micro_ros_msgs/micro_ros_msgs/msg/detail/node__rosidl_typesupport_introspection_c.h
[5.994s] -- Installing: /home/tmdals010126/uros_ws/install/micro_ros_msgs/include/micro_ros_msgs/micro_ros_msgs/msg/detail/entity__type_support.c
[5.994s] -- Installing: /home/tmdals010126/uros_ws/install/micro_ros_msgs/include/micro_ros_msgs/micro_ros_msgs/msg/detail/graph__type_support.c
[5.994s] -- Installing: /home/tmdals010126/uros_ws/install/micro_ros_msgs/include/micro_ros_msgs/micro_ros_msgs/msg/rosidl_typesupport_introspection_c__visibility_control.h
[5.994s] -- Installing: /home/tmdals010126/uros_ws/install/micro_ros_msgs/lib/libmicro_ros_msgs__rosidl_typesupport_introspection_c.so
[5.994s] -- Set runtime path of "/home/tmdals010126/uros_ws/install/micro_ros_msgs/lib/libmicro_ros_msgs__rosidl_typesupport_introspection_c.so" to ""
[5.994s] -- Up-to-date: /home/tmdals010126/uros_ws/install/micro_ros_msgs/include/micro_ros_msgs/micro_ros_msgs
[5.994s] -- Up-to-date: /home/tmdals010126/uros_ws/install/micro_ros_msgs/include/micro_ros_msgs/micro_ros_msgs/msg
[5.995s] -- Up-to-date: /home/tmdals010126/uros_ws/install/micro_ros_msgs/include/micro_ros_msgs/micro_ros_msgs/msg/detail
[5.995s] -- Installing: /home/tmdals010126/uros_ws/install/micro_ros_msgs/include/micro_ros_msgs/micro_ros_msgs/msg/detail/graph__rosidl_typesupport_fastrtps_c.h
[5.995s] -- Installing: /home/tmdals010126/uros_ws/install/micro_ros_msgs/include/micro_ros_msgs/micro_ros_msgs/msg/detail/entity__rosidl_typesupport_fastrtps_c.h
[5.995s] -- Installing: /home/tmdals010126/uros_ws/install/micro_ros_msgs/include/micro_ros_msgs/micro_ros_msgs/msg/detail/node__rosidl_typesupport_fastrtps_c.h
[5.995s] -- Installing: /home/tmdals010126/uros_ws/install/micro_ros_msgs/include/micro_ros_msgs/micro_ros_msgs/msg/rosidl_typesupport_fastrtps_c__visibility_control.h
[5.995s] -- Installing: /home/tmdals010126/uros_ws/install/micro_ros_msgs/lib/libmicro_ros_msgs__rosidl_typesupport_fastrtps_c.so
[5.995s] -- Set runtime path of "/home/tmdals010126/uros_ws/install/micro_ros_msgs/lib/libmicro_ros_msgs__rosidl_typesupport_fastrtps_c.so" to ""
[5.995s] -- Installing: /home/tmdals010126/uros_ws/install/micro_ros_msgs/lib/libmicro_ros_msgs__rosidl_typesupport_c.so
[5.995s] -- Set runtime path of "/home/tmdals010126/uros_ws/install/micro_ros_msgs/lib/libmicro_ros_msgs__rosidl_typesupport_c.so" to ""
[5.995s] -- Up-to-date: /home/tmdals010126/uros_ws/install/micro_ros_msgs/include/micro_ros_msgs/micro_ros_msgs
[5.995s] -- Up-to-date: /home/tmdals010126/uros_ws/install/micro_ros_msgs/include/micro_ros_msgs/micro_ros_msgs/msg
[5.995s] -- Installing: /home/tmdals010126/uros_ws/install/micro_ros_msgs/include/micro_ros_msgs/micro_ros_msgs/msg/rosidl_generator_cpp__visibility_control.hpp
[5.995s] -- Installing: /home/tmdals010126/uros_ws/install/micro_ros_msgs/include/micro_ros_msgs/micro_ros_msgs/msg/graph.hpp
[5.995s] -- Up-to-date: /home/tmdals010126/uros_ws/install/micro_ros_msgs/include/micro_ros_msgs/micro_ros_msgs/msg/detail
[5.995s] -- Installing: /home/tmdals010126/uros_ws/install/micro_ros_msgs/include/micro_ros_msgs/micro_ros_msgs/msg/detail/node__traits.hpp
[5.996s] -- Installing: /home/tmdals010126/uros_ws/install/micro_ros_msgs/include/micro_ros_msgs/micro_ros_msgs/msg/detail/entity__traits.hpp
[5.996s] -- Installing: /home/tmdals010126/uros_ws/install/micro_ros_msgs/include/micro_ros_msgs/micro_ros_msgs/msg/detail/graph__type_support.hpp
[5.996s] -- Installing: /home/tmdals010126/uros_ws/install/micro_ros_msgs/include/micro_ros_msgs/micro_ros_msgs/msg/detail/node__builder.hpp
[5.996s] -- Installing: /home/tmdals010126/uros_ws/install/micro_ros_msgs/include/micro_ros_msgs/micro_ros_msgs/msg/detail/entity__struct.hpp
[5.996s] -- Installing: /home/tmdals010126/uros_ws/install/micro_ros_msgs/include/micro_ros_msgs/micro_ros_msgs/msg/detail/graph__struct.hpp
[5.996s] -- Installing: /home/tmdals010126/uros_ws/install/micro_ros_msgs/include/micro_ros_msgs/micro_ros_msgs/msg/detail/graph__builder.hpp
[5.996s] -- Installing: /home/tmdals010126/uros_ws/install/micro_ros_msgs/include/micro_ros_msgs/micro_ros_msgs/msg/detail/entity__builder.hpp
[5.996s] -- Installing: /home/tmdals010126/uros_ws/install/micro_ros_msgs/include/micro_ros_msgs/micro_ros_msgs/msg/detail/node__type_support.hpp
[5.996s] -- Installing: /home/tmdals010126/uros_ws/install/micro_ros_msgs/include/micro_ros_msgs/micro_ros_msgs/msg/detail/node__struct.hpp
[5.996s] -- Installing: /home/tmdals010126/uros_ws/install/micro_ros_msgs/include/micro_ros_msgs/micro_ros_msgs/msg/detail/graph__traits.hpp
[5.996s] -- Installing: /home/tmdals010126/uros_ws/install/micro_ros_msgs/include/micro_ros_msgs/micro_ros_msgs/msg/detail/entity__type_support.hpp
[5.996s] -- Installing: /home/tmdals010126/uros_ws/install/micro_ros_msgs/include/micro_ros_msgs/micro_ros_msgs/msg/node.hpp
[5.996s] -- Installing: /home/tmdals010126/uros_ws/install/micro_ros_msgs/include/micro_ros_msgs/micro_ros_msgs/msg/entity.hpp
[5.996s] -- Up-to-date: /home/tmdals010126/uros_ws/install/micro_ros_msgs/include/micro_ros_msgs/micro_ros_msgs
[5.996s] -- Up-to-date: /home/tmdals010126/uros_ws/install/micro_ros_msgs/include/micro_ros_msgs/micro_ros_msgs/msg
[5.996s] -- Up-to-date: /home/tmdals010126/uros_ws/install/micro_ros_msgs/include/micro_ros_msgs/micro_ros_msgs/msg/detail
[5.996s] -- Installing: /home/tmdals010126/uros_ws/install/micro_ros_msgs/include/micro_ros_msgs/micro_ros_msgs/msg/detail/graph__rosidl_typesupport_introspection_cpp.hpp
[5.996s] -- Installing: /home/tmdals010126/uros_ws/install/micro_ros_msgs/include/micro_ros_msgs/micro_ros_msgs/msg/detail/graph__type_support.cpp
[5.996s] -- Installing: /home/tmdals010126/uros_ws/install/micro_ros_msgs/include/micro_ros_msgs/micro_ros_msgs/msg/detail/entity__rosidl_typesupport_introspection_cpp.hpp
[5.996s] -- Installing: /home/tmdals010126/uros_ws/install/micro_ros_msgs/include/micro_ros_msgs/micro_ros_msgs/msg/detail/entity__type_support.cpp
[5.996s] -- Installing: /home/tmdals010126/uros_ws/install/micro_ros_msgs/include/micro_ros_msgs/micro_ros_msgs/msg/detail/node__rosidl_typesupport_introspection_cpp.hpp
[5.997s] -- Installing: /home/tmdals010126/uros_ws/install/micro_ros_msgs/include/micro_ros_msgs/micro_ros_msgs/msg/detail/node__type_support.cpp
[5.997s] -- Installing: /home/tmdals010126/uros_ws/install/micro_ros_msgs/lib/libmicro_ros_msgs__rosidl_typesupport_introspection_cpp.so
[5.997s] -- Set runtime path of "/home/tmdals010126/uros_ws/install/micro_ros_msgs/lib/libmicro_ros_msgs__rosidl_typesupport_introspection_cpp.so" to ""
[5.997s] -- Up-to-date: /home/tmdals010126/uros_ws/install/micro_ros_msgs/include/micro_ros_msgs/micro_ros_msgs
[5.997s] -- Up-to-date: /home/tmdals010126/uros_ws/install/micro_ros_msgs/include/micro_ros_msgs/micro_ros_msgs/msg
[5.997s] -- Up-to-date: /home/tmdals010126/uros_ws/install/micro_ros_msgs/include/micro_ros_msgs/micro_ros_msgs/msg/detail
[5.997s] -- Installing: /home/tmdals010126/uros_ws/install/micro_ros_msgs/include/micro_ros_msgs/micro_ros_msgs/msg/detail/graph__rosidl_typesupport_fastrtps_cpp.hpp
[5.997s] -- Installing: /home/tmdals010126/uros_ws/install/micro_ros_msgs/include/micro_ros_msgs/micro_ros_msgs/msg/detail/dds_fastrtps
[5.997s] -- Installing: /home/tmdals010126/uros_ws/install/micro_ros_msgs/include/micro_ros_msgs/micro_ros_msgs/msg/detail/node__rosidl_typesupport_fastrtps_cpp.hpp
[5.997s] -- Installing: /home/tmdals010126/uros_ws/install/micro_ros_msgs/include/micro_ros_msgs/micro_ros_msgs/msg/detail/entity__rosidl_typesupport_fastrtps_cpp.hpp
[5.997s] -- Installing: /home/tmdals010126/uros_ws/install/micro_ros_msgs/include/micro_ros_msgs/micro_ros_msgs/msg/rosidl_typesupport_fastrtps_cpp__visibility_control.h
[5.997s] -- Installing: /home/tmdals010126/uros_ws/install/micro_ros_msgs/lib/libmicro_ros_msgs__rosidl_typesupport_fastrtps_cpp.so
[5.997s] -- Set runtime path of "/home/tmdals010126/uros_ws/install/micro_ros_msgs/lib/libmicro_ros_msgs__rosidl_typesupport_fastrtps_cpp.so" to ""
[5.997s] -- Installing: /home/tmdals010126/uros_ws/install/micro_ros_msgs/lib/libmicro_ros_msgs__rosidl_typesupport_cpp.so
[5.997s] -- Set runtime path of "/home/tmdals010126/uros_ws/install/micro_ros_msgs/lib/libmicro_ros_msgs__rosidl_typesupport_cpp.so" to ""
[5.997s] -- Installing: /home/tmdals010126/uros_ws/install/micro_ros_msgs/share/micro_ros_msgs/environment/pythonpath.sh
[5.997s] -- Installing: /home/tmdals010126/uros_ws/install/micro_ros_msgs/share/micro_ros_msgs/environment/pythonpath.dsv
[5.997s] -- Installing: /home/tmdals010126/uros_ws/install/micro_ros_msgs/lib/python3.10/site-packages/micro_ros_msgs-3.0.1-py3.10.egg-info
[5.997s] -- Installing: /home/tmdals010126/uros_ws/install/micro_ros_msgs/lib/python3.10/site-packages/micro_ros_msgs-3.0.1-py3.10.egg-info/SOURCES.txt
[5.997s] -- Installing: /home/tmdals010126/uros_ws/install/micro_ros_msgs/lib/python3.10/site-packages/micro_ros_msgs-3.0.1-py3.10.egg-info/dependency_links.txt
[5.998s] -- Installing: /home/tmdals010126/uros_ws/install/micro_ros_msgs/lib/python3.10/site-packages/micro_ros_msgs-3.0.1-py3.10.egg-info/PKG-INFO
[5.998s] -- Installing: /home/tmdals010126/uros_ws/install/micro_ros_msgs/lib/python3.10/site-packages/micro_ros_msgs-3.0.1-py3.10.egg-info/top_level.txt
[5.998s] -- Installing: /home/tmdals010126/uros_ws/install/micro_ros_msgs/lib/python3.10/site-packages/micro_ros_msgs
[5.998s] -- Installing: /home/tmdals010126/uros_ws/install/micro_ros_msgs/lib/python3.10/site-packages/micro_ros_msgs/micro_ros_msgs_s__rosidl_typesupport_c.cpython-310-x86_64-linux-gnu.so
[5.998s] -- Installing: /home/tmdals010126/uros_ws/install/micro_ros_msgs/lib/python3.10/site-packages/micro_ros_msgs/__init__.py
[5.998s] -- Installing: /home/tmdals010126/uros_ws/install/micro_ros_msgs/lib/python3.10/site-packages/micro_ros_msgs/micro_ros_msgs_s__rosidl_typesupport_introspection_c.cpython-310-x86_64-linux-gnu.so
[5.998s] -- Installing: /home/tmdals010126/uros_ws/install/micro_ros_msgs/lib/python3.10/site-packages/micro_ros_msgs/libmicro_ros_msgs__rosidl_generator_py.so
[5.998s] -- Installing: /home/tmdals010126/uros_ws/install/micro_ros_msgs/lib/python3.10/site-packages/micro_ros_msgs/msg
[5.998s] -- Installing: /home/tmdals010126/uros_ws/install/micro_ros_msgs/lib/python3.10/site-packages/micro_ros_msgs/msg/_node_s.c
[5.998s] -- Installing: /home/tmdals010126/uros_ws/install/micro_ros_msgs/lib/python3.10/site-packages/micro_ros_msgs/msg/__init__.py
[5.998s] -- Installing: /home/tmdals010126/uros_ws/install/micro_ros_msgs/lib/python3.10/site-packages/micro_ros_msgs/msg/_graph.py
[5.998s] -- Installing: /home/tmdals010126/uros_ws/install/micro_ros_msgs/lib/python3.10/site-packages/micro_ros_msgs/msg/_entity.py
[5.998s] -- Installing: /home/tmdals010126/uros_ws/install/micro_ros_msgs/lib/python3.10/site-packages/micro_ros_msgs/msg/_node.py
[5.998s] -- Installing: /home/tmdals010126/uros_ws/install/micro_ros_msgs/lib/python3.10/site-packages/micro_ros_msgs/msg/_graph_s.c
[5.998s] -- Installing: /home/tmdals010126/uros_ws/install/micro_ros_msgs/lib/python3.10/site-packages/micro_ros_msgs/msg/_entity_s.c
[5.998s] -- Installing: /home/tmdals010126/uros_ws/install/micro_ros_msgs/lib/python3.10/site-packages/micro_ros_msgs/_micro_ros_msgs_s.ep.rosidl_typesupport_fastrtps_c.c
[5.998s] -- Installing: /home/tmdals010126/uros_ws/install/micro_ros_msgs/lib/python3.10/site-packages/micro_ros_msgs/_micro_ros_msgs_s.ep.rosidl_typesupport_introspection_c.c
[5.998s] -- Installing: /home/tmdals010126/uros_ws/install/micro_ros_msgs/lib/python3.10/site-packages/micro_ros_msgs/_micro_ros_msgs_s.ep.rosidl_typesupport_c.c
[5.998s] -- Installing: /home/tmdals010126/uros_ws/install/micro_ros_msgs/lib/python3.10/site-packages/micro_ros_msgs/micro_ros_msgs_s__rosidl_typesupport_fastrtps_c.cpython-310-x86_64-linux-gnu.so
[6.063s] Listing '/home/tmdals010126/uros_ws/install/micro_ros_msgs/lib/python3.10/site-packages/micro_ros_msgs'...
[6.063s] Compiling '/home/tmdals010126/uros_ws/install/micro_ros_msgs/lib/python3.10/site-packages/micro_ros_msgs/__init__.py'...
[6.063s] Listing '/home/tmdals010126/uros_ws/install/micro_ros_msgs/lib/python3.10/site-packages/micro_ros_msgs/msg'...
[6.063s] Compiling '/home/tmdals010126/uros_ws/install/micro_ros_msgs/lib/python3.10/site-packages/micro_ros_msgs/msg/__init__.py'...
[6.063s] Compiling '/home/tmdals010126/uros_ws/install/micro_ros_msgs/lib/python3.10/site-packages/micro_ros_msgs/msg/_entity.py'...
[6.063s] Compiling '/home/tmdals010126/uros_ws/install/micro_ros_msgs/lib/python3.10/site-packages/micro_ros_msgs/msg/_graph.py'...
[6.063s] Compiling '/home/tmdals010126/uros_ws/install/micro_ros_msgs/lib/python3.10/site-packages/micro_ros_msgs/msg/_node.py'...
[6.065s] -- Installing: /home/tmdals010126/uros_ws/install/micro_ros_msgs/lib/python3.10/site-packages/micro_ros_msgs/micro_ros_msgs_s__rosidl_typesupport_introspection_c.cpython-310-x86_64-linux-gnu.so
[6.066s] -- Set runtime path of "/home/tmdals010126/uros_ws/install/micro_ros_msgs/lib/python3.10/site-packages/micro_ros_msgs/micro_ros_msgs_s__rosidl_typesupport_introspection_c.cpython-310-x86_64-linux-gnu.so" to ""
[6.066s] -- Installing: /home/tmdals010126/uros_ws/install/micro_ros_msgs/lib/python3.10/site-packages/micro_ros_msgs/micro_ros_msgs_s__rosidl_typesupport_fastrtps_c.cpython-310-x86_64-linux-gnu.so
[6.066s] -- Set runtime path of "/home/tmdals010126/uros_ws/install/micro_ros_msgs/lib/python3.10/site-packages/micro_ros_msgs/micro_ros_msgs_s__rosidl_typesupport_fastrtps_c.cpython-310-x86_64-linux-gnu.so" to ""
[6.066s] -- Installing: /home/tmdals010126/uros_ws/install/micro_ros_msgs/lib/python3.10/site-packages/micro_ros_msgs/micro_ros_msgs_s__rosidl_typesupport_c.cpython-310-x86_64-linux-gnu.so
[6.066s] -- Set runtime path of "/home/tmdals010126/uros_ws/install/micro_ros_msgs/lib/python3.10/site-packages/micro_ros_msgs/micro_ros_msgs_s__rosidl_typesupport_c.cpython-310-x86_64-linux-gnu.so" to ""
[6.066s] -- Installing: /home/tmdals010126/uros_ws/install/micro_ros_msgs/lib/libmicro_ros_msgs__rosidl_generator_py.so
[6.066s] -- Set runtime path of "/home/tmdals010126/uros_ws/install/micro_ros_msgs/lib/libmicro_ros_msgs__rosidl_generator_py.so" to ""
[6.067s] -- Installing: /home/tmdals010126/uros_ws/install/micro_ros_msgs/share/micro_ros_msgs/msg/Graph.idl
[6.067s] -- Installing: /home/tmdals010126/uros_ws/install/micro_ros_msgs/share/micro_ros_msgs/msg/Node.idl
[6.067s] -- Installing: /home/tmdals010126/uros_ws/install/micro_ros_msgs/share/micro_ros_msgs/msg/Entity.idl
[6.067s] -- Installing: /home/tmdals010126/uros_ws/install/micro_ros_msgs/share/micro_ros_msgs/msg/Graph.msg
[6.067s] -- Installing: /home/tmdals010126/uros_ws/install/micro_ros_msgs/share/micro_ros_msgs/msg/Node.msg
[6.067s] -- Installing: /home/tmdals010126/uros_ws/install/micro_ros_msgs/share/micro_ros_msgs/msg/Entity.msg
[6.067s] -- Installing: /home/tmdals010126/uros_ws/install/micro_ros_msgs/share/ament_index/resource_index/package_run_dependencies/micro_ros_msgs
[6.067s] -- Installing: /home/tmdals010126/uros_ws/install/micro_ros_msgs/share/ament_index/resource_index/parent_prefix_path/micro_ros_msgs
[6.067s] -- Installing: /home/tmdals010126/uros_ws/install/micro_ros_msgs/share/micro_ros_msgs/environment/ament_prefix_path.sh
[6.067s] -- Installing: /home/tmdals010126/uros_ws/install/micro_ros_msgs/share/micro_ros_msgs/environment/ament_prefix_path.dsv
[6.067s] -- Installing: /home/tmdals010126/uros_ws/install/micro_ros_msgs/share/micro_ros_msgs/environment/path.sh
[6.067s] -- Installing: /home/tmdals010126/uros_ws/install/micro_ros_msgs/share/micro_ros_msgs/environment/path.dsv
[6.067s] -- Installing: /home/tmdals010126/uros_ws/install/micro_ros_msgs/share/micro_ros_msgs/local_setup.bash
[6.067s] -- Installing: /home/tmdals010126/uros_ws/install/micro_ros_msgs/share/micro_ros_msgs/local_setup.sh
[6.068s] -- Installing: /home/tmdals010126/uros_ws/install/micro_ros_msgs/share/micro_ros_msgs/local_setup.zsh
[6.068s] -- Installing: /home/tmdals010126/uros_ws/install/micro_ros_msgs/share/micro_ros_msgs/local_setup.dsv
[6.068s] -- Installing: /home/tmdals010126/uros_ws/install/micro_ros_msgs/share/micro_ros_msgs/package.dsv
[6.068s] -- Installing: /home/tmdals010126/uros_ws/install/micro_ros_msgs/share/ament_index/resource_index/packages/micro_ros_msgs
[6.068s] -- Installing: /home/tmdals010126/uros_ws/install/micro_ros_msgs/share/micro_ros_msgs/cmake/export_micro_ros_msgs__rosidl_generator_cExport.cmake
[6.068s] -- Installing: /home/tmdals010126/uros_ws/install/micro_ros_msgs/share/micro_ros_msgs/cmake/export_micro_ros_msgs__rosidl_generator_cExport-noconfig.cmake
[6.068s] -- Installing: /home/tmdals010126/uros_ws/install/micro_ros_msgs/share/micro_ros_msgs/cmake/micro_ros_msgs__rosidl_typesupport_introspection_cExport.cmake
[6.068s] -- Installing: /home/tmdals010126/uros_ws/install/micro_ros_msgs/share/micro_ros_msgs/cmake/micro_ros_msgs__rosidl_typesupport_introspection_cExport-noconfig.cmake
[6.068s] -- Installing: /home/tmdals010126/uros_ws/install/micro_ros_msgs/share/micro_ros_msgs/cmake/export_micro_ros_msgs__rosidl_typesupport_fastrtps_cExport.cmake
[6.068s] -- Installing: /home/tmdals010126/uros_ws/install/micro_ros_msgs/share/micro_ros_msgs/cmake/export_micro_ros_msgs__rosidl_typesupport_fastrtps_cExport-noconfig.cmake
[6.069s] -- Installing: /home/tmdals010126/uros_ws/install/micro_ros_msgs/share/micro_ros_msgs/cmake/micro_ros_msgs__rosidl_typesupport_cExport.cmake
[6.069s] -- Installing: /home/tmdals010126/uros_ws/install/micro_ros_msgs/share/micro_ros_msgs/cmake/micro_ros_msgs__rosidl_typesupport_cExport-noconfig.cmake
[6.069s] -- Installing: /home/tmdals010126/uros_ws/install/micro_ros_msgs/share/micro_ros_msgs/cmake/export_micro_ros_msgs__rosidl_generator_cppExport.cmake
[6.069s] -- Installing: /home/tmdals010126/uros_ws/install/micro_ros_msgs/share/micro_ros_msgs/cmake/micro_ros_msgs__rosidl_typesupport_introspection_cppExport.cmake
[6.069s] -- Installing: /home/tmdals010126/uros_ws/install/micro_ros_msgs/share/micro_ros_msgs/cmake/micro_ros_msgs__rosidl_typesupport_introspection_cppExport-noconfig.cmake
[6.069s] -- Installing: /home/tmdals010126/uros_ws/install/micro_ros_msgs/share/micro_ros_msgs/cmake/export_micro_ros_msgs__rosidl_typesupport_fastrtps_cppExport.cmake
[6.069s] -- Installing: /home/tmdals010126/uros_ws/install/micro_ros_msgs/share/micro_ros_msgs/cmake/export_micro_ros_msgs__rosidl_typesupport_fastrtps_cppExport-noconfig.cmake
[6.069s] -- Installing: /home/tmdals010126/uros_ws/install/micro_ros_msgs/share/micro_ros_msgs/cmake/micro_ros_msgs__rosidl_typesupport_cppExport.cmake
[6.069s] -- Installing: /home/tmdals010126/uros_ws/install/micro_ros_msgs/share/micro_ros_msgs/cmake/micro_ros_msgs__rosidl_typesupport_cppExport-noconfig.cmake
[6.069s] -- Installing: /home/tmdals010126/uros_ws/install/micro_ros_msgs/share/micro_ros_msgs/cmake/export_micro_ros_msgs__rosidl_generator_pyExport.cmake
[6.069s] -- Installing: /home/tmdals010126/uros_ws/install/micro_ros_msgs/share/micro_ros_msgs/cmake/export_micro_ros_msgs__rosidl_generator_pyExport-noconfig.cmake
[6.069s] -- Installing: /home/tmdals010126/uros_ws/install/micro_ros_msgs/share/micro_ros_msgs/cmake/rosidl_cmake-extras.cmake
[6.069s] -- Installing: /home/tmdals010126/uros_ws/install/micro_ros_msgs/share/micro_ros_msgs/cmake/ament_cmake_export_include_directories-extras.cmake
[6.069s] -- Installing: /home/tmdals010126/uros_ws/install/micro_ros_msgs/share/micro_ros_msgs/cmake/ament_cmake_export_libraries-extras.cmake
[6.069s] -- Installing: /home/tmdals010126/uros_ws/install/micro_ros_msgs/share/micro_ros_msgs/cmake/ament_cmake_export_targets-extras.cmake
[6.070s] -- Installing: /home/tmdals010126/uros_ws/install/micro_ros_msgs/share/micro_ros_msgs/cmake/rosidl_cmake_export_typesupport_targets-extras.cmake
[6.070s] -- Installing: /home/tmdals010126/uros_ws/install/micro_ros_msgs/share/micro_ros_msgs/cmake/ament_cmake_export_dependencies-extras.cmake
[6.070s] -- Installing: /home/tmdals010126/uros_ws/install/micro_ros_msgs/share/micro_ros_msgs/cmake/rosidl_cmake_export_typesupport_libraries-extras.cmake
[6.070s] -- Installing: /home/tmdals010126/uros_ws/install/micro_ros_msgs/share/micro_ros_msgs/cmake/micro_ros_msgsConfig.cmake
[6.070s] -- Installing: /home/tmdals010126/uros_ws/install/micro_ros_msgs/share/micro_ros_msgs/cmake/micro_ros_msgsConfig-version.cmake
[6.070s] -- Installing: /home/tmdals010126/uros_ws/install/micro_ros_msgs/share/micro_ros_msgs/package.xml
[6.072s] Invoked command in '/home/tmdals010126/uros_ws/build/micro_ros_msgs' returned '0': CMAKE_PREFIX_PATH=${CMAKE_PREFIX_PATH}:/home/tmdals010126/ros2_humble/install/rqt_bag_plugins:/home/tmdals010126/ros2_humble/install/rqt_bag:/home/tmdals010126/ros2_humble/install/launch_testing_examples:/home/tmdals010126/ros2_humble/install/ros2bag:/home/tmdals010126/ros2_humble/install/tracetools_test:/home/tmdals010126/ros2_humble/install/tracetools_launch:/home/tmdals010126/ros2_humble/install/topic_monitor:/home/tmdals010126/ros2_humble/install/tf2_tools:/home/tmdals010126/ros2_humble/install/examples_tf2_py:/home/tmdals010126/ros2_humble/install/tf2_ros_py:/home/tmdals010126/ros2_humble/install/sros2:/home/tmdals010126/ros2_humble/install/rqt_topic:/home/tmdals010126/ros2_humble/install/rqt_srv:/home/tmdals010126/ros2_humble/install/rqt_shell:/home/tmdals010126/ros2_humble/install/rqt_service_caller:/home/tmdals010126/ros2_humble/install/rqt_reconfigure:/home/tmdals010126/ros2_humble/install/rqt_py_console:/home/tmdals010126/ros2_humble/install/rqt_publisher:/home/tmdals010126/ros2_humble/install/rqt_plot:/home/tmdals010126/ros2_humble/install/rqt_action:/home/tmdals010126/ros2_humble/install/rqt_msg:/home/tmdals010126/ros2_humble/install/rqt_console:/home/tmdals010126/ros2_humble/install/rqt:/home/tmdals010126/ros2_humble/install/rqt_graph:/home/tmdals010126/ros2_humble/install/rqt_gui_py:/home/tmdals010126/ros2_humble/install/rqt_gui:/home/tmdals010126/ros2_humble/install/ros2trace:/home/tmdals010126/ros2_humble/install/ros2topic:/home/tmdals010126/ros2_humble/install/ros2test:/home/tmdals010126/ros2_humble/install/ros2component:/home/tmdals010126/ros2_humble/install/ros2param:/home/tmdals010126/ros2_humble/install/ros2lifecycle:/home/tmdals010126/ros2_humble/install/ros2service:/home/tmdals010126/ros2_humble/install/ros2run:/home/tmdals010126/ros2_humble/install/ros2launch:/home/tmdals010126/ros2_humble/install/ros2pkg:/home/tmdals010126/ros2_humble/install/ros2node:/home/tmdals010126/ros2_humble/install/ros2multicast:/home/tmdals010126/ros2_humble/install/ros2interface:/home/tmdals010126/ros2_humble/install/ros2doctor:/home/tmdals010126/ros2_humble/install/ros2action:/home/tmdals010126/ros2_humble/install/ros2cli:/home/tmdals010126/ros2_humble/install/quality_of_service_demo_py:/home/tmdals010126/ros2_humble/install/lifecycle_py:/home/tmdals010126/ros2_humble/install/launch_testing_ros:/home/tmdals010126/ros2_humble/install/launch_ros:/home/tmdals010126/ros2_humble/install/examples_rclpy_pointcloud_publisher:/home/tmdals010126/ros2_humble/install/examples_rclpy_minimal_subscriber:/home/tmdals010126/ros2_humble/install/examples_rclpy_minimal_service:/home/tmdals010126/ros2_humble/install/examples_rclpy_minimal_publisher:/home/tmdals010126/ros2_humble/install/examples_rclpy_minimal_client:/home/tmdals010126/ros2_humble/install/examples_rclpy_minimal_action_server:/home/tmdals010126/ros2_humble/install/examples_rclpy_minimal_action_client:/home/tmdals010126/ros2_humble/install/examples_rclpy_guard_conditions:/home/tmdals010126/ros2_humble/install/examples_rclpy_executors:/home/tmdals010126/ros2_humble/install/demo_nodes_py:/home/tmdals010126/ros2_humble/install/camera_info_manager_py:/home/tmdals010126/ros2_humble/install/action_tutorials_py:/home/tmdals010126/ros2_humble/install/ament_uncrustify:/home/tmdals010126/ros2_humble/install/tracetools_trace:/home/tmdals010126/ros2_humble/install/tracetools_read:/home/tmdals010126/ros2_humble/install/test_tracetools_launch:/home/tmdals010126/ros2_humble/install/test_launch_ros:/home/tmdals010126/ros2_humble/install/sensor_msgs_py:/home/tmdals010126/ros2_humble/install/rpyutils:/home/tmdals010126/ros2_humble/install/rosidl_runtime_py:/home/tmdals010126/ros2_humble/install/rosidl_cli:/home/tmdals010126/ros2_humble/install/launch_pytest:/home/tmdals010126/ros2_humble/install/launch_testing:/home/tmdals010126/ros2_humble/install/launch_yaml:/home/tmdals010126/ros2_humble/install/launch_xml:/home/tmdals010126/ros2_humble/install/launch:/home/tmdals010126/ros2_humble/install/osrf_pycommon:/home/tmdals010126/ros2_humble/install/domain_coordinator:/home/tmdals010126/ros2_humble/install/ament_xmllint:/home/tmdals010126/ros2_humble/install/ament_pyflakes:/home/tmdals010126/ros2_humble/install/ament_pycodestyle:/home/tmdals010126/ros2_humble/install/ament_pep257:/home/tmdals010126/ros2_humble/install/ament_pclint:/home/tmdals010126/ros2_humble/install/ament_package:/home/tmdals010126/ros2_humble/install/ament_mypy:/home/tmdals010126/ros2_humble/install/ament_lint_cmake:/home/tmdals010126/ros2_humble/install/ament_flake8:/home/tmdals010126/ros2_humble/install/ament_copyright:/home/tmdals010126/ros2_humble/install/ament_lint:/home/tmdals010126/ros2_humble/install/ament_index_python:/home/tmdals010126/ros2_humble/install/ament_cpplint:/home/tmdals010126/ros2_humble/install/ament_cppcheck:/home/tmdals010126/ros2_humble/install/ament_clang_tidy:/home/tmdals010126/ros2_humble/install/ament_clang_format /usr/local/bin/cmake --install /home/tmdals010126/uros_ws/build/micro_ros_msgs
