[0.022s] Invoking command in '/home/tmdals010126/zephyrproject/zephyr/micro_ros_tfm_base/modules/libmicroros/micro_ros_src/build/rcutils': CMAKE_PREFIX_PATH=${CMAKE_PREFIX_PATH}:/home/tmdals010126/zephyrproject/zephyr/micro_ros_tfm_base/modules/libmicroros/micro_ros_dev/install/domain_coordinator:/home/tmdals010126/zephyrproject/zephyr/micro_ros_tfm_base/modules/libmicroros/micro_ros_dev/install/ament_xmllint:/home/tmdals010126/zephyrproject/zephyr/micro_ros_tfm_base/modules/libmicroros/micro_ros_dev/install/ament_uncrustify:/home/tmdals010126/zephyrproject/zephyr/micro_ros_tfm_base/modules/libmicroros/micro_ros_dev/install/ament_pyflakes:/home/tmdals010126/zephyrproject/zephyr/micro_ros_tfm_base/modules/libmicroros/micro_ros_dev/install/ament_pycodestyle:/home/tmdals010126/zephyrproject/zephyr/micro_ros_tfm_base/modules/libmicroros/micro_ros_dev/install/ament_pep257:/home/tmdals010126/zephyrproject/zephyr/micro_ros_tfm_base/modules/libmicroros/micro_ros_dev/install/ament_pclint:/home/tmdals010126/zephyrproject/zephyr/micro_ros_tfm_base/modules/libmicroros/micro_ros_dev/install/ament_package:/home/tmdals010126/zephyrproject/zephyr/micro_ros_tfm_base/modules/libmicroros/micro_ros_dev/install/ament_mypy:/home/tmdals010126/zephyrproject/zephyr/micro_ros_tfm_base/modules/libmicroros/micro_ros_dev/install/ament_lint_cmake:/home/tmdals010126/zephyrproject/zephyr/micro_ros_tfm_base/modules/libmicroros/micro_ros_dev/install/ament_flake8:/home/tmdals010126/zephyrproject/zephyr/micro_ros_tfm_base/modules/libmicroros/micro_ros_dev/install/ament_copyright:/home/tmdals010126/zephyrproject/zephyr/micro_ros_tfm_base/modules/libmicroros/micro_ros_dev/install/ament_lint:/home/tmdals010126/zephyrproject/zephyr/micro_ros_tfm_base/modules/libmicroros/micro_ros_dev/install/ament_index_python:/home/tmdals010126/zephyrproject/zephyr/micro_ros_tfm_base/modules/libmicroros/micro_ros_dev/install/ament_cpplint:/home/tmdals010126/zephyrproject/zephyr/micro_ros_tfm_base/modules/libmicroros/micro_ros_dev/install/ament_cppcheck:/home/tmdals010126/zephyrproject/zephyr/micro_ros_tfm_base/modules/libmicroros/micro_ros_dev/install/ament_clang_tidy:/home/tmdals010126/zephyrproject/zephyr/micro_ros_tfm_base/modules/libmicroros/micro_ros_dev/install/ament_clang_format /usr/local/bin/cmake --build /home/tmdals010126/zephyrproject/zephyr/micro_ros_tfm_base/modules/libmicroros/micro_ros_src/build/rcutils -- -j28 -l28
[0.295s] gmake[1]: Entering directory '/home/tmdals010126/zephyrproject/zephyr/micro_ros_tfm_base/modules/libmicroros/micro_ros_src/build/rcutils'
[0.295s] -- Found ament_cmake_python: 1.3.12 (/home/tmdals010126/zephyrproject/zephyr/micro_ros_tfm_base/modules/libmicroros/micro_ros_dev/install/ament_cmake_python/share/ament_cmake_python/cmake)
[0.295s] -- Found ament_cmake_ros: 0.10.0 (/home/tmdals010126/zephyrproject/zephyr/micro_ros_tfm_base/modules/libmicroros/micro_ros_dev/install/ament_cmake_ros/share/ament_cmake_ros/cmake)
[0.295s] -- Configuring done (0.2s)
[0.296s] -- Generating done (0.0s)
[0.296s] -- Build files have been written to: /home/tmdals010126/zephyrproject/zephyr/micro_ros_tfm_base/modules/libmicroros/micro_ros_src/build/rcutils
[0.296s] gmake[2]: Entering directory '/home/tmdals010126/zephyrproject/zephyr/micro_ros_tfm_base/modules/libmicroros/micro_ros_src/build/rcutils'
[0.296s] gmake[3]: Entering directory '/home/tmdals010126/zephyrproject/zephyr/micro_ros_tfm_base/modules/libmicroros/micro_ros_src/build/rcutils'
[0.296s] gmake[3]: Entering directory '/home/tmdals010126/zephyrproject/zephyr/micro_ros_tfm_base/modules/libmicroros/micro_ros_src/build/rcutils'
[0.296s] gmake[3]: Leaving directory '/home/tmdals010126/zephyrproject/zephyr/micro_ros_tfm_base/modules/libmicroros/micro_ros_src/build/rcutils'
[0.296s] gmake[3]: Entering directory '/home/tmdals010126/zephyrproject/zephyr/micro_ros_tfm_base/modules/libmicroros/micro_ros_src/build/rcutils'
[0.296s] gmake[3]: Leaving directory '/home/tmdals010126/zephyrproject/zephyr/micro_ros_tfm_base/modules/libmicroros/micro_ros_src/build/rcutils'
[0.296s] [  0%] Built target ament_cmake_python_copy_rcutils
[0.296s] gmake[3]: Entering directory '/home/tmdals010126/zephyrproject/zephyr/micro_ros_tfm_base/modules/libmicroros/micro_ros_src/build/rcutils'
[0.296s] gmake[3]: Leaving directory '/home/tmdals010126/zephyrproject/zephyr/micro_ros_tfm_base/modules/libmicroros/micro_ros_src/build/rcutils'
[0.296s] gmake[3]: Entering directory '/home/tmdals010126/zephyrproject/zephyr/micro_ros_tfm_base/modules/libmicroros/micro_ros_src/build/rcutils'
[0.296s] gmake[3]: Leaving directory '/home/tmdals010126/zephyrproject/zephyr/micro_ros_tfm_base/modules/libmicroros/micro_ros_src/build/rcutils'
[0.296s] [100%] Built target rcutils
[0.373s] running egg_info
[0.373s] writing rcutils.egg-info/PKG-INFO
[0.373s] writing dependency_links to rcutils.egg-info/dependency_links.txt
[0.373s] writing top-level names to rcutils.egg-info/top_level.txt
[1.824s] reading manifest file 'rcutils.egg-info/SOURCES.txt'
[1.824s] writing manifest file 'rcutils.egg-info/SOURCES.txt'
[1.835s] gmake[3]: Leaving directory '/home/tmdals010126/zephyrproject/zephyr/micro_ros_tfm_base/modules/libmicroros/micro_ros_src/build/rcutils'
[1.836s] [100%] Built target ament_cmake_python_build_rcutils_egg
[1.836s] gmake[2]: Leaving directory '/home/tmdals010126/zephyrproject/zephyr/micro_ros_tfm_base/modules/libmicroros/micro_ros_src/build/rcutils'
[1.838s] gmake[1]: Leaving directory '/home/tmdals010126/zephyrproject/zephyr/micro_ros_tfm_base/modules/libmicroros/micro_ros_src/build/rcutils'
[1.838s] Invoked command in '/home/tmdals010126/zephyrproject/zephyr/micro_ros_tfm_base/modules/libmicroros/micro_ros_src/build/rcutils' returned '0': CMAKE_PREFIX_PATH=${CMAKE_PREFIX_PATH}:/home/tmdals010126/zephyrproject/zephyr/micro_ros_tfm_base/modules/libmicroros/micro_ros_dev/install/domain_coordinator:/home/tmdals010126/zephyrproject/zephyr/micro_ros_tfm_base/modules/libmicroros/micro_ros_dev/install/ament_xmllint:/home/tmdals010126/zephyrproject/zephyr/micro_ros_tfm_base/modules/libmicroros/micro_ros_dev/install/ament_uncrustify:/home/tmdals010126/zephyrproject/zephyr/micro_ros_tfm_base/modules/libmicroros/micro_ros_dev/install/ament_pyflakes:/home/tmdals010126/zephyrproject/zephyr/micro_ros_tfm_base/modules/libmicroros/micro_ros_dev/install/ament_pycodestyle:/home/tmdals010126/zephyrproject/zephyr/micro_ros_tfm_base/modules/libmicroros/micro_ros_dev/install/ament_pep257:/home/tmdals010126/zephyrproject/zephyr/micro_ros_tfm_base/modules/libmicroros/micro_ros_dev/install/ament_pclint:/home/tmdals010126/zephyrproject/zephyr/micro_ros_tfm_base/modules/libmicroros/micro_ros_dev/install/ament_package:/home/tmdals010126/zephyrproject/zephyr/micro_ros_tfm_base/modules/libmicroros/micro_ros_dev/install/ament_mypy:/home/tmdals010126/zephyrproject/zephyr/micro_ros_tfm_base/modules/libmicroros/micro_ros_dev/install/ament_lint_cmake:/home/tmdals010126/zephyrproject/zephyr/micro_ros_tfm_base/modules/libmicroros/micro_ros_dev/install/ament_flake8:/home/tmdals010126/zephyrproject/zephyr/micro_ros_tfm_base/modules/libmicroros/micro_ros_dev/install/ament_copyright:/home/tmdals010126/zephyrproject/zephyr/micro_ros_tfm_base/modules/libmicroros/micro_ros_dev/install/ament_lint:/home/tmdals010126/zephyrproject/zephyr/micro_ros_tfm_base/modules/libmicroros/micro_ros_dev/install/ament_index_python:/home/tmdals010126/zephyrproject/zephyr/micro_ros_tfm_base/modules/libmicroros/micro_ros_dev/install/ament_cpplint:/home/tmdals010126/zephyrproject/zephyr/micro_ros_tfm_base/modules/libmicroros/micro_ros_dev/install/ament_cppcheck:/home/tmdals010126/zephyrproject/zephyr/micro_ros_tfm_base/modules/libmicroros/micro_ros_dev/install/ament_clang_tidy:/home/tmdals010126/zephyrproject/zephyr/micro_ros_tfm_base/modules/libmicroros/micro_ros_dev/install/ament_clang_format /usr/local/bin/cmake --build /home/tmdals010126/zephyrproject/zephyr/micro_ros_tfm_base/modules/libmicroros/micro_ros_src/build/rcutils -- -j28 -l28
[1.839s] Invoking command in '/home/tmdals010126/zephyrproject/zephyr/micro_ros_tfm_base/modules/libmicroros/micro_ros_src/build/rcutils': CMAKE_PREFIX_PATH=${CMAKE_PREFIX_PATH}:/home/tmdals010126/zephyrproject/zephyr/micro_ros_tfm_base/modules/libmicroros/micro_ros_dev/install/domain_coordinator:/home/tmdals010126/zephyrproject/zephyr/micro_ros_tfm_base/modules/libmicroros/micro_ros_dev/install/ament_xmllint:/home/tmdals010126/zephyrproject/zephyr/micro_ros_tfm_base/modules/libmicroros/micro_ros_dev/install/ament_uncrustify:/home/tmdals010126/zephyrproject/zephyr/micro_ros_tfm_base/modules/libmicroros/micro_ros_dev/install/ament_pyflakes:/home/tmdals010126/zephyrproject/zephyr/micro_ros_tfm_base/modules/libmicroros/micro_ros_dev/install/ament_pycodestyle:/home/tmdals010126/zephyrproject/zephyr/micro_ros_tfm_base/modules/libmicroros/micro_ros_dev/install/ament_pep257:/home/tmdals010126/zephyrproject/zephyr/micro_ros_tfm_base/modules/libmicroros/micro_ros_dev/install/ament_pclint:/home/tmdals010126/zephyrproject/zephyr/micro_ros_tfm_base/modules/libmicroros/micro_ros_dev/install/ament_package:/home/tmdals010126/zephyrproject/zephyr/micro_ros_tfm_base/modules/libmicroros/micro_ros_dev/install/ament_mypy:/home/tmdals010126/zephyrproject/zephyr/micro_ros_tfm_base/modules/libmicroros/micro_ros_dev/install/ament_lint_cmake:/home/tmdals010126/zephyrproject/zephyr/micro_ros_tfm_base/modules/libmicroros/micro_ros_dev/install/ament_flake8:/home/tmdals010126/zephyrproject/zephyr/micro_ros_tfm_base/modules/libmicroros/micro_ros_dev/install/ament_copyright:/home/tmdals010126/zephyrproject/zephyr/micro_ros_tfm_base/modules/libmicroros/micro_ros_dev/install/ament_lint:/home/tmdals010126/zephyrproject/zephyr/micro_ros_tfm_base/modules/libmicroros/micro_ros_dev/install/ament_index_python:/home/tmdals010126/zephyrproject/zephyr/micro_ros_tfm_base/modules/libmicroros/micro_ros_dev/install/ament_cpplint:/home/tmdals010126/zephyrproject/zephyr/micro_ros_tfm_base/modules/libmicroros/micro_ros_dev/install/ament_cppcheck:/home/tmdals010126/zephyrproject/zephyr/micro_ros_tfm_base/modules/libmicroros/micro_ros_dev/install/ament_clang_tidy:/home/tmdals010126/zephyrproject/zephyr/micro_ros_tfm_base/modules/libmicroros/micro_ros_dev/install/ament_clang_format /usr/local/bin/cmake --install /home/tmdals010126/zephyrproject/zephyr/micro_ros_tfm_base/modules/libmicroros/micro_ros_src/build/rcutils
[1.840s] -- Install configuration: "Release"
[1.840s] -- Up-to-date: /home/tmdals010126/zephyrproject/zephyr/micro_ros_tfm_base/modules/libmicroros/micro_ros_src/install/share/rcutils/environment/pythonpath.sh
[1.840s] -- Installing: /home/tmdals010126/zephyrproject/zephyr/micro_ros_tfm_base/modules/libmicroros/micro_ros_src/install/share/rcutils/environment/pythonpath.dsv
[1.840s] -- Up-to-date: /home/tmdals010126/zephyrproject/zephyr/micro_ros_tfm_base/modules/libmicroros/micro_ros_src/install/lib/python3.10/site-packages/rcutils-5.1.7-py3.10.egg-info
[1.840s] -- Installing: /home/tmdals010126/zephyrproject/zephyr/micro_ros_tfm_base/modules/libmicroros/micro_ros_src/install/lib/python3.10/site-packages/rcutils-5.1.7-py3.10.egg-info/SOURCES.txt
[1.841s] -- Installing: /home/tmdals010126/zephyrproject/zephyr/micro_ros_tfm_base/modules/libmicroros/micro_ros_src/install/lib/python3.10/site-packages/rcutils-5.1.7-py3.10.egg-info/dependency_links.txt
[1.841s] -- Installing: /home/tmdals010126/zephyrproject/zephyr/micro_ros_tfm_base/modules/libmicroros/micro_ros_src/install/lib/python3.10/site-packages/rcutils-5.1.7-py3.10.egg-info/PKG-INFO
[1.841s] -- Installing: /home/tmdals010126/zephyrproject/zephyr/micro_ros_tfm_base/modules/libmicroros/micro_ros_src/install/lib/python3.10/site-packages/rcutils-5.1.7-py3.10.egg-info/top_level.txt
[1.841s] -- Up-to-date: /home/tmdals010126/zephyrproject/zephyr/micro_ros_tfm_base/modules/libmicroros/micro_ros_src/install/lib/python3.10/site-packages/rcutils
[1.841s] -- Up-to-date: /home/tmdals010126/zephyrproject/zephyr/micro_ros_tfm_base/modules/libmicroros/micro_ros_src/install/lib/python3.10/site-packages/rcutils/__init__.py
[1.841s] -- Up-to-date: /home/tmdals010126/zephyrproject/zephyr/micro_ros_tfm_base/modules/libmicroros/micro_ros_src/install/lib/python3.10/site-packages/rcutils/logging.py
[1.858s] Listing '/home/tmdals010126/zephyrproject/zephyr/micro_ros_tfm_base/modules/libmicroros/micro_ros_src/install/lib/python3.10/site-packages/rcutils'...
[1.860s] -- Up-to-date: /home/tmdals010126/zephyrproject/zephyr/micro_ros_tfm_base/modules/libmicroros/micro_ros_src/install/lib/librcutils.a
[1.860s] -- Up-to-date: /home/tmdals010126/zephyrproject/zephyr/micro_ros_tfm_base/modules/libmicroros/micro_ros_src/install/share/ament_index/resource_index/package_run_dependencies/rcutils
[1.860s] -- Up-to-date: /home/tmdals010126/zephyrproject/zephyr/micro_ros_tfm_base/modules/libmicroros/micro_ros_src/install/share/ament_index/resource_index/parent_prefix_path/rcutils
[1.860s] -- Up-to-date: /home/tmdals010126/zephyrproject/zephyr/micro_ros_tfm_base/modules/libmicroros/micro_ros_src/install/share/rcutils/environment/ament_prefix_path.sh
[1.861s] -- Installing: /home/tmdals010126/zephyrproject/zephyr/micro_ros_tfm_base/modules/libmicroros/micro_ros_src/install/share/rcutils/environment/ament_prefix_path.dsv
[1.861s] -- Up-to-date: /home/tmdals010126/zephyrproject/zephyr/micro_ros_tfm_base/modules/libmicroros/micro_ros_src/install/share/rcutils/environment/path.sh
[1.861s] -- Installing: /home/tmdals010126/zephyrproject/zephyr/micro_ros_tfm_base/modules/libmicroros/micro_ros_src/install/share/rcutils/environment/path.dsv
[1.861s] -- Up-to-date: /home/tmdals010126/zephyrproject/zephyr/micro_ros_tfm_base/modules/libmicroros/micro_ros_src/install/share/rcutils/local_setup.bash
[1.861s] -- Up-to-date: /home/tmdals010126/zephyrproject/zephyr/micro_ros_tfm_base/modules/libmicroros/micro_ros_src/install/share/rcutils/local_setup.sh
[1.861s] -- Up-to-date: /home/tmdals010126/zephyrproject/zephyr/micro_ros_tfm_base/modules/libmicroros/micro_ros_src/install/share/rcutils/local_setup.zsh
[1.861s] -- Installing: /home/tmdals010126/zephyrproject/zephyr/micro_ros_tfm_base/modules/libmicroros/micro_ros_src/install/share/rcutils/local_setup.dsv
[1.861s] -- Installing: /home/tmdals010126/zephyrproject/zephyr/micro_ros_tfm_base/modules/libmicroros/micro_ros_src/install/share/rcutils/package.dsv
[1.861s] -- Up-to-date: /home/tmdals010126/zephyrproject/zephyr/micro_ros_tfm_base/modules/libmicroros/micro_ros_src/install/share/ament_index/resource_index/packages/rcutils
[1.861s] -- Up-to-date: /home/tmdals010126/zephyrproject/zephyr/micro_ros_tfm_base/modules/libmicroros/micro_ros_src/install/share/rcutils/cmake/rcutilsExport.cmake
[1.861s] -- Up-to-date: /home/tmdals010126/zephyrproject/zephyr/micro_ros_tfm_base/modules/libmicroros/micro_ros_src/install/share/rcutils/cmake/rcutilsExport-release.cmake
[1.861s] -- Up-to-date: /home/tmdals010126/zephyrproject/zephyr/micro_ros_tfm_base/modules/libmicroros/micro_ros_src/install/share/rcutils/cmake/ament_cmake_export_include_directories-extras.cmake
[1.861s] -- Up-to-date: /home/tmdals010126/zephyrproject/zephyr/micro_ros_tfm_base/modules/libmicroros/micro_ros_src/install/share/rcutils/cmake/ament_cmake_export_targets-extras.cmake
[1.861s] -- Up-to-date: /home/tmdals010126/zephyrproject/zephyr/micro_ros_tfm_base/modules/libmicroros/micro_ros_src/install/share/rcutils/cmake/ament_cmake_export_dependencies-extras.cmake
[1.861s] -- Up-to-date: /home/tmdals010126/zephyrproject/zephyr/micro_ros_tfm_base/modules/libmicroros/micro_ros_src/install/share/rcutils/cmake/rcutilsConfig.cmake
[1.861s] -- Up-to-date: /home/tmdals010126/zephyrproject/zephyr/micro_ros_tfm_base/modules/libmicroros/micro_ros_src/install/share/rcutils/cmake/rcutilsConfig-version.cmake
[1.861s] -- Up-to-date: /home/tmdals010126/zephyrproject/zephyr/micro_ros_tfm_base/modules/libmicroros/micro_ros_src/install/share/rcutils/package.xml
[1.862s] -- Up-to-date: /home/tmdals010126/zephyrproject/zephyr/micro_ros_tfm_base/modules/libmicroros/micro_ros_src/install/include/rcutils
[1.862s] -- Up-to-date: /home/tmdals010126/zephyrproject/zephyr/micro_ros_tfm_base/modules/libmicroros/micro_ros_src/install/include/rcutils/rcutils
[1.862s] -- Up-to-date: /home/tmdals010126/zephyrproject/zephyr/micro_ros_tfm_base/modules/libmicroros/micro_ros_src/install/include/rcutils/rcutils/strdup.h
[1.862s] -- Up-to-date: /home/tmdals010126/zephyrproject/zephyr/micro_ros_tfm_base/modules/libmicroros/micro_ros_src/install/include/rcutils/rcutils/split.h
[1.862s] -- Up-to-date: /home/tmdals010126/zephyrproject/zephyr/micro_ros_tfm_base/modules/libmicroros/micro_ros_src/install/include/rcutils/rcutils/error_handling.h
[1.862s] -- Up-to-date: /home/tmdals010126/zephyrproject/zephyr/micro_ros_tfm_base/modules/libmicroros/micro_ros_src/install/include/rcutils/rcutils/allocator.h
[1.862s] -- Up-to-date: /home/tmdals010126/zephyrproject/zephyr/micro_ros_tfm_base/modules/libmicroros/micro_ros_src/install/include/rcutils/rcutils/configuration_flags.h.in
[1.862s] -- Up-to-date: /home/tmdals010126/zephyrproject/zephyr/micro_ros_tfm_base/modules/libmicroros/micro_ros_src/install/include/rcutils/rcutils/format_string.h
[1.862s] -- Up-to-date: /home/tmdals010126/zephyrproject/zephyr/micro_ros_tfm_base/modules/libmicroros/micro_ros_src/install/include/rcutils/rcutils/isalnum_no_locale.h
[1.862s] -- Up-to-date: /home/tmdals010126/zephyrproject/zephyr/micro_ros_tfm_base/modules/libmicroros/micro_ros_src/install/include/rcutils/rcutils/macros.h
[1.862s] -- Up-to-date: /home/tmdals010126/zephyrproject/zephyr/micro_ros_tfm_base/modules/libmicroros/micro_ros_src/install/include/rcutils/rcutils/strcasecmp.h
[1.862s] -- Up-to-date: /home/tmdals010126/zephyrproject/zephyr/micro_ros_tfm_base/modules/libmicroros/micro_ros_src/install/include/rcutils/rcutils/strerror.h
[1.862s] -- Up-to-date: /home/tmdals010126/zephyrproject/zephyr/micro_ros_tfm_base/modules/libmicroros/micro_ros_src/install/include/rcutils/rcutils/shared_library.h
[1.862s] -- Up-to-date: /home/tmdals010126/zephyrproject/zephyr/micro_ros_tfm_base/modules/libmicroros/micro_ros_src/install/include/rcutils/rcutils/visibility_control_macros.h
[1.862s] -- Up-to-date: /home/tmdals010126/zephyrproject/zephyr/micro_ros_tfm_base/modules/libmicroros/micro_ros_src/install/include/rcutils/rcutils/security_directory.h
[1.862s] -- Up-to-date: /home/tmdals010126/zephyrproject/zephyr/micro_ros_tfm_base/modules/libmicroros/micro_ros_src/install/include/rcutils/rcutils/qsort.h
[1.862s] -- Up-to-date: /home/tmdals010126/zephyrproject/zephyr/micro_ros_tfm_base/modules/libmicroros/micro_ros_src/install/include/rcutils/rcutils/visibility_control.h
[1.862s] -- Up-to-date: /home/tmdals010126/zephyrproject/zephyr/micro_ros_tfm_base/modules/libmicroros/micro_ros_src/install/include/rcutils/rcutils/stdatomic_helper
[1.862s] -- Up-to-date: /home/tmdals010126/zephyrproject/zephyr/micro_ros_tfm_base/modules/libmicroros/micro_ros_src/install/include/rcutils/rcutils/stdatomic_helper/win32
[1.862s] -- Up-to-date: /home/tmdals010126/zephyrproject/zephyr/micro_ros_tfm_base/modules/libmicroros/micro_ros_src/install/include/rcutils/rcutils/stdatomic_helper/win32/stdatomic.h
[1.862s] -- Up-to-date: /home/tmdals010126/zephyrproject/zephyr/micro_ros_tfm_base/modules/libmicroros/micro_ros_src/install/include/rcutils/rcutils/stdatomic_helper/gcc
[1.862s] -- Up-to-date: /home/tmdals010126/zephyrproject/zephyr/micro_ros_tfm_base/modules/libmicroros/micro_ros_src/install/include/rcutils/rcutils/stdatomic_helper/gcc/stdatomic.h
[1.863s] -- Up-to-date: /home/tmdals010126/zephyrproject/zephyr/micro_ros_tfm_base/modules/libmicroros/micro_ros_src/install/include/rcutils/rcutils/logging.h
[1.863s] -- Up-to-date: /home/tmdals010126/zephyrproject/zephyr/micro_ros_tfm_base/modules/libmicroros/micro_ros_src/install/include/rcutils/rcutils/find.h
[1.863s] -- Up-to-date: /home/tmdals010126/zephyrproject/zephyr/micro_ros_tfm_base/modules/libmicroros/micro_ros_src/install/include/rcutils/rcutils/cmdline_parser.h
[1.863s] -- Up-to-date: /home/tmdals010126/zephyrproject/zephyr/micro_ros_tfm_base/modules/libmicroros/micro_ros_src/install/include/rcutils/rcutils/snprintf.h
[1.863s] -- Up-to-date: /home/tmdals010126/zephyrproject/zephyr/micro_ros_tfm_base/modules/libmicroros/micro_ros_src/install/include/rcutils/rcutils/process.h
[1.863s] -- Up-to-date: /home/tmdals010126/zephyrproject/zephyr/micro_ros_tfm_base/modules/libmicroros/micro_ros_src/install/include/rcutils/rcutils/repl_str.h
[1.863s] -- Up-to-date: /home/tmdals010126/zephyrproject/zephyr/micro_ros_tfm_base/modules/libmicroros/micro_ros_src/install/include/rcutils/rcutils/time.h
[1.863s] -- Up-to-date: /home/tmdals010126/zephyrproject/zephyr/micro_ros_tfm_base/modules/libmicroros/micro_ros_src/install/include/rcutils/rcutils/get_env.h
[1.864s] -- Up-to-date: /home/tmdals010126/zephyrproject/zephyr/micro_ros_tfm_base/modules/libmicroros/micro_ros_src/install/include/rcutils/rcutils/testing
[1.864s] -- Up-to-date: /home/tmdals010126/zephyrproject/zephyr/micro_ros_tfm_base/modules/libmicroros/micro_ros_src/install/include/rcutils/rcutils/testing/fault_injection.h
[1.864s] -- Up-to-date: /home/tmdals010126/zephyrproject/zephyr/micro_ros_tfm_base/modules/libmicroros/micro_ros_src/install/include/rcutils/rcutils/stdatomic_helper.h
[1.864s] -- Up-to-date: /home/tmdals010126/zephyrproject/zephyr/micro_ros_tfm_base/modules/libmicroros/micro_ros_src/install/include/rcutils/rcutils/env.h
[1.864s] -- Up-to-date: /home/tmdals010126/zephyrproject/zephyr/micro_ros_tfm_base/modules/libmicroros/micro_ros_src/install/include/rcutils/rcutils/types
[1.864s] -- Up-to-date: /home/tmdals010126/zephyrproject/zephyr/micro_ros_tfm_base/modules/libmicroros/micro_ros_src/install/include/rcutils/rcutils/types/hash_map.h
[1.864s] -- Up-to-date: /home/tmdals010126/zephyrproject/zephyr/micro_ros_tfm_base/modules/libmicroros/micro_ros_src/install/include/rcutils/rcutils/types/rcutils_ret.h
[1.864s] -- Up-to-date: /home/tmdals010126/zephyrproject/zephyr/micro_ros_tfm_base/modules/libmicroros/micro_ros_src/install/include/rcutils/rcutils/types/array_list.h
[1.864s] -- Up-to-date: /home/tmdals010126/zephyrproject/zephyr/micro_ros_tfm_base/modules/libmicroros/micro_ros_src/install/include/rcutils/rcutils/types/string_map.h
[1.864s] -- Up-to-date: /home/tmdals010126/zephyrproject/zephyr/micro_ros_tfm_base/modules/libmicroros/micro_ros_src/install/include/rcutils/rcutils/types/char_array.h
[1.864s] -- Up-to-date: /home/tmdals010126/zephyrproject/zephyr/micro_ros_tfm_base/modules/libmicroros/micro_ros_src/install/include/rcutils/rcutils/types/uint8_array.h
[1.864s] -- Up-to-date: /home/tmdals010126/zephyrproject/zephyr/micro_ros_tfm_base/modules/libmicroros/micro_ros_src/install/include/rcutils/rcutils/types/string_array.h
[1.864s] -- Up-to-date: /home/tmdals010126/zephyrproject/zephyr/micro_ros_tfm_base/modules/libmicroros/micro_ros_src/install/include/rcutils/rcutils/types.h
[1.864s] -- Up-to-date: /home/tmdals010126/zephyrproject/zephyr/micro_ros_tfm_base/modules/libmicroros/micro_ros_src/install/include/rcutils/rcutils/filesystem.h
[1.864s] -- Up-to-date: /home/tmdals010126/zephyrproject/zephyr/micro_ros_tfm_base/modules/libmicroros/micro_ros_src/install/include/rcutils
[1.864s] -- Up-to-date: /home/tmdals010126/zephyrproject/zephyr/micro_ros_tfm_base/modules/libmicroros/micro_ros_src/install/include/rcutils/rcutils
[1.864s] -- Up-to-date: /home/tmdals010126/zephyrproject/zephyr/micro_ros_tfm_base/modules/libmicroros/micro_ros_src/install/include/rcutils/rcutils/logging_macros.h
[1.864s] -- Up-to-date: /home/tmdals010126/zephyrproject/zephyr/micro_ros_tfm_base/modules/libmicroros/micro_ros_src/install/include/rcutils/rcutils/configuration_flags.h
[1.864s] Invoked command in '/home/tmdals010126/zephyrproject/zephyr/micro_ros_tfm_base/modules/libmicroros/micro_ros_src/build/rcutils' returned '0': CMAKE_PREFIX_PATH=${CMAKE_PREFIX_PATH}:/home/tmdals010126/zephyrproject/zephyr/micro_ros_tfm_base/modules/libmicroros/micro_ros_dev/install/domain_coordinator:/home/tmdals010126/zephyrproject/zephyr/micro_ros_tfm_base/modules/libmicroros/micro_ros_dev/install/ament_xmllint:/home/tmdals010126/zephyrproject/zephyr/micro_ros_tfm_base/modules/libmicroros/micro_ros_dev/install/ament_uncrustify:/home/tmdals010126/zephyrproject/zephyr/micro_ros_tfm_base/modules/libmicroros/micro_ros_dev/install/ament_pyflakes:/home/tmdals010126/zephyrproject/zephyr/micro_ros_tfm_base/modules/libmicroros/micro_ros_dev/install/ament_pycodestyle:/home/tmdals010126/zephyrproject/zephyr/micro_ros_tfm_base/modules/libmicroros/micro_ros_dev/install/ament_pep257:/home/tmdals010126/zephyrproject/zephyr/micro_ros_tfm_base/modules/libmicroros/micro_ros_dev/install/ament_pclint:/home/tmdals010126/zephyrproject/zephyr/micro_ros_tfm_base/modules/libmicroros/micro_ros_dev/install/ament_package:/home/tmdals010126/zephyrproject/zephyr/micro_ros_tfm_base/modules/libmicroros/micro_ros_dev/install/ament_mypy:/home/tmdals010126/zephyrproject/zephyr/micro_ros_tfm_base/modules/libmicroros/micro_ros_dev/install/ament_lint_cmake:/home/tmdals010126/zephyrproject/zephyr/micro_ros_tfm_base/modules/libmicroros/micro_ros_dev/install/ament_flake8:/home/tmdals010126/zephyrproject/zephyr/micro_ros_tfm_base/modules/libmicroros/micro_ros_dev/install/ament_copyright:/home/tmdals010126/zephyrproject/zephyr/micro_ros_tfm_base/modules/libmicroros/micro_ros_dev/install/ament_lint:/home/tmdals010126/zephyrproject/zephyr/micro_ros_tfm_base/modules/libmicroros/micro_ros_dev/install/ament_index_python:/home/tmdals010126/zephyrproject/zephyr/micro_ros_tfm_base/modules/libmicroros/micro_ros_dev/install/ament_cpplint:/home/tmdals010126/zephyrproject/zephyr/micro_ros_tfm_base/modules/libmicroros/micro_ros_dev/install/ament_cppcheck:/home/tmdals010126/zephyrproject/zephyr/micro_ros_tfm_base/modules/libmicroros/micro_ros_dev/install/ament_clang_tidy:/home/tmdals010126/zephyrproject/zephyr/micro_ros_tfm_base/modules/libmicroros/micro_ros_dev/install/ament_clang_format /usr/local/bin/cmake --install /home/tmdals010126/zephyrproject/zephyr/micro_ros_tfm_base/modules/libmicroros/micro_ros_src/build/rcutils
