[0.031s] Invoking command in '/home/tmdals010126/zephyrproject/zephyr/micro_ros_tfm/modules/libmicroros/micro_ros_src/build/nav_msgs': AMENT_PREFIX_PATH=/home/tmdals010126/zephyrproject/zephyr/micro_ros_tfm/modules/libmicroros/micro_ros_src/install:${AMENT_PREFIX_PATH} CMAKE_PREFIX_PATH=/home/tmdals010126/zephyrproject/zephyr/micro_ros_tfm/modules/libmicroros/micro_ros_src/install:/home/tmdals010126/zephyrproject/zephyr/micro_ros_tfm/modules/libmicroros/micro_ros_dev/install/ament_cmake_ros:/home/tmdals010126/zephyrproject/zephyr/micro_ros_tfm/modules/libmicroros/micro_ros_dev/install/ament_cmake_auto:/home/tmdals010126/zephyrproject/zephyr/micro_ros_tfm/modules/libmicroros/micro_ros_dev/install/ament_cmake_gmock:/home/tmdals010126/zephyrproject/zephyr/micro_ros_tfm/modules/libmicroros/micro_ros_dev/install/gmock_vendor:/home/tmdals010126/zephyrproject/zephyr/micro_ros_tfm/modules/libmicroros/micro_ros_dev/install/ament_cmake_gtest:/home/tmdals010126/zephyrproject/zephyr/micro_ros_tfm/modules/libmicroros/micro_ros_dev/install/gtest_vendor:/home/tmdals010126/zephyrproject/zephyr/micro_ros_tfm/modules/libmicroros/micro_ros_dev/install/ament_lint_common:/home/tmdals010126/zephyrproject/zephyr/micro_ros_tfm/modules/libmicroros/micro_ros_dev/install/ament_cmake_xmllint:/home/tmdals010126/zephyrproject/zephyr/micro_ros_tfm/modules/libmicroros/micro_ros_dev/install/ament_cmake_uncrustify:/home/tmdals010126/zephyrproject/zephyr/micro_ros_tfm/modules/libmicroros/micro_ros_dev/install/ament_cmake_pyflakes:/home/tmdals010126/zephyrproject/zephyr/micro_ros_tfm/modules/libmicroros/micro_ros_dev/install/ament_cmake_pycodestyle:/home/tmdals010126/zephyrproject/zephyr/micro_ros_tfm/modules/libmicroros/micro_ros_dev/install/ament_cmake_pep257:/home/tmdals010126/zephyrproject/zephyr/micro_ros_tfm/modules/libmicroros/micro_ros_dev/install/ament_cmake_pclint:/home/tmdals010126/zephyrproject/zephyr/micro_ros_tfm/modules/libmicroros/micro_ros_dev/install/ament_lint_auto:/home/tmdals010126/zephyrproject/zephyr/micro_ros_tfm/modules/libmicroros/micro_ros_dev/install/ament_cmake:/home/tmdals010126/zephyrproject/zephyr/micro_ros_tfm/modules/libmicroros/micro_ros_dev/install/ament_cmake_version:/home/tmdals010126/zephyrproject/zephyr/micro_ros_tfm/modules/libmicroros/micro_ros_dev/install/ament_cmake_vendor_package:/home/tmdals010126/zephyrproject/zephyr/micro_ros_tfm/modules/libmicroros/micro_ros_dev/install/ament_cmake_pytest:/home/tmdals010126/zephyrproject/zephyr/micro_ros_tfm/modules/libmicroros/micro_ros_dev/install/ament_cmake_nose:/home/tmdals010126/zephyrproject/zephyr/micro_ros_tfm/modules/libmicroros/micro_ros_dev/install/ament_cmake_mypy:/home/tmdals010126/zephyrproject/zephyr/micro_ros_tfm/modules/libmicroros/micro_ros_dev/install/ament_cmake_lint_cmake:/home/tmdals010126/zephyrproject/zephyr/micro_ros_tfm/modules/libmicroros/micro_ros_dev/install/ament_cmake_google_benchmark:/home/tmdals010126/zephyrproject/zephyr/micro_ros_tfm/modules/libmicroros/micro_ros_dev/install/ament_cmake_flake8:/home/tmdals010126/zephyrproject/zephyr/micro_ros_tfm/modules/libmicroros/micro_ros_dev/install/ament_cmake_cpplint:/home/tmdals010126/zephyrproject/zephyr/micro_ros_tfm/modules/libmicroros/micro_ros_dev/install/ament_cmake_cppcheck:/home/tmdals010126/zephyrproject/zephyr/micro_ros_tfm/modules/libmicroros/micro_ros_dev/install/ament_cmake_copyright:/home/tmdals010126/zephyrproject/zephyr/micro_ros_tfm/modules/libmicroros/micro_ros_dev/install/ament_cmake_clang_tidy:/home/tmdals010126/zephyrproject/zephyr/micro_ros_tfm/modules/libmicroros/micro_ros_dev/install/ament_cmake_clang_format:/home/tmdals010126/zephyrproject/zephyr/micro_ros_tfm/modules/libmicroros/micro_ros_dev/install/ament_cmake_test:/home/tmdals010126/zephyrproject/zephyr/micro_ros_tfm/modules/libmicroros/micro_ros_dev/install/ament_cmake_target_dependencies:/home/tmdals010126/zephyrproject/zephyr/micro_ros_tfm/modules/libmicroros/micro_ros_dev/install/ament_cmake_python:/home/tmdals010126/zephyrproject/zephyr/micro_ros_tfm/modules/libmicroros/micro_ros_dev/install/ament_cmake_export_dependencies:/home/tmdals010126/zephyrproject/zephyr/micro_ros_tfm/modules/libmicroros/micro_ros_dev/install/ament_cmake_libraries:/home/tmdals010126/zephyrproject/zephyr/micro_ros_tfm/modules/libmicroros/micro_ros_dev/install/ament_cmake_include_directories:/home/tmdals010126/zephyrproject/zephyr/micro_ros_tfm/modules/libmicroros/micro_ros_dev/install/ament_cmake_gen_version_h:/home/tmdals010126/zephyrproject/zephyr/micro_ros_tfm/modules/libmicroros/micro_ros_dev/install/ament_cmake_export_targets:/home/tmdals010126/zephyrproject/zephyr/micro_ros_tfm/modules/libmicroros/micro_ros_dev/install/ament_cmake_export_link_flags:/home/tmdals010126/zephyrproject/zephyr/micro_ros_tfm/modules/libmicroros/micro_ros_dev/install/ament_cmake_export_interfaces:/home/tmdals010126/zephyrproject/zephyr/micro_ros_tfm/modules/libmicroros/micro_ros_dev/install/ament_cmake_export_libraries:/home/tmdals010126/zephyrproject/zephyr/micro_ros_tfm/modules/libmicroros/micro_ros_dev/install/ament_cmake_export_include_directories:/home/tmdals010126/zephyrproject/zephyr/micro_ros_tfm/modules/libmicroros/micro_ros_dev/install/ament_cmake_export_definitions:/home/tmdals010126/zephyrproject/zephyr/micro_ros_tfm/modules/libmicroros/micro_ros_dev/install/ament_cmake_core:/home/tmdals010126/zephyrproject/zephyr/micro_ros_tfm/modules/libmicroros/micro_ros_dev/install/ament_index_cpp:/home/tmdals010126/zephyrproject/zephyr/micro_ros_tfm/modules/libmicroros/micro_ros_dev/install/domain_coordinator:/home/tmdals010126/zephyrproject/zephyr/micro_ros_tfm/modules/libmicroros/micro_ros_dev/install/ament_xmllint:/home/tmdals010126/zephyrproject/zephyr/micro_ros_tfm/modules/libmicroros/micro_ros_dev/install/ament_uncrustify:/home/tmdals010126/zephyrproject/zephyr/micro_ros_tfm/modules/libmicroros/micro_ros_dev/install/ament_pyflakes:/home/tmdals010126/zephyrproject/zephyr/micro_ros_tfm/modules/libmicroros/micro_ros_dev/install/ament_pycodestyle:/home/tmdals010126/zephyrproject/zephyr/micro_ros_tfm/modules/libmicroros/micro_ros_dev/install/ament_pep257:/home/tmdals010126/zephyrproject/zephyr/micro_ros_tfm/modules/libmicroros/micro_ros_dev/install/ament_pclint:/home/tmdals010126/zephyrproject/zephyr/micro_ros_tfm/modules/libmicroros/micro_ros_dev/install/ament_package:/home/tmdals010126/zephyrproject/zephyr/micro_ros_tfm/modules/libmicroros/micro_ros_dev/install/ament_mypy:/home/tmdals010126/zephyrproject/zephyr/micro_ros_tfm/modules/libmicroros/micro_ros_dev/install/ament_lint_cmake:/home/tmdals010126/zephyrproject/zephyr/micro_ros_tfm/modules/libmicroros/micro_ros_dev/install/ament_flake8:/home/tmdals010126/zephyrproject/zephyr/micro_ros_tfm/modules/libmicroros/micro_ros_dev/install/ament_copyright:/home/tmdals010126/zephyrproject/zephyr/micro_ros_tfm/modules/libmicroros/micro_ros_dev/install/ament_lint:/home/tmdals010126/zephyrproject/zephyr/micro_ros_tfm/modules/libmicroros/micro_ros_dev/install/ament_index_python:/home/tmdals010126/zephyrproject/zephyr/micro_ros_tfm/modules/libmicroros/micro_ros_dev/install/ament_cpplint:/home/tmdals010126/zephyrproject/zephyr/micro_ros_tfm/modules/libmicroros/micro_ros_dev/install/ament_cppcheck:/home/tmdals010126/zephyrproject/zephyr/micro_ros_tfm/modules/libmicroros/micro_ros_dev/install/ament_clang_tidy:/home/tmdals010126/zephyrproject/zephyr/micro_ros_tfm/modules/libmicroros/micro_ros_dev/install/ament_clang_format LD_LIBRARY_PATH=/home/tmdals010126/zephyrproject/zephyr/micro_ros_tfm/modules/libmicroros/micro_ros_src/install/lib:${LD_LIBRARY_PATH} PATH=/home/tmdals010126/zephyrproject/zephyr/micro_ros_tfm/modules/libmicroros/micro_ros_src/install/bin:${PATH} PYTHONPATH=/home/tmdals010126/zephyrproject/zephyr/micro_ros_tfm/modules/libmicroros/micro_ros_src/install/lib/python3.10/site-packages:${PYTHONPATH} /usr/local/bin/cmake --build /home/tmdals010126/zephyrproject/zephyr/micro_ros_tfm/modules/libmicroros/micro_ros_src/build/nav_msgs -- -j28 -l28
[0.033s] gmake[1]: Entering directory '/home/tmdals010126/zephyrproject/zephyr/micro_ros_tfm/modules/libmicroros/micro_ros_src/build/nav_msgs'
[0.039s] -- Found ament_cmake: 1.3.12 (/home/tmdals010126/zephyrproject/zephyr/micro_ros_tfm/modules/libmicroros/micro_ros_dev/install/ament_cmake/share/ament_cmake/cmake)
[0.109s] -- Found builtin_interfaces: 1.2.2 (/home/tmdals010126/zephyrproject/zephyr/micro_ros_tfm/modules/libmicroros/micro_ros_src/install/share/builtin_interfaces/cmake)
[0.116s] -- Using all available rosidl_typesupport_c: rosidl_typesupport_introspection_c;rosidl_typesupport_microxrcedds_c
[0.118s] -- Found rosidl_adapter: 3.1.7 (/home/tmdals010126/zephyrproject/zephyr/micro_ros_tfm/modules/libmicroros/micro_ros_src/install/share/rosidl_adapter/cmake)
[0.130s] -- Found geometry_msgs: 4.9.0 (/home/tmdals010126/zephyrproject/zephyr/micro_ros_tfm/modules/libmicroros/micro_ros_src/install/share/geometry_msgs/cmake)
[0.137s] -- Found rosidl_default_generators: 1.2.0 (/home/tmdals010126/zephyrproject/zephyr/micro_ros_tfm/modules/libmicroros/micro_ros_src/install/share/rosidl_default_generators/cmake)
[0.405s] -- Found ament_cmake_ros: 0.10.0 (/home/tmdals010126/zephyrproject/zephyr/micro_ros_tfm/modules/libmicroros/micro_ros_dev/install/ament_cmake_ros/share/ament_cmake_ros/cmake)
[0.499s] -- Using all available rosidl_typesupport_c: rosidl_typesupport_introspection_c;rosidl_typesupport_microxrcedds_c
[0.503s] -- Configuring done (0.5s)
[0.518s] -- Generating done (0.0s)
[0.521s] -- Build files have been written to: /home/tmdals010126/zephyrproject/zephyr/micro_ros_tfm/modules/libmicroros/micro_ros_src/build/nav_msgs
[0.524s] gmake[2]: Entering directory '/home/tmdals010126/zephyrproject/zephyr/micro_ros_tfm/modules/libmicroros/micro_ros_src/build/nav_msgs'
[0.525s] gmake[3]: Entering directory '/home/tmdals010126/zephyrproject/zephyr/micro_ros_tfm/modules/libmicroros/micro_ros_src/build/nav_msgs'
[0.527s] [  2%] Generating C code for ROS interfaces
[0.998s] gmake[3]: Leaving directory '/home/tmdals010126/zephyrproject/zephyr/micro_ros_tfm/modules/libmicroros/micro_ros_src/build/nav_msgs'
[1.000s] gmake[3]: Entering directory '/home/tmdals010126/zephyrproject/zephyr/micro_ros_tfm/modules/libmicroros/micro_ros_src/build/nav_msgs'
[1.003s] [  8%] Building C object CMakeFiles/nav_msgs__rosidl_generator_c.dir/rosidl_generator_c/nav_msgs/msg/detail/map_meta_data__functions.c.obj
[1.003s] [  8%] Building C object CMakeFiles/nav_msgs__rosidl_generator_c.dir/rosidl_generator_c/nav_msgs/msg/detail/goals__functions.c.obj
[1.003s] [  8%] Building C object CMakeFiles/nav_msgs__rosidl_generator_c.dir/rosidl_generator_c/nav_msgs/msg/detail/grid_cells__functions.c.obj
[1.003s] [ 10%] Building C object CMakeFiles/nav_msgs__rosidl_generator_c.dir/rosidl_generator_c/nav_msgs/msg/detail/occupancy_grid__functions.c.obj
[1.004s] [ 12%] Building C object CMakeFiles/nav_msgs__rosidl_generator_c.dir/rosidl_generator_c/nav_msgs/msg/detail/odometry__functions.c.obj
[1.004s] [ 14%] Building C object CMakeFiles/nav_msgs__rosidl_generator_c.dir/rosidl_generator_c/nav_msgs/msg/detail/path__functions.c.obj
[1.004s] [ 18%] Building C object CMakeFiles/nav_msgs__rosidl_generator_c.dir/rosidl_generator_c/nav_msgs/srv/detail/get_map__functions.c.obj
[1.004s] [ 18%] Building C object CMakeFiles/nav_msgs__rosidl_generator_c.dir/rosidl_generator_c/nav_msgs/srv/detail/get_plan__functions.c.obj
[1.004s] [ 20%] Building C object CMakeFiles/nav_msgs__rosidl_generator_c.dir/rosidl_generator_c/nav_msgs/srv/detail/load_map__functions.c.obj
[1.005s] [ 22%] Building C object CMakeFiles/nav_msgs__rosidl_generator_c.dir/rosidl_generator_c/nav_msgs/srv/detail/set_map__functions.c.obj
[1.175s] [ 25%] Linking C static library libnav_msgs__rosidl_generator_c.a
[1.182s] gmake[3]: Leaving directory '/home/tmdals010126/zephyrproject/zephyr/micro_ros_tfm/modules/libmicroros/micro_ros_src/build/nav_msgs'
[1.184s] [ 25%] Built target nav_msgs__rosidl_generator_c
[1.185s] gmake[3]: Entering directory '/home/tmdals010126/zephyrproject/zephyr/micro_ros_tfm/modules/libmicroros/micro_ros_src/build/nav_msgs'
[1.185s] gmake[3]: Entering directory '/home/tmdals010126/zephyrproject/zephyr/micro_ros_tfm/modules/libmicroros/micro_ros_src/build/nav_msgs'
[1.186s] gmake[3]: Entering directory '/home/tmdals010126/zephyrproject/zephyr/micro_ros_tfm/modules/libmicroros/micro_ros_src/build/nav_msgs'
[1.187s] [ 27%] Generating C type support dispatch for ROS interfaces
[1.187s] [ 29%] Generating C introspection for ROS interfaces
[1.188s] [ 31%] Generating C type support for eProsima Micro XRCE-DDS
[1.580s] gmake[3]: Leaving directory '/home/tmdals010126/zephyrproject/zephyr/micro_ros_tfm/modules/libmicroros/micro_ros_src/build/nav_msgs'
[1.581s] gmake[3]: Entering directory '/home/tmdals010126/zephyrproject/zephyr/micro_ros_tfm/modules/libmicroros/micro_ros_src/build/nav_msgs'
[1.582s] [ 33%] Building CXX object CMakeFiles/nav_msgs__rosidl_typesupport_c.dir/rosidl_typesupport_c/nav_msgs/msg/goals__type_support.cpp.obj
[1.582s] [ 37%] Building CXX object CMakeFiles/nav_msgs__rosidl_typesupport_c.dir/rosidl_typesupport_c/nav_msgs/msg/grid_cells__type_support.cpp.obj
[1.583s] [ 37%] Building CXX object CMakeFiles/nav_msgs__rosidl_typesupport_c.dir/rosidl_typesupport_c/nav_msgs/msg/map_meta_data__type_support.cpp.obj
[1.583s] [ 39%] Building CXX object CMakeFiles/nav_msgs__rosidl_typesupport_c.dir/rosidl_typesupport_c/nav_msgs/msg/occupancy_grid__type_support.cpp.obj
[1.583s] [ 41%] Building CXX object CMakeFiles/nav_msgs__rosidl_typesupport_c.dir/rosidl_typesupport_c/nav_msgs/srv/get_map__type_support.cpp.obj
[1.583s] [ 43%] Building CXX object CMakeFiles/nav_msgs__rosidl_typesupport_c.dir/rosidl_typesupport_c/nav_msgs/msg/odometry__type_support.cpp.obj
[1.584s] [ 45%] Building CXX object CMakeFiles/nav_msgs__rosidl_typesupport_c.dir/rosidl_typesupport_c/nav_msgs/msg/path__type_support.cpp.obj
[1.584s] [ 50%] Building CXX object CMakeFiles/nav_msgs__rosidl_typesupport_c.dir/rosidl_typesupport_c/nav_msgs/srv/set_map__type_support.cpp.obj
[1.584s] [ 50%] Building CXX object CMakeFiles/nav_msgs__rosidl_typesupport_c.dir/rosidl_typesupport_c/nav_msgs/srv/get_plan__type_support.cpp.obj
[1.584s] [ 52%] Building CXX object CMakeFiles/nav_msgs__rosidl_typesupport_c.dir/rosidl_typesupport_c/nav_msgs/srv/load_map__type_support.cpp.obj
[1.615s] [ 54%] Linking CXX static library libnav_msgs__rosidl_typesupport_c.a
[1.620s] gmake[3]: Leaving directory '/home/tmdals010126/zephyrproject/zephyr/micro_ros_tfm/modules/libmicroros/micro_ros_src/build/nav_msgs'
[1.622s] [ 54%] Built target nav_msgs__rosidl_typesupport_c
[1.642s] gmake[3]: Leaving directory '/home/tmdals010126/zephyrproject/zephyr/micro_ros_tfm/modules/libmicroros/micro_ros_src/build/nav_msgs'
[1.643s] gmake[3]: Entering directory '/home/tmdals010126/zephyrproject/zephyr/micro_ros_tfm/modules/libmicroros/micro_ros_src/build/nav_msgs'
[1.645s] [ 56%] Building C object CMakeFiles/nav_msgs__rosidl_typesupport_introspection_c.dir/rosidl_typesupport_introspection_c/nav_msgs/msg/detail/goals__type_support.c.obj
[1.645s] [ 58%] Building C object CMakeFiles/nav_msgs__rosidl_typesupport_introspection_c.dir/rosidl_typesupport_introspection_c/nav_msgs/msg/detail/grid_cells__type_support.c.obj
[1.645s] [ 60%] Building C object CMakeFiles/nav_msgs__rosidl_typesupport_introspection_c.dir/rosidl_typesupport_introspection_c/nav_msgs/msg/detail/map_meta_data__type_support.c.obj
[1.645s] [ 62%] Building C object CMakeFiles/nav_msgs__rosidl_typesupport_introspection_c.dir/rosidl_typesupport_introspection_c/nav_msgs/msg/detail/occupancy_grid__type_support.c.obj
[1.645s] [ 64%] Building C object CMakeFiles/nav_msgs__rosidl_typesupport_introspection_c.dir/rosidl_typesupport_introspection_c/nav_msgs/msg/detail/odometry__type_support.c.obj
[1.646s] [ 68%] Building C object CMakeFiles/nav_msgs__rosidl_typesupport_introspection_c.dir/rosidl_typesupport_introspection_c/nav_msgs/srv/detail/get_map__type_support.c.obj
[1.646s] [ 68%] Building C object CMakeFiles/nav_msgs__rosidl_typesupport_introspection_c.dir/rosidl_typesupport_introspection_c/nav_msgs/srv/detail/get_plan__type_support.c.obj
[1.646s] [ 70%] Building C object CMakeFiles/nav_msgs__rosidl_typesupport_introspection_c.dir/rosidl_typesupport_introspection_c/nav_msgs/msg/detail/path__type_support.c.obj
[1.646s] [ 72%] Building C object CMakeFiles/nav_msgs__rosidl_typesupport_introspection_c.dir/rosidl_typesupport_introspection_c/nav_msgs/srv/detail/load_map__type_support.c.obj
[1.647s] [ 75%] Building C object CMakeFiles/nav_msgs__rosidl_typesupport_introspection_c.dir/rosidl_typesupport_introspection_c/nav_msgs/srv/detail/set_map__type_support.c.obj
[1.685s] [ 77%] Linking C static library libnav_msgs__rosidl_typesupport_introspection_c.a
[1.686s] gmake[3]: Leaving directory '/home/tmdals010126/zephyrproject/zephyr/micro_ros_tfm/modules/libmicroros/micro_ros_src/build/nav_msgs'
[1.687s] gmake[3]: Entering directory '/home/tmdals010126/zephyrproject/zephyr/micro_ros_tfm/modules/libmicroros/micro_ros_src/build/nav_msgs'
[1.689s] [ 79%] Building C object CMakeFiles/nav_msgs__rosidl_typesupport_microxrcedds_c.dir/rosidl_typesupport_microxrcedds_c/nav_msgs/msg/detail/microxrcedds/goals__type_support_c.c.obj
[1.689s] [ 81%] Building C object CMakeFiles/nav_msgs__rosidl_typesupport_microxrcedds_c.dir/rosidl_typesupport_microxrcedds_c/nav_msgs/msg/detail/microxrcedds/grid_cells__type_support_c.c.obj
[1.689s] [ 83%] Building C object CMakeFiles/nav_msgs__rosidl_typesupport_microxrcedds_c.dir/rosidl_typesupport_microxrcedds_c/nav_msgs/msg/detail/microxrcedds/map_meta_data__type_support_c.c.obj
[1.689s] [ 85%] Building C object CMakeFiles/nav_msgs__rosidl_typesupport_microxrcedds_c.dir/rosidl_typesupport_microxrcedds_c/nav_msgs/msg/detail/microxrcedds/occupancy_grid__type_support_c.c.obj
[1.690s] [ 87%] Building C object CMakeFiles/nav_msgs__rosidl_typesupport_microxrcedds_c.dir/rosidl_typesupport_microxrcedds_c/nav_msgs/msg/detail/microxrcedds/odometry__type_support_c.c.obj
[1.690s] [ 89%] Building C object CMakeFiles/nav_msgs__rosidl_typesupport_microxrcedds_c.dir/rosidl_typesupport_microxrcedds_c/nav_msgs/msg/detail/microxrcedds/path__type_support_c.c.obj
[1.690s] [ 91%] Building C object CMakeFiles/nav_msgs__rosidl_typesupport_microxrcedds_c.dir/rosidl_typesupport_microxrcedds_c/nav_msgs/srv/detail/microxrcedds/get_map__type_support_c.c.obj
[1.691s] [ 93%] Building C object CMakeFiles/nav_msgs__rosidl_typesupport_microxrcedds_c.dir/rosidl_typesupport_microxrcedds_c/nav_msgs/srv/detail/microxrcedds/get_plan__type_support_c.c.obj
[1.691s] [ 95%] Building C object CMakeFiles/nav_msgs__rosidl_typesupport_microxrcedds_c.dir/rosidl_typesupport_microxrcedds_c/nav_msgs/srv/detail/microxrcedds/load_map__type_support_c.c.obj
[1.691s] [ 97%] Building C object CMakeFiles/nav_msgs__rosidl_typesupport_microxrcedds_c.dir/rosidl_typesupport_microxrcedds_c/nav_msgs/srv/detail/microxrcedds/set_map__type_support_c.c.obj
[1.692s] gmake[3]: Leaving directory '/home/tmdals010126/zephyrproject/zephyr/micro_ros_tfm/modules/libmicroros/micro_ros_src/build/nav_msgs'
[1.695s] In file included from [01m[K/home/tmdals010126/zephyrproject/zephyr/micro_ros_tfm/modules/libmicroros/micro_ros_src/build/nav_msgs/rosidl_typesupport_microxrcedds_c/nav_msgs/msg/detail/goals__rosidl_typesupport_microxrcedds_c.h:10[m[K,
[1.695s]                  from [01m[K/home/tmdals010126/zephyrproject/zephyr/micro_ros_tfm/modules/libmicroros/micro_ros_src/build/nav_msgs/rosidl_typesupport_microxrcedds_c/nav_msgs/msg/detail/microxrcedds/goals__type_support_c.c:4[m[K:
[1.695s] [01m[K/home/tmdals010126/zephyrproject/zephyr/lib/libc/newlib/include/stdint.h:28:2:[m[K [01;35m[Kwarning: [m[K#include_next is a GCC extension
[1.695s]    28 | #[01;35m[Kinclude_next[m[K <stdint.h>
[1.695s]       |  [01;35m[K^~~~~~~~~~~~[m[K
[1.695s] [ 97%] Built target nav_msgs__rosidl_typesupport_introspection_c
[1.697s] In file included from [01m[K/home/tmdals010126/zephyrproject/zephyr/micro_ros_tfm/modules/libmicroros/micro_ros_src/build/nav_msgs/rosidl_typesupport_microxrcedds_c/nav_msgs/msg/detail/path__rosidl_typesupport_microxrcedds_c.h:10[m[K,
[1.697s]                  from [01m[K/home/tmdals010126/zephyrproject/zephyr/micro_ros_tfm/modules/libmicroros/micro_ros_src/build/nav_msgs/rosidl_typesupport_microxrcedds_c/nav_msgs/msg/detail/microxrcedds/path__type_support_c.c:4[m[K:
[1.697s] [01m[K/home/tmdals010126/zephyrproject/zephyr/lib/libc/newlib/include/stdint.h:28:2:[m[K [01;35m[Kwarning: [m[K#include_next is a GCC extension
[1.697s]    28 | #[01;35m[Kinclude_next[m[K <stdint.h>
[1.697s]       |  [01;35m[K^~~~~~~~~~~~[m[K
[1.697s] In file included from [01m[K/home/tmdals010126/zephyrproject/zephyr/micro_ros_tfm/modules/libmicroros/micro_ros_src/build/nav_msgs/rosidl_typesupport_microxrcedds_c/nav_msgs/msg/detail/odometry__rosidl_typesupport_microxrcedds_c.h:10[m[K,
[1.697s]                  from [01m[K/home/tmdals010126/zephyrproject/zephyr/micro_ros_tfm/modules/libmicroros/micro_ros_src/build/nav_msgs/rosidl_typesupport_microxrcedds_c/nav_msgs/msg/detail/microxrcedds/odometry__type_support_c.c:4[m[K:
[1.697s] [01m[K/home/tmdals010126/zephyrproject/zephyr/lib/libc/newlib/include/stdint.h:28:2:[m[K [01;35m[Kwarning: [m[K#include_next is a GCC extension
[1.697s]    28 | #[01;35m[Kinclude_next[m[K <stdint.h>
[1.698s]       |  [01;35m[K^~~~~~~~~~~~[m[K
[1.698s] In file included from [01m[K/home/tmdals010126/zephyrproject/zephyr/micro_ros_tfm/modules/libmicroros/micro_ros_src/build/nav_msgs/rosidl_typesupport_microxrcedds_c/nav_msgs/srv/detail/get_map__rosidl_typesupport_microxrcedds_c.h:10[m[K,
[1.698s]                  from [01m[K/home/tmdals010126/zephyrproject/zephyr/micro_ros_tfm/modules/libmicroros/micro_ros_src/build/nav_msgs/rosidl_typesupport_microxrcedds_c/nav_msgs/srv/detail/microxrcedds/get_map__type_support_c.c:4[m[K:
[1.698s] [01m[K/home/tmdals010126/zephyrproject/zephyr/lib/libc/newlib/include/stdint.h:28:2:[m[K [01;35m[Kwarning: [m[K#include_next is a GCC extension
[1.698s]    28 | #[01;35m[Kinclude_next[m[K <stdint.h>
[1.698s]       |  [01;35m[K^~~~~~~~~~~~[m[K
[1.698s] In file included from [01m[K/home/tmdals010126/zephyrproject/zephyr/micro_ros_tfm/modules/libmicroros/micro_ros_src/build/nav_msgs/rosidl_typesupport_microxrcedds_c/nav_msgs/srv/detail/get_plan__rosidl_typesupport_microxrcedds_c.h:10[m[K,
[1.698s]                  from [01m[K/home/tmdals010126/zephyrproject/zephyr/micro_ros_tfm/modules/libmicroros/micro_ros_src/build/nav_msgs/rosidl_typesupport_microxrcedds_c/nav_msgs/srv/detail/microxrcedds/get_plan__type_support_c.c:4[m[K:
[1.698s] [01m[K/home/tmdals010126/zephyrproject/zephyr/lib/libc/newlib/include/stdint.h:28:2:[m[K [01;35m[Kwarning: [m[K#include_next is a GCC extension
[1.698s]    28 | #[01;35m[Kinclude_next[m[K <stdint.h>
[1.698s]       |  [01;35m[K^~~~~~~~~~~~[m[K
[1.699s] In file included from [01m[K/home/tmdals010126/zephyrproject/zephyr/micro_ros_tfm/modules/libmicroros/micro_ros_src/build/nav_msgs/rosidl_typesupport_microxrcedds_c/nav_msgs/msg/detail/occupancy_grid__rosidl_typesupport_microxrcedds_c.h:10[m[K,
[1.699s]                  from [01m[K/home/tmdals010126/zephyrproject/zephyr/micro_ros_tfm/modules/libmicroros/micro_ros_src/build/nav_msgs/rosidl_typesupport_microxrcedds_c/nav_msgs/msg/detail/microxrcedds/occupancy_grid__type_support_c.c:4[m[K:
[1.699s] [01m[K/home/tmdals010126/zephyrproject/zephyr/lib/libc/newlib/include/stdint.h:28:2:[m[K [01;35m[Kwarning: [m[K#include_next is a GCC extension
[1.699s]    28 | #[01;35m[Kinclude_next[m[K <stdint.h>
[1.699s]       |  [01;35m[K^~~~~~~~~~~~[m[K
[1.699s] In file included from [01m[K/home/tmdals010126/zephyrproject/zephyr/micro_ros_tfm/modules/libmicroros/micro_ros_src/build/nav_msgs/rosidl_typesupport_microxrcedds_c/nav_msgs/srv/detail/load_map__rosidl_typesupport_microxrcedds_c.h:10[m[K,
[1.699s]                  from [01m[K/home/tmdals010126/zephyrproject/zephyr/micro_ros_tfm/modules/libmicroros/micro_ros_src/build/nav_msgs/rosidl_typesupport_microxrcedds_c/nav_msgs/srv/detail/microxrcedds/load_map__type_support_c.c:4[m[K:
[1.699s] [01m[K/home/tmdals010126/zephyrproject/zephyr/lib/libc/newlib/include/stdint.h:28:2:[m[K [01;35m[Kwarning: [m[K#include_next is a GCC extension
[1.699s]    28 | #[01;35m[Kinclude_next[m[K <stdint.h>
[1.699s]       |  [01;35m[K^~~~~~~~~~~~[m[K
[1.699s] In file included from [01m[K/home/tmdals010126/zephyrproject/zephyr/micro_ros_tfm/modules/libmicroros/micro_ros_src/build/nav_msgs/rosidl_typesupport_microxrcedds_c/nav_msgs/msg/detail/grid_cells__rosidl_typesupport_microxrcedds_c.h:10[m[K,
[1.699s]                  from [01m[K/home/tmdals010126/zephyrproject/zephyr/micro_ros_tfm/modules/libmicroros/micro_ros_src/build/nav_msgs/rosidl_typesupport_microxrcedds_c/nav_msgs/msg/detail/microxrcedds/grid_cells__type_support_c.c:4[m[K:
[1.699s] [01m[K/home/tmdals010126/zephyrproject/zephyr/lib/libc/newlib/include/stdint.h:28:2:[m[K [01;35m[Kwarning: [m[K#include_next is a GCC extension
[1.699s]    28 | #[01;35m[Kinclude_next[m[K <stdint.h>
[1.700s]       |  [01;35m[K^~~~~~~~~~~~[m[K
[1.700s] In file included from [01m[K/home/tmdals010126/zephyrproject/zephyr/micro_ros_tfm/modules/libmicroros/micro_ros_src/build/nav_msgs/rosidl_typesupport_microxrcedds_c/nav_msgs/msg/detail/map_meta_data__rosidl_typesupport_microxrcedds_c.h:10[m[K,
[1.700s]                  from [01m[K/home/tmdals010126/zephyrproject/zephyr/micro_ros_tfm/modules/libmicroros/micro_ros_src/build/nav_msgs/rosidl_typesupport_microxrcedds_c/nav_msgs/msg/detail/microxrcedds/map_meta_data__type_support_c.c:4[m[K:
[1.700s] [01m[K/home/tmdals010126/zephyrproject/zephyr/lib/libc/newlib/include/stdint.h:28:2:[m[K [01;35m[Kwarning: [m[K#include_next is a GCC extension
[1.700s]    28 | #[01;35m[Kinclude_next[m[K <stdint.h>
[1.700s]       |  [01;35m[K^~~~~~~~~~~~[m[K
[1.700s] In file included from [01m[K/home/tmdals010126/zephyrproject/zephyr/micro_ros_tfm/modules/libmicroros/micro_ros_src/build/nav_msgs/rosidl_typesupport_microxrcedds_c/nav_msgs/srv/detail/set_map__rosidl_typesupport_microxrcedds_c.h:10[m[K,
[1.700s]                  from [01m[K/home/tmdals010126/zephyrproject/zephyr/micro_ros_tfm/modules/libmicroros/micro_ros_src/build/nav_msgs/rosidl_typesupport_microxrcedds_c/nav_msgs/srv/detail/microxrcedds/set_map__type_support_c.c:4[m[K:
[1.700s] [01m[K/home/tmdals010126/zephyrproject/zephyr/lib/libc/newlib/include/stdint.h:28:2:[m[K [01;35m[Kwarning: [m[K#include_next is a GCC extension
[1.700s]    28 | #[01;35m[Kinclude_next[m[K <stdint.h>
[1.700s]       |  [01;35m[K^~~~~~~~~~~~[m[K
[1.701s] In file included from [01m[K/home/tmdals010126/zephyrproject/zephyr/micro_ros_tfm/modules/libmicroros/micro_ros_src/build/nav_msgs/rosidl_typesupport_microxrcedds_c/nav_msgs/msg/detail/microxrcedds/goals__type_support_c.c:9[m[K:
[1.701s] [01m[K/home/tmdals010126/zephyrproject/zephyr/lib/libc/newlib/include/string.h:16:2:[m[K [01;35m[Kwarning: [m[K#include_next is a GCC extension
[1.701s]    16 | #[01;35m[Kinclude_next[m[K <string.h>
[1.701s]       |  [01;35m[K^~~~~~~~~~~~[m[K
[1.702s] In file included from [01m[K/home/tmdals010126/zephyrproject/zephyr/micro_ros_tfm/modules/libmicroros/micro_ros_src/build/nav_msgs/rosidl_typesupport_microxrcedds_c/nav_msgs/msg/detail/microxrcedds/odometry__type_support_c.c:9[m[K:
[1.702s] [01m[K/home/tmdals010126/zephyrproject/zephyr/lib/libc/newlib/include/string.h:16:2:[m[K [01;35m[Kwarning: [m[K#include_next is a GCC extension
[1.702s]    16 | #[01;35m[Kinclude_next[m[K <string.h>
[1.702s]       |  [01;35m[K^~~~~~~~~~~~[m[K
[1.702s] In file included from [01m[K/home/tmdals010126/zephyrproject/zephyr/micro_ros_tfm/modules/libmicroros/micro_ros_src/build/nav_msgs/rosidl_typesupport_microxrcedds_c/nav_msgs/msg/detail/microxrcedds/path__type_support_c.c:9[m[K:
[1.702s] [01m[K/home/tmdals010126/zephyrproject/zephyr/lib/libc/newlib/include/string.h:16:2:[m[K [01;35m[Kwarning: [m[K#include_next is a GCC extension
[1.702s]    16 | #[01;35m[Kinclude_next[m[K <string.h>
[1.702s]       |  [01;35m[K^~~~~~~~~~~~[m[K
[1.702s] In file included from [01m[K/home/tmdals010126/zephyrproject/zephyr/micro_ros_tfm/modules/libmicroros/micro_ros_src/build/nav_msgs/rosidl_typesupport_microxrcedds_c/nav_msgs/srv/detail/microxrcedds/get_map__type_support_c.c:9[m[K:
[1.703s] [01m[K/home/tmdals010126/zephyrproject/zephyr/lib/libc/newlib/include/string.h:16:2:[m[K [01;35m[Kwarning: [m[K#include_next is a GCC extension
[1.703s]    16 | #[01;35m[Kinclude_next[m[K <string.h>
[1.703s]       |  [01;35m[K^~~~~~~~~~~~[m[K
[1.703s] In file included from [01m[K/home/tmdals010126/zephyrproject/zephyr/micro_ros_tfm/modules/libmicroros/micro_ros_src/build/nav_msgs/rosidl_typesupport_microxrcedds_c/nav_msgs/srv/detail/microxrcedds/get_plan__type_support_c.c:9[m[K:
[1.703s] [01m[K/home/tmdals010126/zephyrproject/zephyr/lib/libc/newlib/include/string.h:16:2:[m[K [01;35m[Kwarning: [m[K#include_next is a GCC extension
[1.703s]    16 | #[01;35m[Kinclude_next[m[K <string.h>
[1.703s]       |  [01;35m[K^~~~~~~~~~~~[m[K
[1.703s] In file included from [01m[K/home/tmdals010126/zephyrproject/zephyr/micro_ros_tfm/modules/libmicroros/micro_ros_src/build/nav_msgs/rosidl_typesupport_microxrcedds_c/nav_msgs/srv/detail/microxrcedds/load_map__type_support_c.c:9[m[K:
[1.703s] [01m[K/home/tmdals010126/zephyrproject/zephyr/lib/libc/newlib/include/string.h:16:2:[m[K [01;35m[Kwarning: [m[K#include_next is a GCC extension
[1.703s]    16 | #[01;35m[Kinclude_next[m[K <string.h>
[1.703s]       |  [01;35m[K^~~~~~~~~~~~[m[K
[1.704s] In file included from [01m[K/home/tmdals010126/zephyrproject/zephyr/micro_ros_tfm/modules/libmicroros/micro_ros_src/build/nav_msgs/rosidl_typesupport_microxrcedds_c/nav_msgs/srv/detail/microxrcedds/set_map__type_support_c.c:9[m[K:
[1.704s] [01m[K/home/tmdals010126/zephyrproject/zephyr/lib/libc/newlib/include/string.h:16:2:[m[K [01;35m[Kwarning: [m[K#include_next is a GCC extension
[1.704s]    16 | #[01;35m[Kinclude_next[m[K <string.h>
[1.704s]       |  [01;35m[K^~~~~~~~~~~~[m[K
[1.706s] In file included from [01m[K/home/tmdals010126/zephyrproject/zephyr/micro_ros_tfm/modules/libmicroros/micro_ros_src/build/nav_msgs/rosidl_typesupport_microxrcedds_c/nav_msgs/msg/detail/microxrcedds/occupancy_grid__type_support_c.c:9[m[K:
[1.706s] [01m[K/home/tmdals010126/zephyrproject/zephyr/lib/libc/newlib/include/string.h:16:2:[m[K [01;35m[Kwarning: [m[K#include_next is a GCC extension
[1.706s]    16 | #[01;35m[Kinclude_next[m[K <string.h>
[1.706s]       |  [01;35m[K^~~~~~~~~~~~[m[K
[1.706s] In file included from [01m[K/home/tmdals010126/zephyrproject/zephyr/micro_ros_tfm/modules/libmicroros/micro_ros_src/build/nav_msgs/rosidl_typesupport_microxrcedds_c/nav_msgs/msg/detail/microxrcedds/grid_cells__type_support_c.c:9[m[K:
[1.706s] [01m[K/home/tmdals010126/zephyrproject/zephyr/lib/libc/newlib/include/string.h:16:2:[m[K [01;35m[Kwarning: [m[K#include_next is a GCC extension
[1.706s]    16 | #[01;35m[Kinclude_next[m[K <string.h>
[1.706s]       |  [01;35m[K^~~~~~~~~~~~[m[K
[1.707s] In file included from [01m[K/home/tmdals010126/zephyrproject/zephyr/micro_ros_tfm/modules/libmicroros/micro_ros_src/build/nav_msgs/rosidl_typesupport_microxrcedds_c/nav_msgs/msg/detail/microxrcedds/map_meta_data__type_support_c.c:9[m[K:
[1.707s] [01m[K/home/tmdals010126/zephyrproject/zephyr/lib/libc/newlib/include/string.h:16:2:[m[K [01;35m[Kwarning: [m[K#include_next is a GCC extension
[1.707s]    16 | #[01;35m[Kinclude_next[m[K <string.h>
[1.707s]       |  [01;35m[K^~~~~~~~~~~~[m[K
[1.748s] [100%] Linking CXX static library libnav_msgs__rosidl_typesupport_microxrcedds_c.a
[1.754s] gmake[3]: Leaving directory '/home/tmdals010126/zephyrproject/zephyr/micro_ros_tfm/modules/libmicroros/micro_ros_src/build/nav_msgs'
[1.755s] [100%] Built target nav_msgs__rosidl_typesupport_microxrcedds_c
[1.756s] gmake[3]: Entering directory '/home/tmdals010126/zephyrproject/zephyr/micro_ros_tfm/modules/libmicroros/micro_ros_src/build/nav_msgs'
[1.758s] gmake[3]: Leaving directory '/home/tmdals010126/zephyrproject/zephyr/micro_ros_tfm/modules/libmicroros/micro_ros_src/build/nav_msgs'
[1.760s] [100%] Built target nav_msgs
[1.760s] gmake[2]: Leaving directory '/home/tmdals010126/zephyrproject/zephyr/micro_ros_tfm/modules/libmicroros/micro_ros_src/build/nav_msgs'
[1.761s] gmake[1]: Leaving directory '/home/tmdals010126/zephyrproject/zephyr/micro_ros_tfm/modules/libmicroros/micro_ros_src/build/nav_msgs'
[1.762s] Invoked command in '/home/tmdals010126/zephyrproject/zephyr/micro_ros_tfm/modules/libmicroros/micro_ros_src/build/nav_msgs' returned '0': AMENT_PREFIX_PATH=/home/tmdals010126/zephyrproject/zephyr/micro_ros_tfm/modules/libmicroros/micro_ros_src/install:${AMENT_PREFIX_PATH} CMAKE_PREFIX_PATH=/home/tmdals010126/zephyrproject/zephyr/micro_ros_tfm/modules/libmicroros/micro_ros_src/install:/home/tmdals010126/zephyrproject/zephyr/micro_ros_tfm/modules/libmicroros/micro_ros_dev/install/ament_cmake_ros:/home/tmdals010126/zephyrproject/zephyr/micro_ros_tfm/modules/libmicroros/micro_ros_dev/install/ament_cmake_auto:/home/tmdals010126/zephyrproject/zephyr/micro_ros_tfm/modules/libmicroros/micro_ros_dev/install/ament_cmake_gmock:/home/tmdals010126/zephyrproject/zephyr/micro_ros_tfm/modules/libmicroros/micro_ros_dev/install/gmock_vendor:/home/tmdals010126/zephyrproject/zephyr/micro_ros_tfm/modules/libmicroros/micro_ros_dev/install/ament_cmake_gtest:/home/tmdals010126/zephyrproject/zephyr/micro_ros_tfm/modules/libmicroros/micro_ros_dev/install/gtest_vendor:/home/tmdals010126/zephyrproject/zephyr/micro_ros_tfm/modules/libmicroros/micro_ros_dev/install/ament_lint_common:/home/tmdals010126/zephyrproject/zephyr/micro_ros_tfm/modules/libmicroros/micro_ros_dev/install/ament_cmake_xmllint:/home/tmdals010126/zephyrproject/zephyr/micro_ros_tfm/modules/libmicroros/micro_ros_dev/install/ament_cmake_uncrustify:/home/tmdals010126/zephyrproject/zephyr/micro_ros_tfm/modules/libmicroros/micro_ros_dev/install/ament_cmake_pyflakes:/home/tmdals010126/zephyrproject/zephyr/micro_ros_tfm/modules/libmicroros/micro_ros_dev/install/ament_cmake_pycodestyle:/home/tmdals010126/zephyrproject/zephyr/micro_ros_tfm/modules/libmicroros/micro_ros_dev/install/ament_cmake_pep257:/home/tmdals010126/zephyrproject/zephyr/micro_ros_tfm/modules/libmicroros/micro_ros_dev/install/ament_cmake_pclint:/home/tmdals010126/zephyrproject/zephyr/micro_ros_tfm/modules/libmicroros/micro_ros_dev/install/ament_lint_auto:/home/tmdals010126/zephyrproject/zephyr/micro_ros_tfm/modules/libmicroros/micro_ros_dev/install/ament_cmake:/home/tmdals010126/zephyrproject/zephyr/micro_ros_tfm/modules/libmicroros/micro_ros_dev/install/ament_cmake_version:/home/tmdals010126/zephyrproject/zephyr/micro_ros_tfm/modules/libmicroros/micro_ros_dev/install/ament_cmake_vendor_package:/home/tmdals010126/zephyrproject/zephyr/micro_ros_tfm/modules/libmicroros/micro_ros_dev/install/ament_cmake_pytest:/home/tmdals010126/zephyrproject/zephyr/micro_ros_tfm/modules/libmicroros/micro_ros_dev/install/ament_cmake_nose:/home/tmdals010126/zephyrproject/zephyr/micro_ros_tfm/modules/libmicroros/micro_ros_dev/install/ament_cmake_mypy:/home/tmdals010126/zephyrproject/zephyr/micro_ros_tfm/modules/libmicroros/micro_ros_dev/install/ament_cmake_lint_cmake:/home/tmdals010126/zephyrproject/zephyr/micro_ros_tfm/modules/libmicroros/micro_ros_dev/install/ament_cmake_google_benchmark:/home/tmdals010126/zephyrproject/zephyr/micro_ros_tfm/modules/libmicroros/micro_ros_dev/install/ament_cmake_flake8:/home/tmdals010126/zephyrproject/zephyr/micro_ros_tfm/modules/libmicroros/micro_ros_dev/install/ament_cmake_cpplint:/home/tmdals010126/zephyrproject/zephyr/micro_ros_tfm/modules/libmicroros/micro_ros_dev/install/ament_cmake_cppcheck:/home/tmdals010126/zephyrproject/zephyr/micro_ros_tfm/modules/libmicroros/micro_ros_dev/install/ament_cmake_copyright:/home/tmdals010126/zephyrproject/zephyr/micro_ros_tfm/modules/libmicroros/micro_ros_dev/install/ament_cmake_clang_tidy:/home/tmdals010126/zephyrproject/zephyr/micro_ros_tfm/modules/libmicroros/micro_ros_dev/install/ament_cmake_clang_format:/home/tmdals010126/zephyrproject/zephyr/micro_ros_tfm/modules/libmicroros/micro_ros_dev/install/ament_cmake_test:/home/tmdals010126/zephyrproject/zephyr/micro_ros_tfm/modules/libmicroros/micro_ros_dev/install/ament_cmake_target_dependencies:/home/tmdals010126/zephyrproject/zephyr/micro_ros_tfm/modules/libmicroros/micro_ros_dev/install/ament_cmake_python:/home/tmdals010126/zephyrproject/zephyr/micro_ros_tfm/modules/libmicroros/micro_ros_dev/install/ament_cmake_export_dependencies:/home/tmdals010126/zephyrproject/zephyr/micro_ros_tfm/modules/libmicroros/micro_ros_dev/install/ament_cmake_libraries:/home/tmdals010126/zephyrproject/zephyr/micro_ros_tfm/modules/libmicroros/micro_ros_dev/install/ament_cmake_include_directories:/home/tmdals010126/zephyrproject/zephyr/micro_ros_tfm/modules/libmicroros/micro_ros_dev/install/ament_cmake_gen_version_h:/home/tmdals010126/zephyrproject/zephyr/micro_ros_tfm/modules/libmicroros/micro_ros_dev/install/ament_cmake_export_targets:/home/tmdals010126/zephyrproject/zephyr/micro_ros_tfm/modules/libmicroros/micro_ros_dev/install/ament_cmake_export_link_flags:/home/tmdals010126/zephyrproject/zephyr/micro_ros_tfm/modules/libmicroros/micro_ros_dev/install/ament_cmake_export_interfaces:/home/tmdals010126/zephyrproject/zephyr/micro_ros_tfm/modules/libmicroros/micro_ros_dev/install/ament_cmake_export_libraries:/home/tmdals010126/zephyrproject/zephyr/micro_ros_tfm/modules/libmicroros/micro_ros_dev/install/ament_cmake_export_include_directories:/home/tmdals010126/zephyrproject/zephyr/micro_ros_tfm/modules/libmicroros/micro_ros_dev/install/ament_cmake_export_definitions:/home/tmdals010126/zephyrproject/zephyr/micro_ros_tfm/modules/libmicroros/micro_ros_dev/install/ament_cmake_core:/home/tmdals010126/zephyrproject/zephyr/micro_ros_tfm/modules/libmicroros/micro_ros_dev/install/ament_index_cpp:/home/tmdals010126/zephyrproject/zephyr/micro_ros_tfm/modules/libmicroros/micro_ros_dev/install/domain_coordinator:/home/tmdals010126/zephyrproject/zephyr/micro_ros_tfm/modules/libmicroros/micro_ros_dev/install/ament_xmllint:/home/tmdals010126/zephyrproject/zephyr/micro_ros_tfm/modules/libmicroros/micro_ros_dev/install/ament_uncrustify:/home/tmdals010126/zephyrproject/zephyr/micro_ros_tfm/modules/libmicroros/micro_ros_dev/install/ament_pyflakes:/home/tmdals010126/zephyrproject/zephyr/micro_ros_tfm/modules/libmicroros/micro_ros_dev/install/ament_pycodestyle:/home/tmdals010126/zephyrproject/zephyr/micro_ros_tfm/modules/libmicroros/micro_ros_dev/install/ament_pep257:/home/tmdals010126/zephyrproject/zephyr/micro_ros_tfm/modules/libmicroros/micro_ros_dev/install/ament_pclint:/home/tmdals010126/zephyrproject/zephyr/micro_ros_tfm/modules/libmicroros/micro_ros_dev/install/ament_package:/home/tmdals010126/zephyrproject/zephyr/micro_ros_tfm/modules/libmicroros/micro_ros_dev/install/ament_mypy:/home/tmdals010126/zephyrproject/zephyr/micro_ros_tfm/modules/libmicroros/micro_ros_dev/install/ament_lint_cmake:/home/tmdals010126/zephyrproject/zephyr/micro_ros_tfm/modules/libmicroros/micro_ros_dev/install/ament_flake8:/home/tmdals010126/zephyrproject/zephyr/micro_ros_tfm/modules/libmicroros/micro_ros_dev/install/ament_copyright:/home/tmdals010126/zephyrproject/zephyr/micro_ros_tfm/modules/libmicroros/micro_ros_dev/install/ament_lint:/home/tmdals010126/zephyrproject/zephyr/micro_ros_tfm/modules/libmicroros/micro_ros_dev/install/ament_index_python:/home/tmdals010126/zephyrproject/zephyr/micro_ros_tfm/modules/libmicroros/micro_ros_dev/install/ament_cpplint:/home/tmdals010126/zephyrproject/zephyr/micro_ros_tfm/modules/libmicroros/micro_ros_dev/install/ament_cppcheck:/home/tmdals010126/zephyrproject/zephyr/micro_ros_tfm/modules/libmicroros/micro_ros_dev/install/ament_clang_tidy:/home/tmdals010126/zephyrproject/zephyr/micro_ros_tfm/modules/libmicroros/micro_ros_dev/install/ament_clang_format LD_LIBRARY_PATH=/home/tmdals010126/zephyrproject/zephyr/micro_ros_tfm/modules/libmicroros/micro_ros_src/install/lib:${LD_LIBRARY_PATH} PATH=/home/tmdals010126/zephyrproject/zephyr/micro_ros_tfm/modules/libmicroros/micro_ros_src/install/bin:${PATH} PYTHONPATH=/home/tmdals010126/zephyrproject/zephyr/micro_ros_tfm/modules/libmicroros/micro_ros_src/install/lib/python3.10/site-packages:${PYTHONPATH} /usr/local/bin/cmake --build /home/tmdals010126/zephyrproject/zephyr/micro_ros_tfm/modules/libmicroros/micro_ros_src/build/nav_msgs -- -j28 -l28
[1.763s] Invoking command in '/home/tmdals010126/zephyrproject/zephyr/micro_ros_tfm/modules/libmicroros/micro_ros_src/build/nav_msgs': AMENT_PREFIX_PATH=/home/tmdals010126/zephyrproject/zephyr/micro_ros_tfm/modules/libmicroros/micro_ros_src/install:${AMENT_PREFIX_PATH} CMAKE_PREFIX_PATH=/home/tmdals010126/zephyrproject/zephyr/micro_ros_tfm/modules/libmicroros/micro_ros_src/install:/home/tmdals010126/zephyrproject/zephyr/micro_ros_tfm/modules/libmicroros/micro_ros_dev/install/ament_cmake_ros:/home/tmdals010126/zephyrproject/zephyr/micro_ros_tfm/modules/libmicroros/micro_ros_dev/install/ament_cmake_auto:/home/tmdals010126/zephyrproject/zephyr/micro_ros_tfm/modules/libmicroros/micro_ros_dev/install/ament_cmake_gmock:/home/tmdals010126/zephyrproject/zephyr/micro_ros_tfm/modules/libmicroros/micro_ros_dev/install/gmock_vendor:/home/tmdals010126/zephyrproject/zephyr/micro_ros_tfm/modules/libmicroros/micro_ros_dev/install/ament_cmake_gtest:/home/tmdals010126/zephyrproject/zephyr/micro_ros_tfm/modules/libmicroros/micro_ros_dev/install/gtest_vendor:/home/tmdals010126/zephyrproject/zephyr/micro_ros_tfm/modules/libmicroros/micro_ros_dev/install/ament_lint_common:/home/tmdals010126/zephyrproject/zephyr/micro_ros_tfm/modules/libmicroros/micro_ros_dev/install/ament_cmake_xmllint:/home/tmdals010126/zephyrproject/zephyr/micro_ros_tfm/modules/libmicroros/micro_ros_dev/install/ament_cmake_uncrustify:/home/tmdals010126/zephyrproject/zephyr/micro_ros_tfm/modules/libmicroros/micro_ros_dev/install/ament_cmake_pyflakes:/home/tmdals010126/zephyrproject/zephyr/micro_ros_tfm/modules/libmicroros/micro_ros_dev/install/ament_cmake_pycodestyle:/home/tmdals010126/zephyrproject/zephyr/micro_ros_tfm/modules/libmicroros/micro_ros_dev/install/ament_cmake_pep257:/home/tmdals010126/zephyrproject/zephyr/micro_ros_tfm/modules/libmicroros/micro_ros_dev/install/ament_cmake_pclint:/home/tmdals010126/zephyrproject/zephyr/micro_ros_tfm/modules/libmicroros/micro_ros_dev/install/ament_lint_auto:/home/tmdals010126/zephyrproject/zephyr/micro_ros_tfm/modules/libmicroros/micro_ros_dev/install/ament_cmake:/home/tmdals010126/zephyrproject/zephyr/micro_ros_tfm/modules/libmicroros/micro_ros_dev/install/ament_cmake_version:/home/tmdals010126/zephyrproject/zephyr/micro_ros_tfm/modules/libmicroros/micro_ros_dev/install/ament_cmake_vendor_package:/home/tmdals010126/zephyrproject/zephyr/micro_ros_tfm/modules/libmicroros/micro_ros_dev/install/ament_cmake_pytest:/home/tmdals010126/zephyrproject/zephyr/micro_ros_tfm/modules/libmicroros/micro_ros_dev/install/ament_cmake_nose:/home/tmdals010126/zephyrproject/zephyr/micro_ros_tfm/modules/libmicroros/micro_ros_dev/install/ament_cmake_mypy:/home/tmdals010126/zephyrproject/zephyr/micro_ros_tfm/modules/libmicroros/micro_ros_dev/install/ament_cmake_lint_cmake:/home/tmdals010126/zephyrproject/zephyr/micro_ros_tfm/modules/libmicroros/micro_ros_dev/install/ament_cmake_google_benchmark:/home/tmdals010126/zephyrproject/zephyr/micro_ros_tfm/modules/libmicroros/micro_ros_dev/install/ament_cmake_flake8:/home/tmdals010126/zephyrproject/zephyr/micro_ros_tfm/modules/libmicroros/micro_ros_dev/install/ament_cmake_cpplint:/home/tmdals010126/zephyrproject/zephyr/micro_ros_tfm/modules/libmicroros/micro_ros_dev/install/ament_cmake_cppcheck:/home/tmdals010126/zephyrproject/zephyr/micro_ros_tfm/modules/libmicroros/micro_ros_dev/install/ament_cmake_copyright:/home/tmdals010126/zephyrproject/zephyr/micro_ros_tfm/modules/libmicroros/micro_ros_dev/install/ament_cmake_clang_tidy:/home/tmdals010126/zephyrproject/zephyr/micro_ros_tfm/modules/libmicroros/micro_ros_dev/install/ament_cmake_clang_format:/home/tmdals010126/zephyrproject/zephyr/micro_ros_tfm/modules/libmicroros/micro_ros_dev/install/ament_cmake_test:/home/tmdals010126/zephyrproject/zephyr/micro_ros_tfm/modules/libmicroros/micro_ros_dev/install/ament_cmake_target_dependencies:/home/tmdals010126/zephyrproject/zephyr/micro_ros_tfm/modules/libmicroros/micro_ros_dev/install/ament_cmake_python:/home/tmdals010126/zephyrproject/zephyr/micro_ros_tfm/modules/libmicroros/micro_ros_dev/install/ament_cmake_export_dependencies:/home/tmdals010126/zephyrproject/zephyr/micro_ros_tfm/modules/libmicroros/micro_ros_dev/install/ament_cmake_libraries:/home/tmdals010126/zephyrproject/zephyr/micro_ros_tfm/modules/libmicroros/micro_ros_dev/install/ament_cmake_include_directories:/home/tmdals010126/zephyrproject/zephyr/micro_ros_tfm/modules/libmicroros/micro_ros_dev/install/ament_cmake_gen_version_h:/home/tmdals010126/zephyrproject/zephyr/micro_ros_tfm/modules/libmicroros/micro_ros_dev/install/ament_cmake_export_targets:/home/tmdals010126/zephyrproject/zephyr/micro_ros_tfm/modules/libmicroros/micro_ros_dev/install/ament_cmake_export_link_flags:/home/tmdals010126/zephyrproject/zephyr/micro_ros_tfm/modules/libmicroros/micro_ros_dev/install/ament_cmake_export_interfaces:/home/tmdals010126/zephyrproject/zephyr/micro_ros_tfm/modules/libmicroros/micro_ros_dev/install/ament_cmake_export_libraries:/home/tmdals010126/zephyrproject/zephyr/micro_ros_tfm/modules/libmicroros/micro_ros_dev/install/ament_cmake_export_include_directories:/home/tmdals010126/zephyrproject/zephyr/micro_ros_tfm/modules/libmicroros/micro_ros_dev/install/ament_cmake_export_definitions:/home/tmdals010126/zephyrproject/zephyr/micro_ros_tfm/modules/libmicroros/micro_ros_dev/install/ament_cmake_core:/home/tmdals010126/zephyrproject/zephyr/micro_ros_tfm/modules/libmicroros/micro_ros_dev/install/ament_index_cpp:/home/tmdals010126/zephyrproject/zephyr/micro_ros_tfm/modules/libmicroros/micro_ros_dev/install/domain_coordinator:/home/tmdals010126/zephyrproject/zephyr/micro_ros_tfm/modules/libmicroros/micro_ros_dev/install/ament_xmllint:/home/tmdals010126/zephyrproject/zephyr/micro_ros_tfm/modules/libmicroros/micro_ros_dev/install/ament_uncrustify:/home/tmdals010126/zephyrproject/zephyr/micro_ros_tfm/modules/libmicroros/micro_ros_dev/install/ament_pyflakes:/home/tmdals010126/zephyrproject/zephyr/micro_ros_tfm/modules/libmicroros/micro_ros_dev/install/ament_pycodestyle:/home/tmdals010126/zephyrproject/zephyr/micro_ros_tfm/modules/libmicroros/micro_ros_dev/install/ament_pep257:/home/tmdals010126/zephyrproject/zephyr/micro_ros_tfm/modules/libmicroros/micro_ros_dev/install/ament_pclint:/home/tmdals010126/zephyrproject/zephyr/micro_ros_tfm/modules/libmicroros/micro_ros_dev/install/ament_package:/home/tmdals010126/zephyrproject/zephyr/micro_ros_tfm/modules/libmicroros/micro_ros_dev/install/ament_mypy:/home/tmdals010126/zephyrproject/zephyr/micro_ros_tfm/modules/libmicroros/micro_ros_dev/install/ament_lint_cmake:/home/tmdals010126/zephyrproject/zephyr/micro_ros_tfm/modules/libmicroros/micro_ros_dev/install/ament_flake8:/home/tmdals010126/zephyrproject/zephyr/micro_ros_tfm/modules/libmicroros/micro_ros_dev/install/ament_copyright:/home/tmdals010126/zephyrproject/zephyr/micro_ros_tfm/modules/libmicroros/micro_ros_dev/install/ament_lint:/home/tmdals010126/zephyrproject/zephyr/micro_ros_tfm/modules/libmicroros/micro_ros_dev/install/ament_index_python:/home/tmdals010126/zephyrproject/zephyr/micro_ros_tfm/modules/libmicroros/micro_ros_dev/install/ament_cpplint:/home/tmdals010126/zephyrproject/zephyr/micro_ros_tfm/modules/libmicroros/micro_ros_dev/install/ament_cppcheck:/home/tmdals010126/zephyrproject/zephyr/micro_ros_tfm/modules/libmicroros/micro_ros_dev/install/ament_clang_tidy:/home/tmdals010126/zephyrproject/zephyr/micro_ros_tfm/modules/libmicroros/micro_ros_dev/install/ament_clang_format LD_LIBRARY_PATH=/home/tmdals010126/zephyrproject/zephyr/micro_ros_tfm/modules/libmicroros/micro_ros_src/install/lib:${LD_LIBRARY_PATH} PATH=/home/tmdals010126/zephyrproject/zephyr/micro_ros_tfm/modules/libmicroros/micro_ros_src/install/bin:${PATH} PYTHONPATH=/home/tmdals010126/zephyrproject/zephyr/micro_ros_tfm/modules/libmicroros/micro_ros_src/install/lib/python3.10/site-packages:${PYTHONPATH} /usr/local/bin/cmake --install /home/tmdals010126/zephyrproject/zephyr/micro_ros_tfm/modules/libmicroros/micro_ros_src/build/nav_msgs
[1.764s] -- Install configuration: "Release"
[1.765s] -- Installing: /home/tmdals010126/zephyrproject/zephyr/micro_ros_tfm/modules/libmicroros/micro_ros_src/install/share/ament_index/resource_index/rosidl_interfaces/nav_msgs
[1.765s] -- Up-to-date: /home/tmdals010126/zephyrproject/zephyr/micro_ros_tfm/modules/libmicroros/micro_ros_src/install/include/nav_msgs/nav_msgs
[1.765s] -- Up-to-date: /home/tmdals010126/zephyrproject/zephyr/micro_ros_tfm/modules/libmicroros/micro_ros_src/install/include/nav_msgs/nav_msgs/srv
[1.765s] -- Installing: /home/tmdals010126/zephyrproject/zephyr/micro_ros_tfm/modules/libmicroros/micro_ros_src/install/include/nav_msgs/nav_msgs/srv/get_map.h
[1.765s] -- Installing: /home/tmdals010126/zephyrproject/zephyr/micro_ros_tfm/modules/libmicroros/micro_ros_src/install/include/nav_msgs/nav_msgs/srv/get_plan.h
[1.765s] -- Installing: /home/tmdals010126/zephyrproject/zephyr/micro_ros_tfm/modules/libmicroros/micro_ros_src/install/include/nav_msgs/nav_msgs/srv/set_map.h
[1.765s] -- Up-to-date: /home/tmdals010126/zephyrproject/zephyr/micro_ros_tfm/modules/libmicroros/micro_ros_src/install/include/nav_msgs/nav_msgs/srv/detail
[1.765s] -- Installing: /home/tmdals010126/zephyrproject/zephyr/micro_ros_tfm/modules/libmicroros/micro_ros_src/install/include/nav_msgs/nav_msgs/srv/detail/set_map__struct.h
[1.765s] -- Installing: /home/tmdals010126/zephyrproject/zephyr/micro_ros_tfm/modules/libmicroros/micro_ros_src/install/include/nav_msgs/nav_msgs/srv/detail/get_plan__functions.c
[1.765s] -- Installing: /home/tmdals010126/zephyrproject/zephyr/micro_ros_tfm/modules/libmicroros/micro_ros_src/install/include/nav_msgs/nav_msgs/srv/detail/load_map__struct.h
[1.765s] -- Installing: /home/tmdals010126/zephyrproject/zephyr/micro_ros_tfm/modules/libmicroros/micro_ros_src/install/include/nav_msgs/nav_msgs/srv/detail/get_plan__struct.h
[1.765s] -- Installing: /home/tmdals010126/zephyrproject/zephyr/micro_ros_tfm/modules/libmicroros/micro_ros_src/install/include/nav_msgs/nav_msgs/srv/detail/get_plan__type_support.h
[1.766s] -- Installing: /home/tmdals010126/zephyrproject/zephyr/micro_ros_tfm/modules/libmicroros/micro_ros_src/install/include/nav_msgs/nav_msgs/srv/detail/get_plan__functions.h
[1.766s] -- Installing: /home/tmdals010126/zephyrproject/zephyr/micro_ros_tfm/modules/libmicroros/micro_ros_src/install/include/nav_msgs/nav_msgs/srv/detail/load_map__functions.c
[1.766s] -- Installing: /home/tmdals010126/zephyrproject/zephyr/micro_ros_tfm/modules/libmicroros/micro_ros_src/install/include/nav_msgs/nav_msgs/srv/detail/set_map__type_support.h
[1.766s] -- Installing: /home/tmdals010126/zephyrproject/zephyr/micro_ros_tfm/modules/libmicroros/micro_ros_src/install/include/nav_msgs/nav_msgs/srv/detail/get_map__functions.h
[1.766s] -- Installing: /home/tmdals010126/zephyrproject/zephyr/micro_ros_tfm/modules/libmicroros/micro_ros_src/install/include/nav_msgs/nav_msgs/srv/detail/load_map__type_support.h
[1.766s] -- Installing: /home/tmdals010126/zephyrproject/zephyr/micro_ros_tfm/modules/libmicroros/micro_ros_src/install/include/nav_msgs/nav_msgs/srv/detail/get_map__struct.h
[1.766s] -- Installing: /home/tmdals010126/zephyrproject/zephyr/micro_ros_tfm/modules/libmicroros/micro_ros_src/install/include/nav_msgs/nav_msgs/srv/detail/get_map__type_support.h
[1.766s] -- Installing: /home/tmdals010126/zephyrproject/zephyr/micro_ros_tfm/modules/libmicroros/micro_ros_src/install/include/nav_msgs/nav_msgs/srv/detail/set_map__functions.h
[1.766s] -- Installing: /home/tmdals010126/zephyrproject/zephyr/micro_ros_tfm/modules/libmicroros/micro_ros_src/install/include/nav_msgs/nav_msgs/srv/detail/set_map__functions.c
[1.766s] -- Installing: /home/tmdals010126/zephyrproject/zephyr/micro_ros_tfm/modules/libmicroros/micro_ros_src/install/include/nav_msgs/nav_msgs/srv/detail/get_map__functions.c
[1.766s] -- Installing: /home/tmdals010126/zephyrproject/zephyr/micro_ros_tfm/modules/libmicroros/micro_ros_src/install/include/nav_msgs/nav_msgs/srv/detail/load_map__functions.h
[1.767s] -- Installing: /home/tmdals010126/zephyrproject/zephyr/micro_ros_tfm/modules/libmicroros/micro_ros_src/install/include/nav_msgs/nav_msgs/srv/load_map.h
[1.767s] -- Up-to-date: /home/tmdals010126/zephyrproject/zephyr/micro_ros_tfm/modules/libmicroros/micro_ros_src/install/include/nav_msgs/nav_msgs/msg
[1.767s] -- Installing: /home/tmdals010126/zephyrproject/zephyr/micro_ros_tfm/modules/libmicroros/micro_ros_src/install/include/nav_msgs/nav_msgs/msg/map_meta_data.h
[1.767s] -- Installing: /home/tmdals010126/zephyrproject/zephyr/micro_ros_tfm/modules/libmicroros/micro_ros_src/install/include/nav_msgs/nav_msgs/msg/rosidl_generator_c__visibility_control.h
[1.767s] -- Up-to-date: /home/tmdals010126/zephyrproject/zephyr/micro_ros_tfm/modules/libmicroros/micro_ros_src/install/include/nav_msgs/nav_msgs/msg/detail
[1.767s] -- Installing: /home/tmdals010126/zephyrproject/zephyr/micro_ros_tfm/modules/libmicroros/micro_ros_src/install/include/nav_msgs/nav_msgs/msg/detail/occupancy_grid__functions.h
[1.767s] -- Installing: /home/tmdals010126/zephyrproject/zephyr/micro_ros_tfm/modules/libmicroros/micro_ros_src/install/include/nav_msgs/nav_msgs/msg/detail/map_meta_data__struct.h
[1.767s] -- Installing: /home/tmdals010126/zephyrproject/zephyr/micro_ros_tfm/modules/libmicroros/micro_ros_src/install/include/nav_msgs/nav_msgs/msg/detail/map_meta_data__functions.h
[1.767s] -- Installing: /home/tmdals010126/zephyrproject/zephyr/micro_ros_tfm/modules/libmicroros/micro_ros_src/install/include/nav_msgs/nav_msgs/msg/detail/grid_cells__functions.h
[1.767s] -- Installing: /home/tmdals010126/zephyrproject/zephyr/micro_ros_tfm/modules/libmicroros/micro_ros_src/install/include/nav_msgs/nav_msgs/msg/detail/grid_cells__functions.c
[1.767s] -- Installing: /home/tmdals010126/zephyrproject/zephyr/micro_ros_tfm/modules/libmicroros/micro_ros_src/install/include/nav_msgs/nav_msgs/msg/detail/path__struct.h
[1.767s] -- Installing: /home/tmdals010126/zephyrproject/zephyr/micro_ros_tfm/modules/libmicroros/micro_ros_src/install/include/nav_msgs/nav_msgs/msg/detail/grid_cells__type_support.h
[1.767s] -- Installing: /home/tmdals010126/zephyrproject/zephyr/micro_ros_tfm/modules/libmicroros/micro_ros_src/install/include/nav_msgs/nav_msgs/msg/detail/odometry__functions.h
[1.767s] -- Installing: /home/tmdals010126/zephyrproject/zephyr/micro_ros_tfm/modules/libmicroros/micro_ros_src/install/include/nav_msgs/nav_msgs/msg/detail/goals__struct.h
[1.768s] -- Installing: /home/tmdals010126/zephyrproject/zephyr/micro_ros_tfm/modules/libmicroros/micro_ros_src/install/include/nav_msgs/nav_msgs/msg/detail/goals__functions.c
[1.768s] -- Installing: /home/tmdals010126/zephyrproject/zephyr/micro_ros_tfm/modules/libmicroros/micro_ros_src/install/include/nav_msgs/nav_msgs/msg/detail/path__type_support.h
[1.768s] -- Installing: /home/tmdals010126/zephyrproject/zephyr/micro_ros_tfm/modules/libmicroros/micro_ros_src/install/include/nav_msgs/nav_msgs/msg/detail/goals__type_support.h
[1.768s] -- Installing: /home/tmdals010126/zephyrproject/zephyr/micro_ros_tfm/modules/libmicroros/micro_ros_src/install/include/nav_msgs/nav_msgs/msg/detail/odometry__functions.c
[1.768s] -- Installing: /home/tmdals010126/zephyrproject/zephyr/micro_ros_tfm/modules/libmicroros/micro_ros_src/install/include/nav_msgs/nav_msgs/msg/detail/path__functions.c
[1.768s] -- Installing: /home/tmdals010126/zephyrproject/zephyr/micro_ros_tfm/modules/libmicroros/micro_ros_src/install/include/nav_msgs/nav_msgs/msg/detail/map_meta_data__functions.c
[1.768s] -- Installing: /home/tmdals010126/zephyrproject/zephyr/micro_ros_tfm/modules/libmicroros/micro_ros_src/install/include/nav_msgs/nav_msgs/msg/detail/occupancy_grid__struct.h
[1.768s] -- Installing: /home/tmdals010126/zephyrproject/zephyr/micro_ros_tfm/modules/libmicroros/micro_ros_src/install/include/nav_msgs/nav_msgs/msg/detail/path__functions.h
[1.768s] -- Installing: /home/tmdals010126/zephyrproject/zephyr/micro_ros_tfm/modules/libmicroros/micro_ros_src/install/include/nav_msgs/nav_msgs/msg/detail/odometry__struct.h
[1.768s] -- Installing: /home/tmdals010126/zephyrproject/zephyr/micro_ros_tfm/modules/libmicroros/micro_ros_src/install/include/nav_msgs/nav_msgs/msg/detail/occupancy_grid__type_support.h
[1.768s] -- Installing: /home/tmdals010126/zephyrproject/zephyr/micro_ros_tfm/modules/libmicroros/micro_ros_src/install/include/nav_msgs/nav_msgs/msg/detail/occupancy_grid__functions.c
[1.768s] -- Installing: /home/tmdals010126/zephyrproject/zephyr/micro_ros_tfm/modules/libmicroros/micro_ros_src/install/include/nav_msgs/nav_msgs/msg/detail/grid_cells__struct.h
[1.768s] -- Installing: /home/tmdals010126/zephyrproject/zephyr/micro_ros_tfm/modules/libmicroros/micro_ros_src/install/include/nav_msgs/nav_msgs/msg/detail/map_meta_data__type_support.h
[1.768s] -- Installing: /home/tmdals010126/zephyrproject/zephyr/micro_ros_tfm/modules/libmicroros/micro_ros_src/install/include/nav_msgs/nav_msgs/msg/detail/goals__functions.h
[1.769s] -- Installing: /home/tmdals010126/zephyrproject/zephyr/micro_ros_tfm/modules/libmicroros/micro_ros_src/install/include/nav_msgs/nav_msgs/msg/detail/odometry__type_support.h
[1.769s] -- Installing: /home/tmdals010126/zephyrproject/zephyr/micro_ros_tfm/modules/libmicroros/micro_ros_src/install/include/nav_msgs/nav_msgs/msg/goals.h
[1.769s] -- Installing: /home/tmdals010126/zephyrproject/zephyr/micro_ros_tfm/modules/libmicroros/micro_ros_src/install/include/nav_msgs/nav_msgs/msg/occupancy_grid.h
[1.769s] -- Installing: /home/tmdals010126/zephyrproject/zephyr/micro_ros_tfm/modules/libmicroros/micro_ros_src/install/include/nav_msgs/nav_msgs/msg/path.h
[1.769s] -- Installing: /home/tmdals010126/zephyrproject/zephyr/micro_ros_tfm/modules/libmicroros/micro_ros_src/install/include/nav_msgs/nav_msgs/msg/grid_cells.h
[1.769s] -- Installing: /home/tmdals010126/zephyrproject/zephyr/micro_ros_tfm/modules/libmicroros/micro_ros_src/install/include/nav_msgs/nav_msgs/msg/odometry.h
[1.769s] -- Up-to-date: /home/tmdals010126/zephyrproject/zephyr/micro_ros_tfm/modules/libmicroros/micro_ros_src/install/share/nav_msgs/environment/library_path.sh
[1.769s] -- Installing: /home/tmdals010126/zephyrproject/zephyr/micro_ros_tfm/modules/libmicroros/micro_ros_src/install/share/nav_msgs/environment/library_path.dsv
[1.769s] -- Installing: /home/tmdals010126/zephyrproject/zephyr/micro_ros_tfm/modules/libmicroros/micro_ros_src/install/lib/libnav_msgs__rosidl_generator_c.a
[1.769s] -- Up-to-date: /home/tmdals010126/zephyrproject/zephyr/micro_ros_tfm/modules/libmicroros/micro_ros_src/install/include/nav_msgs/nav_msgs
[1.769s] -- Up-to-date: /home/tmdals010126/zephyrproject/zephyr/micro_ros_tfm/modules/libmicroros/micro_ros_src/install/include/nav_msgs/nav_msgs/srv
[1.769s] -- Up-to-date: /home/tmdals010126/zephyrproject/zephyr/micro_ros_tfm/modules/libmicroros/micro_ros_src/install/include/nav_msgs/nav_msgs/srv/detail
[1.769s] -- Installing: /home/tmdals010126/zephyrproject/zephyr/micro_ros_tfm/modules/libmicroros/micro_ros_src/install/include/nav_msgs/nav_msgs/srv/detail/set_map__rosidl_typesupport_introspection_c.h
[1.769s] -- Installing: /home/tmdals010126/zephyrproject/zephyr/micro_ros_tfm/modules/libmicroros/micro_ros_src/install/include/nav_msgs/nav_msgs/srv/detail/get_plan__rosidl_typesupport_introspection_c.h
[1.770s] -- Installing: /home/tmdals010126/zephyrproject/zephyr/micro_ros_tfm/modules/libmicroros/micro_ros_src/install/include/nav_msgs/nav_msgs/srv/detail/set_map__type_support.c
[1.770s] -- Installing: /home/tmdals010126/zephyrproject/zephyr/micro_ros_tfm/modules/libmicroros/micro_ros_src/install/include/nav_msgs/nav_msgs/srv/detail/get_map__type_support.c
[1.770s] -- Installing: /home/tmdals010126/zephyrproject/zephyr/micro_ros_tfm/modules/libmicroros/micro_ros_src/install/include/nav_msgs/nav_msgs/srv/detail/load_map__type_support.c
[1.770s] -- Installing: /home/tmdals010126/zephyrproject/zephyr/micro_ros_tfm/modules/libmicroros/micro_ros_src/install/include/nav_msgs/nav_msgs/srv/detail/get_plan__type_support.c
[1.770s] -- Installing: /home/tmdals010126/zephyrproject/zephyr/micro_ros_tfm/modules/libmicroros/micro_ros_src/install/include/nav_msgs/nav_msgs/srv/detail/load_map__rosidl_typesupport_introspection_c.h
[1.770s] -- Installing: /home/tmdals010126/zephyrproject/zephyr/micro_ros_tfm/modules/libmicroros/micro_ros_src/install/include/nav_msgs/nav_msgs/srv/detail/get_map__rosidl_typesupport_introspection_c.h
[1.770s] -- Up-to-date: /home/tmdals010126/zephyrproject/zephyr/micro_ros_tfm/modules/libmicroros/micro_ros_src/install/include/nav_msgs/nav_msgs/msg
[1.770s] -- Up-to-date: /home/tmdals010126/zephyrproject/zephyr/micro_ros_tfm/modules/libmicroros/micro_ros_src/install/include/nav_msgs/nav_msgs/msg/detail
[1.770s] -- Installing: /home/tmdals010126/zephyrproject/zephyr/micro_ros_tfm/modules/libmicroros/micro_ros_src/install/include/nav_msgs/nav_msgs/msg/detail/grid_cells__type_support.c
[1.770s] -- Installing: /home/tmdals010126/zephyrproject/zephyr/micro_ros_tfm/modules/libmicroros/micro_ros_src/install/include/nav_msgs/nav_msgs/msg/detail/occupancy_grid__type_support.c
[1.770s] -- Installing: /home/tmdals010126/zephyrproject/zephyr/micro_ros_tfm/modules/libmicroros/micro_ros_src/install/include/nav_msgs/nav_msgs/msg/detail/map_meta_data__type_support.c
[1.770s] -- Installing: /home/tmdals010126/zephyrproject/zephyr/micro_ros_tfm/modules/libmicroros/micro_ros_src/install/include/nav_msgs/nav_msgs/msg/detail/map_meta_data__rosidl_typesupport_introspection_c.h
[1.770s] -- Installing: /home/tmdals010126/zephyrproject/zephyr/micro_ros_tfm/modules/libmicroros/micro_ros_src/install/include/nav_msgs/nav_msgs/msg/detail/grid_cells__rosidl_typesupport_introspection_c.h
[1.771s] -- Installing: /home/tmdals010126/zephyrproject/zephyr/micro_ros_tfm/modules/libmicroros/micro_ros_src/install/include/nav_msgs/nav_msgs/msg/detail/goals__type_support.c
[1.771s] -- Installing: /home/tmdals010126/zephyrproject/zephyr/micro_ros_tfm/modules/libmicroros/micro_ros_src/install/include/nav_msgs/nav_msgs/msg/detail/goals__rosidl_typesupport_introspection_c.h
[1.771s] -- Installing: /home/tmdals010126/zephyrproject/zephyr/micro_ros_tfm/modules/libmicroros/micro_ros_src/install/include/nav_msgs/nav_msgs/msg/detail/occupancy_grid__rosidl_typesupport_introspection_c.h
[1.771s] -- Installing: /home/tmdals010126/zephyrproject/zephyr/micro_ros_tfm/modules/libmicroros/micro_ros_src/install/include/nav_msgs/nav_msgs/msg/detail/path__rosidl_typesupport_introspection_c.h
[1.771s] -- Installing: /home/tmdals010126/zephyrproject/zephyr/micro_ros_tfm/modules/libmicroros/micro_ros_src/install/include/nav_msgs/nav_msgs/msg/detail/odometry__type_support.c
[1.771s] -- Installing: /home/tmdals010126/zephyrproject/zephyr/micro_ros_tfm/modules/libmicroros/micro_ros_src/install/include/nav_msgs/nav_msgs/msg/detail/path__type_support.c
[1.771s] -- Installing: /home/tmdals010126/zephyrproject/zephyr/micro_ros_tfm/modules/libmicroros/micro_ros_src/install/include/nav_msgs/nav_msgs/msg/detail/odometry__rosidl_typesupport_introspection_c.h
[1.771s] -- Installing: /home/tmdals010126/zephyrproject/zephyr/micro_ros_tfm/modules/libmicroros/micro_ros_src/install/include/nav_msgs/nav_msgs/msg/rosidl_typesupport_introspection_c__visibility_control.h
[1.771s] -- Installing: /home/tmdals010126/zephyrproject/zephyr/micro_ros_tfm/modules/libmicroros/micro_ros_src/install/lib/libnav_msgs__rosidl_typesupport_introspection_c.a
[1.771s] -- Up-to-date: /home/tmdals010126/zephyrproject/zephyr/micro_ros_tfm/modules/libmicroros/micro_ros_src/install/include/nav_msgs
[1.771s] -- Up-to-date: /home/tmdals010126/zephyrproject/zephyr/micro_ros_tfm/modules/libmicroros/micro_ros_src/install/include/nav_msgs/srv
[1.771s] -- Up-to-date: /home/tmdals010126/zephyrproject/zephyr/micro_ros_tfm/modules/libmicroros/micro_ros_src/install/include/nav_msgs/srv/detail
[1.771s] -- Installing: /home/tmdals010126/zephyrproject/zephyr/micro_ros_tfm/modules/libmicroros/micro_ros_src/install/include/nav_msgs/srv/detail/get_map__rosidl_typesupport_microxrcedds_c.h
[1.772s] -- Installing: /home/tmdals010126/zephyrproject/zephyr/micro_ros_tfm/modules/libmicroros/micro_ros_src/install/include/nav_msgs/srv/detail/load_map__rosidl_typesupport_microxrcedds_c.h
[1.772s] -- Up-to-date: /home/tmdals010126/zephyrproject/zephyr/micro_ros_tfm/modules/libmicroros/micro_ros_src/install/include/nav_msgs/srv/detail/microxrcedds
[1.772s] -- Installing: /home/tmdals010126/zephyrproject/zephyr/micro_ros_tfm/modules/libmicroros/micro_ros_src/install/include/nav_msgs/srv/detail/get_plan__rosidl_typesupport_microxrcedds_c.h
[1.772s] -- Installing: /home/tmdals010126/zephyrproject/zephyr/micro_ros_tfm/modules/libmicroros/micro_ros_src/install/include/nav_msgs/srv/detail/set_map__rosidl_typesupport_microxrcedds_c.h
[1.772s] -- Up-to-date: /home/tmdals010126/zephyrproject/zephyr/micro_ros_tfm/modules/libmicroros/micro_ros_src/install/include/nav_msgs/msg
[1.772s] -- Up-to-date: /home/tmdals010126/zephyrproject/zephyr/micro_ros_tfm/modules/libmicroros/micro_ros_src/install/include/nav_msgs/msg/detail
[1.772s] -- Installing: /home/tmdals010126/zephyrproject/zephyr/micro_ros_tfm/modules/libmicroros/micro_ros_src/install/include/nav_msgs/msg/detail/map_meta_data__rosidl_typesupport_microxrcedds_c.h
[1.772s] -- Installing: /home/tmdals010126/zephyrproject/zephyr/micro_ros_tfm/modules/libmicroros/micro_ros_src/install/include/nav_msgs/msg/detail/odometry__rosidl_typesupport_microxrcedds_c.h
[1.773s] -- Up-to-date: /home/tmdals010126/zephyrproject/zephyr/micro_ros_tfm/modules/libmicroros/micro_ros_src/install/include/nav_msgs/msg/detail/microxrcedds
[1.773s] -- Installing: /home/tmdals010126/zephyrproject/zephyr/micro_ros_tfm/modules/libmicroros/micro_ros_src/install/include/nav_msgs/msg/detail/grid_cells__rosidl_typesupport_microxrcedds_c.h
[1.773s] -- Installing: /home/tmdals010126/zephyrproject/zephyr/micro_ros_tfm/modules/libmicroros/micro_ros_src/install/include/nav_msgs/msg/detail/path__rosidl_typesupport_microxrcedds_c.h
[1.773s] -- Installing: /home/tmdals010126/zephyrproject/zephyr/micro_ros_tfm/modules/libmicroros/micro_ros_src/install/include/nav_msgs/msg/detail/goals__rosidl_typesupport_microxrcedds_c.h
[1.773s] -- Installing: /home/tmdals010126/zephyrproject/zephyr/micro_ros_tfm/modules/libmicroros/micro_ros_src/install/include/nav_msgs/msg/detail/occupancy_grid__rosidl_typesupport_microxrcedds_c.h
[1.773s] -- Installing: /home/tmdals010126/zephyrproject/zephyr/micro_ros_tfm/modules/libmicroros/micro_ros_src/install/include/nav_msgs/msg/rosidl_typesupport_microxrcedds_c__visibility_control.h
[1.773s] -- Installing: /home/tmdals010126/zephyrproject/zephyr/micro_ros_tfm/modules/libmicroros/micro_ros_src/install/lib/libnav_msgs__rosidl_typesupport_microxrcedds_c.a
[1.773s] -- Installing: /home/tmdals010126/zephyrproject/zephyr/micro_ros_tfm/modules/libmicroros/micro_ros_src/install/lib/libnav_msgs__rosidl_typesupport_c.a
[1.773s] -- Installing: /home/tmdals010126/zephyrproject/zephyr/micro_ros_tfm/modules/libmicroros/micro_ros_src/install/share/nav_msgs/msg/Goals.idl
[1.773s] -- Installing: /home/tmdals010126/zephyrproject/zephyr/micro_ros_tfm/modules/libmicroros/micro_ros_src/install/share/nav_msgs/msg/GridCells.idl
[1.773s] -- Installing: /home/tmdals010126/zephyrproject/zephyr/micro_ros_tfm/modules/libmicroros/micro_ros_src/install/share/nav_msgs/msg/MapMetaData.idl
[1.773s] -- Installing: /home/tmdals010126/zephyrproject/zephyr/micro_ros_tfm/modules/libmicroros/micro_ros_src/install/share/nav_msgs/msg/OccupancyGrid.idl
[1.773s] -- Installing: /home/tmdals010126/zephyrproject/zephyr/micro_ros_tfm/modules/libmicroros/micro_ros_src/install/share/nav_msgs/msg/Odometry.idl
[1.773s] -- Installing: /home/tmdals010126/zephyrproject/zephyr/micro_ros_tfm/modules/libmicroros/micro_ros_src/install/share/nav_msgs/msg/Path.idl
[1.773s] -- Installing: /home/tmdals010126/zephyrproject/zephyr/micro_ros_tfm/modules/libmicroros/micro_ros_src/install/share/nav_msgs/srv/GetMap.idl
[1.773s] -- Installing: /home/tmdals010126/zephyrproject/zephyr/micro_ros_tfm/modules/libmicroros/micro_ros_src/install/share/nav_msgs/srv/GetPlan.idl
[1.773s] -- Installing: /home/tmdals010126/zephyrproject/zephyr/micro_ros_tfm/modules/libmicroros/micro_ros_src/install/share/nav_msgs/srv/LoadMap.idl
[1.773s] -- Installing: /home/tmdals010126/zephyrproject/zephyr/micro_ros_tfm/modules/libmicroros/micro_ros_src/install/share/nav_msgs/srv/SetMap.idl
[1.774s] -- Up-to-date: /home/tmdals010126/zephyrproject/zephyr/micro_ros_tfm/modules/libmicroros/micro_ros_src/install/share/nav_msgs/msg/Goals.msg
[1.774s] -- Up-to-date: /home/tmdals010126/zephyrproject/zephyr/micro_ros_tfm/modules/libmicroros/micro_ros_src/install/share/nav_msgs/msg/GridCells.msg
[1.774s] -- Up-to-date: /home/tmdals010126/zephyrproject/zephyr/micro_ros_tfm/modules/libmicroros/micro_ros_src/install/share/nav_msgs/msg/MapMetaData.msg
[1.774s] -- Up-to-date: /home/tmdals010126/zephyrproject/zephyr/micro_ros_tfm/modules/libmicroros/micro_ros_src/install/share/nav_msgs/msg/OccupancyGrid.msg
[1.774s] -- Up-to-date: /home/tmdals010126/zephyrproject/zephyr/micro_ros_tfm/modules/libmicroros/micro_ros_src/install/share/nav_msgs/msg/Odometry.msg
[1.774s] -- Up-to-date: /home/tmdals010126/zephyrproject/zephyr/micro_ros_tfm/modules/libmicroros/micro_ros_src/install/share/nav_msgs/msg/Path.msg
[1.774s] -- Up-to-date: /home/tmdals010126/zephyrproject/zephyr/micro_ros_tfm/modules/libmicroros/micro_ros_src/install/share/nav_msgs/srv/GetMap.srv
[1.774s] -- Installing: /home/tmdals010126/zephyrproject/zephyr/micro_ros_tfm/modules/libmicroros/micro_ros_src/install/share/nav_msgs/srv/GetMap_Request.msg
[1.774s] -- Installing: /home/tmdals010126/zephyrproject/zephyr/micro_ros_tfm/modules/libmicroros/micro_ros_src/install/share/nav_msgs/srv/GetMap_Response.msg
[1.774s] -- Up-to-date: /home/tmdals010126/zephyrproject/zephyr/micro_ros_tfm/modules/libmicroros/micro_ros_src/install/share/nav_msgs/srv/GetPlan.srv
[1.774s] -- Installing: /home/tmdals010126/zephyrproject/zephyr/micro_ros_tfm/modules/libmicroros/micro_ros_src/install/share/nav_msgs/srv/GetPlan_Request.msg
[1.774s] -- Installing: /home/tmdals010126/zephyrproject/zephyr/micro_ros_tfm/modules/libmicroros/micro_ros_src/install/share/nav_msgs/srv/GetPlan_Response.msg
[1.774s] -- Up-to-date: /home/tmdals010126/zephyrproject/zephyr/micro_ros_tfm/modules/libmicroros/micro_ros_src/install/share/nav_msgs/srv/LoadMap.srv
[1.774s] -- Installing: /home/tmdals010126/zephyrproject/zephyr/micro_ros_tfm/modules/libmicroros/micro_ros_src/install/share/nav_msgs/srv/LoadMap_Request.msg
[1.774s] -- Installing: /home/tmdals010126/zephyrproject/zephyr/micro_ros_tfm/modules/libmicroros/micro_ros_src/install/share/nav_msgs/srv/LoadMap_Response.msg
[1.774s] -- Up-to-date: /home/tmdals010126/zephyrproject/zephyr/micro_ros_tfm/modules/libmicroros/micro_ros_src/install/share/nav_msgs/srv/SetMap.srv
[1.774s] -- Installing: /home/tmdals010126/zephyrproject/zephyr/micro_ros_tfm/modules/libmicroros/micro_ros_src/install/share/nav_msgs/srv/SetMap_Request.msg
[1.774s] -- Installing: /home/tmdals010126/zephyrproject/zephyr/micro_ros_tfm/modules/libmicroros/micro_ros_src/install/share/nav_msgs/srv/SetMap_Response.msg
[1.774s] -- Installing: /home/tmdals010126/zephyrproject/zephyr/micro_ros_tfm/modules/libmicroros/micro_ros_src/install/share/ament_index/resource_index/package_run_dependencies/nav_msgs
[1.774s] -- Installing: /home/tmdals010126/zephyrproject/zephyr/micro_ros_tfm/modules/libmicroros/micro_ros_src/install/share/ament_index/resource_index/parent_prefix_path/nav_msgs
[1.774s] -- Up-to-date: /home/tmdals010126/zephyrproject/zephyr/micro_ros_tfm/modules/libmicroros/micro_ros_src/install/share/nav_msgs/environment/ament_prefix_path.sh
[1.774s] -- Installing: /home/tmdals010126/zephyrproject/zephyr/micro_ros_tfm/modules/libmicroros/micro_ros_src/install/share/nav_msgs/environment/ament_prefix_path.dsv
[1.774s] -- Up-to-date: /home/tmdals010126/zephyrproject/zephyr/micro_ros_tfm/modules/libmicroros/micro_ros_src/install/share/nav_msgs/environment/path.sh
[1.774s] -- Installing: /home/tmdals010126/zephyrproject/zephyr/micro_ros_tfm/modules/libmicroros/micro_ros_src/install/share/nav_msgs/environment/path.dsv
[1.774s] -- Installing: /home/tmdals010126/zephyrproject/zephyr/micro_ros_tfm/modules/libmicroros/micro_ros_src/install/share/nav_msgs/local_setup.bash
[1.774s] -- Installing: /home/tmdals010126/zephyrproject/zephyr/micro_ros_tfm/modules/libmicroros/micro_ros_src/install/share/nav_msgs/local_setup.sh
[1.774s] -- Installing: /home/tmdals010126/zephyrproject/zephyr/micro_ros_tfm/modules/libmicroros/micro_ros_src/install/share/nav_msgs/local_setup.zsh
[1.774s] -- Installing: /home/tmdals010126/zephyrproject/zephyr/micro_ros_tfm/modules/libmicroros/micro_ros_src/install/share/nav_msgs/local_setup.dsv
[1.774s] -- Installing: /home/tmdals010126/zephyrproject/zephyr/micro_ros_tfm/modules/libmicroros/micro_ros_src/install/share/nav_msgs/package.dsv
[1.775s] -- Installing: /home/tmdals010126/zephyrproject/zephyr/micro_ros_tfm/modules/libmicroros/micro_ros_src/install/share/ament_index/resource_index/packages/nav_msgs
[1.775s] -- Installing: /home/tmdals010126/zephyrproject/zephyr/micro_ros_tfm/modules/libmicroros/micro_ros_src/install/share/nav_msgs/cmake/export_nav_msgs__rosidl_generator_cExport.cmake
[1.775s] -- Installing: /home/tmdals010126/zephyrproject/zephyr/micro_ros_tfm/modules/libmicroros/micro_ros_src/install/share/nav_msgs/cmake/export_nav_msgs__rosidl_generator_cExport-release.cmake
[1.775s] -- Installing: /home/tmdals010126/zephyrproject/zephyr/micro_ros_tfm/modules/libmicroros/micro_ros_src/install/share/nav_msgs/cmake/nav_msgs__rosidl_typesupport_introspection_cExport.cmake
[1.775s] -- Installing: /home/tmdals010126/zephyrproject/zephyr/micro_ros_tfm/modules/libmicroros/micro_ros_src/install/share/nav_msgs/cmake/nav_msgs__rosidl_typesupport_introspection_cExport-release.cmake
[1.775s] -- Installing: /home/tmdals010126/zephyrproject/zephyr/micro_ros_tfm/modules/libmicroros/micro_ros_src/install/share/nav_msgs/cmake/nav_msgs__rosidl_typesupport_cExport.cmake
[1.775s] -- Installing: /home/tmdals010126/zephyrproject/zephyr/micro_ros_tfm/modules/libmicroros/micro_ros_src/install/share/nav_msgs/cmake/nav_msgs__rosidl_typesupport_cExport-release.cmake
[1.775s] -- Installing: /home/tmdals010126/zephyrproject/zephyr/micro_ros_tfm/modules/libmicroros/micro_ros_src/install/share/nav_msgs/cmake/rosidl_cmake-extras.cmake
[1.775s] -- Installing: /home/tmdals010126/zephyrproject/zephyr/micro_ros_tfm/modules/libmicroros/micro_ros_src/install/share/nav_msgs/cmake/ament_cmake_export_dependencies-extras.cmake
[1.775s] -- Installing: /home/tmdals010126/zephyrproject/zephyr/micro_ros_tfm/modules/libmicroros/micro_ros_src/install/share/nav_msgs/cmake/ament_cmake_export_include_directories-extras.cmake
[1.775s] -- Installing: /home/tmdals010126/zephyrproject/zephyr/micro_ros_tfm/modules/libmicroros/micro_ros_src/install/share/nav_msgs/cmake/ament_cmake_export_libraries-extras.cmake
[1.775s] -- Installing: /home/tmdals010126/zephyrproject/zephyr/micro_ros_tfm/modules/libmicroros/micro_ros_src/install/share/nav_msgs/cmake/ament_cmake_export_targets-extras.cmake
[1.775s] -- Installing: /home/tmdals010126/zephyrproject/zephyr/micro_ros_tfm/modules/libmicroros/micro_ros_src/install/share/nav_msgs/cmake/rosidl_cmake_export_typesupport_targets-extras.cmake
[1.775s] -- Installing: /home/tmdals010126/zephyrproject/zephyr/micro_ros_tfm/modules/libmicroros/micro_ros_src/install/share/nav_msgs/cmake/rosidl_cmake_export_typesupport_libraries-extras.cmake
[1.775s] -- Installing: /home/tmdals010126/zephyrproject/zephyr/micro_ros_tfm/modules/libmicroros/micro_ros_src/install/share/nav_msgs/cmake/nav_msgsConfig.cmake
[1.775s] -- Installing: /home/tmdals010126/zephyrproject/zephyr/micro_ros_tfm/modules/libmicroros/micro_ros_src/install/share/nav_msgs/cmake/nav_msgsConfig-version.cmake
[1.775s] -- Up-to-date: /home/tmdals010126/zephyrproject/zephyr/micro_ros_tfm/modules/libmicroros/micro_ros_src/install/share/nav_msgs/package.xml
[1.775s] Invoked command in '/home/tmdals010126/zephyrproject/zephyr/micro_ros_tfm/modules/libmicroros/micro_ros_src/build/nav_msgs' returned '0': AMENT_PREFIX_PATH=/home/tmdals010126/zephyrproject/zephyr/micro_ros_tfm/modules/libmicroros/micro_ros_src/install:${AMENT_PREFIX_PATH} CMAKE_PREFIX_PATH=/home/tmdals010126/zephyrproject/zephyr/micro_ros_tfm/modules/libmicroros/micro_ros_src/install:/home/tmdals010126/zephyrproject/zephyr/micro_ros_tfm/modules/libmicroros/micro_ros_dev/install/ament_cmake_ros:/home/tmdals010126/zephyrproject/zephyr/micro_ros_tfm/modules/libmicroros/micro_ros_dev/install/ament_cmake_auto:/home/tmdals010126/zephyrproject/zephyr/micro_ros_tfm/modules/libmicroros/micro_ros_dev/install/ament_cmake_gmock:/home/tmdals010126/zephyrproject/zephyr/micro_ros_tfm/modules/libmicroros/micro_ros_dev/install/gmock_vendor:/home/tmdals010126/zephyrproject/zephyr/micro_ros_tfm/modules/libmicroros/micro_ros_dev/install/ament_cmake_gtest:/home/tmdals010126/zephyrproject/zephyr/micro_ros_tfm/modules/libmicroros/micro_ros_dev/install/gtest_vendor:/home/tmdals010126/zephyrproject/zephyr/micro_ros_tfm/modules/libmicroros/micro_ros_dev/install/ament_lint_common:/home/tmdals010126/zephyrproject/zephyr/micro_ros_tfm/modules/libmicroros/micro_ros_dev/install/ament_cmake_xmllint:/home/tmdals010126/zephyrproject/zephyr/micro_ros_tfm/modules/libmicroros/micro_ros_dev/install/ament_cmake_uncrustify:/home/tmdals010126/zephyrproject/zephyr/micro_ros_tfm/modules/libmicroros/micro_ros_dev/install/ament_cmake_pyflakes:/home/tmdals010126/zephyrproject/zephyr/micro_ros_tfm/modules/libmicroros/micro_ros_dev/install/ament_cmake_pycodestyle:/home/tmdals010126/zephyrproject/zephyr/micro_ros_tfm/modules/libmicroros/micro_ros_dev/install/ament_cmake_pep257:/home/tmdals010126/zephyrproject/zephyr/micro_ros_tfm/modules/libmicroros/micro_ros_dev/install/ament_cmake_pclint:/home/tmdals010126/zephyrproject/zephyr/micro_ros_tfm/modules/libmicroros/micro_ros_dev/install/ament_lint_auto:/home/tmdals010126/zephyrproject/zephyr/micro_ros_tfm/modules/libmicroros/micro_ros_dev/install/ament_cmake:/home/tmdals010126/zephyrproject/zephyr/micro_ros_tfm/modules/libmicroros/micro_ros_dev/install/ament_cmake_version:/home/tmdals010126/zephyrproject/zephyr/micro_ros_tfm/modules/libmicroros/micro_ros_dev/install/ament_cmake_vendor_package:/home/tmdals010126/zephyrproject/zephyr/micro_ros_tfm/modules/libmicroros/micro_ros_dev/install/ament_cmake_pytest:/home/tmdals010126/zephyrproject/zephyr/micro_ros_tfm/modules/libmicroros/micro_ros_dev/install/ament_cmake_nose:/home/tmdals010126/zephyrproject/zephyr/micro_ros_tfm/modules/libmicroros/micro_ros_dev/install/ament_cmake_mypy:/home/tmdals010126/zephyrproject/zephyr/micro_ros_tfm/modules/libmicroros/micro_ros_dev/install/ament_cmake_lint_cmake:/home/tmdals010126/zephyrproject/zephyr/micro_ros_tfm/modules/libmicroros/micro_ros_dev/install/ament_cmake_google_benchmark:/home/tmdals010126/zephyrproject/zephyr/micro_ros_tfm/modules/libmicroros/micro_ros_dev/install/ament_cmake_flake8:/home/tmdals010126/zephyrproject/zephyr/micro_ros_tfm/modules/libmicroros/micro_ros_dev/install/ament_cmake_cpplint:/home/tmdals010126/zephyrproject/zephyr/micro_ros_tfm/modules/libmicroros/micro_ros_dev/install/ament_cmake_cppcheck:/home/tmdals010126/zephyrproject/zephyr/micro_ros_tfm/modules/libmicroros/micro_ros_dev/install/ament_cmake_copyright:/home/tmdals010126/zephyrproject/zephyr/micro_ros_tfm/modules/libmicroros/micro_ros_dev/install/ament_cmake_clang_tidy:/home/tmdals010126/zephyrproject/zephyr/micro_ros_tfm/modules/libmicroros/micro_ros_dev/install/ament_cmake_clang_format:/home/tmdals010126/zephyrproject/zephyr/micro_ros_tfm/modules/libmicroros/micro_ros_dev/install/ament_cmake_test:/home/tmdals010126/zephyrproject/zephyr/micro_ros_tfm/modules/libmicroros/micro_ros_dev/install/ament_cmake_target_dependencies:/home/tmdals010126/zephyrproject/zephyr/micro_ros_tfm/modules/libmicroros/micro_ros_dev/install/ament_cmake_python:/home/tmdals010126/zephyrproject/zephyr/micro_ros_tfm/modules/libmicroros/micro_ros_dev/install/ament_cmake_export_dependencies:/home/tmdals010126/zephyrproject/zephyr/micro_ros_tfm/modules/libmicroros/micro_ros_dev/install/ament_cmake_libraries:/home/tmdals010126/zephyrproject/zephyr/micro_ros_tfm/modules/libmicroros/micro_ros_dev/install/ament_cmake_include_directories:/home/tmdals010126/zephyrproject/zephyr/micro_ros_tfm/modules/libmicroros/micro_ros_dev/install/ament_cmake_gen_version_h:/home/tmdals010126/zephyrproject/zephyr/micro_ros_tfm/modules/libmicroros/micro_ros_dev/install/ament_cmake_export_targets:/home/tmdals010126/zephyrproject/zephyr/micro_ros_tfm/modules/libmicroros/micro_ros_dev/install/ament_cmake_export_link_flags:/home/tmdals010126/zephyrproject/zephyr/micro_ros_tfm/modules/libmicroros/micro_ros_dev/install/ament_cmake_export_interfaces:/home/tmdals010126/zephyrproject/zephyr/micro_ros_tfm/modules/libmicroros/micro_ros_dev/install/ament_cmake_export_libraries:/home/tmdals010126/zephyrproject/zephyr/micro_ros_tfm/modules/libmicroros/micro_ros_dev/install/ament_cmake_export_include_directories:/home/tmdals010126/zephyrproject/zephyr/micro_ros_tfm/modules/libmicroros/micro_ros_dev/install/ament_cmake_export_definitions:/home/tmdals010126/zephyrproject/zephyr/micro_ros_tfm/modules/libmicroros/micro_ros_dev/install/ament_cmake_core:/home/tmdals010126/zephyrproject/zephyr/micro_ros_tfm/modules/libmicroros/micro_ros_dev/install/ament_index_cpp:/home/tmdals010126/zephyrproject/zephyr/micro_ros_tfm/modules/libmicroros/micro_ros_dev/install/domain_coordinator:/home/tmdals010126/zephyrproject/zephyr/micro_ros_tfm/modules/libmicroros/micro_ros_dev/install/ament_xmllint:/home/tmdals010126/zephyrproject/zephyr/micro_ros_tfm/modules/libmicroros/micro_ros_dev/install/ament_uncrustify:/home/tmdals010126/zephyrproject/zephyr/micro_ros_tfm/modules/libmicroros/micro_ros_dev/install/ament_pyflakes:/home/tmdals010126/zephyrproject/zephyr/micro_ros_tfm/modules/libmicroros/micro_ros_dev/install/ament_pycodestyle:/home/tmdals010126/zephyrproject/zephyr/micro_ros_tfm/modules/libmicroros/micro_ros_dev/install/ament_pep257:/home/tmdals010126/zephyrproject/zephyr/micro_ros_tfm/modules/libmicroros/micro_ros_dev/install/ament_pclint:/home/tmdals010126/zephyrproject/zephyr/micro_ros_tfm/modules/libmicroros/micro_ros_dev/install/ament_package:/home/tmdals010126/zephyrproject/zephyr/micro_ros_tfm/modules/libmicroros/micro_ros_dev/install/ament_mypy:/home/tmdals010126/zephyrproject/zephyr/micro_ros_tfm/modules/libmicroros/micro_ros_dev/install/ament_lint_cmake:/home/tmdals010126/zephyrproject/zephyr/micro_ros_tfm/modules/libmicroros/micro_ros_dev/install/ament_flake8:/home/tmdals010126/zephyrproject/zephyr/micro_ros_tfm/modules/libmicroros/micro_ros_dev/install/ament_copyright:/home/tmdals010126/zephyrproject/zephyr/micro_ros_tfm/modules/libmicroros/micro_ros_dev/install/ament_lint:/home/tmdals010126/zephyrproject/zephyr/micro_ros_tfm/modules/libmicroros/micro_ros_dev/install/ament_index_python:/home/tmdals010126/zephyrproject/zephyr/micro_ros_tfm/modules/libmicroros/micro_ros_dev/install/ament_cpplint:/home/tmdals010126/zephyrproject/zephyr/micro_ros_tfm/modules/libmicroros/micro_ros_dev/install/ament_cppcheck:/home/tmdals010126/zephyrproject/zephyr/micro_ros_tfm/modules/libmicroros/micro_ros_dev/install/ament_clang_tidy:/home/tmdals010126/zephyrproject/zephyr/micro_ros_tfm/modules/libmicroros/micro_ros_dev/install/ament_clang_format LD_LIBRARY_PATH=/home/tmdals010126/zephyrproject/zephyr/micro_ros_tfm/modules/libmicroros/micro_ros_src/install/lib:${LD_LIBRARY_PATH} PATH=/home/tmdals010126/zephyrproject/zephyr/micro_ros_tfm/modules/libmicroros/micro_ros_src/install/bin:${PATH} PYTHONPATH=/home/tmdals010126/zephyrproject/zephyr/micro_ros_tfm/modules/libmicroros/micro_ros_src/install/lib/python3.10/site-packages:${PYTHONPATH} /usr/local/bin/cmake --install /home/tmdals010126/zephyrproject/zephyr/micro_ros_tfm/modules/libmicroros/micro_ros_src/build/nav_msgs
