/home/tmdals010126/zephyrproject/.venv/lib/python3.10/site-packages/setuptools/_distutils/dist.py:289: UserWarning: Unknown distribution option: 'tests_require'
  warnings.warn(msg)
/home/tmdals010126/zephyrproject/.venv/lib/python3.10/site-packages/setuptools/dist.py:759: SetuptoolsDeprecationWarning: License classifiers are deprecated.
!!

        ********************************************************************************
        Please consider removing the following classifiers in favor of a SPDX license expression:

        License :: OSI Approved :: Apache Software License

        See https://packaging.python.org/en/latest/guides/writing-pyproject-toml/#license for details.
        ********************************************************************************

!!
  self._finalize_license_expression()
running egg_info
writing ../../../build/rosidl_cli/rosidl_cli.egg-info/PKG-INFO
writing dependency_links to ../../../build/rosidl_cli/rosidl_cli.egg-info/dependency_links.txt
writing entry points to ../../../build/rosidl_cli/rosidl_cli.egg-info/entry_points.txt
writing requirements to ../../../build/rosidl_cli/rosidl_cli.egg-info/requires.txt
writing top-level names to ../../../build/rosidl_cli/rosidl_cli.egg-info/top_level.txt
writing manifest file '../../../build/rosidl_cli/rosidl_cli.egg-info/SOURCES.txt'
running build
running build_py
copying rosidl_cli/cli.py -> /home/tmdals010126/zephyrproject/zephyr/micro_ros_tfm/modules/libmicroros/micro_ros_src/build/rosidl_cli/build/lib/rosidl_cli
copying rosidl_cli/__init__.py -> /home/tmdals010126/zephyrproject/zephyr/micro_ros_tfm/modules/libmicroros/micro_ros_src/build/rosidl_cli/build/lib/rosidl_cli
copying rosidl_cli/common.py -> /home/tmdals010126/zephyrproject/zephyr/micro_ros_tfm/modules/libmicroros/micro_ros_src/build/rosidl_cli/build/lib/rosidl_cli
copying rosidl_cli/extensions.py -> /home/tmdals010126/zephyrproject/zephyr/micro_ros_tfm/modules/libmicroros/micro_ros_src/build/rosidl_cli/build/lib/rosidl_cli
copying rosidl_cli/entry_points.py -> /home/tmdals010126/zephyrproject/zephyr/micro_ros_tfm/modules/libmicroros/micro_ros_src/build/rosidl_cli/build/lib/rosidl_cli
copying rosidl_cli/command/__init__.py -> /home/tmdals010126/zephyrproject/zephyr/micro_ros_tfm/modules/libmicroros/micro_ros_src/build/rosidl_cli/build/lib/rosidl_cli/command
copying rosidl_cli/command/helpers.py -> /home/tmdals010126/zephyrproject/zephyr/micro_ros_tfm/modules/libmicroros/micro_ros_src/build/rosidl_cli/build/lib/rosidl_cli/command
copying rosidl_cli/command/translate/api.py -> /home/tmdals010126/zephyrproject/zephyr/micro_ros_tfm/modules/libmicroros/micro_ros_src/build/rosidl_cli/build/lib/rosidl_cli/command/translate
copying rosidl_cli/command/translate/__init__.py -> /home/tmdals010126/zephyrproject/zephyr/micro_ros_tfm/modules/libmicroros/micro_ros_src/build/rosidl_cli/build/lib/rosidl_cli/command/translate
copying rosidl_cli/command/translate/extensions.py -> /home/tmdals010126/zephyrproject/zephyr/micro_ros_tfm/modules/libmicroros/micro_ros_src/build/rosidl_cli/build/lib/rosidl_cli/command/translate
copying rosidl_cli/command/generate/api.py -> /home/tmdals010126/zephyrproject/zephyr/micro_ros_tfm/modules/libmicroros/micro_ros_src/build/rosidl_cli/build/lib/rosidl_cli/command/generate
copying rosidl_cli/command/generate/__init__.py -> /home/tmdals010126/zephyrproject/zephyr/micro_ros_tfm/modules/libmicroros/micro_ros_src/build/rosidl_cli/build/lib/rosidl_cli/command/generate
copying rosidl_cli/command/generate/extensions.py -> /home/tmdals010126/zephyrproject/zephyr/micro_ros_tfm/modules/libmicroros/micro_ros_src/build/rosidl_cli/build/lib/rosidl_cli/command/generate
running install
running install_lib
running install_data
copying resource/rosidl_cli -> /home/tmdals010126/zephyrproject/zephyr/micro_ros_tfm/modules/libmicroros/micro_ros_src/install/share/ament_index/resource_index/packages
copying package.xml -> /home/tmdals010126/zephyrproject/zephyr/micro_ros_tfm/modules/libmicroros/micro_ros_src/install/share/rosidl_cli
copying completion/rosidl-argcomplete.bash -> /home/tmdals010126/zephyrproject/zephyr/micro_ros_tfm/modules/libmicroros/micro_ros_src/install/share/rosidl_cli/environment
copying completion/rosidl-argcomplete.zsh -> /home/tmdals010126/zephyrproject/zephyr/micro_ros_tfm/modules/libmicroros/micro_ros_src/install/share/rosidl_cli/environment
running install_egg_info
removing '/home/tmdals010126/zephyrproject/zephyr/micro_ros_tfm/modules/libmicroros/micro_ros_src/install/lib/python3.10/site-packages/rosidl_cli-3.1.7-py3.10.egg-info' (and everything under it)
Copying ../../../build/rosidl_cli/rosidl_cli.egg-info to /home/tmdals010126/zephyrproject/zephyr/micro_ros_tfm/modules/libmicroros/micro_ros_src/install/lib/python3.10/site-packages/rosidl_cli-3.1.7-py3.10.egg-info
running install_scripts
Installing rosidl script to /home/tmdals010126/zephyrproject/zephyr/micro_ros_tfm/modules/libmicroros/micro_ros_src/install/bin
writing list of installed files to '/home/tmdals010126/zephyrproject/zephyr/micro_ros_tfm/modules/libmicroros/micro_ros_src/build/rosidl_cli/install.log'
