[0.385s] Invoking command in '/home/tmdals010126/zephyrproject/zephyr/micro_ros_zephyr_module/modules/libmicroros/micro_ros_src/src/ros2_tracing/ros2trace': AMENT_PREFIX_PATH=/home/tmdals010126/zephyrproject/zephyr/micro_ros_zephyr_module/modules/libmicroros/micro_ros_src/install:${AMENT_PREFIX_PATH} CMAKE_PREFIX_PATH=/home/tmdals010126/zephyrproject/zephyr/micro_ros_zephyr_module/modules/libmicroros/micro_ros_src/install:${CMAKE_PREFIX_PATH} PATH=/home/tmdals010126/zephyrproject/zephyr/micro_ros_zephyr_module/modules/libmicroros/micro_ros_src/install/bin:${PATH} PYTHONPATH=/home/tmdals010126/zephyrproject/zephyr/micro_ros_zephyr_module/modules/libmicroros/micro_ros_src/build/ros2trace/prefix_override:/home/tmdals010126/zephyrproject/.venv/lib/python3.10/site-packages/colcon_core/task/python/colcon_distutils_commands:/home/tmdals010126/zephyrproject/zephyr/micro_ros_zephyr_module/modules/libmicroros/micro_ros_src/install/lib/python3.10/site-packages:/home/tmdals010126/zephyrproject/zephyr/micro_ros_zephyr_module/modules/libmicroros/micro_ros_src/install/lib/python3.10/site-packages:${PYTHONPATH} /home/tmdals010126/zephyrproject/.venv/bin/python3 -W ignore:setup.py install is deprecated -W ignore:easy_install command is deprecated setup.py egg_info --egg-base ../../../build/ros2trace build --build-base /home/tmdals010126/zephyrproject/zephyr/micro_ros_zephyr_module/modules/libmicroros/micro_ros_src/build/ros2trace/build install --record /home/tmdals010126/zephyrproject/zephyr/micro_ros_zephyr_module/modules/libmicroros/micro_ros_src/build/ros2trace/install.log --single-version-externally-managed install_data
[0.460s] /home/tmdals010126/zephyrproject/.venv/lib/python3.10/site-packages/setuptools/_distutils/dist.py:289: UserWarning: Unknown distribution option: 'tests_require'
[0.460s]   warnings.warn(msg)
[0.496s] running egg_info
[0.497s] writing ../../../build/ros2trace/ros2trace.egg-info/PKG-INFO
[0.497s] writing dependency_links to ../../../build/ros2trace/ros2trace.egg-info/dependency_links.txt
[0.497s] writing entry points to ../../../build/ros2trace/ros2trace.egg-info/entry_points.txt
[0.497s] writing requirements to ../../../build/ros2trace/ros2trace.egg-info/requires.txt
[0.497s] writing top-level names to ../../../build/ros2trace/ros2trace.egg-info/top_level.txt
[0.531s] writing manifest file '../../../build/ros2trace/ros2trace.egg-info/SOURCES.txt'
[0.531s] running build
[0.531s] running build_py
[0.531s] copying ros2trace/__init__.py -> /home/tmdals010126/zephyrproject/zephyr/micro_ros_zephyr_module/modules/libmicroros/micro_ros_src/build/ros2trace/build/lib/ros2trace
[0.531s] copying ros2trace/command/__init__.py -> /home/tmdals010126/zephyrproject/zephyr/micro_ros_zephyr_module/modules/libmicroros/micro_ros_src/build/ros2trace/build/lib/ros2trace/command
[0.531s] copying ros2trace/command/trace.py -> /home/tmdals010126/zephyrproject/zephyr/micro_ros_zephyr_module/modules/libmicroros/micro_ros_src/build/ros2trace/build/lib/ros2trace/command
[0.531s] copying ros2trace/api/__init__.py -> /home/tmdals010126/zephyrproject/zephyr/micro_ros_zephyr_module/modules/libmicroros/micro_ros_src/build/ros2trace/build/lib/ros2trace/api
[0.531s] running install
[0.534s] running install_lib
[0.539s] running install_data
[0.539s] copying package.xml -> /home/tmdals010126/zephyrproject/zephyr/micro_ros_zephyr_module/modules/libmicroros/micro_ros_src/install/share/ros2trace
[0.539s] copying resource/ros2trace -> /home/tmdals010126/zephyrproject/zephyr/micro_ros_zephyr_module/modules/libmicroros/micro_ros_src/install/share/ament_index/resource_index/packages
[0.539s] running install_egg_info
[0.543s] removing '/home/tmdals010126/zephyrproject/zephyr/micro_ros_zephyr_module/modules/libmicroros/micro_ros_src/install/lib/python3.10/site-packages/ros2trace-4.1.1-py3.10.egg-info' (and everything under it)
[0.543s] Copying ../../../build/ros2trace/ros2trace.egg-info to /home/tmdals010126/zephyrproject/zephyr/micro_ros_zephyr_module/modules/libmicroros/micro_ros_src/install/lib/python3.10/site-packages/ros2trace-4.1.1-py3.10.egg-info
[0.544s] running install_scripts
[0.553s] writing list of installed files to '/home/tmdals010126/zephyrproject/zephyr/micro_ros_zephyr_module/modules/libmicroros/micro_ros_src/build/ros2trace/install.log'
[0.565s] Invoked command in '/home/tmdals010126/zephyrproject/zephyr/micro_ros_zephyr_module/modules/libmicroros/micro_ros_src/src/ros2_tracing/ros2trace' returned '0': AMENT_PREFIX_PATH=/home/tmdals010126/zephyrproject/zephyr/micro_ros_zephyr_module/modules/libmicroros/micro_ros_src/install:${AMENT_PREFIX_PATH} CMAKE_PREFIX_PATH=/home/tmdals010126/zephyrproject/zephyr/micro_ros_zephyr_module/modules/libmicroros/micro_ros_src/install:${CMAKE_PREFIX_PATH} PATH=/home/tmdals010126/zephyrproject/zephyr/micro_ros_zephyr_module/modules/libmicroros/micro_ros_src/install/bin:${PATH} PYTHONPATH=/home/tmdals010126/zephyrproject/zephyr/micro_ros_zephyr_module/modules/libmicroros/micro_ros_src/build/ros2trace/prefix_override:/home/tmdals010126/zephyrproject/.venv/lib/python3.10/site-packages/colcon_core/task/python/colcon_distutils_commands:/home/tmdals010126/zephyrproject/zephyr/micro_ros_zephyr_module/modules/libmicroros/micro_ros_src/install/lib/python3.10/site-packages:/home/tmdals010126/zephyrproject/zephyr/micro_ros_zephyr_module/modules/libmicroros/micro_ros_src/install/lib/python3.10/site-packages:${PYTHONPATH} /home/tmdals010126/zephyrproject/.venv/bin/python3 -W ignore:setup.py install is deprecated -W ignore:easy_install command is deprecated setup.py egg_info --egg-base ../../../build/ros2trace build --build-base /home/tmdals010126/zephyrproject/zephyr/micro_ros_zephyr_module/modules/libmicroros/micro_ros_src/build/ros2trace/build install --record /home/tmdals010126/zephyrproject/zephyr/micro_ros_zephyr_module/modules/libmicroros/micro_ros_src/build/ros2trace/install.log --single-version-externally-managed install_data
