In file included from [01m[K/home/tmdals010126/zephyrproject/zephyr/micro_ros_dice/modules/libmicroros/micro_ros_src/build/diagnostic_msgs/rosidl_typesupport_microxrcedds_c/diagnostic_msgs/srv/detail/add_diagnostics__rosidl_typesupport_microxrcedds_c.h:10[m[K,
                 from [01m[K/home/tmdals010126/zephyrproject/zephyr/micro_ros_dice/modules/libmicroros/micro_ros_src/build/diagnostic_msgs/rosidl_typesupport_microxrcedds_c/diagnostic_msgs/srv/detail/microxrcedds/add_diagnostics__type_support_c.c:4[m[K:
[01m[K/home/tmdals010126/zephyrproject/zephyr/lib/libc/newlib/include/stdint.h:28:2:[m[K [01;35m[Kwarning: [m[K#include_next is a GCC extension
   28 | #[01;35m[Kinclude_next[m[K <stdint.h>
      |  [01;35m[K^~~~~~~~~~~~[m[K
In file included from [01m[K/home/tmdals010126/zephyrproject/zephyr/micro_ros_dice/modules/libmicroros/micro_ros_src/build/diagnostic_msgs/rosidl_typesupport_microxrcedds_c/diagnostic_msgs/msg/detail/diagnostic_status__rosidl_typesupport_microxrcedds_c.h:10[m[K,
                 from [01m[K/home/tmdals010126/zephyrproject/zephyr/micro_ros_dice/modules/libmicroros/micro_ros_src/build/diagnostic_msgs/rosidl_typesupport_microxrcedds_c/diagnostic_msgs/msg/detail/microxrcedds/diagnostic_status__type_support_c.c:4[m[K:
[01m[K/home/tmdals010126/zephyrproject/zephyr/lib/libc/newlib/include/stdint.h:28:2:[m[K [01;35m[Kwarning: [m[K#include_next is a GCC extension
   28 | #[01;35m[Kinclude_next[m[K <stdint.h>
      |  [01;35m[K^~~~~~~~~~~~[m[K
In file included from [01m[K/home/tmdals010126/zephyrproject/zephyr/micro_ros_dice/modules/libmicroros/micro_ros_src/build/diagnostic_msgs/rosidl_typesupport_microxrcedds_c/diagnostic_msgs/msg/detail/diagnostic_array__rosidl_typesupport_microxrcedds_c.h:10[m[K,
                 from [01m[K/home/tmdals010126/zephyrproject/zephyr/micro_ros_dice/modules/libmicroros/micro_ros_src/build/diagnostic_msgs/rosidl_typesupport_microxrcedds_c/diagnostic_msgs/msg/detail/microxrcedds/diagnostic_array__type_support_c.c:4[m[K:
[01m[K/home/tmdals010126/zephyrproject/zephyr/lib/libc/newlib/include/stdint.h:28:2:[m[K [01;35m[Kwarning: [m[K#include_next is a GCC extension
   28 | #[01;35m[Kinclude_next[m[K <stdint.h>
      |  [01;35m[K^~~~~~~~~~~~[m[K
In file included from [01m[K/home/tmdals010126/zephyrproject/zephyr/micro_ros_dice/modules/libmicroros/micro_ros_src/build/diagnostic_msgs/rosidl_typesupport_microxrcedds_c/diagnostic_msgs/srv/detail/self_test__rosidl_typesupport_microxrcedds_c.h:10[m[K,
                 from [01m[K/home/tmdals010126/zephyrproject/zephyr/micro_ros_dice/modules/libmicroros/micro_ros_src/build/diagnostic_msgs/rosidl_typesupport_microxrcedds_c/diagnostic_msgs/srv/detail/microxrcedds/self_test__type_support_c.c:4[m[K:
[01m[K/home/tmdals010126/zephyrproject/zephyr/lib/libc/newlib/include/stdint.h:28:2:[m[K [01;35m[Kwarning: [m[K#include_next is a GCC extension
   28 | #[01;35m[Kinclude_next[m[K <stdint.h>
      |  [01;35m[K^~~~~~~~~~~~[m[K
In file included from [01m[K/home/tmdals010126/zephyrproject/zephyr/micro_ros_dice/modules/libmicroros/micro_ros_src/build/diagnostic_msgs/rosidl_typesupport_microxrcedds_c/diagnostic_msgs/msg/detail/key_value__rosidl_typesupport_microxrcedds_c.h:10[m[K,
                 from [01m[K/home/tmdals010126/zephyrproject/zephyr/micro_ros_dice/modules/libmicroros/micro_ros_src/build/diagnostic_msgs/rosidl_typesupport_microxrcedds_c/diagnostic_msgs/msg/detail/microxrcedds/key_value__type_support_c.c:4[m[K:
[01m[K/home/tmdals010126/zephyrproject/zephyr/lib/libc/newlib/include/stdint.h:28:2:[m[K [01;35m[Kwarning: [m[K#include_next is a GCC extension
   28 | #[01;35m[Kinclude_next[m[K <stdint.h>
      |  [01;35m[K^~~~~~~~~~~~[m[K
In file included from [01m[K/home/tmdals010126/zephyrproject/zephyr/micro_ros_dice/modules/libmicroros/micro_ros_src/build/diagnostic_msgs/rosidl_typesupport_microxrcedds_c/diagnostic_msgs/msg/detail/microxrcedds/diagnostic_status__type_support_c.c:9[m[K:
[01m[K/home/tmdals010126/zephyrproject/zephyr/lib/libc/newlib/include/string.h:16:2:[m[K [01;35m[Kwarning: [m[K#include_next is a GCC extension
   16 | #[01;35m[Kinclude_next[m[K <string.h>
      |  [01;35m[K^~~~~~~~~~~~[m[K
In file included from [01m[K/home/tmdals010126/zephyrproject/zephyr/micro_ros_dice/modules/libmicroros/micro_ros_src/build/diagnostic_msgs/rosidl_typesupport_microxrcedds_c/diagnostic_msgs/srv/detail/microxrcedds/add_diagnostics__type_support_c.c:9[m[K:
[01m[K/home/tmdals010126/zephyrproject/zephyr/lib/libc/newlib/include/string.h:16:2:[m[K [01;35m[Kwarning: [m[K#include_next is a GCC extension
   16 | #[01;35m[Kinclude_next[m[K <string.h>
      |  [01;35m[K^~~~~~~~~~~~[m[K
In file included from [01m[K/home/tmdals010126/zephyrproject/zephyr/micro_ros_dice/modules/libmicroros/micro_ros_src/build/diagnostic_msgs/rosidl_typesupport_microxrcedds_c/diagnostic_msgs/msg/detail/microxrcedds/diagnostic_array__type_support_c.c:9[m[K:
[01m[K/home/tmdals010126/zephyrproject/zephyr/lib/libc/newlib/include/string.h:16:2:[m[K [01;35m[Kwarning: [m[K#include_next is a GCC extension
   16 | #[01;35m[Kinclude_next[m[K <string.h>
      |  [01;35m[K^~~~~~~~~~~~[m[K
In file included from [01m[K/home/tmdals010126/zephyrproject/zephyr/micro_ros_dice/modules/libmicroros/micro_ros_src/build/diagnostic_msgs/rosidl_typesupport_microxrcedds_c/diagnostic_msgs/srv/detail/microxrcedds/self_test__type_support_c.c:9[m[K:
[01m[K/home/tmdals010126/zephyrproject/zephyr/lib/libc/newlib/include/string.h:16:2:[m[K [01;35m[Kwarning: [m[K#include_next is a GCC extension
   16 | #[01;35m[Kinclude_next[m[K <string.h>
      |  [01;35m[K^~~~~~~~~~~~[m[K
In file included from [01m[K/home/tmdals010126/zephyrproject/zephyr/micro_ros_dice/modules/libmicroros/micro_ros_src/build/diagnostic_msgs/rosidl_typesupport_microxrcedds_c/diagnostic_msgs/msg/detail/microxrcedds/key_value__type_support_c.c:9[m[K:
[01m[K/home/tmdals010126/zephyrproject/zephyr/lib/libc/newlib/include/string.h:16:2:[m[K [01;35m[Kwarning: [m[K#include_next is a GCC extension
   16 | #[01;35m[Kinclude_next[m[K <string.h>
      |  [01;35m[K^~~~~~~~~~~~[m[K
