Not searching for unused variables given on the command line.
-- The C compiler identification is GNU 12.2.0
-- The CXX compiler identification is GNU 12.2.0
-- Detecting C compiler ABI info
-- Detecting C compiler ABI info - done
-- Check for working C compiler: /home/tmdals010126/zephyr-sdk-0.17.0/arm-zephyr-eabi/bin/arm-zephyr-eabi-gcc - skipped
-- Detecting C compile features
-- Detecting C compile features - done
-- Detecting CXX compiler ABI info
-- Detecting CXX compiler ABI info - done
-- Check for working CXX compiler: /home/tmdals010126/zephyr-sdk-0.17.0/arm-zephyr-eabi/bin/arm-zephyr-eabi-g++ - skipped
-- Detecting CXX compile features
-- Detecting CXX compile features - done
-- Found ament_cmake: 1.3.12 (/home/tmdals010126/zephyrproject/zephyr/micro_ros_dice/modules/libmicroros/micro_ros_dev/install/ament_cmake/share/ament_cmake/cmake)
-- Found Python3: /home/tmdals010126/zephyrproject/.venv/bin/python3 (found version "3.10.12") found components: Interpreter 
-- Found rosidl_default_generators: 1.2.0 (/home/tmdals010126/zephyrproject/zephyr/micro_ros_dice/modules/libmicroros/micro_ros_src/install/share/rosidl_default_generators/cmake)
-- Using all available rosidl_typesupport_c: rosidl_typesupport_introspection_c;rosidl_typesupport_microxrcedds_c
-- Found rosidl_adapter: 3.1.7 (/home/tmdals010126/zephyrproject/zephyr/micro_ros_dice/modules/libmicroros/micro_ros_src/install/share/rosidl_adapter/cmake)
-- Found std_msgs: 4.9.0 (/home/tmdals010126/zephyrproject/zephyr/micro_ros_dice/modules/libmicroros/micro_ros_src/install/share/std_msgs/cmake)
-- Found ament_cmake_ros: 0.10.0 (/home/tmdals010126/zephyrproject/zephyr/micro_ros_dice/modules/libmicroros/micro_ros_dev/install/ament_cmake_ros/share/ament_cmake_ros/cmake)
-- Using all available rosidl_typesupport_c: rosidl_typesupport_introspection_c;rosidl_typesupport_microxrcedds_c
-- Configuring done (0.6s)
-- Generating done (0.0s)
-- Build files have been written to: /home/tmdals010126/zephyrproject/zephyr/micro_ros_dice/modules/libmicroros/micro_ros_src/build/diagnostic_msgs
gmake[1]: Entering directory '/home/tmdals010126/zephyrproject/zephyr/micro_ros_dice/modules/libmicroros/micro_ros_src/build/diagnostic_msgs'
gmake[2]: Entering directory '/home/tmdals010126/zephyrproject/zephyr/micro_ros_dice/modules/libmicroros/micro_ros_src/build/diagnostic_msgs'
gmake[3]: Entering directory '/home/tmdals010126/zephyrproject/zephyr/micro_ros_dice/modules/libmicroros/micro_ros_src/build/diagnostic_msgs'
[  3%] Generating C code for ROS interfaces
gmake[3]: Leaving directory '/home/tmdals010126/zephyrproject/zephyr/micro_ros_dice/modules/libmicroros/micro_ros_src/build/diagnostic_msgs'
gmake[3]: Entering directory '/home/tmdals010126/zephyrproject/zephyr/micro_ros_dice/modules/libmicroros/micro_ros_src/build/diagnostic_msgs'
[ 14%] Building C object CMakeFiles/diagnostic_msgs__rosidl_generator_c.dir/rosidl_generator_c/diagnostic_msgs/msg/detail/key_value__functions.c.obj
[ 14%] Building C object CMakeFiles/diagnostic_msgs__rosidl_generator_c.dir/rosidl_generator_c/diagnostic_msgs/msg/detail/diagnostic_status__functions.c.obj
[ 14%] Building C object CMakeFiles/diagnostic_msgs__rosidl_generator_c.dir/rosidl_generator_c/diagnostic_msgs/msg/detail/diagnostic_array__functions.c.obj
[ 17%] Building C object CMakeFiles/diagnostic_msgs__rosidl_generator_c.dir/rosidl_generator_c/diagnostic_msgs/srv/detail/add_diagnostics__functions.c.obj
[ 21%] Building C object CMakeFiles/diagnostic_msgs__rosidl_generator_c.dir/rosidl_generator_c/diagnostic_msgs/srv/detail/self_test__functions.c.obj
[ 25%] Linking C static library libdiagnostic_msgs__rosidl_generator_c.a
gmake[3]: Leaving directory '/home/tmdals010126/zephyrproject/zephyr/micro_ros_dice/modules/libmicroros/micro_ros_src/build/diagnostic_msgs'
[ 25%] Built target diagnostic_msgs__rosidl_generator_c
gmake[3]: Entering directory '/home/tmdals010126/zephyrproject/zephyr/micro_ros_dice/modules/libmicroros/micro_ros_src/build/diagnostic_msgs'
gmake[3]: Entering directory '/home/tmdals010126/zephyrproject/zephyr/micro_ros_dice/modules/libmicroros/micro_ros_src/build/diagnostic_msgs'
gmake[3]: Entering directory '/home/tmdals010126/zephyrproject/zephyr/micro_ros_dice/modules/libmicroros/micro_ros_src/build/diagnostic_msgs'
[ 28%] Generating C type support for eProsima Micro XRCE-DDS
[ 32%] Generating C introspection for ROS interfaces
[ 35%] Generating C type support dispatch for ROS interfaces
gmake[3]: Leaving directory '/home/tmdals010126/zephyrproject/zephyr/micro_ros_dice/modules/libmicroros/micro_ros_src/build/diagnostic_msgs'
gmake[3]: Entering directory '/home/tmdals010126/zephyrproject/zephyr/micro_ros_dice/modules/libmicroros/micro_ros_src/build/diagnostic_msgs'
[ 42%] Building C object CMakeFiles/diagnostic_msgs__rosidl_typesupport_microxrcedds_c.dir/rosidl_typesupport_microxrcedds_c/diagnostic_msgs/msg/detail/microxrcedds/diagnostic_status__type_support_c.c.obj
[ 46%] Building C object CMakeFiles/diagnostic_msgs__rosidl_typesupport_microxrcedds_c.dir/rosidl_typesupport_microxrcedds_c/diagnostic_msgs/msg/detail/microxrcedds/diagnostic_array__type_support_c.c.obj
[ 46%] Building C object CMakeFiles/diagnostic_msgs__rosidl_typesupport_microxrcedds_c.dir/rosidl_typesupport_microxrcedds_c/diagnostic_msgs/msg/detail/microxrcedds/key_value__type_support_c.c.obj
[ 50%] Building C object CMakeFiles/diagnostic_msgs__rosidl_typesupport_microxrcedds_c.dir/rosidl_typesupport_microxrcedds_c/diagnostic_msgs/srv/detail/microxrcedds/add_diagnostics__type_support_c.c.obj
[ 53%] Building C object CMakeFiles/diagnostic_msgs__rosidl_typesupport_microxrcedds_c.dir/rosidl_typesupport_microxrcedds_c/diagnostic_msgs/srv/detail/microxrcedds/self_test__type_support_c.c.obj
[ 57%] Linking CXX static library libdiagnostic_msgs__rosidl_typesupport_microxrcedds_c.a
gmake[3]: Leaving directory '/home/tmdals010126/zephyrproject/zephyr/micro_ros_dice/modules/libmicroros/micro_ros_src/build/diagnostic_msgs'
[ 57%] Built target diagnostic_msgs__rosidl_typesupport_microxrcedds_c
gmake[3]: Leaving directory '/home/tmdals010126/zephyrproject/zephyr/micro_ros_dice/modules/libmicroros/micro_ros_src/build/diagnostic_msgs'
gmake[3]: Entering directory '/home/tmdals010126/zephyrproject/zephyr/micro_ros_dice/modules/libmicroros/micro_ros_src/build/diagnostic_msgs'
[ 64%] Building CXX object CMakeFiles/diagnostic_msgs__rosidl_typesupport_c.dir/rosidl_typesupport_c/diagnostic_msgs/msg/diagnostic_status__type_support.cpp.obj
[ 64%] Building CXX object CMakeFiles/diagnostic_msgs__rosidl_typesupport_c.dir/rosidl_typesupport_c/diagnostic_msgs/msg/diagnostic_array__type_support.cpp.obj
[ 67%] Building CXX object CMakeFiles/diagnostic_msgs__rosidl_typesupport_c.dir/rosidl_typesupport_c/diagnostic_msgs/msg/key_value__type_support.cpp.obj
[ 71%] Building CXX object CMakeFiles/diagnostic_msgs__rosidl_typesupport_c.dir/rosidl_typesupport_c/diagnostic_msgs/srv/self_test__type_support.cpp.obj
[ 75%] Building CXX object CMakeFiles/diagnostic_msgs__rosidl_typesupport_c.dir/rosidl_typesupport_c/diagnostic_msgs/srv/add_diagnostics__type_support.cpp.obj
[ 78%] Linking CXX static library libdiagnostic_msgs__rosidl_typesupport_c.a
gmake[3]: Leaving directory '/home/tmdals010126/zephyrproject/zephyr/micro_ros_dice/modules/libmicroros/micro_ros_src/build/diagnostic_msgs'
[ 78%] Built target diagnostic_msgs__rosidl_typesupport_c
gmake[3]: Leaving directory '/home/tmdals010126/zephyrproject/zephyr/micro_ros_dice/modules/libmicroros/micro_ros_src/build/diagnostic_msgs'
gmake[3]: Entering directory '/home/tmdals010126/zephyrproject/zephyr/micro_ros_dice/modules/libmicroros/micro_ros_src/build/diagnostic_msgs'
[ 82%] Building C object CMakeFiles/diagnostic_msgs__rosidl_typesupport_introspection_c.dir/rosidl_typesupport_introspection_c/diagnostic_msgs/msg/detail/diagnostic_array__type_support.c.obj
[ 85%] Building C object CMakeFiles/diagnostic_msgs__rosidl_typesupport_introspection_c.dir/rosidl_typesupport_introspection_c/diagnostic_msgs/msg/detail/diagnostic_status__type_support.c.obj
[ 89%] Building C object CMakeFiles/diagnostic_msgs__rosidl_typesupport_introspection_c.dir/rosidl_typesupport_introspection_c/diagnostic_msgs/msg/detail/key_value__type_support.c.obj
[ 92%] Building C object CMakeFiles/diagnostic_msgs__rosidl_typesupport_introspection_c.dir/rosidl_typesupport_introspection_c/diagnostic_msgs/srv/detail/add_diagnostics__type_support.c.obj
[ 96%] Building C object CMakeFiles/diagnostic_msgs__rosidl_typesupport_introspection_c.dir/rosidl_typesupport_introspection_c/diagnostic_msgs/srv/detail/self_test__type_support.c.obj
[100%] Linking C static library libdiagnostic_msgs__rosidl_typesupport_introspection_c.a
gmake[3]: Leaving directory '/home/tmdals010126/zephyrproject/zephyr/micro_ros_dice/modules/libmicroros/micro_ros_src/build/diagnostic_msgs'
[100%] Built target diagnostic_msgs__rosidl_typesupport_introspection_c
gmake[3]: Entering directory '/home/tmdals010126/zephyrproject/zephyr/micro_ros_dice/modules/libmicroros/micro_ros_src/build/diagnostic_msgs'
gmake[3]: Leaving directory '/home/tmdals010126/zephyrproject/zephyr/micro_ros_dice/modules/libmicroros/micro_ros_src/build/diagnostic_msgs'
[100%] Built target diagnostic_msgs
gmake[2]: Leaving directory '/home/tmdals010126/zephyrproject/zephyr/micro_ros_dice/modules/libmicroros/micro_ros_src/build/diagnostic_msgs'
gmake[1]: Leaving directory '/home/tmdals010126/zephyrproject/zephyr/micro_ros_dice/modules/libmicroros/micro_ros_src/build/diagnostic_msgs'
-- Install configuration: "Release"
-- Installing: /home/tmdals010126/zephyrproject/zephyr/micro_ros_dice/modules/libmicroros/micro_ros_src/install/share/ament_index/resource_index/rosidl_interfaces/diagnostic_msgs
-- Installing: /home/tmdals010126/zephyrproject/zephyr/micro_ros_dice/modules/libmicroros/micro_ros_src/install/include/diagnostic_msgs/diagnostic_msgs
-- Installing: /home/tmdals010126/zephyrproject/zephyr/micro_ros_dice/modules/libmicroros/micro_ros_src/install/include/diagnostic_msgs/diagnostic_msgs/srv
-- Installing: /home/tmdals010126/zephyrproject/zephyr/micro_ros_dice/modules/libmicroros/micro_ros_src/install/include/diagnostic_msgs/diagnostic_msgs/srv/self_test.h
-- Installing: /home/tmdals010126/zephyrproject/zephyr/micro_ros_dice/modules/libmicroros/micro_ros_src/install/include/diagnostic_msgs/diagnostic_msgs/srv/detail
-- Installing: /home/tmdals010126/zephyrproject/zephyr/micro_ros_dice/modules/libmicroros/micro_ros_src/install/include/diagnostic_msgs/diagnostic_msgs/srv/detail/self_test__functions.c
-- Installing: /home/tmdals010126/zephyrproject/zephyr/micro_ros_dice/modules/libmicroros/micro_ros_src/install/include/diagnostic_msgs/diagnostic_msgs/srv/detail/add_diagnostics__functions.c
-- Installing: /home/tmdals010126/zephyrproject/zephyr/micro_ros_dice/modules/libmicroros/micro_ros_src/install/include/diagnostic_msgs/diagnostic_msgs/srv/detail/self_test__functions.h
-- Installing: /home/tmdals010126/zephyrproject/zephyr/micro_ros_dice/modules/libmicroros/micro_ros_src/install/include/diagnostic_msgs/diagnostic_msgs/srv/detail/add_diagnostics__functions.h
-- Installing: /home/tmdals010126/zephyrproject/zephyr/micro_ros_dice/modules/libmicroros/micro_ros_src/install/include/diagnostic_msgs/diagnostic_msgs/srv/detail/add_diagnostics__struct.h
-- Installing: /home/tmdals010126/zephyrproject/zephyr/micro_ros_dice/modules/libmicroros/micro_ros_src/install/include/diagnostic_msgs/diagnostic_msgs/srv/detail/self_test__struct.h
-- Installing: /home/tmdals010126/zephyrproject/zephyr/micro_ros_dice/modules/libmicroros/micro_ros_src/install/include/diagnostic_msgs/diagnostic_msgs/srv/detail/add_diagnostics__type_support.h
-- Installing: /home/tmdals010126/zephyrproject/zephyr/micro_ros_dice/modules/libmicroros/micro_ros_src/install/include/diagnostic_msgs/diagnostic_msgs/srv/detail/self_test__type_support.h
-- Installing: /home/tmdals010126/zephyrproject/zephyr/micro_ros_dice/modules/libmicroros/micro_ros_src/install/include/diagnostic_msgs/diagnostic_msgs/srv/add_diagnostics.h
-- Installing: /home/tmdals010126/zephyrproject/zephyr/micro_ros_dice/modules/libmicroros/micro_ros_src/install/include/diagnostic_msgs/diagnostic_msgs/msg
-- Installing: /home/tmdals010126/zephyrproject/zephyr/micro_ros_dice/modules/libmicroros/micro_ros_src/install/include/diagnostic_msgs/diagnostic_msgs/msg/diagnostic_array.h
-- Installing: /home/tmdals010126/zephyrproject/zephyr/micro_ros_dice/modules/libmicroros/micro_ros_src/install/include/diagnostic_msgs/diagnostic_msgs/msg/rosidl_generator_c__visibility_control.h
-- Installing: /home/tmdals010126/zephyrproject/zephyr/micro_ros_dice/modules/libmicroros/micro_ros_src/install/include/diagnostic_msgs/diagnostic_msgs/msg/detail
-- Installing: /home/tmdals010126/zephyrproject/zephyr/micro_ros_dice/modules/libmicroros/micro_ros_src/install/include/diagnostic_msgs/diagnostic_msgs/msg/detail/key_value__type_support.h
-- Installing: /home/tmdals010126/zephyrproject/zephyr/micro_ros_dice/modules/libmicroros/micro_ros_src/install/include/diagnostic_msgs/diagnostic_msgs/msg/detail/key_value__struct.h
-- Installing: /home/tmdals010126/zephyrproject/zephyr/micro_ros_dice/modules/libmicroros/micro_ros_src/install/include/diagnostic_msgs/diagnostic_msgs/msg/detail/diagnostic_status__functions.c
-- Installing: /home/tmdals010126/zephyrproject/zephyr/micro_ros_dice/modules/libmicroros/micro_ros_src/install/include/diagnostic_msgs/diagnostic_msgs/msg/detail/diagnostic_status__struct.h
-- Installing: /home/tmdals010126/zephyrproject/zephyr/micro_ros_dice/modules/libmicroros/micro_ros_src/install/include/diagnostic_msgs/diagnostic_msgs/msg/detail/diagnostic_array__functions.h
-- Installing: /home/tmdals010126/zephyrproject/zephyr/micro_ros_dice/modules/libmicroros/micro_ros_src/install/include/diagnostic_msgs/diagnostic_msgs/msg/detail/key_value__functions.h
-- Installing: /home/tmdals010126/zephyrproject/zephyr/micro_ros_dice/modules/libmicroros/micro_ros_src/install/include/diagnostic_msgs/diagnostic_msgs/msg/detail/key_value__functions.c
-- Installing: /home/tmdals010126/zephyrproject/zephyr/micro_ros_dice/modules/libmicroros/micro_ros_src/install/include/diagnostic_msgs/diagnostic_msgs/msg/detail/diagnostic_array__type_support.h
-- Installing: /home/tmdals010126/zephyrproject/zephyr/micro_ros_dice/modules/libmicroros/micro_ros_src/install/include/diagnostic_msgs/diagnostic_msgs/msg/detail/diagnostic_status__type_support.h
-- Installing: /home/tmdals010126/zephyrproject/zephyr/micro_ros_dice/modules/libmicroros/micro_ros_src/install/include/diagnostic_msgs/diagnostic_msgs/msg/detail/diagnostic_array__functions.c
-- Installing: /home/tmdals010126/zephyrproject/zephyr/micro_ros_dice/modules/libmicroros/micro_ros_src/install/include/diagnostic_msgs/diagnostic_msgs/msg/detail/diagnostic_array__struct.h
-- Installing: /home/tmdals010126/zephyrproject/zephyr/micro_ros_dice/modules/libmicroros/micro_ros_src/install/include/diagnostic_msgs/diagnostic_msgs/msg/detail/diagnostic_status__functions.h
-- Installing: /home/tmdals010126/zephyrproject/zephyr/micro_ros_dice/modules/libmicroros/micro_ros_src/install/include/diagnostic_msgs/diagnostic_msgs/msg/key_value.h
-- Installing: /home/tmdals010126/zephyrproject/zephyr/micro_ros_dice/modules/libmicroros/micro_ros_src/install/include/diagnostic_msgs/diagnostic_msgs/msg/diagnostic_status.h
-- Installing: /home/tmdals010126/zephyrproject/zephyr/micro_ros_dice/modules/libmicroros/micro_ros_src/install/share/diagnostic_msgs/environment/library_path.sh
-- Installing: /home/tmdals010126/zephyrproject/zephyr/micro_ros_dice/modules/libmicroros/micro_ros_src/install/share/diagnostic_msgs/environment/library_path.dsv
-- Installing: /home/tmdals010126/zephyrproject/zephyr/micro_ros_dice/modules/libmicroros/micro_ros_src/install/lib/libdiagnostic_msgs__rosidl_generator_c.a
-- Up-to-date: /home/tmdals010126/zephyrproject/zephyr/micro_ros_dice/modules/libmicroros/micro_ros_src/install/include/diagnostic_msgs/diagnostic_msgs
-- Up-to-date: /home/tmdals010126/zephyrproject/zephyr/micro_ros_dice/modules/libmicroros/micro_ros_src/install/include/diagnostic_msgs/diagnostic_msgs/srv
-- Up-to-date: /home/tmdals010126/zephyrproject/zephyr/micro_ros_dice/modules/libmicroros/micro_ros_src/install/include/diagnostic_msgs/diagnostic_msgs/srv/detail
-- Installing: /home/tmdals010126/zephyrproject/zephyr/micro_ros_dice/modules/libmicroros/micro_ros_src/install/include/diagnostic_msgs/diagnostic_msgs/srv/detail/self_test__type_support.c
-- Installing: /home/tmdals010126/zephyrproject/zephyr/micro_ros_dice/modules/libmicroros/micro_ros_src/install/include/diagnostic_msgs/diagnostic_msgs/srv/detail/add_diagnostics__rosidl_typesupport_introspection_c.h
-- Installing: /home/tmdals010126/zephyrproject/zephyr/micro_ros_dice/modules/libmicroros/micro_ros_src/install/include/diagnostic_msgs/diagnostic_msgs/srv/detail/add_diagnostics__type_support.c
-- Installing: /home/tmdals010126/zephyrproject/zephyr/micro_ros_dice/modules/libmicroros/micro_ros_src/install/include/diagnostic_msgs/diagnostic_msgs/srv/detail/self_test__rosidl_typesupport_introspection_c.h
-- Up-to-date: /home/tmdals010126/zephyrproject/zephyr/micro_ros_dice/modules/libmicroros/micro_ros_src/install/include/diagnostic_msgs/diagnostic_msgs/msg
-- Up-to-date: /home/tmdals010126/zephyrproject/zephyr/micro_ros_dice/modules/libmicroros/micro_ros_src/install/include/diagnostic_msgs/diagnostic_msgs/msg/detail
-- Installing: /home/tmdals010126/zephyrproject/zephyr/micro_ros_dice/modules/libmicroros/micro_ros_src/install/include/diagnostic_msgs/diagnostic_msgs/msg/detail/key_value__rosidl_typesupport_introspection_c.h
-- Installing: /home/tmdals010126/zephyrproject/zephyr/micro_ros_dice/modules/libmicroros/micro_ros_src/install/include/diagnostic_msgs/diagnostic_msgs/msg/detail/diagnostic_status__type_support.c
-- Installing: /home/tmdals010126/zephyrproject/zephyr/micro_ros_dice/modules/libmicroros/micro_ros_src/install/include/diagnostic_msgs/diagnostic_msgs/msg/detail/diagnostic_array__rosidl_typesupport_introspection_c.h
-- Installing: /home/tmdals010126/zephyrproject/zephyr/micro_ros_dice/modules/libmicroros/micro_ros_src/install/include/diagnostic_msgs/diagnostic_msgs/msg/detail/key_value__type_support.c
-- Installing: /home/tmdals010126/zephyrproject/zephyr/micro_ros_dice/modules/libmicroros/micro_ros_src/install/include/diagnostic_msgs/diagnostic_msgs/msg/detail/diagnostic_array__type_support.c
-- Installing: /home/tmdals010126/zephyrproject/zephyr/micro_ros_dice/modules/libmicroros/micro_ros_src/install/include/diagnostic_msgs/diagnostic_msgs/msg/detail/diagnostic_status__rosidl_typesupport_introspection_c.h
-- Installing: /home/tmdals010126/zephyrproject/zephyr/micro_ros_dice/modules/libmicroros/micro_ros_src/install/include/diagnostic_msgs/diagnostic_msgs/msg/rosidl_typesupport_introspection_c__visibility_control.h
-- Installing: /home/tmdals010126/zephyrproject/zephyr/micro_ros_dice/modules/libmicroros/micro_ros_src/install/lib/libdiagnostic_msgs__rosidl_typesupport_introspection_c.a
-- Up-to-date: /home/tmdals010126/zephyrproject/zephyr/micro_ros_dice/modules/libmicroros/micro_ros_src/install/include/diagnostic_msgs
-- Installing: /home/tmdals010126/zephyrproject/zephyr/micro_ros_dice/modules/libmicroros/micro_ros_src/install/include/diagnostic_msgs/srv
-- Installing: /home/tmdals010126/zephyrproject/zephyr/micro_ros_dice/modules/libmicroros/micro_ros_src/install/include/diagnostic_msgs/srv/detail
-- Installing: /home/tmdals010126/zephyrproject/zephyr/micro_ros_dice/modules/libmicroros/micro_ros_src/install/include/diagnostic_msgs/srv/detail/self_test__rosidl_typesupport_microxrcedds_c.h
-- Installing: /home/tmdals010126/zephyrproject/zephyr/micro_ros_dice/modules/libmicroros/micro_ros_src/install/include/diagnostic_msgs/srv/detail/microxrcedds
-- Installing: /home/tmdals010126/zephyrproject/zephyr/micro_ros_dice/modules/libmicroros/micro_ros_src/install/include/diagnostic_msgs/srv/detail/add_diagnostics__rosidl_typesupport_microxrcedds_c.h
-- Installing: /home/tmdals010126/zephyrproject/zephyr/micro_ros_dice/modules/libmicroros/micro_ros_src/install/include/diagnostic_msgs/msg
-- Installing: /home/tmdals010126/zephyrproject/zephyr/micro_ros_dice/modules/libmicroros/micro_ros_src/install/include/diagnostic_msgs/msg/detail
-- Installing: /home/tmdals010126/zephyrproject/zephyr/micro_ros_dice/modules/libmicroros/micro_ros_src/install/include/diagnostic_msgs/msg/detail/diagnostic_status__rosidl_typesupport_microxrcedds_c.h
-- Installing: /home/tmdals010126/zephyrproject/zephyr/micro_ros_dice/modules/libmicroros/micro_ros_src/install/include/diagnostic_msgs/msg/detail/key_value__rosidl_typesupport_microxrcedds_c.h
-- Installing: /home/tmdals010126/zephyrproject/zephyr/micro_ros_dice/modules/libmicroros/micro_ros_src/install/include/diagnostic_msgs/msg/detail/microxrcedds
-- Installing: /home/tmdals010126/zephyrproject/zephyr/micro_ros_dice/modules/libmicroros/micro_ros_src/install/include/diagnostic_msgs/msg/detail/diagnostic_array__rosidl_typesupport_microxrcedds_c.h
-- Installing: /home/tmdals010126/zephyrproject/zephyr/micro_ros_dice/modules/libmicroros/micro_ros_src/install/include/diagnostic_msgs/msg/rosidl_typesupport_microxrcedds_c__visibility_control.h
-- Installing: /home/tmdals010126/zephyrproject/zephyr/micro_ros_dice/modules/libmicroros/micro_ros_src/install/lib/libdiagnostic_msgs__rosidl_typesupport_microxrcedds_c.a
-- Installing: /home/tmdals010126/zephyrproject/zephyr/micro_ros_dice/modules/libmicroros/micro_ros_src/install/lib/libdiagnostic_msgs__rosidl_typesupport_c.a
-- Installing: /home/tmdals010126/zephyrproject/zephyr/micro_ros_dice/modules/libmicroros/micro_ros_src/install/share/diagnostic_msgs/msg/DiagnosticArray.idl
-- Installing: /home/tmdals010126/zephyrproject/zephyr/micro_ros_dice/modules/libmicroros/micro_ros_src/install/share/diagnostic_msgs/msg/DiagnosticStatus.idl
-- Installing: /home/tmdals010126/zephyrproject/zephyr/micro_ros_dice/modules/libmicroros/micro_ros_src/install/share/diagnostic_msgs/msg/KeyValue.idl
-- Installing: /home/tmdals010126/zephyrproject/zephyr/micro_ros_dice/modules/libmicroros/micro_ros_src/install/share/diagnostic_msgs/srv/AddDiagnostics.idl
-- Installing: /home/tmdals010126/zephyrproject/zephyr/micro_ros_dice/modules/libmicroros/micro_ros_src/install/share/diagnostic_msgs/srv/SelfTest.idl
-- Installing: /home/tmdals010126/zephyrproject/zephyr/micro_ros_dice/modules/libmicroros/micro_ros_src/install/share/diagnostic_msgs/msg/DiagnosticArray.msg
-- Installing: /home/tmdals010126/zephyrproject/zephyr/micro_ros_dice/modules/libmicroros/micro_ros_src/install/share/diagnostic_msgs/msg/DiagnosticStatus.msg
-- Installing: /home/tmdals010126/zephyrproject/zephyr/micro_ros_dice/modules/libmicroros/micro_ros_src/install/share/diagnostic_msgs/msg/KeyValue.msg
-- Installing: /home/tmdals010126/zephyrproject/zephyr/micro_ros_dice/modules/libmicroros/micro_ros_src/install/share/diagnostic_msgs/srv/AddDiagnostics.srv
-- Installing: /home/tmdals010126/zephyrproject/zephyr/micro_ros_dice/modules/libmicroros/micro_ros_src/install/share/diagnostic_msgs/srv/AddDiagnostics_Request.msg
-- Installing: /home/tmdals010126/zephyrproject/zephyr/micro_ros_dice/modules/libmicroros/micro_ros_src/install/share/diagnostic_msgs/srv/AddDiagnostics_Response.msg
-- Installing: /home/tmdals010126/zephyrproject/zephyr/micro_ros_dice/modules/libmicroros/micro_ros_src/install/share/diagnostic_msgs/srv/SelfTest.srv
-- Installing: /home/tmdals010126/zephyrproject/zephyr/micro_ros_dice/modules/libmicroros/micro_ros_src/install/share/diagnostic_msgs/srv/SelfTest_Request.msg
-- Installing: /home/tmdals010126/zephyrproject/zephyr/micro_ros_dice/modules/libmicroros/micro_ros_src/install/share/diagnostic_msgs/srv/SelfTest_Response.msg
-- Installing: /home/tmdals010126/zephyrproject/zephyr/micro_ros_dice/modules/libmicroros/micro_ros_src/install/share/ament_index/resource_index/package_run_dependencies/diagnostic_msgs
-- Installing: /home/tmdals010126/zephyrproject/zephyr/micro_ros_dice/modules/libmicroros/micro_ros_src/install/share/ament_index/resource_index/parent_prefix_path/diagnostic_msgs
-- Installing: /home/tmdals010126/zephyrproject/zephyr/micro_ros_dice/modules/libmicroros/micro_ros_src/install/share/diagnostic_msgs/environment/ament_prefix_path.sh
-- Installing: /home/tmdals010126/zephyrproject/zephyr/micro_ros_dice/modules/libmicroros/micro_ros_src/install/share/diagnostic_msgs/environment/ament_prefix_path.dsv
-- Installing: /home/tmdals010126/zephyrproject/zephyr/micro_ros_dice/modules/libmicroros/micro_ros_src/install/share/diagnostic_msgs/environment/path.sh
-- Installing: /home/tmdals010126/zephyrproject/zephyr/micro_ros_dice/modules/libmicroros/micro_ros_src/install/share/diagnostic_msgs/environment/path.dsv
-- Installing: /home/tmdals010126/zephyrproject/zephyr/micro_ros_dice/modules/libmicroros/micro_ros_src/install/share/diagnostic_msgs/local_setup.bash
-- Installing: /home/tmdals010126/zephyrproject/zephyr/micro_ros_dice/modules/libmicroros/micro_ros_src/install/share/diagnostic_msgs/local_setup.sh
-- Installing: /home/tmdals010126/zephyrproject/zephyr/micro_ros_dice/modules/libmicroros/micro_ros_src/install/share/diagnostic_msgs/local_setup.zsh
-- Installing: /home/tmdals010126/zephyrproject/zephyr/micro_ros_dice/modules/libmicroros/micro_ros_src/install/share/diagnostic_msgs/local_setup.dsv
-- Installing: /home/tmdals010126/zephyrproject/zephyr/micro_ros_dice/modules/libmicroros/micro_ros_src/install/share/diagnostic_msgs/package.dsv
-- Installing: /home/tmdals010126/zephyrproject/zephyr/micro_ros_dice/modules/libmicroros/micro_ros_src/install/share/ament_index/resource_index/packages/diagnostic_msgs
-- Installing: /home/tmdals010126/zephyrproject/zephyr/micro_ros_dice/modules/libmicroros/micro_ros_src/install/share/diagnostic_msgs/cmake/export_diagnostic_msgs__rosidl_generator_cExport.cmake
-- Installing: /home/tmdals010126/zephyrproject/zephyr/micro_ros_dice/modules/libmicroros/micro_ros_src/install/share/diagnostic_msgs/cmake/export_diagnostic_msgs__rosidl_generator_cExport-release.cmake
-- Installing: /home/tmdals010126/zephyrproject/zephyr/micro_ros_dice/modules/libmicroros/micro_ros_src/install/share/diagnostic_msgs/cmake/diagnostic_msgs__rosidl_typesupport_introspection_cExport.cmake
-- Installing: /home/tmdals010126/zephyrproject/zephyr/micro_ros_dice/modules/libmicroros/micro_ros_src/install/share/diagnostic_msgs/cmake/diagnostic_msgs__rosidl_typesupport_introspection_cExport-release.cmake
-- Installing: /home/tmdals010126/zephyrproject/zephyr/micro_ros_dice/modules/libmicroros/micro_ros_src/install/share/diagnostic_msgs/cmake/diagnostic_msgs__rosidl_typesupport_cExport.cmake
-- Installing: /home/tmdals010126/zephyrproject/zephyr/micro_ros_dice/modules/libmicroros/micro_ros_src/install/share/diagnostic_msgs/cmake/diagnostic_msgs__rosidl_typesupport_cExport-release.cmake
-- Installing: /home/tmdals010126/zephyrproject/zephyr/micro_ros_dice/modules/libmicroros/micro_ros_src/install/share/diagnostic_msgs/cmake/rosidl_cmake-extras.cmake
-- Installing: /home/tmdals010126/zephyrproject/zephyr/micro_ros_dice/modules/libmicroros/micro_ros_src/install/share/diagnostic_msgs/cmake/ament_cmake_export_dependencies-extras.cmake
-- Installing: /home/tmdals010126/zephyrproject/zephyr/micro_ros_dice/modules/libmicroros/micro_ros_src/install/share/diagnostic_msgs/cmake/ament_cmake_export_include_directories-extras.cmake
-- Installing: /home/tmdals010126/zephyrproject/zephyr/micro_ros_dice/modules/libmicroros/micro_ros_src/install/share/diagnostic_msgs/cmake/ament_cmake_export_libraries-extras.cmake
-- Installing: /home/tmdals010126/zephyrproject/zephyr/micro_ros_dice/modules/libmicroros/micro_ros_src/install/share/diagnostic_msgs/cmake/ament_cmake_export_targets-extras.cmake
-- Installing: /home/tmdals010126/zephyrproject/zephyr/micro_ros_dice/modules/libmicroros/micro_ros_src/install/share/diagnostic_msgs/cmake/rosidl_cmake_export_typesupport_targets-extras.cmake
-- Installing: /home/tmdals010126/zephyrproject/zephyr/micro_ros_dice/modules/libmicroros/micro_ros_src/install/share/diagnostic_msgs/cmake/rosidl_cmake_export_typesupport_libraries-extras.cmake
-- Installing: /home/tmdals010126/zephyrproject/zephyr/micro_ros_dice/modules/libmicroros/micro_ros_src/install/share/diagnostic_msgs/cmake/diagnostic_msgsConfig.cmake
-- Installing: /home/tmdals010126/zephyrproject/zephyr/micro_ros_dice/modules/libmicroros/micro_ros_src/install/share/diagnostic_msgs/cmake/diagnostic_msgsConfig-version.cmake
-- Installing: /home/tmdals010126/zephyrproject/zephyr/micro_ros_dice/modules/libmicroros/micro_ros_src/install/share/diagnostic_msgs/package.xml
