[0.512s] Invoking command in '/home/tmdals010126/zephyrproject/zephyr/micro_ros_zephyr_module/modules/libmicroros/micro_ros_src/src/rosidl/rosidl_cli': PYTHONPATH=/home/tmdals010126/zephyrproject/zephyr/micro_ros_zephyr_module/modules/libmicroros/micro_ros_src/build/rosidl_cli/prefix_override:/home/tmdals010126/zephyrproject/.venv/lib/python3.10/site-packages/colcon_core/task/python/colcon_distutils_commands:/home/tmdals010126/zephyrproject/zephyr/micro_ros_zephyr_module/modules/libmicroros/micro_ros_src/install/lib/python3.10/site-packages:${PYTHONPATH} /home/tmdals010126/zephyrproject/.venv/bin/python3 -W ignore:setup.py install is deprecated -W ignore:easy_install command is deprecated setup.py egg_info --egg-base ../../../build/rosidl_cli build --build-base /home/tmdals010126/zephyrproject/zephyr/micro_ros_zephyr_module/modules/libmicroros/micro_ros_src/build/rosidl_cli/build install --record /home/tmdals010126/zephyrproject/zephyr/micro_ros_zephyr_module/modules/libmicroros/micro_ros_src/build/rosidl_cli/install.log --single-version-externally-managed install_data
[0.613s] running egg_info
[0.617s] creating ../../../build/rosidl_cli/rosidl_cli.egg-info
[0.617s] writing ../../../build/rosidl_cli/rosidl_cli.egg-info/PKG-INFO
[0.617s] writing dependency_links to ../../../build/rosidl_cli/rosidl_cli.egg-info/dependency_links.txt
[0.617s] writing entry points to ../../../build/rosidl_cli/rosidl_cli.egg-info/entry_points.txt
[0.618s] writing requirements to ../../../build/rosidl_cli/rosidl_cli.egg-info/requires.txt
[0.618s] writing top-level names to ../../../build/rosidl_cli/rosidl_cli.egg-info/top_level.txt
[0.618s] writing manifest file '../../../build/rosidl_cli/rosidl_cli.egg-info/SOURCES.txt'
[0.644s] writing manifest file '../../../build/rosidl_cli/rosidl_cli.egg-info/SOURCES.txt'
[0.644s] running build
[0.645s] running build_py
[0.645s] creating /home/tmdals010126/zephyrproject/zephyr/micro_ros_zephyr_module/modules/libmicroros/micro_ros_src/build/rosidl_cli/build/lib/rosidl_cli
[0.645s] copying rosidl_cli/cli.py -> /home/tmdals010126/zephyrproject/zephyr/micro_ros_zephyr_module/modules/libmicroros/micro_ros_src/build/rosidl_cli/build/lib/rosidl_cli
[0.645s] copying rosidl_cli/__init__.py -> /home/tmdals010126/zephyrproject/zephyr/micro_ros_zephyr_module/modules/libmicroros/micro_ros_src/build/rosidl_cli/build/lib/rosidl_cli
[0.645s] copying rosidl_cli/common.py -> /home/tmdals010126/zephyrproject/zephyr/micro_ros_zephyr_module/modules/libmicroros/micro_ros_src/build/rosidl_cli/build/lib/rosidl_cli
[0.645s] copying rosidl_cli/extensions.py -> /home/tmdals010126/zephyrproject/zephyr/micro_ros_zephyr_module/modules/libmicroros/micro_ros_src/build/rosidl_cli/build/lib/rosidl_cli
[0.645s] copying rosidl_cli/entry_points.py -> /home/tmdals010126/zephyrproject/zephyr/micro_ros_zephyr_module/modules/libmicroros/micro_ros_src/build/rosidl_cli/build/lib/rosidl_cli
[0.645s] creating /home/tmdals010126/zephyrproject/zephyr/micro_ros_zephyr_module/modules/libmicroros/micro_ros_src/build/rosidl_cli/build/lib/rosidl_cli/command
[0.645s] copying rosidl_cli/command/__init__.py -> /home/tmdals010126/zephyrproject/zephyr/micro_ros_zephyr_module/modules/libmicroros/micro_ros_src/build/rosidl_cli/build/lib/rosidl_cli/command
[0.645s] copying rosidl_cli/command/helpers.py -> /home/tmdals010126/zephyrproject/zephyr/micro_ros_zephyr_module/modules/libmicroros/micro_ros_src/build/rosidl_cli/build/lib/rosidl_cli/command
[0.645s] creating /home/tmdals010126/zephyrproject/zephyr/micro_ros_zephyr_module/modules/libmicroros/micro_ros_src/build/rosidl_cli/build/lib/rosidl_cli/command/translate
[0.645s] copying rosidl_cli/command/translate/api.py -> /home/tmdals010126/zephyrproject/zephyr/micro_ros_zephyr_module/modules/libmicroros/micro_ros_src/build/rosidl_cli/build/lib/rosidl_cli/command/translate
[0.645s] copying rosidl_cli/command/translate/__init__.py -> /home/tmdals010126/zephyrproject/zephyr/micro_ros_zephyr_module/modules/libmicroros/micro_ros_src/build/rosidl_cli/build/lib/rosidl_cli/command/translate
[0.645s] copying rosidl_cli/command/translate/extensions.py -> /home/tmdals010126/zephyrproject/zephyr/micro_ros_zephyr_module/modules/libmicroros/micro_ros_src/build/rosidl_cli/build/lib/rosidl_cli/command/translate
[0.645s] creating /home/tmdals010126/zephyrproject/zephyr/micro_ros_zephyr_module/modules/libmicroros/micro_ros_src/build/rosidl_cli/build/lib/rosidl_cli/command/generate
[0.645s] copying rosidl_cli/command/generate/api.py -> /home/tmdals010126/zephyrproject/zephyr/micro_ros_zephyr_module/modules/libmicroros/micro_ros_src/build/rosidl_cli/build/lib/rosidl_cli/command/generate
[0.645s] copying rosidl_cli/command/generate/__init__.py -> /home/tmdals010126/zephyrproject/zephyr/micro_ros_zephyr_module/modules/libmicroros/micro_ros_src/build/rosidl_cli/build/lib/rosidl_cli/command/generate
[0.646s] copying rosidl_cli/command/generate/extensions.py -> /home/tmdals010126/zephyrproject/zephyr/micro_ros_zephyr_module/modules/libmicroros/micro_ros_src/build/rosidl_cli/build/lib/rosidl_cli/command/generate
[0.646s] running install
[0.647s] running install_lib
[0.651s] creating /home/tmdals010126/zephyrproject/zephyr/micro_ros_zephyr_module/modules/libmicroros/micro_ros_src/install/lib/python3.10/site-packages/rosidl_cli
[0.651s] creating /home/tmdals010126/zephyrproject/zephyr/micro_ros_zephyr_module/modules/libmicroros/micro_ros_src/install/lib/python3.10/site-packages/rosidl_cli/command
[0.651s] creating /home/tmdals010126/zephyrproject/zephyr/micro_ros_zephyr_module/modules/libmicroros/micro_ros_src/install/lib/python3.10/site-packages/rosidl_cli/command/translate
[0.651s] copying /home/tmdals010126/zephyrproject/zephyr/micro_ros_zephyr_module/modules/libmicroros/micro_ros_src/build/rosidl_cli/build/lib/rosidl_cli/command/translate/api.py -> /home/tmdals010126/zephyrproject/zephyr/micro_ros_zephyr_module/modules/libmicroros/micro_ros_src/install/lib/python3.10/site-packages/rosidl_cli/command/translate
[0.651s] copying /home/tmdals010126/zephyrproject/zephyr/micro_ros_zephyr_module/modules/libmicroros/micro_ros_src/build/rosidl_cli/build/lib/rosidl_cli/command/translate/__init__.py -> /home/tmdals010126/zephyrproject/zephyr/micro_ros_zephyr_module/modules/libmicroros/micro_ros_src/install/lib/python3.10/site-packages/rosidl_cli/command/translate
[0.651s] copying /home/tmdals010126/zephyrproject/zephyr/micro_ros_zephyr_module/modules/libmicroros/micro_ros_src/build/rosidl_cli/build/lib/rosidl_cli/command/translate/extensions.py -> /home/tmdals010126/zephyrproject/zephyr/micro_ros_zephyr_module/modules/libmicroros/micro_ros_src/install/lib/python3.10/site-packages/rosidl_cli/command/translate
[0.652s] copying /home/tmdals010126/zephyrproject/zephyr/micro_ros_zephyr_module/modules/libmicroros/micro_ros_src/build/rosidl_cli/build/lib/rosidl_cli/command/__init__.py -> /home/tmdals010126/zephyrproject/zephyr/micro_ros_zephyr_module/modules/libmicroros/micro_ros_src/install/lib/python3.10/site-packages/rosidl_cli/command
[0.652s] creating /home/tmdals010126/zephyrproject/zephyr/micro_ros_zephyr_module/modules/libmicroros/micro_ros_src/install/lib/python3.10/site-packages/rosidl_cli/command/generate
[0.652s] copying /home/tmdals010126/zephyrproject/zephyr/micro_ros_zephyr_module/modules/libmicroros/micro_ros_src/build/rosidl_cli/build/lib/rosidl_cli/command/generate/api.py -> /home/tmdals010126/zephyrproject/zephyr/micro_ros_zephyr_module/modules/libmicroros/micro_ros_src/install/lib/python3.10/site-packages/rosidl_cli/command/generate
[0.652s] copying /home/tmdals010126/zephyrproject/zephyr/micro_ros_zephyr_module/modules/libmicroros/micro_ros_src/build/rosidl_cli/build/lib/rosidl_cli/command/generate/__init__.py -> /home/tmdals010126/zephyrproject/zephyr/micro_ros_zephyr_module/modules/libmicroros/micro_ros_src/install/lib/python3.10/site-packages/rosidl_cli/command/generate
[0.652s] copying /home/tmdals010126/zephyrproject/zephyr/micro_ros_zephyr_module/modules/libmicroros/micro_ros_src/build/rosidl_cli/build/lib/rosidl_cli/command/generate/extensions.py -> /home/tmdals010126/zephyrproject/zephyr/micro_ros_zephyr_module/modules/libmicroros/micro_ros_src/install/lib/python3.10/site-packages/rosidl_cli/command/generate
[0.652s] copying /home/tmdals010126/zephyrproject/zephyr/micro_ros_zephyr_module/modules/libmicroros/micro_ros_src/build/rosidl_cli/build/lib/rosidl_cli/command/helpers.py -> /home/tmdals010126/zephyrproject/zephyr/micro_ros_zephyr_module/modules/libmicroros/micro_ros_src/install/lib/python3.10/site-packages/rosidl_cli/command
[0.652s] copying /home/tmdals010126/zephyrproject/zephyr/micro_ros_zephyr_module/modules/libmicroros/micro_ros_src/build/rosidl_cli/build/lib/rosidl_cli/cli.py -> /home/tmdals010126/zephyrproject/zephyr/micro_ros_zephyr_module/modules/libmicroros/micro_ros_src/install/lib/python3.10/site-packages/rosidl_cli
[0.652s] copying /home/tmdals010126/zephyrproject/zephyr/micro_ros_zephyr_module/modules/libmicroros/micro_ros_src/build/rosidl_cli/build/lib/rosidl_cli/__init__.py -> /home/tmdals010126/zephyrproject/zephyr/micro_ros_zephyr_module/modules/libmicroros/micro_ros_src/install/lib/python3.10/site-packages/rosidl_cli
[0.652s] copying /home/tmdals010126/zephyrproject/zephyr/micro_ros_zephyr_module/modules/libmicroros/micro_ros_src/build/rosidl_cli/build/lib/rosidl_cli/common.py -> /home/tmdals010126/zephyrproject/zephyr/micro_ros_zephyr_module/modules/libmicroros/micro_ros_src/install/lib/python3.10/site-packages/rosidl_cli
[0.652s] copying /home/tmdals010126/zephyrproject/zephyr/micro_ros_zephyr_module/modules/libmicroros/micro_ros_src/build/rosidl_cli/build/lib/rosidl_cli/extensions.py -> /home/tmdals010126/zephyrproject/zephyr/micro_ros_zephyr_module/modules/libmicroros/micro_ros_src/install/lib/python3.10/site-packages/rosidl_cli
[0.652s] copying /home/tmdals010126/zephyrproject/zephyr/micro_ros_zephyr_module/modules/libmicroros/micro_ros_src/build/rosidl_cli/build/lib/rosidl_cli/entry_points.py -> /home/tmdals010126/zephyrproject/zephyr/micro_ros_zephyr_module/modules/libmicroros/micro_ros_src/install/lib/python3.10/site-packages/rosidl_cli
[0.652s] byte-compiling /home/tmdals010126/zephyrproject/zephyr/micro_ros_zephyr_module/modules/libmicroros/micro_ros_src/install/lib/python3.10/site-packages/rosidl_cli/command/translate/api.py to api.cpython-310.pyc
[0.652s] byte-compiling /home/tmdals010126/zephyrproject/zephyr/micro_ros_zephyr_module/modules/libmicroros/micro_ros_src/install/lib/python3.10/site-packages/rosidl_cli/command/translate/__init__.py to __init__.cpython-310.pyc
[0.652s] byte-compiling /home/tmdals010126/zephyrproject/zephyr/micro_ros_zephyr_module/modules/libmicroros/micro_ros_src/install/lib/python3.10/site-packages/rosidl_cli/command/translate/extensions.py to extensions.cpython-310.pyc
[0.652s] byte-compiling /home/tmdals010126/zephyrproject/zephyr/micro_ros_zephyr_module/modules/libmicroros/micro_ros_src/install/lib/python3.10/site-packages/rosidl_cli/command/__init__.py to __init__.cpython-310.pyc
[0.653s] byte-compiling /home/tmdals010126/zephyrproject/zephyr/micro_ros_zephyr_module/modules/libmicroros/micro_ros_src/install/lib/python3.10/site-packages/rosidl_cli/command/generate/api.py to api.cpython-310.pyc
[0.653s] byte-compiling /home/tmdals010126/zephyrproject/zephyr/micro_ros_zephyr_module/modules/libmicroros/micro_ros_src/install/lib/python3.10/site-packages/rosidl_cli/command/generate/__init__.py to __init__.cpython-310.pyc
[0.653s] byte-compiling /home/tmdals010126/zephyrproject/zephyr/micro_ros_zephyr_module/modules/libmicroros/micro_ros_src/install/lib/python3.10/site-packages/rosidl_cli/command/generate/extensions.py to extensions.cpython-310.pyc
[0.653s] byte-compiling /home/tmdals010126/zephyrproject/zephyr/micro_ros_zephyr_module/modules/libmicroros/micro_ros_src/install/lib/python3.10/site-packages/rosidl_cli/command/helpers.py to helpers.cpython-310.pyc
[0.653s] byte-compiling /home/tmdals010126/zephyrproject/zephyr/micro_ros_zephyr_module/modules/libmicroros/micro_ros_src/install/lib/python3.10/site-packages/rosidl_cli/cli.py to cli.cpython-310.pyc
[0.654s] byte-compiling /home/tmdals010126/zephyrproject/zephyr/micro_ros_zephyr_module/modules/libmicroros/micro_ros_src/install/lib/python3.10/site-packages/rosidl_cli/__init__.py to __init__.cpython-310.pyc
[0.654s] byte-compiling /home/tmdals010126/zephyrproject/zephyr/micro_ros_zephyr_module/modules/libmicroros/micro_ros_src/install/lib/python3.10/site-packages/rosidl_cli/common.py to common.cpython-310.pyc
[0.654s] byte-compiling /home/tmdals010126/zephyrproject/zephyr/micro_ros_zephyr_module/modules/libmicroros/micro_ros_src/install/lib/python3.10/site-packages/rosidl_cli/extensions.py to extensions.cpython-310.pyc
[0.654s] byte-compiling /home/tmdals010126/zephyrproject/zephyr/micro_ros_zephyr_module/modules/libmicroros/micro_ros_src/install/lib/python3.10/site-packages/rosidl_cli/entry_points.py to entry_points.cpython-310.pyc
[0.654s] running install_data
[0.654s] copying resource/rosidl_cli -> /home/tmdals010126/zephyrproject/zephyr/micro_ros_zephyr_module/modules/libmicroros/micro_ros_src/install/share/ament_index/resource_index/packages
[0.654s] copying package.xml -> /home/tmdals010126/zephyrproject/zephyr/micro_ros_zephyr_module/modules/libmicroros/micro_ros_src/install/share/rosidl_cli
[0.655s] copying resource/package.dsv -> /home/tmdals010126/zephyrproject/zephyr/micro_ros_zephyr_module/modules/libmicroros/micro_ros_src/install/share/rosidl_cli
[0.655s] creating /home/tmdals010126/zephyrproject/zephyr/micro_ros_zephyr_module/modules/libmicroros/micro_ros_src/install/share/rosidl_cli/environment
[0.655s] copying completion/rosidl-argcomplete.bash -> /home/tmdals010126/zephyrproject/zephyr/micro_ros_zephyr_module/modules/libmicroros/micro_ros_src/install/share/rosidl_cli/environment
[0.655s] copying completion/rosidl-argcomplete.zsh -> /home/tmdals010126/zephyrproject/zephyr/micro_ros_zephyr_module/modules/libmicroros/micro_ros_src/install/share/rosidl_cli/environment
[0.655s] running install_egg_info
[0.658s] Copying ../../../build/rosidl_cli/rosidl_cli.egg-info to /home/tmdals010126/zephyrproject/zephyr/micro_ros_zephyr_module/modules/libmicroros/micro_ros_src/install/lib/python3.10/site-packages/rosidl_cli-3.1.7-py3.10.egg-info
[0.659s] running install_scripts
[0.667s] Installing rosidl script to /home/tmdals010126/zephyrproject/zephyr/micro_ros_zephyr_module/modules/libmicroros/micro_ros_src/install/bin
[0.667s] writing list of installed files to '/home/tmdals010126/zephyrproject/zephyr/micro_ros_zephyr_module/modules/libmicroros/micro_ros_src/build/rosidl_cli/install.log'
[0.679s] Invoked command in '/home/tmdals010126/zephyrproject/zephyr/micro_ros_zephyr_module/modules/libmicroros/micro_ros_src/src/rosidl/rosidl_cli' returned '0': PYTHONPATH=/home/tmdals010126/zephyrproject/zephyr/micro_ros_zephyr_module/modules/libmicroros/micro_ros_src/build/rosidl_cli/prefix_override:/home/tmdals010126/zephyrproject/.venv/lib/python3.10/site-packages/colcon_core/task/python/colcon_distutils_commands:/home/tmdals010126/zephyrproject/zephyr/micro_ros_zephyr_module/modules/libmicroros/micro_ros_src/install/lib/python3.10/site-packages:${PYTHONPATH} /home/tmdals010126/zephyrproject/.venv/bin/python3 -W ignore:setup.py install is deprecated -W ignore:easy_install command is deprecated setup.py egg_info --egg-base ../../../build/rosidl_cli build --build-base /home/tmdals010126/zephyrproject/zephyr/micro_ros_zephyr_module/modules/libmicroros/micro_ros_src/build/rosidl_cli/build install --record /home/tmdals010126/zephyrproject/zephyr/micro_ros_zephyr_module/modules/libmicroros/micro_ros_src/build/rosidl_cli/install.log --single-version-externally-managed install_data
