In file included from [01m[K/home/tmdals010126/zephyrproject/zephyr/micro_ros_tfm/modules/libmicroros/micro_ros_src/build/rcl_interfaces/rosidl_typesupport_microxrcedds_c/rcl_interfaces/msg/detail/list_parameters_result__rosidl_typesupport_microxrcedds_c.h:10[m[K,
                 from [01m[K/home/tmdals010126/zephyrproject/zephyr/micro_ros_tfm/modules/libmicroros/micro_ros_src/build/rcl_interfaces/rosidl_typesupport_microxrcedds_c/rcl_interfaces/msg/detail/microxrcedds/list_parameters_result__type_support_c.c:4[m[K:
[01m[K/home/tmdals010126/zephyrproject/zephyr/lib/libc/newlib/include/stdint.h:28:2:[m[K [01;35m[Kwarning: [m[K#include_next is a GCC extension
   28 | #[01;35m[Kinclude_next[m[K <stdint.h>
      |  [01;35m[K^~~~~~~~~~~~[m[K
In file included from [01m[K/home/tmdals010126/zephyrproject/zephyr/micro_ros_tfm/modules/libmicroros/micro_ros_src/build/rcl_interfaces/rosidl_typesupport_microxrcedds_c/rcl_interfaces/msg/detail/integer_range__rosidl_typesupport_microxrcedds_c.h:10[m[K,
                 from [01m[K/home/tmdals010126/zephyrproject/zephyr/micro_ros_tfm/modules/libmicroros/micro_ros_src/build/rcl_interfaces/rosidl_typesupport_microxrcedds_c/rcl_interfaces/msg/detail/microxrcedds/integer_range__type_support_c.c:4[m[K:
[01m[K/home/tmdals010126/zephyrproject/zephyr/lib/libc/newlib/include/stdint.h:28:2:[m[K [01;35m[Kwarning: [m[K#include_next is a GCC extension
   28 | #[01;35m[Kinclude_next[m[K <stdint.h>
      |  [01;35m[K^~~~~~~~~~~~[m[K
In file included from [01m[K/home/tmdals010126/zephyrproject/zephyr/micro_ros_tfm/modules/libmicroros/micro_ros_src/build/rcl_interfaces/rosidl_typesupport_microxrcedds_c/rcl_interfaces/msg/detail/log__rosidl_typesupport_microxrcedds_c.h:10[m[K,
                 from [01m[K/home/tmdals010126/zephyrproject/zephyr/micro_ros_tfm/modules/libmicroros/micro_ros_src/build/rcl_interfaces/rosidl_typesupport_microxrcedds_c/rcl_interfaces/msg/detail/microxrcedds/log__type_support_c.c:4[m[K:
[01m[K/home/tmdals010126/zephyrproject/zephyr/lib/libc/newlib/include/stdint.h:28:2:[m[K [01;35m[Kwarning: [m[K#include_next is a GCC extension
   28 | #[01;35m[Kinclude_next[m[K <stdint.h>
      |  [01;35m[K^~~~~~~~~~~~[m[K
In file included from [01m[K/home/tmdals010126/zephyrproject/zephyr/micro_ros_tfm/modules/libmicroros/micro_ros_src/build/rcl_interfaces/rosidl_typesupport_microxrcedds_c/rcl_interfaces/msg/detail/parameter_event_descriptors__rosidl_typesupport_microxrcedds_c.h:10[m[K,
                 from [01m[K/home/tmdals010126/zephyrproject/zephyr/micro_ros_tfm/modules/libmicroros/micro_ros_src/build/rcl_interfaces/rosidl_typesupport_microxrcedds_c/rcl_interfaces/msg/detail/microxrcedds/parameter_event_descriptors__type_support_c.c:4[m[K:
[01m[K/home/tmdals010126/zephyrproject/zephyr/lib/libc/newlib/include/stdint.h:28:2:[m[K [01;35m[Kwarning: [m[K#include_next is a GCC extension
   28 | #[01;35m[Kinclude_next[m[K <stdint.h>
      |  [01;35m[K^~~~~~~~~~~~[m[K
In file included from [01m[K/home/tmdals010126/zephyrproject/zephyr/micro_ros_tfm/modules/libmicroros/micro_ros_src/build/rcl_interfaces/rosidl_typesupport_microxrcedds_c/rcl_interfaces/msg/detail/microxrcedds/list_parameters_result__type_support_c.c:9[m[K:
[01m[K/home/tmdals010126/zephyrproject/zephyr/lib/libc/newlib/include/string.h:16:2:[m[K [01;35m[Kwarning: [m[K#include_next is a GCC extension
   16 | #[01;35m[Kinclude_next[m[K <string.h>
      |  [01;35m[K^~~~~~~~~~~~[m[K
In file included from [01m[K/home/tmdals010126/zephyrproject/zephyr/micro_ros_tfm/modules/libmicroros/micro_ros_src/build/rcl_interfaces/rosidl_typesupport_microxrcedds_c/rcl_interfaces/msg/detail/floating_point_range__rosidl_typesupport_microxrcedds_c.h:10[m[K,
                 from [01m[K/home/tmdals010126/zephyrproject/zephyr/micro_ros_tfm/modules/libmicroros/micro_ros_src/build/rcl_interfaces/rosidl_typesupport_microxrcedds_c/rcl_interfaces/msg/detail/microxrcedds/floating_point_range__type_support_c.c:4[m[K:
[01m[K/home/tmdals010126/zephyrproject/zephyr/lib/libc/newlib/include/stdint.h:28:2:[m[K [01;35m[Kwarning: [m[K#include_next is a GCC extension
   28 | #[01;35m[Kinclude_next[m[K <stdint.h>
      |  [01;35m[K^~~~~~~~~~~~[m[K
In file included from [01m[K/home/tmdals010126/zephyrproject/zephyr/micro_ros_tfm/modules/libmicroros/micro_ros_src/build/rcl_interfaces/rosidl_typesupport_microxrcedds_c/rcl_interfaces/msg/detail/microxrcedds/log__type_support_c.c:9[m[K:
[01m[K/home/tmdals010126/zephyrproject/zephyr/lib/libc/newlib/include/string.h:16:2:[m[K [01;35m[Kwarning: [m[K#include_next is a GCC extension
   16 | #[01;35m[Kinclude_next[m[K <string.h>
      |  [01;35m[K^~~~~~~~~~~~[m[K
In file included from [01m[K/home/tmdals010126/zephyrproject/zephyr/micro_ros_tfm/modules/libmicroros/micro_ros_src/build/rcl_interfaces/rosidl_typesupport_microxrcedds_c/rcl_interfaces/msg/detail/microxrcedds/integer_range__type_support_c.c:9[m[K:
[01m[K/home/tmdals010126/zephyrproject/zephyr/lib/libc/newlib/include/string.h:16:2:[m[K [01;35m[Kwarning: [m[K#include_next is a GCC extension
   16 | #[01;35m[Kinclude_next[m[K <string.h>
      |  [01;35m[K^~~~~~~~~~~~[m[K
In file included from [01m[K/home/tmdals010126/zephyrproject/zephyr/micro_ros_tfm/modules/libmicroros/micro_ros_src/build/rcl_interfaces/rosidl_typesupport_microxrcedds_c/rcl_interfaces/msg/detail/microxrcedds/parameter_event_descriptors__type_support_c.c:9[m[K:
[01m[K/home/tmdals010126/zephyrproject/zephyr/lib/libc/newlib/include/string.h:16:2:[m[K [01;35m[Kwarning: [m[K#include_next is a GCC extension
   16 | #[01;35m[Kinclude_next[m[K <string.h>
      |  [01;35m[K^~~~~~~~~~~~[m[K
In file included from [01m[K/home/tmdals010126/zephyrproject/zephyr/micro_ros_tfm/modules/libmicroros/micro_ros_src/build/rcl_interfaces/rosidl_typesupport_microxrcedds_c/rcl_interfaces/msg/detail/microxrcedds/floating_point_range__type_support_c.c:9[m[K:
[01m[K/home/tmdals010126/zephyrproject/zephyr/lib/libc/newlib/include/string.h:16:2:[m[K [01;35m[Kwarning: [m[K#include_next is a GCC extension
   16 | #[01;35m[Kinclude_next[m[K <string.h>
      |  [01;35m[K^~~~~~~~~~~~[m[K
In file included from [01m[K/home/tmdals010126/zephyrproject/zephyr/micro_ros_tfm/modules/libmicroros/micro_ros_src/build/rcl_interfaces/rosidl_typesupport_microxrcedds_c/rcl_interfaces/msg/detail/parameter_descriptor__rosidl_typesupport_microxrcedds_c.h:10[m[K,
                 from [01m[K/home/tmdals010126/zephyrproject/zephyr/micro_ros_tfm/modules/libmicroros/micro_ros_src/build/rcl_interfaces/rosidl_typesupport_microxrcedds_c/rcl_interfaces/msg/detail/microxrcedds/parameter_descriptor__type_support_c.c:4[m[K:
[01m[K/home/tmdals010126/zephyrproject/zephyr/lib/libc/newlib/include/stdint.h:28:2:[m[K [01;35m[Kwarning: [m[K#include_next is a GCC extension
   28 | #[01;35m[Kinclude_next[m[K <stdint.h>
      |  [01;35m[K^~~~~~~~~~~~[m[K
In file included from [01m[K/home/tmdals010126/zephyrproject/zephyr/micro_ros_tfm/modules/libmicroros/micro_ros_src/build/rcl_interfaces/rosidl_typesupport_microxrcedds_c/rcl_interfaces/msg/detail/parameter_event__rosidl_typesupport_microxrcedds_c.h:10[m[K,
                 from [01m[K/home/tmdals010126/zephyrproject/zephyr/micro_ros_tfm/modules/libmicroros/micro_ros_src/build/rcl_interfaces/rosidl_typesupport_microxrcedds_c/rcl_interfaces/msg/detail/microxrcedds/parameter_event__type_support_c.c:4[m[K:
[01m[K/home/tmdals010126/zephyrproject/zephyr/lib/libc/newlib/include/stdint.h:28:2:[m[K [01;35m[Kwarning: [m[K#include_next is a GCC extension
   28 | #[01;35m[Kinclude_next[m[K <stdint.h>
      |  [01;35m[K^~~~~~~~~~~~[m[K
In file included from [01m[K/home/tmdals010126/zephyrproject/zephyr/micro_ros_tfm/modules/libmicroros/micro_ros_src/build/rcl_interfaces/rosidl_typesupport_microxrcedds_c/rcl_interfaces/msg/detail/microxrcedds/parameter_descriptor__type_support_c.c:9[m[K:
[01m[K/home/tmdals010126/zephyrproject/zephyr/lib/libc/newlib/include/string.h:16:2:[m[K [01;35m[Kwarning: [m[K#include_next is a GCC extension
   16 | #[01;35m[Kinclude_next[m[K <string.h>
      |  [01;35m[K^~~~~~~~~~~~[m[K
In file included from [01m[K/home/tmdals010126/zephyrproject/zephyr/micro_ros_tfm/modules/libmicroros/micro_ros_src/build/rcl_interfaces/rosidl_typesupport_microxrcedds_c/rcl_interfaces/msg/detail/microxrcedds/parameter_event__type_support_c.c:9[m[K:
[01m[K/home/tmdals010126/zephyrproject/zephyr/lib/libc/newlib/include/string.h:16:2:[m[K [01;35m[Kwarning: [m[K#include_next is a GCC extension
   16 | #[01;35m[Kinclude_next[m[K <string.h>
      |  [01;35m[K^~~~~~~~~~~~[m[K
In file included from [01m[K/home/tmdals010126/zephyrproject/zephyr/micro_ros_tfm/modules/libmicroros/micro_ros_src/build/rcl_interfaces/rosidl_typesupport_microxrcedds_c/rcl_interfaces/msg/detail/parameter__rosidl_typesupport_microxrcedds_c.h:10[m[K,
                 from [01m[K/home/tmdals010126/zephyrproject/zephyr/micro_ros_tfm/modules/libmicroros/micro_ros_src/build/rcl_interfaces/rosidl_typesupport_microxrcedds_c/rcl_interfaces/msg/detail/microxrcedds/parameter__type_support_c.c:4[m[K:
[01m[K/home/tmdals010126/zephyrproject/zephyr/lib/libc/newlib/include/stdint.h:28:2:[m[K [01;35m[Kwarning: [m[K#include_next is a GCC extension
   28 | #[01;35m[Kinclude_next[m[K <stdint.h>
      |  [01;35m[K^~~~~~~~~~~~[m[K
In file included from [01m[K/home/tmdals010126/zephyrproject/zephyr/micro_ros_tfm/modules/libmicroros/micro_ros_src/build/rcl_interfaces/rosidl_typesupport_microxrcedds_c/rcl_interfaces/msg/detail/parameter_value__rosidl_typesupport_microxrcedds_c.h:10[m[K,
                 from [01m[K/home/tmdals010126/zephyrproject/zephyr/micro_ros_tfm/modules/libmicroros/micro_ros_src/build/rcl_interfaces/rosidl_typesupport_microxrcedds_c/rcl_interfaces/msg/detail/microxrcedds/parameter_value__type_support_c.c:4[m[K:
[01m[K/home/tmdals010126/zephyrproject/zephyr/lib/libc/newlib/include/stdint.h:28:2:[m[K [01;35m[Kwarning: [m[K#include_next is a GCC extension
   28 | #[01;35m[Kinclude_next[m[K <stdint.h>
      |  [01;35m[K^~~~~~~~~~~~[m[K
In file included from [01m[K/home/tmdals010126/zephyrproject/zephyr/micro_ros_tfm/modules/libmicroros/micro_ros_src/build/rcl_interfaces/rosidl_typesupport_microxrcedds_c/rcl_interfaces/msg/detail/microxrcedds/parameter__type_support_c.c:9[m[K:
[01m[K/home/tmdals010126/zephyrproject/zephyr/lib/libc/newlib/include/string.h:16:2:[m[K [01;35m[Kwarning: [m[K#include_next is a GCC extension
   16 | #[01;35m[Kinclude_next[m[K <string.h>
      |  [01;35m[K^~~~~~~~~~~~[m[K
In file included from [01m[K/home/tmdals010126/zephyrproject/zephyr/micro_ros_tfm/modules/libmicroros/micro_ros_src/build/rcl_interfaces/rosidl_typesupport_microxrcedds_c/rcl_interfaces/msg/detail/microxrcedds/parameter_value__type_support_c.c:9[m[K:
[01m[K/home/tmdals010126/zephyrproject/zephyr/lib/libc/newlib/include/string.h:16:2:[m[K [01;35m[Kwarning: [m[K#include_next is a GCC extension
   16 | #[01;35m[Kinclude_next[m[K <string.h>
      |  [01;35m[K^~~~~~~~~~~~[m[K
In file included from [01m[K/home/tmdals010126/zephyrproject/zephyr/micro_ros_tfm/modules/libmicroros/micro_ros_src/build/rcl_interfaces/rosidl_typesupport_microxrcedds_c/rcl_interfaces/srv/detail/describe_parameters__rosidl_typesupport_microxrcedds_c.h:10[m[K,
                 from [01m[K/home/tmdals010126/zephyrproject/zephyr/micro_ros_tfm/modules/libmicroros/micro_ros_src/build/rcl_interfaces/rosidl_typesupport_microxrcedds_c/rcl_interfaces/srv/detail/microxrcedds/describe_parameters__type_support_c.c:4[m[K:
[01m[K/home/tmdals010126/zephyrproject/zephyr/lib/libc/newlib/include/stdint.h:28:2:[m[K [01;35m[Kwarning: [m[K#include_next is a GCC extension
   28 | #[01;35m[Kinclude_next[m[K <stdint.h>
      |  [01;35m[K^~~~~~~~~~~~[m[K
In file included from [01m[K/home/tmdals010126/zephyrproject/zephyr/micro_ros_tfm/modules/libmicroros/micro_ros_src/build/rcl_interfaces/rosidl_typesupport_microxrcedds_c/rcl_interfaces/srv/detail/get_parameters__rosidl_typesupport_microxrcedds_c.h:10[m[K,
                 from [01m[K/home/tmdals010126/zephyrproject/zephyr/micro_ros_tfm/modules/libmicroros/micro_ros_src/build/rcl_interfaces/rosidl_typesupport_microxrcedds_c/rcl_interfaces/srv/detail/microxrcedds/get_parameters__type_support_c.c:4[m[K:
[01m[K/home/tmdals010126/zephyrproject/zephyr/lib/libc/newlib/include/stdint.h:28:2:[m[K [01;35m[Kwarning: [m[K#include_next is a GCC extension
   28 | #[01;35m[Kinclude_next[m[K <stdint.h>
      |  [01;35m[K^~~~~~~~~~~~[m[K
In file included from [01m[K/home/tmdals010126/zephyrproject/zephyr/micro_ros_tfm/modules/libmicroros/micro_ros_src/build/rcl_interfaces/rosidl_typesupport_microxrcedds_c/rcl_interfaces/msg/detail/parameter_type__rosidl_typesupport_microxrcedds_c.h:10[m[K,
                 from [01m[K/home/tmdals010126/zephyrproject/zephyr/micro_ros_tfm/modules/libmicroros/micro_ros_src/build/rcl_interfaces/rosidl_typesupport_microxrcedds_c/rcl_interfaces/msg/detail/microxrcedds/parameter_type__type_support_c.c:4[m[K:
[01m[K/home/tmdals010126/zephyrproject/zephyr/lib/libc/newlib/include/stdint.h:28:2:[m[K [01;35m[Kwarning: [m[K#include_next is a GCC extension
   28 | #[01;35m[Kinclude_next[m[K <stdint.h>
      |  [01;35m[K^~~~~~~~~~~~[m[K
In file included from [01m[K/home/tmdals010126/zephyrproject/zephyr/micro_ros_tfm/modules/libmicroros/micro_ros_src/build/rcl_interfaces/rosidl_typesupport_microxrcedds_c/rcl_interfaces/srv/detail/get_parameter_types__rosidl_typesupport_microxrcedds_c.h:10[m[K,
                 from [01m[K/home/tmdals010126/zephyrproject/zephyr/micro_ros_tfm/modules/libmicroros/micro_ros_src/build/rcl_interfaces/rosidl_typesupport_microxrcedds_c/rcl_interfaces/srv/detail/microxrcedds/get_parameter_types__type_support_c.c:4[m[K:
[01m[K/home/tmdals010126/zephyrproject/zephyr/lib/libc/newlib/include/stdint.h:28:2:[m[K [01;35m[Kwarning: [m[K#include_next is a GCC extension
   28 | #[01;35m[Kinclude_next[m[K <stdint.h>
      |  [01;35m[K^~~~~~~~~~~~[m[K
In file included from [01m[K/home/tmdals010126/zephyrproject/zephyr/micro_ros_tfm/modules/libmicroros/micro_ros_src/build/rcl_interfaces/rosidl_typesupport_microxrcedds_c/rcl_interfaces/srv/detail/microxrcedds/describe_parameters__type_support_c.c:9[m[K:
[01m[K/home/tmdals010126/zephyrproject/zephyr/lib/libc/newlib/include/string.h:16:2:[m[K [01;35m[Kwarning: [m[K#include_next is a GCC extension
   16 | #[01;35m[Kinclude_next[m[K <string.h>
      |  [01;35m[K^~~~~~~~~~~~[m[K
In file included from [01m[K/home/tmdals010126/zephyrproject/zephyr/micro_ros_tfm/modules/libmicroros/micro_ros_src/build/rcl_interfaces/rosidl_typesupport_microxrcedds_c/rcl_interfaces/srv/detail/microxrcedds/get_parameters__type_support_c.c:9[m[K:
[01m[K/home/tmdals010126/zephyrproject/zephyr/lib/libc/newlib/include/string.h:16:2:[m[K [01;35m[Kwarning: [m[K#include_next is a GCC extension
   16 | #[01;35m[Kinclude_next[m[K <string.h>
      |  [01;35m[K^~~~~~~~~~~~[m[K
In file included from [01m[K/home/tmdals010126/zephyrproject/zephyr/micro_ros_tfm/modules/libmicroros/micro_ros_src/build/rcl_interfaces/rosidl_typesupport_microxrcedds_c/rcl_interfaces/srv/detail/microxrcedds/get_parameter_types__type_support_c.c:9[m[K:
[01m[K/home/tmdals010126/zephyrproject/zephyr/lib/libc/newlib/include/string.h:16:2:[m[K [01;35m[Kwarning: [m[K#include_next is a GCC extension
   16 | #[01;35m[Kinclude_next[m[K <string.h>
      |  [01;35m[K^~~~~~~~~~~~[m[K
In file included from [01m[K/home/tmdals010126/zephyrproject/zephyr/micro_ros_tfm/modules/libmicroros/micro_ros_src/build/rcl_interfaces/rosidl_typesupport_microxrcedds_c/rcl_interfaces/srv/detail/set_parameters_atomically__rosidl_typesupport_microxrcedds_c.h:10[m[K,
                 from [01m[K/home/tmdals010126/zephyrproject/zephyr/micro_ros_tfm/modules/libmicroros/micro_ros_src/build/rcl_interfaces/rosidl_typesupport_microxrcedds_c/rcl_interfaces/srv/detail/microxrcedds/set_parameters_atomically__type_support_c.c:4[m[K:
[01m[K/home/tmdals010126/zephyrproject/zephyr/lib/libc/newlib/include/stdint.h:28:2:[m[K [01;35m[Kwarning: [m[K#include_next is a GCC extension
   28 | #[01;35m[Kinclude_next[m[K <stdint.h>
      |  [01;35m[K^~~~~~~~~~~~[m[K
In file included from [01m[K/home/tmdals010126/zephyrproject/zephyr/micro_ros_tfm/modules/libmicroros/micro_ros_src/build/rcl_interfaces/rosidl_typesupport_microxrcedds_c/rcl_interfaces/msg/detail/microxrcedds/parameter_type__type_support_c.c:9[m[K:
[01m[K/home/tmdals010126/zephyrproject/zephyr/lib/libc/newlib/include/string.h:16:2:[m[K [01;35m[Kwarning: [m[K#include_next is a GCC extension
   16 | #[01;35m[Kinclude_next[m[K <string.h>
      |  [01;35m[K^~~~~~~~~~~~[m[K
In file included from [01m[K/home/tmdals010126/zephyrproject/zephyr/micro_ros_tfm/modules/libmicroros/micro_ros_src/build/rcl_interfaces/rosidl_typesupport_microxrcedds_c/rcl_interfaces/srv/detail/list_parameters__rosidl_typesupport_microxrcedds_c.h:10[m[K,
                 from [01m[K/home/tmdals010126/zephyrproject/zephyr/micro_ros_tfm/modules/libmicroros/micro_ros_src/build/rcl_interfaces/rosidl_typesupport_microxrcedds_c/rcl_interfaces/srv/detail/microxrcedds/list_parameters__type_support_c.c:4[m[K:
[01m[K/home/tmdals010126/zephyrproject/zephyr/lib/libc/newlib/include/stdint.h:28:2:[m[K [01;35m[Kwarning: [m[K#include_next is a GCC extension
   28 | #[01;35m[Kinclude_next[m[K <stdint.h>
      |  [01;35m[K^~~~~~~~~~~~[m[K
In file included from [01m[K/home/tmdals010126/zephyrproject/zephyr/micro_ros_tfm/modules/libmicroros/micro_ros_src/build/rcl_interfaces/rosidl_typesupport_microxrcedds_c/rcl_interfaces/msg/detail/set_parameters_result__rosidl_typesupport_microxrcedds_c.h:10[m[K,
                 from [01m[K/home/tmdals010126/zephyrproject/zephyr/micro_ros_tfm/modules/libmicroros/micro_ros_src/build/rcl_interfaces/rosidl_typesupport_microxrcedds_c/rcl_interfaces/msg/detail/microxrcedds/set_parameters_result__type_support_c.c:4[m[K:
[01m[K/home/tmdals010126/zephyrproject/zephyr/lib/libc/newlib/include/stdint.h:28:2:[m[K [01;35m[Kwarning: [m[K#include_next is a GCC extension
   28 | #[01;35m[Kinclude_next[m[K <stdint.h>
      |  [01;35m[K^~~~~~~~~~~~[m[K
In file included from [01m[K/home/tmdals010126/zephyrproject/zephyr/micro_ros_tfm/modules/libmicroros/micro_ros_src/build/rcl_interfaces/rosidl_typesupport_microxrcedds_c/rcl_interfaces/srv/detail/microxrcedds/set_parameters_atomically__type_support_c.c:9[m[K:
[01m[K/home/tmdals010126/zephyrproject/zephyr/lib/libc/newlib/include/string.h:16:2:[m[K [01;35m[Kwarning: [m[K#include_next is a GCC extension
   16 | #[01;35m[Kinclude_next[m[K <string.h>
      |  [01;35m[K^~~~~~~~~~~~[m[K
In file included from [01m[K/home/tmdals010126/zephyrproject/zephyr/micro_ros_tfm/modules/libmicroros/micro_ros_src/build/rcl_interfaces/rosidl_typesupport_microxrcedds_c/rcl_interfaces/srv/detail/microxrcedds/list_parameters__type_support_c.c:9[m[K:
[01m[K/home/tmdals010126/zephyrproject/zephyr/lib/libc/newlib/include/string.h:16:2:[m[K [01;35m[Kwarning: [m[K#include_next is a GCC extension
   16 | #[01;35m[Kinclude_next[m[K <string.h>
      |  [01;35m[K^~~~~~~~~~~~[m[K
In file included from [01m[K/home/tmdals010126/zephyrproject/zephyr/micro_ros_tfm/modules/libmicroros/micro_ros_src/build/rcl_interfaces/rosidl_typesupport_microxrcedds_c/rcl_interfaces/srv/detail/set_parameters__rosidl_typesupport_microxrcedds_c.h:10[m[K,
                 from [01m[K/home/tmdals010126/zephyrproject/zephyr/micro_ros_tfm/modules/libmicroros/micro_ros_src/build/rcl_interfaces/rosidl_typesupport_microxrcedds_c/rcl_interfaces/srv/detail/microxrcedds/set_parameters__type_support_c.c:4[m[K:
[01m[K/home/tmdals010126/zephyrproject/zephyr/lib/libc/newlib/include/stdint.h:28:2:[m[K [01;35m[Kwarning: [m[K#include_next is a GCC extension
   28 | #[01;35m[Kinclude_next[m[K <stdint.h>
      |  [01;35m[K^~~~~~~~~~~~[m[K
In file included from [01m[K/home/tmdals010126/zephyrproject/zephyr/micro_ros_tfm/modules/libmicroros/micro_ros_src/build/rcl_interfaces/rosidl_typesupport_microxrcedds_c/rcl_interfaces/msg/detail/microxrcedds/set_parameters_result__type_support_c.c:9[m[K:
[01m[K/home/tmdals010126/zephyrproject/zephyr/lib/libc/newlib/include/string.h:16:2:[m[K [01;35m[Kwarning: [m[K#include_next is a GCC extension
   16 | #[01;35m[Kinclude_next[m[K <string.h>
      |  [01;35m[K^~~~~~~~~~~~[m[K
In file included from [01m[K/home/tmdals010126/zephyrproject/zephyr/micro_ros_tfm/modules/libmicroros/micro_ros_src/build/rcl_interfaces/rosidl_typesupport_microxrcedds_c/rcl_interfaces/srv/detail/microxrcedds/set_parameters__type_support_c.c:9[m[K:
[01m[K/home/tmdals010126/zephyrproject/zephyr/lib/libc/newlib/include/string.h:16:2:[m[K [01;35m[Kwarning: [m[K#include_next is a GCC extension
   16 | #[01;35m[Kinclude_next[m[K <string.h>
      |  [01;35m[K^~~~~~~~~~~~[m[K
