[1.450s] Invoking command in '/home/tmdals010126/zephyrproject/zephyr/micro_ros_zephyr_module/modules/libmicroros/micro_ros_src/src/ros2_tracing/tracetools_read': PYTHONPATH=/home/tmdals010126/zephyrproject/zephyr/micro_ros_zephyr_module/modules/libmicroros/micro_ros_src/build/tracetools_read/prefix_override:/home/tmdals010126/zephyrproject/.venv/lib/python3.10/site-packages/colcon_core/task/python/colcon_distutils_commands:/home/tmdals010126/zephyrproject/zephyr/micro_ros_zephyr_module/modules/libmicroros/micro_ros_src/install/lib/python3.10/site-packages:${PYTHONPATH} /home/tmdals010126/zephyrproject/.venv/bin/python3 -W ignore:setup.py install is deprecated -W ignore:easy_install command is deprecated setup.py egg_info --egg-base ../../../build/tracetools_read build --build-base /home/tmdals010126/zephyrproject/zephyr/micro_ros_zephyr_module/modules/libmicroros/micro_ros_src/build/tracetools_read/build install --record /home/tmdals010126/zephyrproject/zephyr/micro_ros_zephyr_module/modules/libmicroros/micro_ros_src/build/tracetools_read/install.log --single-version-externally-managed install_data
[1.551s] /home/tmdals010126/zephyrproject/.venv/lib/python3.10/site-packages/setuptools/_distutils/dist.py:289: UserWarning: Unknown distribution option: 'tests_require'
[1.551s]   warnings.warn(msg)
[1.586s] running egg_info
[1.590s] writing ../../../build/tracetools_read/tracetools_read.egg-info/PKG-INFO
[1.591s] writing dependency_links to ../../../build/tracetools_read/tracetools_read.egg-info/dependency_links.txt
[1.591s] writing requirements to ../../../build/tracetools_read/tracetools_read.egg-info/requires.txt
[1.591s] writing top-level names to ../../../build/tracetools_read/tracetools_read.egg-info/top_level.txt
[1.629s] writing manifest file '../../../build/tracetools_read/tracetools_read.egg-info/SOURCES.txt'
[1.629s] running build
[1.629s] running build_py
[1.629s] copying tracetools_read/__init__.py -> /home/tmdals010126/zephyrproject/zephyr/micro_ros_zephyr_module/modules/libmicroros/micro_ros_src/build/tracetools_read/build/lib/tracetools_read
[1.629s] copying tracetools_read/trace.py -> /home/tmdals010126/zephyrproject/zephyr/micro_ros_zephyr_module/modules/libmicroros/micro_ros_src/build/tracetools_read/build/lib/tracetools_read
[1.630s] running install
[1.633s] running install_lib
[1.642s] running install_data
[1.642s] copying package.xml -> /home/tmdals010126/zephyrproject/zephyr/micro_ros_zephyr_module/modules/libmicroros/micro_ros_src/install/share/tracetools_read
[1.642s] copying resource/tracetools_read -> /home/tmdals010126/zephyrproject/zephyr/micro_ros_zephyr_module/modules/libmicroros/micro_ros_src/install/share/ament_index/resource_index/packages
[1.642s] running install_egg_info
[1.651s] removing '/home/tmdals010126/zephyrproject/zephyr/micro_ros_zephyr_module/modules/libmicroros/micro_ros_src/install/lib/python3.10/site-packages/tracetools_read-4.1.1-py3.10.egg-info' (and everything under it)
[1.651s] Copying ../../../build/tracetools_read/tracetools_read.egg-info to /home/tmdals010126/zephyrproject/zephyr/micro_ros_zephyr_module/modules/libmicroros/micro_ros_src/install/lib/python3.10/site-packages/tracetools_read-4.1.1-py3.10.egg-info
[1.652s] running install_scripts
[1.667s] writing list of installed files to '/home/tmdals010126/zephyrproject/zephyr/micro_ros_zephyr_module/modules/libmicroros/micro_ros_src/build/tracetools_read/install.log'
[1.692s] Invoked command in '/home/tmdals010126/zephyrproject/zephyr/micro_ros_zephyr_module/modules/libmicroros/micro_ros_src/src/ros2_tracing/tracetools_read' returned '0': PYTHONPATH=/home/tmdals010126/zephyrproject/zephyr/micro_ros_zephyr_module/modules/libmicroros/micro_ros_src/build/tracetools_read/prefix_override:/home/tmdals010126/zephyrproject/.venv/lib/python3.10/site-packages/colcon_core/task/python/colcon_distutils_commands:/home/tmdals010126/zephyrproject/zephyr/micro_ros_zephyr_module/modules/libmicroros/micro_ros_src/install/lib/python3.10/site-packages:${PYTHONPATH} /home/tmdals010126/zephyrproject/.venv/bin/python3 -W ignore:setup.py install is deprecated -W ignore:easy_install command is deprecated setup.py egg_info --egg-base ../../../build/tracetools_read build --build-base /home/tmdals010126/zephyrproject/zephyr/micro_ros_zephyr_module/modules/libmicroros/micro_ros_src/build/tracetools_read/build install --record /home/tmdals010126/zephyrproject/zephyr/micro_ros_zephyr_module/modules/libmicroros/micro_ros_src/build/tracetools_read/install.log --single-version-externally-managed install_data
