gmake[1]: Entering directory '/home/tmdals010126/zephyrproject/zephyr/micro_ros_tfm_base/modules/libmicroros/micro_ros_src/build/rmw'
-- Found ament_cmake_ros: 0.10.0 (/home/tmdals010126/zephyrproject/zephyr/micro_ros_tfm_base/modules/libmicroros/micro_ros_dev/install/ament_cmake_ros/share/ament_cmake_ros/cmake)
-- Found rcutils: 5.1.7 (/home/tmdals010126/zephyrproject/zephyr/micro_ros_tfm_base/modules/libmicroros/micro_ros_src/install/share/rcutils/cmake)
-- Found rosidl_runtime_c: 3.1.7 (/home/tmdals010126/zephyrproject/zephyr/micro_ros_tfm_base/modules/libmicroros/micro_ros_src/install/share/rosidl_runtime_c/cmake)
-- Configuring done (0.1s)
-- Generating done (0.0s)
-- Build files have been written to: /home/tmdals010126/zephyrproject/zephyr/micro_ros_tfm_base/modules/libmicroros/micro_ros_src/build/rmw
gmake[2]: Entering directory '/home/tmdals010126/zephyrproject/zephyr/micro_ros_tfm_base/modules/libmicroros/micro_ros_src/build/rmw'
gmake[3]: Entering directory '/home/tmdals010126/zephyrproject/zephyr/micro_ros_tfm_base/modules/libmicroros/micro_ros_src/build/rmw'
gmake[3]: Leaving directory '/home/tmdals010126/zephyrproject/zephyr/micro_ros_tfm_base/modules/libmicroros/micro_ros_src/build/rmw'
[100%] Built target rmw
gmake[2]: Leaving directory '/home/tmdals010126/zephyrproject/zephyr/micro_ros_tfm_base/modules/libmicroros/micro_ros_src/build/rmw'
gmake[1]: Leaving directory '/home/tmdals010126/zephyrproject/zephyr/micro_ros_tfm_base/modules/libmicroros/micro_ros_src/build/rmw'
-- Install configuration: "Release"
-- Up-to-date: /home/tmdals010126/zephyrproject/zephyr/micro_ros_tfm_base/modules/libmicroros/micro_ros_src/install/share/rmw/environment/library_path.sh
-- Installing: /home/tmdals010126/zephyrproject/zephyr/micro_ros_tfm_base/modules/libmicroros/micro_ros_src/install/share/rmw/environment/library_path.dsv
-- Up-to-date: /home/tmdals010126/zephyrproject/zephyr/micro_ros_tfm_base/modules/libmicroros/micro_ros_src/install/share/ament_index/resource_index/package_run_dependencies/rmw
-- Up-to-date: /home/tmdals010126/zephyrproject/zephyr/micro_ros_tfm_base/modules/libmicroros/micro_ros_src/install/share/ament_index/resource_index/parent_prefix_path/rmw
-- Up-to-date: /home/tmdals010126/zephyrproject/zephyr/micro_ros_tfm_base/modules/libmicroros/micro_ros_src/install/share/rmw/environment/ament_prefix_path.sh
-- Installing: /home/tmdals010126/zephyrproject/zephyr/micro_ros_tfm_base/modules/libmicroros/micro_ros_src/install/share/rmw/environment/ament_prefix_path.dsv
-- Up-to-date: /home/tmdals010126/zephyrproject/zephyr/micro_ros_tfm_base/modules/libmicroros/micro_ros_src/install/share/rmw/environment/path.sh
-- Installing: /home/tmdals010126/zephyrproject/zephyr/micro_ros_tfm_base/modules/libmicroros/micro_ros_src/install/share/rmw/environment/path.dsv
-- Up-to-date: /home/tmdals010126/zephyrproject/zephyr/micro_ros_tfm_base/modules/libmicroros/micro_ros_src/install/share/rmw/local_setup.bash
-- Up-to-date: /home/tmdals010126/zephyrproject/zephyr/micro_ros_tfm_base/modules/libmicroros/micro_ros_src/install/share/rmw/local_setup.sh
-- Up-to-date: /home/tmdals010126/zephyrproject/zephyr/micro_ros_tfm_base/modules/libmicroros/micro_ros_src/install/share/rmw/local_setup.zsh
-- Installing: /home/tmdals010126/zephyrproject/zephyr/micro_ros_tfm_base/modules/libmicroros/micro_ros_src/install/share/rmw/local_setup.dsv
-- Installing: /home/tmdals010126/zephyrproject/zephyr/micro_ros_tfm_base/modules/libmicroros/micro_ros_src/install/share/rmw/package.dsv
-- Up-to-date: /home/tmdals010126/zephyrproject/zephyr/micro_ros_tfm_base/modules/libmicroros/micro_ros_src/install/share/ament_index/resource_index/packages/rmw
-- Up-to-date: /home/tmdals010126/zephyrproject/zephyr/micro_ros_tfm_base/modules/libmicroros/micro_ros_src/install/share/rmw/cmake/rmwExport.cmake
-- Up-to-date: /home/tmdals010126/zephyrproject/zephyr/micro_ros_tfm_base/modules/libmicroros/micro_ros_src/install/share/rmw/cmake/rmwExport-release.cmake
-- Up-to-date: /home/tmdals010126/zephyrproject/zephyr/micro_ros_tfm_base/modules/libmicroros/micro_ros_src/install/share/rmw/cmake/rmw-extras.cmake
-- Up-to-date: /home/tmdals010126/zephyrproject/zephyr/micro_ros_tfm_base/modules/libmicroros/micro_ros_src/install/share/rmw/cmake/ament_cmake_export_dependencies-extras.cmake
-- Up-to-date: /home/tmdals010126/zephyrproject/zephyr/micro_ros_tfm_base/modules/libmicroros/micro_ros_src/install/share/rmw/cmake/ament_cmake_export_include_directories-extras.cmake
-- Up-to-date: /home/tmdals010126/zephyrproject/zephyr/micro_ros_tfm_base/modules/libmicroros/micro_ros_src/install/share/rmw/cmake/ament_cmake_export_libraries-extras.cmake
-- Up-to-date: /home/tmdals010126/zephyrproject/zephyr/micro_ros_tfm_base/modules/libmicroros/micro_ros_src/install/share/rmw/cmake/ament_cmake_export_targets-extras.cmake
-- Up-to-date: /home/tmdals010126/zephyrproject/zephyr/micro_ros_tfm_base/modules/libmicroros/micro_ros_src/install/share/rmw/cmake/rmwConfig.cmake
-- Up-to-date: /home/tmdals010126/zephyrproject/zephyr/micro_ros_tfm_base/modules/libmicroros/micro_ros_src/install/share/rmw/cmake/rmwConfig-version.cmake
-- Up-to-date: /home/tmdals010126/zephyrproject/zephyr/micro_ros_tfm_base/modules/libmicroros/micro_ros_src/install/share/rmw/package.xml
-- Up-to-date: /home/tmdals010126/zephyrproject/zephyr/micro_ros_tfm_base/modules/libmicroros/micro_ros_src/install/share/rmw/cmake
-- Up-to-date: /home/tmdals010126/zephyrproject/zephyr/micro_ros_tfm_base/modules/libmicroros/micro_ros_src/install/share/rmw/cmake/configure_rmw_library.cmake
-- Up-to-date: /home/tmdals010126/zephyrproject/zephyr/micro_ros_tfm_base/modules/libmicroros/micro_ros_src/install/share/rmw/cmake/get_rmw_typesupport.cmake
-- Up-to-date: /home/tmdals010126/zephyrproject/zephyr/micro_ros_tfm_base/modules/libmicroros/micro_ros_src/install/share/rmw/cmake/register_rmw_implementation.cmake
-- Up-to-date: /home/tmdals010126/zephyrproject/zephyr/micro_ros_tfm_base/modules/libmicroros/micro_ros_src/install/include/rmw
-- Up-to-date: /home/tmdals010126/zephyrproject/zephyr/micro_ros_tfm_base/modules/libmicroros/micro_ros_src/install/include/rmw/rmw
-- Up-to-date: /home/tmdals010126/zephyrproject/zephyr/micro_ros_tfm_base/modules/libmicroros/micro_ros_src/install/include/rmw/rmw/qos_string_conversions.h
-- Up-to-date: /home/tmdals010126/zephyrproject/zephyr/micro_ros_tfm_base/modules/libmicroros/micro_ros_src/install/include/rmw/rmw/serialized_message.h
-- Up-to-date: /home/tmdals010126/zephyrproject/zephyr/micro_ros_tfm_base/modules/libmicroros/micro_ros_src/install/include/rmw/rmw/validate_node_name.h
-- Up-to-date: /home/tmdals010126/zephyrproject/zephyr/micro_ros_tfm_base/modules/libmicroros/micro_ros_src/install/include/rmw/rmw/init_options.h
-- Up-to-date: /home/tmdals010126/zephyrproject/zephyr/micro_ros_tfm_base/modules/libmicroros/micro_ros_src/install/include/rmw/rmw/error_handling.h
-- Up-to-date: /home/tmdals010126/zephyrproject/zephyr/micro_ros_tfm_base/modules/libmicroros/micro_ros_src/install/include/rmw/rmw/domain_id.h
-- Up-to-date: /home/tmdals010126/zephyrproject/zephyr/micro_ros_tfm_base/modules/libmicroros/micro_ros_src/install/include/rmw/rmw/impl
-- Up-to-date: /home/tmdals010126/zephyrproject/zephyr/micro_ros_tfm_base/modules/libmicroros/micro_ros_src/install/include/rmw/rmw/impl/config.h
-- Up-to-date: /home/tmdals010126/zephyrproject/zephyr/micro_ros_tfm_base/modules/libmicroros/micro_ros_src/install/include/rmw/rmw/impl/cpp
-- Up-to-date: /home/tmdals010126/zephyrproject/zephyr/micro_ros_tfm_base/modules/libmicroros/micro_ros_src/install/include/rmw/rmw/impl/cpp/macros.hpp
-- Up-to-date: /home/tmdals010126/zephyrproject/zephyr/micro_ros_tfm_base/modules/libmicroros/micro_ros_src/install/include/rmw/rmw/impl/cpp/demangle.hpp
-- Up-to-date: /home/tmdals010126/zephyrproject/zephyr/micro_ros_tfm_base/modules/libmicroros/micro_ros_src/install/include/rmw/rmw/impl/cpp/key_value.hpp
-- Up-to-date: /home/tmdals010126/zephyrproject/zephyr/micro_ros_tfm_base/modules/libmicroros/micro_ros_src/install/include/rmw/rmw/message_sequence.h
-- Up-to-date: /home/tmdals010126/zephyrproject/zephyr/micro_ros_tfm_base/modules/libmicroros/micro_ros_src/install/include/rmw/rmw/sanity_checks.h
-- Up-to-date: /home/tmdals010126/zephyrproject/zephyr/micro_ros_tfm_base/modules/libmicroros/micro_ros_src/install/include/rmw/rmw/security_options.h
-- Up-to-date: /home/tmdals010126/zephyrproject/zephyr/micro_ros_tfm_base/modules/libmicroros/micro_ros_src/install/include/rmw/rmw/network_flow_endpoint_array.h
-- Up-to-date: /home/tmdals010126/zephyrproject/zephyr/micro_ros_tfm_base/modules/libmicroros/micro_ros_src/install/include/rmw/rmw/qos_profiles.h
-- Up-to-date: /home/tmdals010126/zephyrproject/zephyr/micro_ros_tfm_base/modules/libmicroros/micro_ros_src/install/include/rmw/rmw/get_node_info_and_types.h
-- Up-to-date: /home/tmdals010126/zephyrproject/zephyr/micro_ros_tfm_base/modules/libmicroros/micro_ros_src/install/include/rmw/rmw/features.h
-- Up-to-date: /home/tmdals010126/zephyrproject/zephyr/micro_ros_tfm_base/modules/libmicroros/micro_ros_src/install/include/rmw/rmw/get_topic_names_and_types.h
-- Up-to-date: /home/tmdals010126/zephyrproject/zephyr/micro_ros_tfm_base/modules/libmicroros/micro_ros_src/install/include/rmw/rmw/publisher_options.h
-- Up-to-date: /home/tmdals010126/zephyrproject/zephyr/micro_ros_tfm_base/modules/libmicroros/micro_ros_src/install/include/rmw/rmw/macros.h
-- Up-to-date: /home/tmdals010126/zephyrproject/zephyr/micro_ros_tfm_base/modules/libmicroros/micro_ros_src/install/include/rmw/rmw/event_callback_type.h
-- Up-to-date: /home/tmdals010126/zephyrproject/zephyr/micro_ros_tfm_base/modules/libmicroros/micro_ros_src/install/include/rmw/rmw/subscription_options.h
-- Up-to-date: /home/tmdals010126/zephyrproject/zephyr/micro_ros_tfm_base/modules/libmicroros/micro_ros_src/install/include/rmw/rmw/qos_policy_kind.h
-- Up-to-date: /home/tmdals010126/zephyrproject/zephyr/micro_ros_tfm_base/modules/libmicroros/micro_ros_src/install/include/rmw/rmw/names_and_types.h
-- Up-to-date: /home/tmdals010126/zephyrproject/zephyr/micro_ros_tfm_base/modules/libmicroros/micro_ros_src/install/include/rmw/rmw/subscription_content_filter_options.h
-- Up-to-date: /home/tmdals010126/zephyrproject/zephyr/micro_ros_tfm_base/modules/libmicroros/micro_ros_src/install/include/rmw/rmw/ret_types.h
-- Up-to-date: /home/tmdals010126/zephyrproject/zephyr/micro_ros_tfm_base/modules/libmicroros/micro_ros_src/install/include/rmw/rmw/topic_endpoint_info_array.h
-- Up-to-date: /home/tmdals010126/zephyrproject/zephyr/micro_ros_tfm_base/modules/libmicroros/micro_ros_src/install/include/rmw/rmw/visibility_control.h
-- Up-to-date: /home/tmdals010126/zephyrproject/zephyr/micro_ros_tfm_base/modules/libmicroros/micro_ros_src/install/include/rmw/rmw/validate_namespace.h
-- Up-to-date: /home/tmdals010126/zephyrproject/zephyr/micro_ros_tfm_base/modules/libmicroros/micro_ros_src/install/include/rmw/rmw/allocators.h
-- Up-to-date: /home/tmdals010126/zephyrproject/zephyr/micro_ros_tfm_base/modules/libmicroros/micro_ros_src/install/include/rmw/rmw/events_statuses
-- Up-to-date: /home/tmdals010126/zephyrproject/zephyr/micro_ros_tfm_base/modules/libmicroros/micro_ros_src/install/include/rmw/rmw/events_statuses/requested_deadline_missed.h
-- Up-to-date: /home/tmdals010126/zephyrproject/zephyr/micro_ros_tfm_base/modules/libmicroros/micro_ros_src/install/include/rmw/rmw/events_statuses/events_statuses.h
-- Up-to-date: /home/tmdals010126/zephyrproject/zephyr/micro_ros_tfm_base/modules/libmicroros/micro_ros_src/install/include/rmw/rmw/events_statuses/message_lost.h
-- Up-to-date: /home/tmdals010126/zephyrproject/zephyr/micro_ros_tfm_base/modules/libmicroros/micro_ros_src/install/include/rmw/rmw/events_statuses/offered_deadline_missed.h
-- Up-to-date: /home/tmdals010126/zephyrproject/zephyr/micro_ros_tfm_base/modules/libmicroros/micro_ros_src/install/include/rmw/rmw/events_statuses/liveliness_changed.h
-- Up-to-date: /home/tmdals010126/zephyrproject/zephyr/micro_ros_tfm_base/modules/libmicroros/micro_ros_src/install/include/rmw/rmw/events_statuses/incompatible_qos.h
-- Up-to-date: /home/tmdals010126/zephyrproject/zephyr/micro_ros_tfm_base/modules/libmicroros/micro_ros_src/install/include/rmw/rmw/events_statuses/liveliness_lost.h
-- Up-to-date: /home/tmdals010126/zephyrproject/zephyr/micro_ros_tfm_base/modules/libmicroros/micro_ros_src/install/include/rmw/rmw/validate_full_topic_name.h
-- Up-to-date: /home/tmdals010126/zephyrproject/zephyr/micro_ros_tfm_base/modules/libmicroros/micro_ros_src/install/include/rmw/rmw/get_service_names_and_types.h
-- Up-to-date: /home/tmdals010126/zephyrproject/zephyr/micro_ros_tfm_base/modules/libmicroros/micro_ros_src/install/include/rmw/rmw/localhost.h
-- Up-to-date: /home/tmdals010126/zephyrproject/zephyr/micro_ros_tfm_base/modules/libmicroros/micro_ros_src/install/include/rmw/rmw/time.h
-- Up-to-date: /home/tmdals010126/zephyrproject/zephyr/micro_ros_tfm_base/modules/libmicroros/micro_ros_src/install/include/rmw/rmw/convert_rcutils_ret_to_rmw_ret.h
-- Up-to-date: /home/tmdals010126/zephyrproject/zephyr/micro_ros_tfm_base/modules/libmicroros/micro_ros_src/install/include/rmw/rmw/rmw.h
-- Up-to-date: /home/tmdals010126/zephyrproject/zephyr/micro_ros_tfm_base/modules/libmicroros/micro_ros_src/install/include/rmw/rmw/incompatible_qos_events_statuses.h
-- Up-to-date: /home/tmdals010126/zephyrproject/zephyr/micro_ros_tfm_base/modules/libmicroros/micro_ros_src/install/include/rmw/rmw/event.h
-- Up-to-date: /home/tmdals010126/zephyrproject/zephyr/micro_ros_tfm_base/modules/libmicroros/micro_ros_src/install/include/rmw/rmw/types.h
-- Up-to-date: /home/tmdals010126/zephyrproject/zephyr/micro_ros_tfm_base/modules/libmicroros/micro_ros_src/install/include/rmw/rmw/network_flow_endpoint.h
-- Up-to-date: /home/tmdals010126/zephyrproject/zephyr/micro_ros_tfm_base/modules/libmicroros/micro_ros_src/install/include/rmw/rmw/get_topic_endpoint_info.h
-- Up-to-date: /home/tmdals010126/zephyrproject/zephyr/micro_ros_tfm_base/modules/libmicroros/micro_ros_src/install/include/rmw/rmw/init.h
-- Up-to-date: /home/tmdals010126/zephyrproject/zephyr/micro_ros_tfm_base/modules/libmicroros/micro_ros_src/install/include/rmw/rmw/topic_endpoint_info.h
-- Up-to-date: /home/tmdals010126/zephyrproject/zephyr/micro_ros_tfm_base/modules/libmicroros/micro_ros_src/install/include/rmw/rmw/get_network_flow_endpoints.h
-- Up-to-date: /home/tmdals010126/zephyrproject/zephyr/micro_ros_tfm_base/modules/libmicroros/micro_ros_src/install/lib/librmw.a
