[0.356s] Invoking command in '/home/tmdals010126/zephyrproject/zephyr/micro_ros_zephyr_module/modules/libmicroros/micro_ros_src/src/ros2_tracing/tracetools_launch': AMENT_PREFIX_PATH=/home/tmdals010126/zephyrproject/zephyr/micro_ros_zephyr_module/modules/libmicroros/micro_ros_src/install:${AMENT_PREFIX_PATH} CMAKE_PREFIX_PATH=/home/tmdals010126/zephyrproject/zephyr/micro_ros_zephyr_module/modules/libmicroros/micro_ros_src/install:${CMAKE_PREFIX_PATH} PATH=/home/tmdals010126/zephyrproject/zephyr/micro_ros_zephyr_module/modules/libmicroros/micro_ros_src/install/bin:${PATH} PYTHONPATH=/home/tmdals010126/zephyrproject/zephyr/micro_ros_zephyr_module/modules/libmicroros/micro_ros_src/build/tracetools_launch/prefix_override:/home/tmdals010126/zephyrproject/.venv/lib/python3.10/site-packages/colcon_core/task/python/colcon_distutils_commands:/home/tmdals010126/zephyrproject/zephyr/micro_ros_zephyr_module/modules/libmicroros/micro_ros_src/install/lib/python3.10/site-packages:/home/tmdals010126/zephyrproject/zephyr/micro_ros_zephyr_module/modules/libmicroros/micro_ros_src/install/lib/python3.10/site-packages:${PYTHONPATH} /home/tmdals010126/zephyrproject/.venv/bin/python3 -W ignore:setup.py install is deprecated -W ignore:easy_install command is deprecated setup.py egg_info --egg-base ../../../build/tracetools_launch build --build-base /home/tmdals010126/zephyrproject/zephyr/micro_ros_zephyr_module/modules/libmicroros/micro_ros_src/build/tracetools_launch/build install --record /home/tmdals010126/zephyrproject/zephyr/micro_ros_zephyr_module/modules/libmicroros/micro_ros_src/build/tracetools_launch/install.log --single-version-externally-managed install_data
[0.427s] /home/tmdals010126/zephyrproject/.venv/lib/python3.10/site-packages/setuptools/_distutils/dist.py:289: UserWarning: Unknown distribution option: 'tests_require'
[0.427s]   warnings.warn(msg)
[0.454s] running egg_info
[0.457s] creating ../../../build/tracetools_launch/tracetools_launch.egg-info
[0.457s] writing ../../../build/tracetools_launch/tracetools_launch.egg-info/PKG-INFO
[0.458s] writing dependency_links to ../../../build/tracetools_launch/tracetools_launch.egg-info/dependency_links.txt
[0.458s] writing entry points to ../../../build/tracetools_launch/tracetools_launch.egg-info/entry_points.txt
[0.458s] writing requirements to ../../../build/tracetools_launch/tracetools_launch.egg-info/requires.txt
[0.458s] writing top-level names to ../../../build/tracetools_launch/tracetools_launch.egg-info/top_level.txt
[0.458s] writing manifest file '../../../build/tracetools_launch/tracetools_launch.egg-info/SOURCES.txt'
[0.488s] writing manifest file '../../../build/tracetools_launch/tracetools_launch.egg-info/SOURCES.txt'
[0.488s] running build
[0.488s] running build_py
[0.489s] creating /home/tmdals010126/zephyrproject/zephyr/micro_ros_zephyr_module/modules/libmicroros/micro_ros_src/build/tracetools_launch/build/lib/tracetools_launch
[0.489s] copying tracetools_launch/action.py -> /home/tmdals010126/zephyrproject/zephyr/micro_ros_zephyr_module/modules/libmicroros/micro_ros_src/build/tracetools_launch/build/lib/tracetools_launch
[0.489s] copying tracetools_launch/__init__.py -> /home/tmdals010126/zephyrproject/zephyr/micro_ros_zephyr_module/modules/libmicroros/micro_ros_src/build/tracetools_launch/build/lib/tracetools_launch
[0.489s] creating /home/tmdals010126/zephyrproject/zephyr/micro_ros_zephyr_module/modules/libmicroros/micro_ros_src/build/tracetools_launch/build/lib/tracetools_launch/actions
[0.489s] copying tracetools_launch/actions/__init__.py -> /home/tmdals010126/zephyrproject/zephyr/micro_ros_zephyr_module/modules/libmicroros/micro_ros_src/build/tracetools_launch/build/lib/tracetools_launch/actions
[0.489s] copying tracetools_launch/actions/ld_preload.py -> /home/tmdals010126/zephyrproject/zephyr/micro_ros_zephyr_module/modules/libmicroros/micro_ros_src/build/tracetools_launch/build/lib/tracetools_launch/actions
[0.489s] running install
[0.490s] running install_lib
[0.494s] creating /home/tmdals010126/zephyrproject/zephyr/micro_ros_zephyr_module/modules/libmicroros/micro_ros_src/install/lib/python3.10/site-packages/tracetools_launch
[0.494s] copying /home/tmdals010126/zephyrproject/zephyr/micro_ros_zephyr_module/modules/libmicroros/micro_ros_src/build/tracetools_launch/build/lib/tracetools_launch/action.py -> /home/tmdals010126/zephyrproject/zephyr/micro_ros_zephyr_module/modules/libmicroros/micro_ros_src/install/lib/python3.10/site-packages/tracetools_launch
[0.495s] creating /home/tmdals010126/zephyrproject/zephyr/micro_ros_zephyr_module/modules/libmicroros/micro_ros_src/install/lib/python3.10/site-packages/tracetools_launch/actions
[0.495s] copying /home/tmdals010126/zephyrproject/zephyr/micro_ros_zephyr_module/modules/libmicroros/micro_ros_src/build/tracetools_launch/build/lib/tracetools_launch/actions/__init__.py -> /home/tmdals010126/zephyrproject/zephyr/micro_ros_zephyr_module/modules/libmicroros/micro_ros_src/install/lib/python3.10/site-packages/tracetools_launch/actions
[0.495s] copying /home/tmdals010126/zephyrproject/zephyr/micro_ros_zephyr_module/modules/libmicroros/micro_ros_src/build/tracetools_launch/build/lib/tracetools_launch/actions/ld_preload.py -> /home/tmdals010126/zephyrproject/zephyr/micro_ros_zephyr_module/modules/libmicroros/micro_ros_src/install/lib/python3.10/site-packages/tracetools_launch/actions
[0.495s] copying /home/tmdals010126/zephyrproject/zephyr/micro_ros_zephyr_module/modules/libmicroros/micro_ros_src/build/tracetools_launch/build/lib/tracetools_launch/__init__.py -> /home/tmdals010126/zephyrproject/zephyr/micro_ros_zephyr_module/modules/libmicroros/micro_ros_src/install/lib/python3.10/site-packages/tracetools_launch
[0.495s] byte-compiling /home/tmdals010126/zephyrproject/zephyr/micro_ros_zephyr_module/modules/libmicroros/micro_ros_src/install/lib/python3.10/site-packages/tracetools_launch/action.py to action.cpython-310.pyc
[0.496s] byte-compiling /home/tmdals010126/zephyrproject/zephyr/micro_ros_zephyr_module/modules/libmicroros/micro_ros_src/install/lib/python3.10/site-packages/tracetools_launch/actions/__init__.py to __init__.cpython-310.pyc
[0.496s] byte-compiling /home/tmdals010126/zephyrproject/zephyr/micro_ros_zephyr_module/modules/libmicroros/micro_ros_src/install/lib/python3.10/site-packages/tracetools_launch/actions/ld_preload.py to ld_preload.cpython-310.pyc
[0.497s] byte-compiling /home/tmdals010126/zephyrproject/zephyr/micro_ros_zephyr_module/modules/libmicroros/micro_ros_src/install/lib/python3.10/site-packages/tracetools_launch/__init__.py to __init__.cpython-310.pyc
[0.497s] running install_data
[0.497s] copying package.xml -> /home/tmdals010126/zephyrproject/zephyr/micro_ros_zephyr_module/modules/libmicroros/micro_ros_src/install/share/tracetools_launch
[0.497s] creating /home/tmdals010126/zephyrproject/zephyr/micro_ros_zephyr_module/modules/libmicroros/micro_ros_src/install/share/tracetools_launch/launch
[0.497s] copying launch/example.launch.xml -> /home/tmdals010126/zephyrproject/zephyr/micro_ros_zephyr_module/modules/libmicroros/micro_ros_src/install/share/tracetools_launch/launch
[0.497s] copying launch/example.launch.py -> /home/tmdals010126/zephyrproject/zephyr/micro_ros_zephyr_module/modules/libmicroros/micro_ros_src/install/share/tracetools_launch/launch
[0.497s] copying launch/example.launch.yaml -> /home/tmdals010126/zephyrproject/zephyr/micro_ros_zephyr_module/modules/libmicroros/micro_ros_src/install/share/tracetools_launch/launch
[0.497s] copying resource/tracetools_launch -> /home/tmdals010126/zephyrproject/zephyr/micro_ros_zephyr_module/modules/libmicroros/micro_ros_src/install/share/ament_index/resource_index/packages
[0.497s] running install_egg_info
[0.501s] Copying ../../../build/tracetools_launch/tracetools_launch.egg-info to /home/tmdals010126/zephyrproject/zephyr/micro_ros_zephyr_module/modules/libmicroros/micro_ros_src/install/lib/python3.10/site-packages/tracetools_launch-4.1.1-py3.10.egg-info
[0.501s] running install_scripts
[0.509s] writing list of installed files to '/home/tmdals010126/zephyrproject/zephyr/micro_ros_zephyr_module/modules/libmicroros/micro_ros_src/build/tracetools_launch/install.log'
[0.520s] Invoked command in '/home/tmdals010126/zephyrproject/zephyr/micro_ros_zephyr_module/modules/libmicroros/micro_ros_src/src/ros2_tracing/tracetools_launch' returned '0': AMENT_PREFIX_PATH=/home/tmdals010126/zephyrproject/zephyr/micro_ros_zephyr_module/modules/libmicroros/micro_ros_src/install:${AMENT_PREFIX_PATH} CMAKE_PREFIX_PATH=/home/tmdals010126/zephyrproject/zephyr/micro_ros_zephyr_module/modules/libmicroros/micro_ros_src/install:${CMAKE_PREFIX_PATH} PATH=/home/tmdals010126/zephyrproject/zephyr/micro_ros_zephyr_module/modules/libmicroros/micro_ros_src/install/bin:${PATH} PYTHONPATH=/home/tmdals010126/zephyrproject/zephyr/micro_ros_zephyr_module/modules/libmicroros/micro_ros_src/build/tracetools_launch/prefix_override:/home/tmdals010126/zephyrproject/.venv/lib/python3.10/site-packages/colcon_core/task/python/colcon_distutils_commands:/home/tmdals010126/zephyrproject/zephyr/micro_ros_zephyr_module/modules/libmicroros/micro_ros_src/install/lib/python3.10/site-packages:/home/tmdals010126/zephyrproject/zephyr/micro_ros_zephyr_module/modules/libmicroros/micro_ros_src/install/lib/python3.10/site-packages:${PYTHONPATH} /home/tmdals010126/zephyrproject/.venv/bin/python3 -W ignore:setup.py install is deprecated -W ignore:easy_install command is deprecated setup.py egg_info --egg-base ../../../build/tracetools_launch build --build-base /home/tmdals010126/zephyrproject/zephyr/micro_ros_zephyr_module/modules/libmicroros/micro_ros_src/build/tracetools_launch/build install --record /home/tmdals010126/zephyrproject/zephyr/micro_ros_zephyr_module/modules/libmicroros/micro_ros_src/build/tracetools_launch/install.log --single-version-externally-managed install_data
