[0.014s] Invoking command in '/home/tmdals010126/uros_ws/build/micro_ros_setup': CMAKE_PREFIX_PATH=${CMAKE_PREFIX_PATH}:/home/tmdals010126/ros2_humble/install/rqt_bag_plugins:/home/tmdals010126/ros2_humble/install/rqt_bag:/home/tmdals010126/ros2_humble/install/launch_testing_examples:/home/tmdals010126/ros2_humble/install/ros2bag:/home/tmdals010126/ros2_humble/install/tracetools_test:/home/tmdals010126/ros2_humble/install/tracetools_launch:/home/tmdals010126/ros2_humble/install/topic_monitor:/home/tmdals010126/ros2_humble/install/tf2_tools:/home/tmdals010126/ros2_humble/install/examples_tf2_py:/home/tmdals010126/ros2_humble/install/tf2_ros_py:/home/tmdals010126/ros2_humble/install/sros2:/home/tmdals010126/ros2_humble/install/rqt_topic:/home/tmdals010126/ros2_humble/install/rqt_srv:/home/tmdals010126/ros2_humble/install/rqt_shell:/home/tmdals010126/ros2_humble/install/rqt_service_caller:/home/tmdals010126/ros2_humble/install/rqt_reconfigure:/home/tmdals010126/ros2_humble/install/rqt_py_console:/home/tmdals010126/ros2_humble/install/rqt_publisher:/home/tmdals010126/ros2_humble/install/rqt_plot:/home/tmdals010126/ros2_humble/install/rqt_action:/home/tmdals010126/ros2_humble/install/rqt_msg:/home/tmdals010126/ros2_humble/install/rqt_console:/home/tmdals010126/ros2_humble/install/rqt:/home/tmdals010126/ros2_humble/install/rqt_graph:/home/tmdals010126/ros2_humble/install/rqt_gui_py:/home/tmdals010126/ros2_humble/install/rqt_gui:/home/tmdals010126/ros2_humble/install/ros2trace:/home/tmdals010126/ros2_humble/install/ros2topic:/home/tmdals010126/ros2_humble/install/ros2test:/home/tmdals010126/ros2_humble/install/ros2component:/home/tmdals010126/ros2_humble/install/ros2param:/home/tmdals010126/ros2_humble/install/ros2lifecycle:/home/tmdals010126/ros2_humble/install/ros2service:/home/tmdals010126/ros2_humble/install/ros2run:/home/tmdals010126/ros2_humble/install/ros2launch:/home/tmdals010126/ros2_humble/install/ros2pkg:/home/tmdals010126/ros2_humble/install/ros2node:/home/tmdals010126/ros2_humble/install/ros2multicast:/home/tmdals010126/ros2_humble/install/ros2interface:/home/tmdals010126/ros2_humble/install/ros2doctor:/home/tmdals010126/ros2_humble/install/ros2action:/home/tmdals010126/ros2_humble/install/ros2cli:/home/tmdals010126/ros2_humble/install/quality_of_service_demo_py:/home/tmdals010126/ros2_humble/install/lifecycle_py:/home/tmdals010126/ros2_humble/install/launch_testing_ros:/home/tmdals010126/ros2_humble/install/launch_ros:/home/tmdals010126/ros2_humble/install/examples_rclpy_pointcloud_publisher:/home/tmdals010126/ros2_humble/install/examples_rclpy_minimal_subscriber:/home/tmdals010126/ros2_humble/install/examples_rclpy_minimal_service:/home/tmdals010126/ros2_humble/install/examples_rclpy_minimal_publisher:/home/tmdals010126/ros2_humble/install/examples_rclpy_minimal_client:/home/tmdals010126/ros2_humble/install/examples_rclpy_minimal_action_server:/home/tmdals010126/ros2_humble/install/examples_rclpy_minimal_action_client:/home/tmdals010126/ros2_humble/install/examples_rclpy_guard_conditions:/home/tmdals010126/ros2_humble/install/examples_rclpy_executors:/home/tmdals010126/ros2_humble/install/demo_nodes_py:/home/tmdals010126/ros2_humble/install/camera_info_manager_py:/home/tmdals010126/ros2_humble/install/action_tutorials_py:/home/tmdals010126/ros2_humble/install/ament_uncrustify:/home/tmdals010126/ros2_humble/install/tracetools_trace:/home/tmdals010126/ros2_humble/install/tracetools_read:/home/tmdals010126/ros2_humble/install/test_tracetools_launch:/home/tmdals010126/ros2_humble/install/test_launch_ros:/home/tmdals010126/ros2_humble/install/sensor_msgs_py:/home/tmdals010126/ros2_humble/install/rpyutils:/home/tmdals010126/ros2_humble/install/rosidl_runtime_py:/home/tmdals010126/ros2_humble/install/rosidl_cli:/home/tmdals010126/ros2_humble/install/launch_pytest:/home/tmdals010126/ros2_humble/install/launch_testing:/home/tmdals010126/ros2_humble/install/launch_yaml:/home/tmdals010126/ros2_humble/install/launch_xml:/home/tmdals010126/ros2_humble/install/launch:/home/tmdals010126/ros2_humble/install/osrf_pycommon:/home/tmdals010126/ros2_humble/install/domain_coordinator:/home/tmdals010126/ros2_humble/install/ament_xmllint:/home/tmdals010126/ros2_humble/install/ament_pyflakes:/home/tmdals010126/ros2_humble/install/ament_pycodestyle:/home/tmdals010126/ros2_humble/install/ament_pep257:/home/tmdals010126/ros2_humble/install/ament_pclint:/home/tmdals010126/ros2_humble/install/ament_package:/home/tmdals010126/ros2_humble/install/ament_mypy:/home/tmdals010126/ros2_humble/install/ament_lint_cmake:/home/tmdals010126/ros2_humble/install/ament_flake8:/home/tmdals010126/ros2_humble/install/ament_copyright:/home/tmdals010126/ros2_humble/install/ament_lint:/home/tmdals010126/ros2_humble/install/ament_index_python:/home/tmdals010126/ros2_humble/install/ament_cpplint:/home/tmdals010126/ros2_humble/install/ament_cppcheck:/home/tmdals010126/ros2_humble/install/ament_clang_tidy:/home/tmdals010126/ros2_humble/install/ament_clang_format /usr/local/bin/cmake /home/tmdals010126/uros_ws/src/micro_ros_setup -DCMAKE_INSTALL_PREFIX=/home/tmdals010126/uros_ws/install/micro_ros_setup
[0.059s] -- The C compiler identification is GNU 11.4.0
[0.095s] -- The CXX compiler identification is GNU 12.3.0
[0.108s] -- Detecting C compiler ABI info
[0.160s] -- Detecting C compiler ABI info - done
[0.168s] -- Check for working C compiler: /usr/bin/cc - skipped
[0.169s] -- Detecting C compile features
[0.169s] -- Detecting C compile features - done
[0.177s] -- Detecting CXX compiler ABI info
[0.231s] -- Detecting CXX compiler ABI info - done
[0.240s] -- Check for working CXX compiler: /usr/bin/c++ - skipped
[0.240s] -- Detecting CXX compile features
[0.241s] -- Detecting CXX compile features - done
[0.252s] -- Found ament_cmake: 1.3.11 (/home/tmdals010126/ros2_humble/install/ament_cmake/share/ament_cmake/cmake)
[0.475s] -- Found Python3: /usr/bin/python3 (found version "3.10.12") found components: Interpreter 
[0.661s] -- Found ament_lint_auto: 0.12.12 (/home/tmdals010126/ros2_humble/install/ament_lint_auto/share/ament_lint_auto/cmake)
[0.801s] -- Added test 'copyright' to check source files copyright and LICENSE
[0.810s] -- Added test 'flake8' to check Python code syntax and style conventions
[0.814s] -- Added test 'lint_cmake' to check CMake code style
[0.817s] -- Added test 'pep257' to check Python code against some of the docstring style conventions in PEP 257
[0.823s] -- Added test 'xmllint' to check XML markup files
[0.829s] -- Configuring done (0.8s)
[0.830s] -- Generating done (0.0s)
[0.831s] -- Build files have been written to: /home/tmdals010126/uros_ws/build/micro_ros_setup
[0.834s] Invoked command in '/home/tmdals010126/uros_ws/build/micro_ros_setup' returned '0': CMAKE_PREFIX_PATH=${CMAKE_PREFIX_PATH}:/home/tmdals010126/ros2_humble/install/rqt_bag_plugins:/home/tmdals010126/ros2_humble/install/rqt_bag:/home/tmdals010126/ros2_humble/install/launch_testing_examples:/home/tmdals010126/ros2_humble/install/ros2bag:/home/tmdals010126/ros2_humble/install/tracetools_test:/home/tmdals010126/ros2_humble/install/tracetools_launch:/home/tmdals010126/ros2_humble/install/topic_monitor:/home/tmdals010126/ros2_humble/install/tf2_tools:/home/tmdals010126/ros2_humble/install/examples_tf2_py:/home/tmdals010126/ros2_humble/install/tf2_ros_py:/home/tmdals010126/ros2_humble/install/sros2:/home/tmdals010126/ros2_humble/install/rqt_topic:/home/tmdals010126/ros2_humble/install/rqt_srv:/home/tmdals010126/ros2_humble/install/rqt_shell:/home/tmdals010126/ros2_humble/install/rqt_service_caller:/home/tmdals010126/ros2_humble/install/rqt_reconfigure:/home/tmdals010126/ros2_humble/install/rqt_py_console:/home/tmdals010126/ros2_humble/install/rqt_publisher:/home/tmdals010126/ros2_humble/install/rqt_plot:/home/tmdals010126/ros2_humble/install/rqt_action:/home/tmdals010126/ros2_humble/install/rqt_msg:/home/tmdals010126/ros2_humble/install/rqt_console:/home/tmdals010126/ros2_humble/install/rqt:/home/tmdals010126/ros2_humble/install/rqt_graph:/home/tmdals010126/ros2_humble/install/rqt_gui_py:/home/tmdals010126/ros2_humble/install/rqt_gui:/home/tmdals010126/ros2_humble/install/ros2trace:/home/tmdals010126/ros2_humble/install/ros2topic:/home/tmdals010126/ros2_humble/install/ros2test:/home/tmdals010126/ros2_humble/install/ros2component:/home/tmdals010126/ros2_humble/install/ros2param:/home/tmdals010126/ros2_humble/install/ros2lifecycle:/home/tmdals010126/ros2_humble/install/ros2service:/home/tmdals010126/ros2_humble/install/ros2run:/home/tmdals010126/ros2_humble/install/ros2launch:/home/tmdals010126/ros2_humble/install/ros2pkg:/home/tmdals010126/ros2_humble/install/ros2node:/home/tmdals010126/ros2_humble/install/ros2multicast:/home/tmdals010126/ros2_humble/install/ros2interface:/home/tmdals010126/ros2_humble/install/ros2doctor:/home/tmdals010126/ros2_humble/install/ros2action:/home/tmdals010126/ros2_humble/install/ros2cli:/home/tmdals010126/ros2_humble/install/quality_of_service_demo_py:/home/tmdals010126/ros2_humble/install/lifecycle_py:/home/tmdals010126/ros2_humble/install/launch_testing_ros:/home/tmdals010126/ros2_humble/install/launch_ros:/home/tmdals010126/ros2_humble/install/examples_rclpy_pointcloud_publisher:/home/tmdals010126/ros2_humble/install/examples_rclpy_minimal_subscriber:/home/tmdals010126/ros2_humble/install/examples_rclpy_minimal_service:/home/tmdals010126/ros2_humble/install/examples_rclpy_minimal_publisher:/home/tmdals010126/ros2_humble/install/examples_rclpy_minimal_client:/home/tmdals010126/ros2_humble/install/examples_rclpy_minimal_action_server:/home/tmdals010126/ros2_humble/install/examples_rclpy_minimal_action_client:/home/tmdals010126/ros2_humble/install/examples_rclpy_guard_conditions:/home/tmdals010126/ros2_humble/install/examples_rclpy_executors:/home/tmdals010126/ros2_humble/install/demo_nodes_py:/home/tmdals010126/ros2_humble/install/camera_info_manager_py:/home/tmdals010126/ros2_humble/install/action_tutorials_py:/home/tmdals010126/ros2_humble/install/ament_uncrustify:/home/tmdals010126/ros2_humble/install/tracetools_trace:/home/tmdals010126/ros2_humble/install/tracetools_read:/home/tmdals010126/ros2_humble/install/test_tracetools_launch:/home/tmdals010126/ros2_humble/install/test_launch_ros:/home/tmdals010126/ros2_humble/install/sensor_msgs_py:/home/tmdals010126/ros2_humble/install/rpyutils:/home/tmdals010126/ros2_humble/install/rosidl_runtime_py:/home/tmdals010126/ros2_humble/install/rosidl_cli:/home/tmdals010126/ros2_humble/install/launch_pytest:/home/tmdals010126/ros2_humble/install/launch_testing:/home/tmdals010126/ros2_humble/install/launch_yaml:/home/tmdals010126/ros2_humble/install/launch_xml:/home/tmdals010126/ros2_humble/install/launch:/home/tmdals010126/ros2_humble/install/osrf_pycommon:/home/tmdals010126/ros2_humble/install/domain_coordinator:/home/tmdals010126/ros2_humble/install/ament_xmllint:/home/tmdals010126/ros2_humble/install/ament_pyflakes:/home/tmdals010126/ros2_humble/install/ament_pycodestyle:/home/tmdals010126/ros2_humble/install/ament_pep257:/home/tmdals010126/ros2_humble/install/ament_pclint:/home/tmdals010126/ros2_humble/install/ament_package:/home/tmdals010126/ros2_humble/install/ament_mypy:/home/tmdals010126/ros2_humble/install/ament_lint_cmake:/home/tmdals010126/ros2_humble/install/ament_flake8:/home/tmdals010126/ros2_humble/install/ament_copyright:/home/tmdals010126/ros2_humble/install/ament_lint:/home/tmdals010126/ros2_humble/install/ament_index_python:/home/tmdals010126/ros2_humble/install/ament_cpplint:/home/tmdals010126/ros2_humble/install/ament_cppcheck:/home/tmdals010126/ros2_humble/install/ament_clang_tidy:/home/tmdals010126/ros2_humble/install/ament_clang_format /usr/local/bin/cmake /home/tmdals010126/uros_ws/src/micro_ros_setup -DCMAKE_INSTALL_PREFIX=/home/tmdals010126/uros_ws/install/micro_ros_setup
[0.835s] Invoking command in '/home/tmdals010126/uros_ws/build/micro_ros_setup': CMAKE_PREFIX_PATH=${CMAKE_PREFIX_PATH}:/home/tmdals010126/ros2_humble/install/rqt_bag_plugins:/home/tmdals010126/ros2_humble/install/rqt_bag:/home/tmdals010126/ros2_humble/install/launch_testing_examples:/home/tmdals010126/ros2_humble/install/ros2bag:/home/tmdals010126/ros2_humble/install/tracetools_test:/home/tmdals010126/ros2_humble/install/tracetools_launch:/home/tmdals010126/ros2_humble/install/topic_monitor:/home/tmdals010126/ros2_humble/install/tf2_tools:/home/tmdals010126/ros2_humble/install/examples_tf2_py:/home/tmdals010126/ros2_humble/install/tf2_ros_py:/home/tmdals010126/ros2_humble/install/sros2:/home/tmdals010126/ros2_humble/install/rqt_topic:/home/tmdals010126/ros2_humble/install/rqt_srv:/home/tmdals010126/ros2_humble/install/rqt_shell:/home/tmdals010126/ros2_humble/install/rqt_service_caller:/home/tmdals010126/ros2_humble/install/rqt_reconfigure:/home/tmdals010126/ros2_humble/install/rqt_py_console:/home/tmdals010126/ros2_humble/install/rqt_publisher:/home/tmdals010126/ros2_humble/install/rqt_plot:/home/tmdals010126/ros2_humble/install/rqt_action:/home/tmdals010126/ros2_humble/install/rqt_msg:/home/tmdals010126/ros2_humble/install/rqt_console:/home/tmdals010126/ros2_humble/install/rqt:/home/tmdals010126/ros2_humble/install/rqt_graph:/home/tmdals010126/ros2_humble/install/rqt_gui_py:/home/tmdals010126/ros2_humble/install/rqt_gui:/home/tmdals010126/ros2_humble/install/ros2trace:/home/tmdals010126/ros2_humble/install/ros2topic:/home/tmdals010126/ros2_humble/install/ros2test:/home/tmdals010126/ros2_humble/install/ros2component:/home/tmdals010126/ros2_humble/install/ros2param:/home/tmdals010126/ros2_humble/install/ros2lifecycle:/home/tmdals010126/ros2_humble/install/ros2service:/home/tmdals010126/ros2_humble/install/ros2run:/home/tmdals010126/ros2_humble/install/ros2launch:/home/tmdals010126/ros2_humble/install/ros2pkg:/home/tmdals010126/ros2_humble/install/ros2node:/home/tmdals010126/ros2_humble/install/ros2multicast:/home/tmdals010126/ros2_humble/install/ros2interface:/home/tmdals010126/ros2_humble/install/ros2doctor:/home/tmdals010126/ros2_humble/install/ros2action:/home/tmdals010126/ros2_humble/install/ros2cli:/home/tmdals010126/ros2_humble/install/quality_of_service_demo_py:/home/tmdals010126/ros2_humble/install/lifecycle_py:/home/tmdals010126/ros2_humble/install/launch_testing_ros:/home/tmdals010126/ros2_humble/install/launch_ros:/home/tmdals010126/ros2_humble/install/examples_rclpy_pointcloud_publisher:/home/tmdals010126/ros2_humble/install/examples_rclpy_minimal_subscriber:/home/tmdals010126/ros2_humble/install/examples_rclpy_minimal_service:/home/tmdals010126/ros2_humble/install/examples_rclpy_minimal_publisher:/home/tmdals010126/ros2_humble/install/examples_rclpy_minimal_client:/home/tmdals010126/ros2_humble/install/examples_rclpy_minimal_action_server:/home/tmdals010126/ros2_humble/install/examples_rclpy_minimal_action_client:/home/tmdals010126/ros2_humble/install/examples_rclpy_guard_conditions:/home/tmdals010126/ros2_humble/install/examples_rclpy_executors:/home/tmdals010126/ros2_humble/install/demo_nodes_py:/home/tmdals010126/ros2_humble/install/camera_info_manager_py:/home/tmdals010126/ros2_humble/install/action_tutorials_py:/home/tmdals010126/ros2_humble/install/ament_uncrustify:/home/tmdals010126/ros2_humble/install/tracetools_trace:/home/tmdals010126/ros2_humble/install/tracetools_read:/home/tmdals010126/ros2_humble/install/test_tracetools_launch:/home/tmdals010126/ros2_humble/install/test_launch_ros:/home/tmdals010126/ros2_humble/install/sensor_msgs_py:/home/tmdals010126/ros2_humble/install/rpyutils:/home/tmdals010126/ros2_humble/install/rosidl_runtime_py:/home/tmdals010126/ros2_humble/install/rosidl_cli:/home/tmdals010126/ros2_humble/install/launch_pytest:/home/tmdals010126/ros2_humble/install/launch_testing:/home/tmdals010126/ros2_humble/install/launch_yaml:/home/tmdals010126/ros2_humble/install/launch_xml:/home/tmdals010126/ros2_humble/install/launch:/home/tmdals010126/ros2_humble/install/osrf_pycommon:/home/tmdals010126/ros2_humble/install/domain_coordinator:/home/tmdals010126/ros2_humble/install/ament_xmllint:/home/tmdals010126/ros2_humble/install/ament_pyflakes:/home/tmdals010126/ros2_humble/install/ament_pycodestyle:/home/tmdals010126/ros2_humble/install/ament_pep257:/home/tmdals010126/ros2_humble/install/ament_pclint:/home/tmdals010126/ros2_humble/install/ament_package:/home/tmdals010126/ros2_humble/install/ament_mypy:/home/tmdals010126/ros2_humble/install/ament_lint_cmake:/home/tmdals010126/ros2_humble/install/ament_flake8:/home/tmdals010126/ros2_humble/install/ament_copyright:/home/tmdals010126/ros2_humble/install/ament_lint:/home/tmdals010126/ros2_humble/install/ament_index_python:/home/tmdals010126/ros2_humble/install/ament_cpplint:/home/tmdals010126/ros2_humble/install/ament_cppcheck:/home/tmdals010126/ros2_humble/install/ament_clang_tidy:/home/tmdals010126/ros2_humble/install/ament_clang_format /usr/local/bin/cmake --build /home/tmdals010126/uros_ws/build/micro_ros_setup -- -j28 -l28
[0.849s] Invoked command in '/home/tmdals010126/uros_ws/build/micro_ros_setup' returned '0': CMAKE_PREFIX_PATH=${CMAKE_PREFIX_PATH}:/home/tmdals010126/ros2_humble/install/rqt_bag_plugins:/home/tmdals010126/ros2_humble/install/rqt_bag:/home/tmdals010126/ros2_humble/install/launch_testing_examples:/home/tmdals010126/ros2_humble/install/ros2bag:/home/tmdals010126/ros2_humble/install/tracetools_test:/home/tmdals010126/ros2_humble/install/tracetools_launch:/home/tmdals010126/ros2_humble/install/topic_monitor:/home/tmdals010126/ros2_humble/install/tf2_tools:/home/tmdals010126/ros2_humble/install/examples_tf2_py:/home/tmdals010126/ros2_humble/install/tf2_ros_py:/home/tmdals010126/ros2_humble/install/sros2:/home/tmdals010126/ros2_humble/install/rqt_topic:/home/tmdals010126/ros2_humble/install/rqt_srv:/home/tmdals010126/ros2_humble/install/rqt_shell:/home/tmdals010126/ros2_humble/install/rqt_service_caller:/home/tmdals010126/ros2_humble/install/rqt_reconfigure:/home/tmdals010126/ros2_humble/install/rqt_py_console:/home/tmdals010126/ros2_humble/install/rqt_publisher:/home/tmdals010126/ros2_humble/install/rqt_plot:/home/tmdals010126/ros2_humble/install/rqt_action:/home/tmdals010126/ros2_humble/install/rqt_msg:/home/tmdals010126/ros2_humble/install/rqt_console:/home/tmdals010126/ros2_humble/install/rqt:/home/tmdals010126/ros2_humble/install/rqt_graph:/home/tmdals010126/ros2_humble/install/rqt_gui_py:/home/tmdals010126/ros2_humble/install/rqt_gui:/home/tmdals010126/ros2_humble/install/ros2trace:/home/tmdals010126/ros2_humble/install/ros2topic:/home/tmdals010126/ros2_humble/install/ros2test:/home/tmdals010126/ros2_humble/install/ros2component:/home/tmdals010126/ros2_humble/install/ros2param:/home/tmdals010126/ros2_humble/install/ros2lifecycle:/home/tmdals010126/ros2_humble/install/ros2service:/home/tmdals010126/ros2_humble/install/ros2run:/home/tmdals010126/ros2_humble/install/ros2launch:/home/tmdals010126/ros2_humble/install/ros2pkg:/home/tmdals010126/ros2_humble/install/ros2node:/home/tmdals010126/ros2_humble/install/ros2multicast:/home/tmdals010126/ros2_humble/install/ros2interface:/home/tmdals010126/ros2_humble/install/ros2doctor:/home/tmdals010126/ros2_humble/install/ros2action:/home/tmdals010126/ros2_humble/install/ros2cli:/home/tmdals010126/ros2_humble/install/quality_of_service_demo_py:/home/tmdals010126/ros2_humble/install/lifecycle_py:/home/tmdals010126/ros2_humble/install/launch_testing_ros:/home/tmdals010126/ros2_humble/install/launch_ros:/home/tmdals010126/ros2_humble/install/examples_rclpy_pointcloud_publisher:/home/tmdals010126/ros2_humble/install/examples_rclpy_minimal_subscriber:/home/tmdals010126/ros2_humble/install/examples_rclpy_minimal_service:/home/tmdals010126/ros2_humble/install/examples_rclpy_minimal_publisher:/home/tmdals010126/ros2_humble/install/examples_rclpy_minimal_client:/home/tmdals010126/ros2_humble/install/examples_rclpy_minimal_action_server:/home/tmdals010126/ros2_humble/install/examples_rclpy_minimal_action_client:/home/tmdals010126/ros2_humble/install/examples_rclpy_guard_conditions:/home/tmdals010126/ros2_humble/install/examples_rclpy_executors:/home/tmdals010126/ros2_humble/install/demo_nodes_py:/home/tmdals010126/ros2_humble/install/camera_info_manager_py:/home/tmdals010126/ros2_humble/install/action_tutorials_py:/home/tmdals010126/ros2_humble/install/ament_uncrustify:/home/tmdals010126/ros2_humble/install/tracetools_trace:/home/tmdals010126/ros2_humble/install/tracetools_read:/home/tmdals010126/ros2_humble/install/test_tracetools_launch:/home/tmdals010126/ros2_humble/install/test_launch_ros:/home/tmdals010126/ros2_humble/install/sensor_msgs_py:/home/tmdals010126/ros2_humble/install/rpyutils:/home/tmdals010126/ros2_humble/install/rosidl_runtime_py:/home/tmdals010126/ros2_humble/install/rosidl_cli:/home/tmdals010126/ros2_humble/install/launch_pytest:/home/tmdals010126/ros2_humble/install/launch_testing:/home/tmdals010126/ros2_humble/install/launch_yaml:/home/tmdals010126/ros2_humble/install/launch_xml:/home/tmdals010126/ros2_humble/install/launch:/home/tmdals010126/ros2_humble/install/osrf_pycommon:/home/tmdals010126/ros2_humble/install/domain_coordinator:/home/tmdals010126/ros2_humble/install/ament_xmllint:/home/tmdals010126/ros2_humble/install/ament_pyflakes:/home/tmdals010126/ros2_humble/install/ament_pycodestyle:/home/tmdals010126/ros2_humble/install/ament_pep257:/home/tmdals010126/ros2_humble/install/ament_pclint:/home/tmdals010126/ros2_humble/install/ament_package:/home/tmdals010126/ros2_humble/install/ament_mypy:/home/tmdals010126/ros2_humble/install/ament_lint_cmake:/home/tmdals010126/ros2_humble/install/ament_flake8:/home/tmdals010126/ros2_humble/install/ament_copyright:/home/tmdals010126/ros2_humble/install/ament_lint:/home/tmdals010126/ros2_humble/install/ament_index_python:/home/tmdals010126/ros2_humble/install/ament_cpplint:/home/tmdals010126/ros2_humble/install/ament_cppcheck:/home/tmdals010126/ros2_humble/install/ament_clang_tidy:/home/tmdals010126/ros2_humble/install/ament_clang_format /usr/local/bin/cmake --build /home/tmdals010126/uros_ws/build/micro_ros_setup -- -j28 -l28
[0.852s] Invoking command in '/home/tmdals010126/uros_ws/build/micro_ros_setup': CMAKE_PREFIX_PATH=${CMAKE_PREFIX_PATH}:/home/tmdals010126/ros2_humble/install/rqt_bag_plugins:/home/tmdals010126/ros2_humble/install/rqt_bag:/home/tmdals010126/ros2_humble/install/launch_testing_examples:/home/tmdals010126/ros2_humble/install/ros2bag:/home/tmdals010126/ros2_humble/install/tracetools_test:/home/tmdals010126/ros2_humble/install/tracetools_launch:/home/tmdals010126/ros2_humble/install/topic_monitor:/home/tmdals010126/ros2_humble/install/tf2_tools:/home/tmdals010126/ros2_humble/install/examples_tf2_py:/home/tmdals010126/ros2_humble/install/tf2_ros_py:/home/tmdals010126/ros2_humble/install/sros2:/home/tmdals010126/ros2_humble/install/rqt_topic:/home/tmdals010126/ros2_humble/install/rqt_srv:/home/tmdals010126/ros2_humble/install/rqt_shell:/home/tmdals010126/ros2_humble/install/rqt_service_caller:/home/tmdals010126/ros2_humble/install/rqt_reconfigure:/home/tmdals010126/ros2_humble/install/rqt_py_console:/home/tmdals010126/ros2_humble/install/rqt_publisher:/home/tmdals010126/ros2_humble/install/rqt_plot:/home/tmdals010126/ros2_humble/install/rqt_action:/home/tmdals010126/ros2_humble/install/rqt_msg:/home/tmdals010126/ros2_humble/install/rqt_console:/home/tmdals010126/ros2_humble/install/rqt:/home/tmdals010126/ros2_humble/install/rqt_graph:/home/tmdals010126/ros2_humble/install/rqt_gui_py:/home/tmdals010126/ros2_humble/install/rqt_gui:/home/tmdals010126/ros2_humble/install/ros2trace:/home/tmdals010126/ros2_humble/install/ros2topic:/home/tmdals010126/ros2_humble/install/ros2test:/home/tmdals010126/ros2_humble/install/ros2component:/home/tmdals010126/ros2_humble/install/ros2param:/home/tmdals010126/ros2_humble/install/ros2lifecycle:/home/tmdals010126/ros2_humble/install/ros2service:/home/tmdals010126/ros2_humble/install/ros2run:/home/tmdals010126/ros2_humble/install/ros2launch:/home/tmdals010126/ros2_humble/install/ros2pkg:/home/tmdals010126/ros2_humble/install/ros2node:/home/tmdals010126/ros2_humble/install/ros2multicast:/home/tmdals010126/ros2_humble/install/ros2interface:/home/tmdals010126/ros2_humble/install/ros2doctor:/home/tmdals010126/ros2_humble/install/ros2action:/home/tmdals010126/ros2_humble/install/ros2cli:/home/tmdals010126/ros2_humble/install/quality_of_service_demo_py:/home/tmdals010126/ros2_humble/install/lifecycle_py:/home/tmdals010126/ros2_humble/install/launch_testing_ros:/home/tmdals010126/ros2_humble/install/launch_ros:/home/tmdals010126/ros2_humble/install/examples_rclpy_pointcloud_publisher:/home/tmdals010126/ros2_humble/install/examples_rclpy_minimal_subscriber:/home/tmdals010126/ros2_humble/install/examples_rclpy_minimal_service:/home/tmdals010126/ros2_humble/install/examples_rclpy_minimal_publisher:/home/tmdals010126/ros2_humble/install/examples_rclpy_minimal_client:/home/tmdals010126/ros2_humble/install/examples_rclpy_minimal_action_server:/home/tmdals010126/ros2_humble/install/examples_rclpy_minimal_action_client:/home/tmdals010126/ros2_humble/install/examples_rclpy_guard_conditions:/home/tmdals010126/ros2_humble/install/examples_rclpy_executors:/home/tmdals010126/ros2_humble/install/demo_nodes_py:/home/tmdals010126/ros2_humble/install/camera_info_manager_py:/home/tmdals010126/ros2_humble/install/action_tutorials_py:/home/tmdals010126/ros2_humble/install/ament_uncrustify:/home/tmdals010126/ros2_humble/install/tracetools_trace:/home/tmdals010126/ros2_humble/install/tracetools_read:/home/tmdals010126/ros2_humble/install/test_tracetools_launch:/home/tmdals010126/ros2_humble/install/test_launch_ros:/home/tmdals010126/ros2_humble/install/sensor_msgs_py:/home/tmdals010126/ros2_humble/install/rpyutils:/home/tmdals010126/ros2_humble/install/rosidl_runtime_py:/home/tmdals010126/ros2_humble/install/rosidl_cli:/home/tmdals010126/ros2_humble/install/launch_pytest:/home/tmdals010126/ros2_humble/install/launch_testing:/home/tmdals010126/ros2_humble/install/launch_yaml:/home/tmdals010126/ros2_humble/install/launch_xml:/home/tmdals010126/ros2_humble/install/launch:/home/tmdals010126/ros2_humble/install/osrf_pycommon:/home/tmdals010126/ros2_humble/install/domain_coordinator:/home/tmdals010126/ros2_humble/install/ament_xmllint:/home/tmdals010126/ros2_humble/install/ament_pyflakes:/home/tmdals010126/ros2_humble/install/ament_pycodestyle:/home/tmdals010126/ros2_humble/install/ament_pep257:/home/tmdals010126/ros2_humble/install/ament_pclint:/home/tmdals010126/ros2_humble/install/ament_package:/home/tmdals010126/ros2_humble/install/ament_mypy:/home/tmdals010126/ros2_humble/install/ament_lint_cmake:/home/tmdals010126/ros2_humble/install/ament_flake8:/home/tmdals010126/ros2_humble/install/ament_copyright:/home/tmdals010126/ros2_humble/install/ament_lint:/home/tmdals010126/ros2_humble/install/ament_index_python:/home/tmdals010126/ros2_humble/install/ament_cpplint:/home/tmdals010126/ros2_humble/install/ament_cppcheck:/home/tmdals010126/ros2_humble/install/ament_clang_tidy:/home/tmdals010126/ros2_humble/install/ament_clang_format /usr/local/bin/cmake --install /home/tmdals010126/uros_ws/build/micro_ros_setup
[0.854s] -- Install configuration: ""
[0.854s] -- Installing: /home/tmdals010126/uros_ws/install/micro_ros_setup/share/ament_index/resource_index/package_run_dependencies/micro_ros_setup
[0.854s] -- Installing: /home/tmdals010126/uros_ws/install/micro_ros_setup/share/ament_index/resource_index/parent_prefix_path/micro_ros_setup
[0.854s] -- Installing: /home/tmdals010126/uros_ws/install/micro_ros_setup/share/micro_ros_setup/environment/ament_prefix_path.sh
[0.855s] -- Installing: /home/tmdals010126/uros_ws/install/micro_ros_setup/share/micro_ros_setup/environment/ament_prefix_path.dsv
[0.855s] -- Installing: /home/tmdals010126/uros_ws/install/micro_ros_setup/share/micro_ros_setup/environment/path.sh
[0.855s] -- Installing: /home/tmdals010126/uros_ws/install/micro_ros_setup/share/micro_ros_setup/environment/path.dsv
[0.855s] -- Installing: /home/tmdals010126/uros_ws/install/micro_ros_setup/share/micro_ros_setup/local_setup.bash
[0.855s] -- Installing: /home/tmdals010126/uros_ws/install/micro_ros_setup/share/micro_ros_setup/local_setup.sh
[0.855s] -- Installing: /home/tmdals010126/uros_ws/install/micro_ros_setup/share/micro_ros_setup/local_setup.zsh
[0.855s] -- Installing: /home/tmdals010126/uros_ws/install/micro_ros_setup/share/micro_ros_setup/local_setup.dsv
[0.855s] -- Installing: /home/tmdals010126/uros_ws/install/micro_ros_setup/share/micro_ros_setup/package.dsv
[0.855s] -- Installing: /home/tmdals010126/uros_ws/install/micro_ros_setup/share/ament_index/resource_index/packages/micro_ros_setup
[0.855s] -- Installing: /home/tmdals010126/uros_ws/install/micro_ros_setup/share/micro_ros_setup/cmake/micro_ros_setupConfig.cmake
[0.855s] -- Installing: /home/tmdals010126/uros_ws/install/micro_ros_setup/share/micro_ros_setup/cmake/micro_ros_setupConfig-version.cmake
[0.855s] -- Installing: /home/tmdals010126/uros_ws/install/micro_ros_setup/share/micro_ros_setup/package.xml
[0.855s] -- Installing: /home/tmdals010126/uros_ws/install/micro_ros_setup/./config
[0.855s] -- Installing: /home/tmdals010126/uros_ws/install/micro_ros_setup/./config/renesas_ra
[0.855s] -- Installing: /home/tmdals010126/uros_ws/install/micro_ros_setup/./config/renesas_ra/ra6m5
[0.855s] -- Installing: /home/tmdals010126/uros_ws/install/micro_ros_setup/./config/renesas_ra/ra6m5/client_uros_packages.repos
[0.855s] -- Installing: /home/tmdals010126/uros_ws/install/micro_ros_setup/./config/renesas_ra/ra6m5/board.repos
[0.855s] -- Installing: /home/tmdals010126/uros_ws/install/micro_ros_setup/./config/renesas_ra/ra6m5/build.sh
[0.856s] -- Installing: /home/tmdals010126/uros_ws/install/micro_ros_setup/./config/renesas_ra/ra6m5/configure.sh
[0.856s] -- Installing: /home/tmdals010126/uros_ws/install/micro_ros_setup/./config/renesas_ra/ra6m5/flash.sh
[0.856s] -- Installing: /home/tmdals010126/uros_ws/install/micro_ros_setup/./config/renesas_ra/ra6m5/create.sh
[0.856s] -- Installing: /home/tmdals010126/uros_ws/install/micro_ros_setup/./config/renesas_ra/ra6m5/client-colcon.meta
[0.856s] -- Installing: /home/tmdals010126/uros_ws/install/micro_ros_setup/./config/renesas_ra/dev_ros2_packages.txt
[0.856s] -- Installing: /home/tmdals010126/uros_ws/install/micro_ros_setup/./config/renesas_ra/dev_uros_packages.repos
[0.856s] -- Installing: /home/tmdals010126/uros_ws/install/micro_ros_setup/./config/renesas_ra/list_apps.sh
[0.856s] -- Installing: /home/tmdals010126/uros_ws/install/micro_ros_setup/./config/mbed
[0.856s] -- Installing: /home/tmdals010126/uros_ws/install/micro_ros_setup/./config/mbed/dev_ros2_packages.txt
[0.856s] -- Installing: /home/tmdals010126/uros_ws/install/micro_ros_setup/./config/mbed/dev_uros_packages.repos
[0.856s] -- Installing: /home/tmdals010126/uros_ws/install/micro_ros_setup/./config/mbed/generic
[0.856s] -- Installing: /home/tmdals010126/uros_ws/install/micro_ros_setup/./config/mbed/generic/client_uros_packages.repos
[0.856s] -- Installing: /home/tmdals010126/uros_ws/install/micro_ros_setup/./config/mbed/generic/board.repos
[0.856s] -- Installing: /home/tmdals010126/uros_ws/install/micro_ros_setup/./config/mbed/generic/package.xml
[0.856s] -- Installing: /home/tmdals010126/uros_ws/install/micro_ros_setup/./config/mbed/generic/build.sh
[0.856s] -- Installing: /home/tmdals010126/uros_ws/install/micro_ros_setup/./config/mbed/generic/flash.sh
[0.857s] -- Installing: /home/tmdals010126/uros_ws/install/micro_ros_setup/./config/mbed/generic/create.sh
[0.857s] -- Installing: /home/tmdals010126/uros_ws/install/micro_ros_setup/./config/mbed/generic/supported_platforms
[0.857s] -- Installing: /home/tmdals010126/uros_ws/install/micro_ros_setup/./config/mbed/list_apps.sh
[0.857s] -- Installing: /home/tmdals010126/uros_ws/install/micro_ros_setup/./config/client_uros_packages.repos
[0.857s] -- Installing: /home/tmdals010126/uros_ws/install/micro_ros_setup/./config/client_ros2_packages.txt
[0.857s] -- Installing: /home/tmdals010126/uros_ws/install/micro_ros_setup/./config/host
[0.857s] -- Installing: /home/tmdals010126/uros_ws/install/micro_ros_setup/./config/host/dev_ros2_packages.txt
[0.857s] -- Installing: /home/tmdals010126/uros_ws/install/micro_ros_setup/./config/host/dev_uros_packages.repos
[0.857s] -- Installing: /home/tmdals010126/uros_ws/install/micro_ros_setup/./config/host/generic
[0.857s] -- Installing: /home/tmdals010126/uros_ws/install/micro_ros_setup/./config/host/generic/client_host_packages.repos
[0.857s] -- Installing: /home/tmdals010126/uros_ws/install/micro_ros_setup/./config/host/generic/package.xml
[0.857s] -- Installing: /home/tmdals010126/uros_ws/install/micro_ros_setup/./config/host/generic/build.sh
[0.857s] -- Installing: /home/tmdals010126/uros_ws/install/micro_ros_setup/./config/host/generic/flash.sh
[0.857s] -- Installing: /home/tmdals010126/uros_ws/install/micro_ros_setup/./config/host/generic/create.sh
[0.858s] -- Installing: /home/tmdals010126/uros_ws/install/micro_ros_setup/./config/host/generic/client-host-colcon.meta
[0.858s] -- Installing: /home/tmdals010126/uros_ws/install/micro_ros_setup/./config/host/client_ros2_packages.txt
[0.858s] -- Installing: /home/tmdals010126/uros_ws/install/micro_ros_setup/./config/utils.sh
[0.858s] -- Installing: /home/tmdals010126/uros_ws/install/micro_ros_setup/./config/generate_lib
[0.858s] -- Installing: /home/tmdals010126/uros_ws/install/micro_ros_setup/./config/generate_lib/dev_ros2_packages.txt
[0.858s] -- Installing: /home/tmdals010126/uros_ws/install/micro_ros_setup/./config/generate_lib/dev_uros_packages.repos
[0.858s] -- Installing: /home/tmdals010126/uros_ws/install/micro_ros_setup/./config/generate_lib/generic
[0.858s] -- Installing: /home/tmdals010126/uros_ws/install/micro_ros_setup/./config/generate_lib/generic/client_uros_packages.repos
[0.858s] -- Installing: /home/tmdals010126/uros_ws/install/micro_ros_setup/./config/generate_lib/generic/package.xml
[0.858s] -- Installing: /home/tmdals010126/uros_ws/install/micro_ros_setup/./config/generate_lib/generic/build.sh
[0.858s] -- Installing: /home/tmdals010126/uros_ws/install/micro_ros_setup/./config/generate_lib/generic/demo_toolchain.cmake
[0.858s] -- Installing: /home/tmdals010126/uros_ws/install/micro_ros_setup/./config/generate_lib/generic/flash.sh
[0.858s] -- Installing: /home/tmdals010126/uros_ws/install/micro_ros_setup/./config/generate_lib/generic/create.sh
[0.858s] -- Installing: /home/tmdals010126/uros_ws/install/micro_ros_setup/./config/generate_lib/generic/client-colcon.meta
[0.858s] -- Installing: /home/tmdals010126/uros_ws/install/micro_ros_setup/./config/freertos
[0.858s] -- Installing: /home/tmdals010126/uros_ws/install/micro_ros_setup/./config/freertos/crazyflie21
[0.858s] -- Installing: /home/tmdals010126/uros_ws/install/micro_ros_setup/./config/freertos/crazyflie21/client_uros_packages.repos
[0.859s] -- Installing: /home/tmdals010126/uros_ws/install/micro_ros_setup/./config/freertos/crazyflie21/board.repos
[0.859s] -- Installing: /home/tmdals010126/uros_ws/install/micro_ros_setup/./config/freertos/crazyflie21/package.xml
[0.859s] -- Installing: /home/tmdals010126/uros_ws/install/micro_ros_setup/./config/freertos/crazyflie21/build.sh
[0.859s] -- Installing: /home/tmdals010126/uros_ws/install/micro_ros_setup/./config/freertos/crazyflie21/configure.sh
[0.859s] -- Installing: /home/tmdals010126/uros_ws/install/micro_ros_setup/./config/freertos/crazyflie21/flash.sh
[0.859s] -- Installing: /home/tmdals010126/uros_ws/install/micro_ros_setup/./config/freertos/crazyflie21/create.sh
[0.859s] -- Installing: /home/tmdals010126/uros_ws/install/micro_ros_setup/./config/freertos/crazyflie21/client-colcon.meta
[0.859s] -- Installing: /home/tmdals010126/uros_ws/install/micro_ros_setup/./config/freertos/dev_ros2_packages.txt
[0.859s] -- Installing: /home/tmdals010126/uros_ws/install/micro_ros_setup/./config/freertos/nucleo_f446ze
[0.859s] -- Installing: /home/tmdals010126/uros_ws/install/micro_ros_setup/./config/freertos/nucleo_f446ze/client_uros_packages.repos
[0.859s] -- Installing: /home/tmdals010126/uros_ws/install/micro_ros_setup/./config/freertos/nucleo_f446ze/board.repos
[0.859s] -- Installing: /home/tmdals010126/uros_ws/install/micro_ros_setup/./config/freertos/nucleo_f446ze/package.xml
[0.859s] -- Installing: /home/tmdals010126/uros_ws/install/micro_ros_setup/./config/freertos/nucleo_f446ze/build.sh
[0.859s] -- Installing: /home/tmdals010126/uros_ws/install/micro_ros_setup/./config/freertos/nucleo_f446ze/configure.sh
[0.859s] -- Installing: /home/tmdals010126/uros_ws/install/micro_ros_setup/./config/freertos/nucleo_f446ze/flash.sh
[0.859s] -- Installing: /home/tmdals010126/uros_ws/install/micro_ros_setup/./config/freertos/nucleo_f446ze/create.sh
[0.860s] -- Installing: /home/tmdals010126/uros_ws/install/micro_ros_setup/./config/freertos/nucleo_f446ze/client-colcon.meta
[0.860s] -- Installing: /home/tmdals010126/uros_ws/install/micro_ros_setup/./config/freertos/dev_uros_packages.repos
[0.860s] -- Installing: /home/tmdals010126/uros_ws/install/micro_ros_setup/./config/freertos/nucleo_f767zi
[0.860s] -- Installing: /home/tmdals010126/uros_ws/install/micro_ros_setup/./config/freertos/nucleo_f767zi/client_uros_packages.repos
[0.860s] -- Installing: /home/tmdals010126/uros_ws/install/micro_ros_setup/./config/freertos/nucleo_f767zi/board.repos
[0.860s] -- Installing: /home/tmdals010126/uros_ws/install/micro_ros_setup/./config/freertos/nucleo_f767zi/package.xml
[0.860s] -- Installing: /home/tmdals010126/uros_ws/install/micro_ros_setup/./config/freertos/nucleo_f767zi/build.sh
[0.860s] -- Installing: /home/tmdals010126/uros_ws/install/micro_ros_setup/./config/freertos/nucleo_f767zi/configure.sh
[0.860s] -- Installing: /home/tmdals010126/uros_ws/install/micro_ros_setup/./config/freertos/nucleo_f767zi/flash.sh
[0.860s] -- Installing: /home/tmdals010126/uros_ws/install/micro_ros_setup/./config/freertos/nucleo_f767zi/create.sh
[0.860s] -- Installing: /home/tmdals010126/uros_ws/install/micro_ros_setup/./config/freertos/nucleo_f767zi/client-colcon.meta
[0.860s] -- Installing: /home/tmdals010126/uros_ws/install/micro_ros_setup/./config/freertos/esp32
[0.860s] -- Installing: /home/tmdals010126/uros_ws/install/micro_ros_setup/./config/freertos/esp32/client_uros_packages.repos
[0.861s] -- Installing: /home/tmdals010126/uros_ws/install/micro_ros_setup/./config/freertos/esp32/board.repos
[0.861s] -- Installing: /home/tmdals010126/uros_ws/install/micro_ros_setup/./config/freertos/esp32/package.xml
[0.861s] -- Installing: /home/tmdals010126/uros_ws/install/micro_ros_setup/./config/freertos/esp32/build.sh
[0.861s] -- Installing: /home/tmdals010126/uros_ws/install/micro_ros_setup/./config/freertos/esp32/configure.sh
[0.861s] -- Installing: /home/tmdals010126/uros_ws/install/micro_ros_setup/./config/freertos/esp32/flash.sh
[0.861s] -- Installing: /home/tmdals010126/uros_ws/install/micro_ros_setup/./config/freertos/esp32/create.sh
[0.861s] -- Installing: /home/tmdals010126/uros_ws/install/micro_ros_setup/./config/freertos/esp32/README.md
[0.861s] -- Installing: /home/tmdals010126/uros_ws/install/micro_ros_setup/./config/freertos/esp32/client-colcon.meta
[0.861s] -- Installing: /home/tmdals010126/uros_ws/install/micro_ros_setup/./config/freertos/olimex-stm32-e407
[0.861s] -- Installing: /home/tmdals010126/uros_ws/install/micro_ros_setup/./config/freertos/olimex-stm32-e407/client_uros_packages.repos
[0.861s] -- Installing: /home/tmdals010126/uros_ws/install/micro_ros_setup/./config/freertos/olimex-stm32-e407/board.repos
[0.861s] -- Installing: /home/tmdals010126/uros_ws/install/micro_ros_setup/./config/freertos/olimex-stm32-e407/package.xml
[0.861s] -- Installing: /home/tmdals010126/uros_ws/install/micro_ros_setup/./config/freertos/olimex-stm32-e407/build.sh
[0.861s] -- Installing: /home/tmdals010126/uros_ws/install/micro_ros_setup/./config/freertos/olimex-stm32-e407/configure.sh
[0.861s] -- Installing: /home/tmdals010126/uros_ws/install/micro_ros_setup/./config/freertos/olimex-stm32-e407/flash.sh
[0.861s] -- Installing: /home/tmdals010126/uros_ws/install/micro_ros_setup/./config/freertos/olimex-stm32-e407/create.sh
[0.862s] -- Installing: /home/tmdals010126/uros_ws/install/micro_ros_setup/./config/freertos/olimex-stm32-e407/client-colcon.meta
[0.862s] -- Installing: /home/tmdals010126/uros_ws/install/micro_ros_setup/./config/freertos/nucleo_f746zg
[0.862s] -- Installing: /home/tmdals010126/uros_ws/install/micro_ros_setup/./config/freertos/nucleo_f746zg/client_uros_packages.repos
[0.862s] -- Installing: /home/tmdals010126/uros_ws/install/micro_ros_setup/./config/freertos/nucleo_f746zg/board.repos
[0.862s] -- Installing: /home/tmdals010126/uros_ws/install/micro_ros_setup/./config/freertos/nucleo_f746zg/package.xml
[0.862s] -- Installing: /home/tmdals010126/uros_ws/install/micro_ros_setup/./config/freertos/nucleo_f746zg/build.sh
[0.862s] -- Installing: /home/tmdals010126/uros_ws/install/micro_ros_setup/./config/freertos/nucleo_f746zg/configure.sh
[0.862s] -- Installing: /home/tmdals010126/uros_ws/install/micro_ros_setup/./config/freertos/nucleo_f746zg/flash.sh
[0.862s] -- Installing: /home/tmdals010126/uros_ws/install/micro_ros_setup/./config/freertos/nucleo_f746zg/create.sh
[0.862s] -- Installing: /home/tmdals010126/uros_ws/install/micro_ros_setup/./config/freertos/nucleo_f746zg/client-colcon.meta
[0.862s] -- Installing: /home/tmdals010126/uros_ws/install/micro_ros_setup/./config/freertos/list_apps.sh
[0.862s] -- Installing: /home/tmdals010126/uros_ws/install/micro_ros_setup/./config/freertos/nucleo_f446re
[0.862s] -- Installing: /home/tmdals010126/uros_ws/install/micro_ros_setup/./config/freertos/nucleo_f446re/client_uros_packages.repos
[0.862s] -- Installing: /home/tmdals010126/uros_ws/install/micro_ros_setup/./config/freertos/nucleo_f446re/board.repos
[0.862s] -- Installing: /home/tmdals010126/uros_ws/install/micro_ros_setup/./config/freertos/nucleo_f446re/package.xml
[0.862s] -- Installing: /home/tmdals010126/uros_ws/install/micro_ros_setup/./config/freertos/nucleo_f446re/build.sh
[0.862s] -- Installing: /home/tmdals010126/uros_ws/install/micro_ros_setup/./config/freertos/nucleo_f446re/configure.sh
[0.863s] -- Installing: /home/tmdals010126/uros_ws/install/micro_ros_setup/./config/freertos/nucleo_f446re/flash.sh
[0.863s] -- Installing: /home/tmdals010126/uros_ws/install/micro_ros_setup/./config/freertos/nucleo_f446re/create.sh
[0.863s] -- Installing: /home/tmdals010126/uros_ws/install/micro_ros_setup/./config/freertos/nucleo_f446re/client-colcon.meta
[0.863s] -- Installing: /home/tmdals010126/uros_ws/install/micro_ros_setup/./config/android
[0.863s] -- Installing: /home/tmdals010126/uros_ws/install/micro_ros_setup/./config/android/dev_ros2_packages.txt
[0.863s] -- Installing: /home/tmdals010126/uros_ws/install/micro_ros_setup/./config/android/dev_uros_packages.repos
[0.863s] -- Installing: /home/tmdals010126/uros_ws/install/micro_ros_setup/./config/android/generic
[0.863s] -- Installing: /home/tmdals010126/uros_ws/install/micro_ros_setup/./config/android/generic/client_uros_packages.repos
[0.863s] -- Installing: /home/tmdals010126/uros_ws/install/micro_ros_setup/./config/android/generic/package.xml
[0.863s] -- Installing: /home/tmdals010126/uros_ws/install/micro_ros_setup/./config/android/generic/build.sh
[0.863s] -- Installing: /home/tmdals010126/uros_ws/install/micro_ros_setup/./config/android/generic/flash.sh
[0.863s] -- Installing: /home/tmdals010126/uros_ws/install/micro_ros_setup/./config/android/generic/create.sh
[0.863s] -- Installing: /home/tmdals010126/uros_ws/install/micro_ros_setup/./config/android/generic/client-colcon.meta
[0.863s] -- Installing: /home/tmdals010126/uros_ws/install/micro_ros_setup/./config/zephyr
[0.863s] -- Installing: /home/tmdals010126/uros_ws/install/micro_ros_setup/./config/zephyr/dev_ros2_packages.txt
[0.863s] -- Installing: /home/tmdals010126/uros_ws/install/micro_ros_setup/./config/zephyr/dev_uros_packages.repos
[0.863s] -- Installing: /home/tmdals010126/uros_ws/install/micro_ros_setup/./config/zephyr/generic
[0.863s] -- Installing: /home/tmdals010126/uros_ws/install/micro_ros_setup/./config/zephyr/generic/client_uros_packages.repos
[0.863s] -- Installing: /home/tmdals010126/uros_ws/install/micro_ros_setup/./config/zephyr/generic/board.repos
[0.864s] -- Installing: /home/tmdals010126/uros_ws/install/micro_ros_setup/./config/zephyr/generic/package.xml
[0.864s] -- Installing: /home/tmdals010126/uros_ws/install/micro_ros_setup/./config/zephyr/generic/build.sh
[0.864s] -- Installing: /home/tmdals010126/uros_ws/install/micro_ros_setup/./config/zephyr/generic/configure.sh
[0.864s] -- Installing: /home/tmdals010126/uros_ws/install/micro_ros_setup/./config/zephyr/generic/flash.sh
[0.864s] -- Installing: /home/tmdals010126/uros_ws/install/micro_ros_setup/./config/zephyr/generic/create.sh
[0.864s] -- Installing: /home/tmdals010126/uros_ws/install/micro_ros_setup/./config/zephyr/generic/client-colcon.meta
[0.864s] -- Installing: /home/tmdals010126/uros_ws/install/micro_ros_setup/./config/zephyr/generic/supported_platforms
[0.864s] -- Installing: /home/tmdals010126/uros_ws/install/micro_ros_setup/./config/zephyr/list_apps.sh
[0.864s] -- Installing: /home/tmdals010126/uros_ws/install/micro_ros_setup/./config/agent_ros2_packages.txt
[0.864s] -- Installing: /home/tmdals010126/uros_ws/install/micro_ros_setup/./config/agent_uros_packages.repos
[0.864s] -- Installing: /home/tmdals010126/uros_ws/install/micro_ros_setup/./config/raspbian
[0.864s] -- Installing: /home/tmdals010126/uros_ws/install/micro_ros_setup/./config/raspbian/dev_ros2_packages.txt
[0.864s] -- Installing: /home/tmdals010126/uros_ws/install/micro_ros_setup/./config/raspbian/dev_uros_packages.repos
[0.864s] -- Installing: /home/tmdals010126/uros_ws/install/micro_ros_setup/./config/raspbian/generic
[0.864s] -- Installing: /home/tmdals010126/uros_ws/install/micro_ros_setup/./config/raspbian/generic/client_uros_packages.repos
[0.865s] -- Installing: /home/tmdals010126/uros_ws/install/micro_ros_setup/./config/raspbian/generic/build.sh
[0.865s] -- Installing: /home/tmdals010126/uros_ws/install/micro_ros_setup/./config/raspbian/generic/configure.sh
[0.865s] -- Installing: /home/tmdals010126/uros_ws/install/micro_ros_setup/./config/raspbian/generic/flash.sh
[0.865s] -- Installing: /home/tmdals010126/uros_ws/install/micro_ros_setup/./config/raspbian/generic/create.sh
[0.865s] -- Installing: /home/tmdals010126/uros_ws/install/micro_ros_setup/./config/raspbian/generic/client-colcon.meta
[0.865s] -- Installing: /home/tmdals010126/uros_ws/install/micro_ros_setup/./config/raspbian/generic/supported_platforms
[0.865s] -- Installing: /home/tmdals010126/uros_ws/install/micro_ros_setup/lib/micro_ros_setup/create_ws.sh
[0.865s] -- Installing: /home/tmdals010126/uros_ws/install/micro_ros_setup/lib/micro_ros_setup/create_agent_ws.sh
[0.865s] -- Installing: /home/tmdals010126/uros_ws/install/micro_ros_setup/lib/micro_ros_setup/create_firmware_ws.sh
[0.865s] -- Installing: /home/tmdals010126/uros_ws/install/micro_ros_setup/lib/micro_ros_setup/configure_firmware.sh
[0.865s] -- Installing: /home/tmdals010126/uros_ws/install/micro_ros_setup/lib/micro_ros_setup/flash_firmware.sh
[0.865s] -- Installing: /home/tmdals010126/uros_ws/install/micro_ros_setup/lib/micro_ros_setup/build_firmware.sh
[0.865s] -- Installing: /home/tmdals010126/uros_ws/install/micro_ros_setup/lib/micro_ros_setup/build_agent.sh
[0.865s] -- Installing: /home/tmdals010126/uros_ws/install/micro_ros_setup/lib/micro_ros_setup/yaml_filter.py
[0.865s] -- Installing: /home/tmdals010126/uros_ws/install/micro_ros_setup/lib/micro_ros_setup/clean_env.sh
[0.865s] -- Installing: /home/tmdals010126/uros_ws/install/micro_ros_setup/lib/micro_ros_setup/component
[0.866s] Invoked command in '/home/tmdals010126/uros_ws/build/micro_ros_setup' returned '0': CMAKE_PREFIX_PATH=${CMAKE_PREFIX_PATH}:/home/tmdals010126/ros2_humble/install/rqt_bag_plugins:/home/tmdals010126/ros2_humble/install/rqt_bag:/home/tmdals010126/ros2_humble/install/launch_testing_examples:/home/tmdals010126/ros2_humble/install/ros2bag:/home/tmdals010126/ros2_humble/install/tracetools_test:/home/tmdals010126/ros2_humble/install/tracetools_launch:/home/tmdals010126/ros2_humble/install/topic_monitor:/home/tmdals010126/ros2_humble/install/tf2_tools:/home/tmdals010126/ros2_humble/install/examples_tf2_py:/home/tmdals010126/ros2_humble/install/tf2_ros_py:/home/tmdals010126/ros2_humble/install/sros2:/home/tmdals010126/ros2_humble/install/rqt_topic:/home/tmdals010126/ros2_humble/install/rqt_srv:/home/tmdals010126/ros2_humble/install/rqt_shell:/home/tmdals010126/ros2_humble/install/rqt_service_caller:/home/tmdals010126/ros2_humble/install/rqt_reconfigure:/home/tmdals010126/ros2_humble/install/rqt_py_console:/home/tmdals010126/ros2_humble/install/rqt_publisher:/home/tmdals010126/ros2_humble/install/rqt_plot:/home/tmdals010126/ros2_humble/install/rqt_action:/home/tmdals010126/ros2_humble/install/rqt_msg:/home/tmdals010126/ros2_humble/install/rqt_console:/home/tmdals010126/ros2_humble/install/rqt:/home/tmdals010126/ros2_humble/install/rqt_graph:/home/tmdals010126/ros2_humble/install/rqt_gui_py:/home/tmdals010126/ros2_humble/install/rqt_gui:/home/tmdals010126/ros2_humble/install/ros2trace:/home/tmdals010126/ros2_humble/install/ros2topic:/home/tmdals010126/ros2_humble/install/ros2test:/home/tmdals010126/ros2_humble/install/ros2component:/home/tmdals010126/ros2_humble/install/ros2param:/home/tmdals010126/ros2_humble/install/ros2lifecycle:/home/tmdals010126/ros2_humble/install/ros2service:/home/tmdals010126/ros2_humble/install/ros2run:/home/tmdals010126/ros2_humble/install/ros2launch:/home/tmdals010126/ros2_humble/install/ros2pkg:/home/tmdals010126/ros2_humble/install/ros2node:/home/tmdals010126/ros2_humble/install/ros2multicast:/home/tmdals010126/ros2_humble/install/ros2interface:/home/tmdals010126/ros2_humble/install/ros2doctor:/home/tmdals010126/ros2_humble/install/ros2action:/home/tmdals010126/ros2_humble/install/ros2cli:/home/tmdals010126/ros2_humble/install/quality_of_service_demo_py:/home/tmdals010126/ros2_humble/install/lifecycle_py:/home/tmdals010126/ros2_humble/install/launch_testing_ros:/home/tmdals010126/ros2_humble/install/launch_ros:/home/tmdals010126/ros2_humble/install/examples_rclpy_pointcloud_publisher:/home/tmdals010126/ros2_humble/install/examples_rclpy_minimal_subscriber:/home/tmdals010126/ros2_humble/install/examples_rclpy_minimal_service:/home/tmdals010126/ros2_humble/install/examples_rclpy_minimal_publisher:/home/tmdals010126/ros2_humble/install/examples_rclpy_minimal_client:/home/tmdals010126/ros2_humble/install/examples_rclpy_minimal_action_server:/home/tmdals010126/ros2_humble/install/examples_rclpy_minimal_action_client:/home/tmdals010126/ros2_humble/install/examples_rclpy_guard_conditions:/home/tmdals010126/ros2_humble/install/examples_rclpy_executors:/home/tmdals010126/ros2_humble/install/demo_nodes_py:/home/tmdals010126/ros2_humble/install/camera_info_manager_py:/home/tmdals010126/ros2_humble/install/action_tutorials_py:/home/tmdals010126/ros2_humble/install/ament_uncrustify:/home/tmdals010126/ros2_humble/install/tracetools_trace:/home/tmdals010126/ros2_humble/install/tracetools_read:/home/tmdals010126/ros2_humble/install/test_tracetools_launch:/home/tmdals010126/ros2_humble/install/test_launch_ros:/home/tmdals010126/ros2_humble/install/sensor_msgs_py:/home/tmdals010126/ros2_humble/install/rpyutils:/home/tmdals010126/ros2_humble/install/rosidl_runtime_py:/home/tmdals010126/ros2_humble/install/rosidl_cli:/home/tmdals010126/ros2_humble/install/launch_pytest:/home/tmdals010126/ros2_humble/install/launch_testing:/home/tmdals010126/ros2_humble/install/launch_yaml:/home/tmdals010126/ros2_humble/install/launch_xml:/home/tmdals010126/ros2_humble/install/launch:/home/tmdals010126/ros2_humble/install/osrf_pycommon:/home/tmdals010126/ros2_humble/install/domain_coordinator:/home/tmdals010126/ros2_humble/install/ament_xmllint:/home/tmdals010126/ros2_humble/install/ament_pyflakes:/home/tmdals010126/ros2_humble/install/ament_pycodestyle:/home/tmdals010126/ros2_humble/install/ament_pep257:/home/tmdals010126/ros2_humble/install/ament_pclint:/home/tmdals010126/ros2_humble/install/ament_package:/home/tmdals010126/ros2_humble/install/ament_mypy:/home/tmdals010126/ros2_humble/install/ament_lint_cmake:/home/tmdals010126/ros2_humble/install/ament_flake8:/home/tmdals010126/ros2_humble/install/ament_copyright:/home/tmdals010126/ros2_humble/install/ament_lint:/home/tmdals010126/ros2_humble/install/ament_index_python:/home/tmdals010126/ros2_humble/install/ament_cpplint:/home/tmdals010126/ros2_humble/install/ament_cppcheck:/home/tmdals010126/ros2_humble/install/ament_clang_tidy:/home/tmdals010126/ros2_humble/install/ament_clang_format /usr/local/bin/cmake --install /home/tmdals010126/uros_ws/build/micro_ros_setup
