In file included from [01m[K/home/tmdals010126/zephyrproject/zephyr/micro_ros_zephyr_module/modules/libmicroros/micro_ros_src/src/rmw-microxrcedds/rmw_microxrcedds_c/src/memory.c:17[m[K:
[01m[K/home/tmdals010126/zephyrproject/zephyr/lib/libc/newlib/include/string.h:16:2:[m[K [01;35m[Kwarning: [m[K#include_next is a GCC extension
   16 | #[01;35m[Kinclude_next[m[K <string.h>
      |  [01;35m[K^~~~~~~~~~~~[m[K
In file included from [01m[K/home/tmdals010126/zephyrproject/zephyr/include/zephyr/posix/time.h:12[m[K,
                 from [01m[K/home/tmdals010126/zephyrproject/zephyr/micro_ros_zephyr_module/modules/libmicroros/micro_ros_src/src/rmw-microxrcedds/rmw_microxrcedds_c/src/rmw_init.c:15[m[K:
[01m[K/home/tmdals010126/zephyrproject/zephyr/include/zephyr/posix/time.h:117:2:[m[K [01;35m[Kwarning: [m[K#include_next is a GCC extension
  117 | #[01;35m[Kinclude_next[m[K <time.h>
      |  [01;35m[K^~~~~~~~~~~~[m[K
In file included from [01m[K/home/tmdals010126/zephyrproject/zephyr/include/zephyr/types.h:11[m[K,
                 from [01m[K/home/tmdals010126/zephyrproject/zephyr/include/zephyr/kernel_includes.h:21[m[K,
                 from [01m[K/home/tmdals010126/zephyrproject/zephyr/include/zephyr/kernel.h:17[m[K,
                 from [01m[K/home/tmdals010126/zephyrproject/zephyr/include/zephyr/posix/time.h:59[m[K:
[01m[K/home/tmdals010126/zephyrproject/zephyr/lib/libc/newlib/include/stdint.h:28:2:[m[K [01;35m[Kwarning: [m[K#include_next is a GCC extension
   28 | #[01;35m[Kinclude_next[m[K <stdint.h>
      |  [01;35m[K^~~~~~~~~~~~[m[K
In file included from [01m[K/home/tmdals010126/zephyrproject/zephyr/include/zephyr/toolchain.h:50[m[K,
                 from [01m[K/home/tmdals010126/zephyrproject/zephyr/include/zephyr/kernel_includes.h:23[m[K:
[01m[K/home/tmdals010126/zephyrproject/zephyr/include/zephyr/toolchain/gcc.h:87:31:[m[K [01;35m[Kwarning: [m[KISO C does not permit named variadic macros [[01;35m[K-Wvariadic-macros[m[K]
   87 | #define BUILD_ASSERT(EXPR, MSG[01;35m[K...[m[K) _Static_assert((EXPR), "" MSG)
      |                               [01;35m[K^~~[m[K
In file included from [01m[K/home/tmdals010126/zephyrproject/zephyr/include/zephyr/kernel_includes.h:27[m[K:
[01m[K/home/tmdals010126/zephyrproject/zephyr/include/zephyr/sys/dlist.h:40:10:[m[K [01;35m[Kwarning: [m[KISO C99 doesn't support unnamed structs/unions [[01;35m[K-Wpedantic[m[K]
   40 |         }[01;35m[K;[m[K
      |          [01;35m[K^[m[K
[01m[K/home/tmdals010126/zephyrproject/zephyr/include/zephyr/sys/dlist.h:44:10:[m[K [01;35m[Kwarning: [m[KISO C99 doesn't support unnamed structs/unions [[01;35m[K-Wpedantic[m[K]
   44 |         }[01;35m[K;[m[K
      |          [01;35m[K^[m[K
[01m[K/home/tmdals010126/zephyrproject/zephyr/include/zephyr/sys/dlist.h:36:8:[m[K [01;35m[Kwarning: [m[Kstruct has no named members [[01;35m[K-Wpedantic[m[K]
   36 | struct [01;35m[K_dnode[m[K {
      |        [01;35m[K^~~~~~[m[K
[01m[K/home/tmdals010126/zephyrproject/zephyr/include/zephyr/toolchain/gcc.h:87:36:[m[K [01;35m[Kwarning: [m[KISO C99 does not support '[01m[K_Static_assert[m[K' [[01;35m[K-Wpedantic[m[K]
   87 | #define BUILD_ASSERT(EXPR, MSG...) [01;35m[K_Static_assert[m[K((EXPR), "" MSG)
      |                                    [01;35m[K^~~~~~~~~~~~~~[m[K
[01m[K/home/tmdals010126/zephyrproject/zephyr/include/zephyr/sys/sflist.h:219:1:[m[K [01;36m[Knote: [m[Kin expansion of macro '[01m[KBUILD_ASSERT[m[K'
  219 | [01;36m[KBUILD_ASSERT[m[K(SYS_SFLIST_FLAGS_MASK >= 0x3);
      | [01;36m[K^~~~~~~~~~~~[m[K
In file included from [01m[K/home/tmdals010126/zephyrproject/zephyr/include/zephyr/arch/structs.h:31[m[K,
                 from [01m[K/home/tmdals010126/zephyrproject/zephyr/include/zephyr/kernel_structs.h:29[m[K,
                 from [01m[K/home/tmdals010126/zephyrproject/zephyr/include/zephyr/kernel_includes.h:32[m[K:
[01m[K/home/tmdals010126/zephyrproject/zephyr/include/zephyr/arch/arm/structs.h:22:8:[m[K [01;35m[Kwarning: [m[Kstruct has no members [[01;35m[K-Wpedantic[m[K]
   22 | struct [01;35m[K_cpu_arch[m[K {
      |        [01;35m[K^~~~~~~~~[m[K
In file included from [01m[K/home/tmdals010126/zephyrproject/zephyr/include/zephyr/arch/arm/exception.h:19[m[K,
                 from [01m[K/home/tmdals010126/zephyrproject/zephyr/include/zephyr/arch/arm/arch.h:23[m[K,
                 from [01m[K/home/tmdals010126/zephyrproject/zephyr/include/zephyr/arch/cpu.h:19[m[K,
                 from [01m[K/home/tmdals010126/zephyrproject/zephyr/include/zephyr/kernel_includes.h:36[m[K:
[01m[K/home/tmdals010126/zephyrproject/zephyr/include/zephyr/arch/arm/cortex_m/exception.h:106:50:[m[K [01;35m[Kwarning: [m[KISO C99 doesn't support unnamed structs/unions [[01;35m[K-Wpedantic[m[K]
  106 |                 sys_define_gpr_with_alias(a1, r0)[01;35m[K;[m[K
      |                                                  [01;35m[K^[m[K
[01m[K/home/tmdals010126/zephyrproject/zephyr/include/zephyr/arch/arm/cortex_m/exception.h:107:50:[m[K [01;35m[Kwarning: [m[KISO C99 doesn't support unnamed structs/unions [[01;35m[K-Wpedantic[m[K]
  107 |                 sys_define_gpr_with_alias(a2, r1)[01;35m[K;[m[K
      |                                                  [01;35m[K^[m[K
[01m[K/home/tmdals010126/zephyrproject/zephyr/include/zephyr/arch/arm/cortex_m/exception.h:108:50:[m[K [01;35m[Kwarning: [m[KISO C99 doesn't support unnamed structs/unions [[01;35m[K-Wpedantic[m[K]
  108 |                 sys_define_gpr_with_alias(a3, r2)[01;35m[K;[m[K
      |                                                  [01;35m[K^[m[K
[01m[K/home/tmdals010126/zephyrproject/zephyr/include/zephyr/arch/arm/cortex_m/exception.h:109:50:[m[K [01;35m[Kwarning: [m[KISO C99 doesn't support unnamed structs/unions [[01;35m[K-Wpedantic[m[K]
  109 |                 sys_define_gpr_with_alias(a4, r3)[01;35m[K;[m[K
      |                                                  [01;35m[K^[m[K
[01m[K/home/tmdals010126/zephyrproject/zephyr/include/zephyr/arch/arm/cortex_m/exception.h:110:51:[m[K [01;35m[Kwarning: [m[KISO C99 doesn't support unnamed structs/unions [[01;35m[K-Wpedantic[m[K]
  110 |                 sys_define_gpr_with_alias(ip, r12)[01;35m[K;[m[K
      |                                                   [01;35m[K^[m[K
[01m[K/home/tmdals010126/zephyrproject/zephyr/include/zephyr/arch/arm/cortex_m/exception.h:111:51:[m[K [01;35m[Kwarning: [m[KISO C99 doesn't support unnamed structs/unions [[01;35m[K-Wpedantic[m[K]
  111 |                 sys_define_gpr_with_alias(lr, r14)[01;35m[K;[m[K
      |                                                   [01;35m[K^[m[K
[01m[K/home/tmdals010126/zephyrproject/zephyr/include/zephyr/arch/arm/cortex_m/exception.h:112:51:[m[K [01;35m[Kwarning: [m[KISO C99 doesn't support unnamed structs/unions [[01;35m[K-Wpedantic[m[K]
  112 |                 sys_define_gpr_with_alias(pc, r15)[01;35m[K;[m[K
      |                                                   [01;35m[K^[m[K
In file included from [01m[K/home/tmdals010126/zephyrproject/zephyr/include/zephyr/device.h:13[m[K,
                 from [01m[K/home/tmdals010126/zephyrproject/zephyr/include/zephyr/sw_isr_table.h:18[m[K,
                 from [01m[K/home/tmdals010126/zephyrproject/zephyr/include/zephyr/arch/arm/irq.h:19[m[K,
                 from [01m[K/home/tmdals010126/zephyrproject/zephyr/include/zephyr/arch/arm/arch.h:24[m[K:
[01m[K/home/tmdals010126/zephyrproject/zephyr/include/zephyr/init.h:115:10:[m[K [01;35m[Kwarning: [m[KISO C99 doesn't support unnamed structs/unions [[01;35m[K-Wpedantic[m[K]
  115 |         }[01;35m[K;[m[K
      |          [01;35m[K^[m[K
In file included from [01m[K/home/tmdals010126/zephyrproject/zephyr/include/zephyr/kernel/mm.h:16[m[K,
                 from [01m[K/home/tmdals010126/zephyrproject/zephyr/include/zephyr/sys/device_mmio.h:48[m[K,
                 from [01m[K/home/tmdals010126/zephyrproject/zephyr/include/zephyr/device.h:16[m[K:
[01m[K/home/tmdals010126/zephyrproject/zephyr/include/zephyr/kernel/internal/mm.h:[m[K In function '[01m[Kk_mem_phys_addr[m[K':
[01m[K/home/tmdals010126/zephyrproject/zephyr/include/zephyr/kernel/internal/mm.h:119:1:[m[K [01;35m[Kwarning: [m[Kembedding a directive within macro arguments is not portable
  119 | [01;35m[K#[m[Kif CONFIG_SRAM_BASE_ADDRESS != 0
      | [01;35m[K^[m[K
[01m[K/home/tmdals010126/zephyrproject/zephyr/include/zephyr/kernel/internal/mm.h:121:1:[m[K [01;35m[Kwarning: [m[Kembedding a directive within macro arguments is not portable
  121 | [01;35m[K#[m[Kendif /* CONFIG_SRAM_BASE_ADDRESS != 0 */
      | [01;35m[K^[m[K
[01m[K/home/tmdals010126/zephyrproject/zephyr/include/zephyr/kernel/internal/mm.h:122:1:[m[K [01;35m[Kwarning: [m[Kembedding a directive within macro arguments is not portable
  122 | [01;35m[K#[m[Kif (CONFIG_SRAM_BASE_ADDRESS + (CONFIG_SRAM_SIZE * 1024UL)) != 0
      | [01;35m[K^[m[K
[01m[K/home/tmdals010126/zephyrproject/zephyr/include/zephyr/kernel/internal/mm.h:125:1:[m[K [01;35m[Kwarning: [m[Kembedding a directive within macro arguments is not portable
  125 | [01;35m[K#[m[Kelse
      | [01;35m[K^[m[K
[01m[K/home/tmdals010126/zephyrproject/zephyr/include/zephyr/kernel/internal/mm.h:127:1:[m[K [01;35m[Kwarning: [m[Kembedding a directive within macro arguments is not portable
  127 | [01;35m[K#[m[Kendif /* (CONFIG_SRAM_BASE_ADDRESS + (CONFIG_SRAM_SIZE * 1024UL)) != 0 */
      | [01;35m[K^[m[K
[01m[K/home/tmdals010126/zephyrproject/zephyr/include/zephyr/kernel/internal/mm.h:[m[K In function '[01m[Kk_mem_virt_addr[m[K':
[01m[K/home/tmdals010126/zephyrproject/zephyr/include/zephyr/kernel/internal/mm.h:157:1:[m[K [01;35m[Kwarning: [m[Kembedding a directive within macro arguments is not portable
  157 | [01;35m[K#[m[Kif CONFIG_SRAM_BASE_ADDRESS != 0
      | [01;35m[K^[m[K
[01m[K/home/tmdals010126/zephyrproject/zephyr/include/zephyr/kernel/internal/mm.h:159:1:[m[K [01;35m[Kwarning: [m[Kembedding a directive within macro arguments is not portable
  159 | [01;35m[K#[m[Kendif /* CONFIG_SRAM_BASE_ADDRESS != 0 */
      | [01;35m[K^[m[K
[01m[K/home/tmdals010126/zephyrproject/zephyr/include/zephyr/kernel/internal/mm.h:160:1:[m[K [01;35m[Kwarning: [m[Kembedding a directive within macro arguments is not portable
  160 | [01;35m[K#[m[Kif (CONFIG_SRAM_BASE_ADDRESS + (CONFIG_SRAM_SIZE * 1024UL)) != 0
      | [01;35m[K^[m[K
[01m[K/home/tmdals010126/zephyrproject/zephyr/include/zephyr/kernel/internal/mm.h:163:1:[m[K [01;35m[Kwarning: [m[Kembedding a directive within macro arguments is not portable
  163 | [01;35m[K#[m[Kelse
      | [01;35m[K^[m[K
[01m[K/home/tmdals010126/zephyrproject/zephyr/include/zephyr/kernel/internal/mm.h:165:1:[m[K [01;35m[Kwarning: [m[Kembedding a directive within macro arguments is not portable
  165 | [01;35m[K#[m[Kendif /* (CONFIG_SRAM_BASE_ADDRESS + (CONFIG_SRAM_SIZE * 1024UL)) != 0 */
      | [01;35m[K^[m[K
In file included from [01m[K/home/tmdals010126/zephyrproject/zephyr/include/zephyr/sys/atomic.h:18[m[K,
                 from [01m[K/home/tmdals010126/zephyrproject/zephyr/include/zephyr/kernel_includes.h:25[m[K:
[01m[K/home/tmdals010126/zephyrproject/zephyr/include/zephyr/kernel.h:[m[K In function '[01m[Kk_work_delayable_from_work[m[K':
[01m[K/home/tmdals010126/zephyrproject/zephyr/include/zephyr/sys/util.h:287:18:[m[K [01;35m[Kwarning: [m[Kcast increases required alignment of target type [[01;35m[K-Wcast-align[m[K]
  287 |                 ([01;35m[K([m[Ktype *)(((char *)(ptr)) - offsetof(type, field))); \
      |                  [01;35m[K^[m[K
[01m[K/home/tmdals010126/zephyrproject/zephyr/include/zephyr/kernel.h:4140:16:[m[K [01;36m[Knote: [m[Kin expansion of macro '[01m[KCONTAINER_OF[m[K'
 4140 |         return [01;36m[KCONTAINER_OF[m[K(work, struct k_work_delayable, work);
      |                [01;36m[K^~~~~~~~~~~~[m[K
