[0.986s] Invoking command in '/home/tmdals010126/zephyrproject/zephyr/micro_ros_dice/modules/libmicroros/micro_ros_src/src/ros2_tracing/tracetools_read': PYTHONPATH=/home/tmdals010126/zephyrproject/zephyr/micro_ros_dice/modules/libmicroros/micro_ros_src/build/tracetools_read/prefix_override:/home/tmdals010126/zephyrproject/.venv/lib/python3.10/site-packages/colcon_core/task/python/colcon_distutils_commands:/home/tmdals010126/zephyrproject/zephyr/micro_ros_dice/modules/libmicroros/micro_ros_src/install/lib/python3.10/site-packages:${PYTHONPATH} /home/tmdals010126/zephyrproject/.venv/bin/python3 -W ignore:setup.py install is deprecated -W ignore:easy_install command is deprecated setup.py egg_info --egg-base ../../../build/tracetools_read build --build-base /home/tmdals010126/zephyrproject/zephyr/micro_ros_dice/modules/libmicroros/micro_ros_src/build/tracetools_read/build install --record /home/tmdals010126/zephyrproject/zephyr/micro_ros_dice/modules/libmicroros/micro_ros_src/build/tracetools_read/install.log --single-version-externally-managed install_data
[1.084s] /home/tmdals010126/zephyrproject/.venv/lib/python3.10/site-packages/setuptools/_distutils/dist.py:289: UserWarning: Unknown distribution option: 'tests_require'
[1.084s]   warnings.warn(msg)
[1.112s] running egg_info
[1.116s] writing ../../../build/tracetools_read/tracetools_read.egg-info/PKG-INFO
[1.117s] writing dependency_links to ../../../build/tracetools_read/tracetools_read.egg-info/dependency_links.txt
[1.117s] writing requirements to ../../../build/tracetools_read/tracetools_read.egg-info/requires.txt
[1.117s] writing top-level names to ../../../build/tracetools_read/tracetools_read.egg-info/top_level.txt
[2.610s] writing manifest file '../../../build/tracetools_read/tracetools_read.egg-info/SOURCES.txt'
[2.610s] running build
[2.610s] running build_py
[2.610s] copying tracetools_read/__init__.py -> /home/tmdals010126/zephyrproject/zephyr/micro_ros_dice/modules/libmicroros/micro_ros_src/build/tracetools_read/build/lib/tracetools_read
[2.610s] copying tracetools_read/trace.py -> /home/tmdals010126/zephyrproject/zephyr/micro_ros_dice/modules/libmicroros/micro_ros_src/build/tracetools_read/build/lib/tracetools_read
[2.610s] running install
[2.612s] running install_lib
[2.617s] running install_data
[2.617s] copying package.xml -> /home/tmdals010126/zephyrproject/zephyr/micro_ros_dice/modules/libmicroros/micro_ros_src/install/share/tracetools_read
[2.617s] copying resource/tracetools_read -> /home/tmdals010126/zephyrproject/zephyr/micro_ros_dice/modules/libmicroros/micro_ros_src/install/share/ament_index/resource_index/packages
[2.617s] running install_egg_info
[2.621s] removing '/home/tmdals010126/zephyrproject/zephyr/micro_ros_dice/modules/libmicroros/micro_ros_src/install/lib/python3.10/site-packages/tracetools_read-4.1.1-py3.10.egg-info' (and everything under it)
[2.621s] Copying ../../../build/tracetools_read/tracetools_read.egg-info to /home/tmdals010126/zephyrproject/zephyr/micro_ros_dice/modules/libmicroros/micro_ros_src/install/lib/python3.10/site-packages/tracetools_read-4.1.1-py3.10.egg-info
[2.621s] running install_scripts
[2.630s] writing list of installed files to '/home/tmdals010126/zephyrproject/zephyr/micro_ros_dice/modules/libmicroros/micro_ros_src/build/tracetools_read/install.log'
[2.641s] Invoked command in '/home/tmdals010126/zephyrproject/zephyr/micro_ros_dice/modules/libmicroros/micro_ros_src/src/ros2_tracing/tracetools_read' returned '0': PYTHONPATH=/home/tmdals010126/zephyrproject/zephyr/micro_ros_dice/modules/libmicroros/micro_ros_src/build/tracetools_read/prefix_override:/home/tmdals010126/zephyrproject/.venv/lib/python3.10/site-packages/colcon_core/task/python/colcon_distutils_commands:/home/tmdals010126/zephyrproject/zephyr/micro_ros_dice/modules/libmicroros/micro_ros_src/install/lib/python3.10/site-packages:${PYTHONPATH} /home/tmdals010126/zephyrproject/.venv/bin/python3 -W ignore:setup.py install is deprecated -W ignore:easy_install command is deprecated setup.py egg_info --egg-base ../../../build/tracetools_read build --build-base /home/tmdals010126/zephyrproject/zephyr/micro_ros_dice/modules/libmicroros/micro_ros_src/build/tracetools_read/build install --record /home/tmdals010126/zephyrproject/zephyr/micro_ros_dice/modules/libmicroros/micro_ros_src/build/tracetools_read/install.log --single-version-externally-managed install_data
