gmake[1]: Entering directory '/home/tmdals010126/zephyrproject/zephyr/micro_ros_tfm_base/modules/libmicroros/micro_ros_src/build/stereo_msgs'
-- Found ament_cmake: 1.3.12 (/home/tmdals010126/zephyrproject/zephyr/micro_ros_tfm_base/modules/libmicroros/micro_ros_dev/install/ament_cmake/share/ament_cmake/cmake)
-- Found rosidl_default_generators: 1.2.0 (/home/tmdals010126/zephyrproject/zephyr/micro_ros_tfm_base/modules/libmicroros/micro_ros_src/install/share/rosidl_default_generators/cmake)
-- Using all available rosidl_typesupport_c: rosidl_typesupport_introspection_c;rosidl_typesupport_microxrcedds_c
-- Found rosidl_adapter: 3.1.7 (/home/tmdals010126/zephyrproject/zephyr/micro_ros_tfm_base/modules/libmicroros/micro_ros_src/install/share/rosidl_adapter/cmake)
-- Found sensor_msgs: 4.9.0 (/home/tmdals010126/zephyrproject/zephyr/micro_ros_tfm_base/modules/libmicroros/micro_ros_src/install/share/sensor_msgs/cmake)
-- Found ament_cmake_ros: 0.10.0 (/home/tmdals010126/zephyrproject/zephyr/micro_ros_tfm_base/modules/libmicroros/micro_ros_dev/install/ament_cmake_ros/share/ament_cmake_ros/cmake)
-- Using all available rosidl_typesupport_c: rosidl_typesupport_introspection_c;rosidl_typesupport_microxrcedds_c
-- Configuring done (0.5s)
-- Generating done (0.0s)
-- Build files have been written to: /home/tmdals010126/zephyrproject/zephyr/micro_ros_tfm_base/modules/libmicroros/micro_ros_src/build/stereo_msgs
gmake[2]: Entering directory '/home/tmdals010126/zephyrproject/zephyr/micro_ros_tfm_base/modules/libmicroros/micro_ros_src/build/stereo_msgs'
gmake[3]: Entering directory '/home/tmdals010126/zephyrproject/zephyr/micro_ros_tfm_base/modules/libmicroros/micro_ros_src/build/stereo_msgs'
gmake[3]: Leaving directory '/home/tmdals010126/zephyrproject/zephyr/micro_ros_tfm_base/modules/libmicroros/micro_ros_src/build/stereo_msgs'
[ 25%] Built target stereo_msgs__rosidl_generator_c
gmake[3]: Entering directory '/home/tmdals010126/zephyrproject/zephyr/micro_ros_tfm_base/modules/libmicroros/micro_ros_src/build/stereo_msgs'
gmake[3]: Entering directory '/home/tmdals010126/zephyrproject/zephyr/micro_ros_tfm_base/modules/libmicroros/micro_ros_src/build/stereo_msgs'
gmake[3]: Entering directory '/home/tmdals010126/zephyrproject/zephyr/micro_ros_tfm_base/modules/libmicroros/micro_ros_src/build/stereo_msgs'
gmake[3]: Leaving directory '/home/tmdals010126/zephyrproject/zephyr/micro_ros_tfm_base/modules/libmicroros/micro_ros_src/build/stereo_msgs'
gmake[3]: Leaving directory '/home/tmdals010126/zephyrproject/zephyr/micro_ros_tfm_base/modules/libmicroros/micro_ros_src/build/stereo_msgs'
gmake[3]: Leaving directory '/home/tmdals010126/zephyrproject/zephyr/micro_ros_tfm_base/modules/libmicroros/micro_ros_src/build/stereo_msgs'
[ 50%] Built target stereo_msgs__rosidl_typesupport_microxrcedds_c
[ 75%] Built target stereo_msgs__rosidl_typesupport_introspection_c
[100%] Built target stereo_msgs__rosidl_typesupport_c
gmake[3]: Entering directory '/home/tmdals010126/zephyrproject/zephyr/micro_ros_tfm_base/modules/libmicroros/micro_ros_src/build/stereo_msgs'
gmake[3]: Leaving directory '/home/tmdals010126/zephyrproject/zephyr/micro_ros_tfm_base/modules/libmicroros/micro_ros_src/build/stereo_msgs'
[100%] Built target stereo_msgs
gmake[2]: Leaving directory '/home/tmdals010126/zephyrproject/zephyr/micro_ros_tfm_base/modules/libmicroros/micro_ros_src/build/stereo_msgs'
gmake[1]: Leaving directory '/home/tmdals010126/zephyrproject/zephyr/micro_ros_tfm_base/modules/libmicroros/micro_ros_src/build/stereo_msgs'
-- Install configuration: "Release"
-- Up-to-date: /home/tmdals010126/zephyrproject/zephyr/micro_ros_tfm_base/modules/libmicroros/micro_ros_src/install/share/ament_index/resource_index/rosidl_interfaces/stereo_msgs
-- Up-to-date: /home/tmdals010126/zephyrproject/zephyr/micro_ros_tfm_base/modules/libmicroros/micro_ros_src/install/include/stereo_msgs/stereo_msgs
-- Up-to-date: /home/tmdals010126/zephyrproject/zephyr/micro_ros_tfm_base/modules/libmicroros/micro_ros_src/install/include/stereo_msgs/stereo_msgs/msg
-- Up-to-date: /home/tmdals010126/zephyrproject/zephyr/micro_ros_tfm_base/modules/libmicroros/micro_ros_src/install/include/stereo_msgs/stereo_msgs/msg/rosidl_generator_c__visibility_control.h
-- Up-to-date: /home/tmdals010126/zephyrproject/zephyr/micro_ros_tfm_base/modules/libmicroros/micro_ros_src/install/include/stereo_msgs/stereo_msgs/msg/disparity_image.h
-- Up-to-date: /home/tmdals010126/zephyrproject/zephyr/micro_ros_tfm_base/modules/libmicroros/micro_ros_src/install/include/stereo_msgs/stereo_msgs/msg/detail
-- Up-to-date: /home/tmdals010126/zephyrproject/zephyr/micro_ros_tfm_base/modules/libmicroros/micro_ros_src/install/include/stereo_msgs/stereo_msgs/msg/detail/disparity_image__functions.c
-- Up-to-date: /home/tmdals010126/zephyrproject/zephyr/micro_ros_tfm_base/modules/libmicroros/micro_ros_src/install/include/stereo_msgs/stereo_msgs/msg/detail/disparity_image__type_support.h
-- Up-to-date: /home/tmdals010126/zephyrproject/zephyr/micro_ros_tfm_base/modules/libmicroros/micro_ros_src/install/include/stereo_msgs/stereo_msgs/msg/detail/disparity_image__functions.h
-- Up-to-date: /home/tmdals010126/zephyrproject/zephyr/micro_ros_tfm_base/modules/libmicroros/micro_ros_src/install/include/stereo_msgs/stereo_msgs/msg/detail/disparity_image__struct.h
-- Up-to-date: /home/tmdals010126/zephyrproject/zephyr/micro_ros_tfm_base/modules/libmicroros/micro_ros_src/install/share/stereo_msgs/environment/library_path.sh
-- Installing: /home/tmdals010126/zephyrproject/zephyr/micro_ros_tfm_base/modules/libmicroros/micro_ros_src/install/share/stereo_msgs/environment/library_path.dsv
-- Up-to-date: /home/tmdals010126/zephyrproject/zephyr/micro_ros_tfm_base/modules/libmicroros/micro_ros_src/install/lib/libstereo_msgs__rosidl_generator_c.a
-- Up-to-date: /home/tmdals010126/zephyrproject/zephyr/micro_ros_tfm_base/modules/libmicroros/micro_ros_src/install/include/stereo_msgs/stereo_msgs
-- Up-to-date: /home/tmdals010126/zephyrproject/zephyr/micro_ros_tfm_base/modules/libmicroros/micro_ros_src/install/include/stereo_msgs/stereo_msgs/msg
-- Up-to-date: /home/tmdals010126/zephyrproject/zephyr/micro_ros_tfm_base/modules/libmicroros/micro_ros_src/install/include/stereo_msgs/stereo_msgs/msg/detail
-- Up-to-date: /home/tmdals010126/zephyrproject/zephyr/micro_ros_tfm_base/modules/libmicroros/micro_ros_src/install/include/stereo_msgs/stereo_msgs/msg/detail/disparity_image__type_support.c
-- Up-to-date: /home/tmdals010126/zephyrproject/zephyr/micro_ros_tfm_base/modules/libmicroros/micro_ros_src/install/include/stereo_msgs/stereo_msgs/msg/detail/disparity_image__rosidl_typesupport_introspection_c.h
-- Up-to-date: /home/tmdals010126/zephyrproject/zephyr/micro_ros_tfm_base/modules/libmicroros/micro_ros_src/install/include/stereo_msgs/stereo_msgs/msg/rosidl_typesupport_introspection_c__visibility_control.h
-- Up-to-date: /home/tmdals010126/zephyrproject/zephyr/micro_ros_tfm_base/modules/libmicroros/micro_ros_src/install/lib/libstereo_msgs__rosidl_typesupport_introspection_c.a
-- Up-to-date: /home/tmdals010126/zephyrproject/zephyr/micro_ros_tfm_base/modules/libmicroros/micro_ros_src/install/include/stereo_msgs
-- Up-to-date: /home/tmdals010126/zephyrproject/zephyr/micro_ros_tfm_base/modules/libmicroros/micro_ros_src/install/include/stereo_msgs/msg
-- Up-to-date: /home/tmdals010126/zephyrproject/zephyr/micro_ros_tfm_base/modules/libmicroros/micro_ros_src/install/include/stereo_msgs/msg/detail
-- Up-to-date: /home/tmdals010126/zephyrproject/zephyr/micro_ros_tfm_base/modules/libmicroros/micro_ros_src/install/include/stereo_msgs/msg/detail/microxrcedds
-- Up-to-date: /home/tmdals010126/zephyrproject/zephyr/micro_ros_tfm_base/modules/libmicroros/micro_ros_src/install/include/stereo_msgs/msg/detail/disparity_image__rosidl_typesupport_microxrcedds_c.h
-- Up-to-date: /home/tmdals010126/zephyrproject/zephyr/micro_ros_tfm_base/modules/libmicroros/micro_ros_src/install/include/stereo_msgs/msg/rosidl_typesupport_microxrcedds_c__visibility_control.h
-- Up-to-date: /home/tmdals010126/zephyrproject/zephyr/micro_ros_tfm_base/modules/libmicroros/micro_ros_src/install/lib/libstereo_msgs__rosidl_typesupport_microxrcedds_c.a
-- Up-to-date: /home/tmdals010126/zephyrproject/zephyr/micro_ros_tfm_base/modules/libmicroros/micro_ros_src/install/lib/libstereo_msgs__rosidl_typesupport_c.a
-- Up-to-date: /home/tmdals010126/zephyrproject/zephyr/micro_ros_tfm_base/modules/libmicroros/micro_ros_src/install/share/stereo_msgs/msg/DisparityImage.idl
-- Up-to-date: /home/tmdals010126/zephyrproject/zephyr/micro_ros_tfm_base/modules/libmicroros/micro_ros_src/install/share/stereo_msgs/msg/DisparityImage.msg
-- Up-to-date: /home/tmdals010126/zephyrproject/zephyr/micro_ros_tfm_base/modules/libmicroros/micro_ros_src/install/share/ament_index/resource_index/package_run_dependencies/stereo_msgs
-- Up-to-date: /home/tmdals010126/zephyrproject/zephyr/micro_ros_tfm_base/modules/libmicroros/micro_ros_src/install/share/ament_index/resource_index/parent_prefix_path/stereo_msgs
-- Up-to-date: /home/tmdals010126/zephyrproject/zephyr/micro_ros_tfm_base/modules/libmicroros/micro_ros_src/install/share/stereo_msgs/environment/ament_prefix_path.sh
-- Installing: /home/tmdals010126/zephyrproject/zephyr/micro_ros_tfm_base/modules/libmicroros/micro_ros_src/install/share/stereo_msgs/environment/ament_prefix_path.dsv
-- Up-to-date: /home/tmdals010126/zephyrproject/zephyr/micro_ros_tfm_base/modules/libmicroros/micro_ros_src/install/share/stereo_msgs/environment/path.sh
-- Installing: /home/tmdals010126/zephyrproject/zephyr/micro_ros_tfm_base/modules/libmicroros/micro_ros_src/install/share/stereo_msgs/environment/path.dsv
-- Up-to-date: /home/tmdals010126/zephyrproject/zephyr/micro_ros_tfm_base/modules/libmicroros/micro_ros_src/install/share/stereo_msgs/local_setup.bash
-- Up-to-date: /home/tmdals010126/zephyrproject/zephyr/micro_ros_tfm_base/modules/libmicroros/micro_ros_src/install/share/stereo_msgs/local_setup.sh
-- Up-to-date: /home/tmdals010126/zephyrproject/zephyr/micro_ros_tfm_base/modules/libmicroros/micro_ros_src/install/share/stereo_msgs/local_setup.zsh
-- Installing: /home/tmdals010126/zephyrproject/zephyr/micro_ros_tfm_base/modules/libmicroros/micro_ros_src/install/share/stereo_msgs/local_setup.dsv
-- Installing: /home/tmdals010126/zephyrproject/zephyr/micro_ros_tfm_base/modules/libmicroros/micro_ros_src/install/share/stereo_msgs/package.dsv
-- Up-to-date: /home/tmdals010126/zephyrproject/zephyr/micro_ros_tfm_base/modules/libmicroros/micro_ros_src/install/share/ament_index/resource_index/packages/stereo_msgs
-- Up-to-date: /home/tmdals010126/zephyrproject/zephyr/micro_ros_tfm_base/modules/libmicroros/micro_ros_src/install/share/stereo_msgs/cmake/export_stereo_msgs__rosidl_generator_cExport.cmake
-- Up-to-date: /home/tmdals010126/zephyrproject/zephyr/micro_ros_tfm_base/modules/libmicroros/micro_ros_src/install/share/stereo_msgs/cmake/export_stereo_msgs__rosidl_generator_cExport-release.cmake
-- Up-to-date: /home/tmdals010126/zephyrproject/zephyr/micro_ros_tfm_base/modules/libmicroros/micro_ros_src/install/share/stereo_msgs/cmake/stereo_msgs__rosidl_typesupport_introspection_cExport.cmake
-- Up-to-date: /home/tmdals010126/zephyrproject/zephyr/micro_ros_tfm_base/modules/libmicroros/micro_ros_src/install/share/stereo_msgs/cmake/stereo_msgs__rosidl_typesupport_introspection_cExport-release.cmake
-- Up-to-date: /home/tmdals010126/zephyrproject/zephyr/micro_ros_tfm_base/modules/libmicroros/micro_ros_src/install/share/stereo_msgs/cmake/stereo_msgs__rosidl_typesupport_cExport.cmake
-- Up-to-date: /home/tmdals010126/zephyrproject/zephyr/micro_ros_tfm_base/modules/libmicroros/micro_ros_src/install/share/stereo_msgs/cmake/stereo_msgs__rosidl_typesupport_cExport-release.cmake
-- Up-to-date: /home/tmdals010126/zephyrproject/zephyr/micro_ros_tfm_base/modules/libmicroros/micro_ros_src/install/share/stereo_msgs/cmake/rosidl_cmake-extras.cmake
-- Up-to-date: /home/tmdals010126/zephyrproject/zephyr/micro_ros_tfm_base/modules/libmicroros/micro_ros_src/install/share/stereo_msgs/cmake/ament_cmake_export_dependencies-extras.cmake
-- Up-to-date: /home/tmdals010126/zephyrproject/zephyr/micro_ros_tfm_base/modules/libmicroros/micro_ros_src/install/share/stereo_msgs/cmake/ament_cmake_export_include_directories-extras.cmake
-- Up-to-date: /home/tmdals010126/zephyrproject/zephyr/micro_ros_tfm_base/modules/libmicroros/micro_ros_src/install/share/stereo_msgs/cmake/ament_cmake_export_libraries-extras.cmake
-- Up-to-date: /home/tmdals010126/zephyrproject/zephyr/micro_ros_tfm_base/modules/libmicroros/micro_ros_src/install/share/stereo_msgs/cmake/ament_cmake_export_targets-extras.cmake
-- Up-to-date: /home/tmdals010126/zephyrproject/zephyr/micro_ros_tfm_base/modules/libmicroros/micro_ros_src/install/share/stereo_msgs/cmake/rosidl_cmake_export_typesupport_targets-extras.cmake
-- Up-to-date: /home/tmdals010126/zephyrproject/zephyr/micro_ros_tfm_base/modules/libmicroros/micro_ros_src/install/share/stereo_msgs/cmake/rosidl_cmake_export_typesupport_libraries-extras.cmake
-- Up-to-date: /home/tmdals010126/zephyrproject/zephyr/micro_ros_tfm_base/modules/libmicroros/micro_ros_src/install/share/stereo_msgs/cmake/stereo_msgsConfig.cmake
-- Up-to-date: /home/tmdals010126/zephyrproject/zephyr/micro_ros_tfm_base/modules/libmicroros/micro_ros_src/install/share/stereo_msgs/cmake/stereo_msgsConfig-version.cmake
-- Up-to-date: /home/tmdals010126/zephyrproject/zephyr/micro_ros_tfm_base/modules/libmicroros/micro_ros_src/install/share/stereo_msgs/package.xml
