[0.103s] DEBUG:colcon:Command line arguments: ['/usr/bin/colcon', 'build']
[0.103s] DEBUG:colcon:Parsed command line arguments: Namespace(log_base=None, log_level=None, verb_name='build', build_base='build', install_base='install', merge_install=False, symlink_install=False, test_result_base=None, continue_on_error=False, executor='parallel', parallel_workers=28, event_handlers=None, ignore_user_meta=False, metas=['./colcon.meta'], base_paths=['.'], packages_ignore=None, packages_ignore_regex=None, paths=None, packages_up_to=None, packages_up_to_regex=None, packages_above=None, packages_above_and_dependencies=None, packages_above_depth=None, packages_select_by_dep=None, packages_skip_by_dep=None, packages_skip_up_to=None, packages_select_build_failed=False, packages_skip_build_finished=False, packages_select_test_failures=False, packages_skip_test_passed=False, packages_select=None, packages_skip=None, packages_select_regex=None, packages_skip_regex=None, packages_start=None, packages_end=None, allow_overriding=[], cmake_args=None, cmake_target=None, cmake_target_skip_unavailable=False, cmake_clean_cache=False, cmake_clean_first=False, cmake_force_configure=False, ament_cmake_args=None, catkin_cmake_args=None, catkin_skip_building_tests=False, mixin_files=None, mixin=None, verb_parser=<colcon_mixin.mixin.mixin_argument.MixinArgumentDecorator object at 0x7f9446d48be0>, verb_extension=<colcon_core.verb.build.BuildVerb object at 0x7f9446ec2b60>, main=<bound method BuildVerb.main of <colcon_core.verb.build.BuildVerb object at 0x7f9446ec2b60>>, mixin_verb=('build',))
[0.135s] Level 1:colcon.colcon_core.package_discovery:discover_packages(colcon_meta) check parameters
[0.135s] Level 1:colcon.colcon_core.package_discovery:discover_packages(recursive) check parameters
[0.135s] Level 1:colcon.colcon_core.package_discovery:discover_packages(ignore) check parameters
[0.135s] Level 1:colcon.colcon_core.package_discovery:discover_packages(path) check parameters
[0.135s] Level 1:colcon.colcon_core.package_discovery:discover_packages(colcon_meta) discover
[0.135s] Level 1:colcon.colcon_core.package_discovery:discover_packages(recursive) discover
[0.135s] INFO:colcon.colcon_core.package_discovery:Crawling recursively for packages in '/home/tmdals010126/uros_ws'
[0.135s] Level 1:colcon.colcon_core.package_identification:_identify(.) by extensions ['ignore', 'ignore_ament_install']
[0.135s] Level 1:colcon.colcon_core.package_identification:_identify(.) by extension 'ignore'
[0.135s] Level 1:colcon.colcon_core.package_identification:_identify(.) by extension 'ignore_ament_install'
[0.135s] Level 1:colcon.colcon_core.package_identification:_identify(.) by extensions ['colcon_pkg']
[0.135s] Level 1:colcon.colcon_core.package_identification:_identify(.) by extension 'colcon_pkg'
[0.135s] Level 1:colcon.colcon_core.package_identification:_identify(.) by extensions ['colcon_meta']
[0.135s] Level 1:colcon.colcon_core.package_identification:_identify(.) by extension 'colcon_meta'
[0.135s] Level 1:colcon.colcon_core.package_identification:_identify(.) by extensions ['ros']
[0.135s] Level 1:colcon.colcon_core.package_identification:_identify(.) by extension 'ros'
[0.148s] Level 1:colcon.colcon_core.package_identification:_identify(.) by extensions ['cmake', 'python']
[0.148s] Level 1:colcon.colcon_core.package_identification:_identify(.) by extension 'cmake'
[0.148s] Level 1:colcon.colcon_core.package_identification:_identify(.) by extension 'python'
[0.148s] Level 1:colcon.colcon_core.package_identification:_identify(.) by extensions ['python_setup_py']
[0.148s] Level 1:colcon.colcon_core.package_identification:_identify(.) by extension 'python_setup_py'
[0.148s] Level 1:colcon.colcon_core.package_identification:_identify(build) by extensions ['ignore', 'ignore_ament_install']
[0.148s] Level 1:colcon.colcon_core.package_identification:_identify(build) by extension 'ignore'
[0.148s] Level 1:colcon.colcon_core.package_identification:_identify(build) ignored
[0.148s] Level 1:colcon.colcon_core.package_identification:_identify(firmware) by extensions ['ignore', 'ignore_ament_install']
[0.148s] Level 1:colcon.colcon_core.package_identification:_identify(firmware) by extension 'ignore'
[0.148s] Level 1:colcon.colcon_core.package_identification:_identify(firmware) ignored
[0.148s] Level 1:colcon.colcon_core.package_identification:_identify(iat-verifier) by extensions ['ignore', 'ignore_ament_install']
[0.148s] Level 1:colcon.colcon_core.package_identification:_identify(iat-verifier) by extension 'ignore'
[0.148s] Level 1:colcon.colcon_core.package_identification:_identify(iat-verifier) by extension 'ignore_ament_install'
[0.148s] Level 1:colcon.colcon_core.package_identification:_identify(iat-verifier) by extensions ['colcon_pkg']
[0.148s] Level 1:colcon.colcon_core.package_identification:_identify(iat-verifier) by extension 'colcon_pkg'
[0.148s] Level 1:colcon.colcon_core.package_identification:_identify(iat-verifier) by extensions ['colcon_meta']
[0.148s] Level 1:colcon.colcon_core.package_identification:_identify(iat-verifier) by extension 'colcon_meta'
[0.148s] Level 1:colcon.colcon_core.package_identification:_identify(iat-verifier) by extensions ['ros']
[0.148s] Level 1:colcon.colcon_core.package_identification:_identify(iat-verifier) by extension 'ros'
[0.148s] Level 1:colcon.colcon_core.package_identification:_identify(iat-verifier) by extensions ['cmake', 'python']
[0.148s] Level 1:colcon.colcon_core.package_identification:_identify(iat-verifier) by extension 'cmake'
[0.148s] Level 1:colcon.colcon_core.package_identification:_identify(iat-verifier) by extension 'python'
[0.148s] Level 1:colcon.colcon_core.package_identification:_identify(iat-verifier) by extensions ['python_setup_py']
[0.148s] Level 1:colcon.colcon_core.package_identification:_identify(iat-verifier) by extension 'python_setup_py'
[0.148s] Level 1:colcon.colcon_core.package_identification:_identify(iat-verifier/build) by extensions ['ignore', 'ignore_ament_install']
[0.148s] Level 1:colcon.colcon_core.package_identification:_identify(iat-verifier/build) by extension 'ignore'
[0.148s] Level 1:colcon.colcon_core.package_identification:_identify(iat-verifier/build) by extension 'ignore_ament_install'
[0.148s] Level 1:colcon.colcon_core.package_identification:_identify(iat-verifier/build) by extensions ['colcon_pkg']
[0.148s] Level 1:colcon.colcon_core.package_identification:_identify(iat-verifier/build) by extension 'colcon_pkg'
[0.148s] Level 1:colcon.colcon_core.package_identification:_identify(iat-verifier/build) by extensions ['colcon_meta']
[0.148s] Level 1:colcon.colcon_core.package_identification:_identify(iat-verifier/build) by extension 'colcon_meta'
[0.148s] Level 1:colcon.colcon_core.package_identification:_identify(iat-verifier/build) by extensions ['ros']
[0.148s] Level 1:colcon.colcon_core.package_identification:_identify(iat-verifier/build) by extension 'ros'
[0.148s] Level 1:colcon.colcon_core.package_identification:_identify(iat-verifier/build) by extensions ['cmake', 'python']
[0.148s] Level 1:colcon.colcon_core.package_identification:_identify(iat-verifier/build) by extension 'cmake'
[0.148s] Level 1:colcon.colcon_core.package_identification:_identify(iat-verifier/build) by extension 'python'
[0.149s] Level 1:colcon.colcon_core.package_identification:_identify(iat-verifier/build) by extensions ['python_setup_py']
[0.149s] Level 1:colcon.colcon_core.package_identification:_identify(iat-verifier/build) by extension 'python_setup_py'
[0.149s] Level 1:colcon.colcon_core.package_identification:_identify(iat-verifier/build/bdist.linux-x86_64) by extensions ['ignore', 'ignore_ament_install']
[0.149s] Level 1:colcon.colcon_core.package_identification:_identify(iat-verifier/build/bdist.linux-x86_64) by extension 'ignore'
[0.149s] Level 1:colcon.colcon_core.package_identification:_identify(iat-verifier/build/bdist.linux-x86_64) by extension 'ignore_ament_install'
[0.149s] Level 1:colcon.colcon_core.package_identification:_identify(iat-verifier/build/bdist.linux-x86_64) by extensions ['colcon_pkg']
[0.149s] Level 1:colcon.colcon_core.package_identification:_identify(iat-verifier/build/bdist.linux-x86_64) by extension 'colcon_pkg'
[0.149s] Level 1:colcon.colcon_core.package_identification:_identify(iat-verifier/build/bdist.linux-x86_64) by extensions ['colcon_meta']
[0.149s] Level 1:colcon.colcon_core.package_identification:_identify(iat-verifier/build/bdist.linux-x86_64) by extension 'colcon_meta'
[0.149s] Level 1:colcon.colcon_core.package_identification:_identify(iat-verifier/build/bdist.linux-x86_64) by extensions ['ros']
[0.149s] Level 1:colcon.colcon_core.package_identification:_identify(iat-verifier/build/bdist.linux-x86_64) by extension 'ros'
[0.149s] Level 1:colcon.colcon_core.package_identification:_identify(iat-verifier/build/bdist.linux-x86_64) by extensions ['cmake', 'python']
[0.149s] Level 1:colcon.colcon_core.package_identification:_identify(iat-verifier/build/bdist.linux-x86_64) by extension 'cmake'
[0.149s] Level 1:colcon.colcon_core.package_identification:_identify(iat-verifier/build/bdist.linux-x86_64) by extension 'python'
[0.149s] Level 1:colcon.colcon_core.package_identification:_identify(iat-verifier/build/bdist.linux-x86_64) by extensions ['python_setup_py']
[0.149s] Level 1:colcon.colcon_core.package_identification:_identify(iat-verifier/build/bdist.linux-x86_64) by extension 'python_setup_py'
[0.149s] Level 1:colcon.colcon_core.package_identification:_identify(iat-verifier/build/lib) by extensions ['ignore', 'ignore_ament_install']
[0.149s] Level 1:colcon.colcon_core.package_identification:_identify(iat-verifier/build/lib) by extension 'ignore'
[0.149s] Level 1:colcon.colcon_core.package_identification:_identify(iat-verifier/build/lib) by extension 'ignore_ament_install'
[0.149s] Level 1:colcon.colcon_core.package_identification:_identify(iat-verifier/build/lib) by extensions ['colcon_pkg']
[0.149s] Level 1:colcon.colcon_core.package_identification:_identify(iat-verifier/build/lib) by extension 'colcon_pkg'
[0.149s] Level 1:colcon.colcon_core.package_identification:_identify(iat-verifier/build/lib) by extensions ['colcon_meta']
[0.149s] Level 1:colcon.colcon_core.package_identification:_identify(iat-verifier/build/lib) by extension 'colcon_meta'
[0.149s] Level 1:colcon.colcon_core.package_identification:_identify(iat-verifier/build/lib) by extensions ['ros']
[0.149s] Level 1:colcon.colcon_core.package_identification:_identify(iat-verifier/build/lib) by extension 'ros'
[0.149s] Level 1:colcon.colcon_core.package_identification:_identify(iat-verifier/build/lib) by extensions ['cmake', 'python']
[0.149s] Level 1:colcon.colcon_core.package_identification:_identify(iat-verifier/build/lib) by extension 'cmake'
[0.149s] Level 1:colcon.colcon_core.package_identification:_identify(iat-verifier/build/lib) by extension 'python'
[0.149s] Level 1:colcon.colcon_core.package_identification:_identify(iat-verifier/build/lib) by extensions ['python_setup_py']
[0.149s] Level 1:colcon.colcon_core.package_identification:_identify(iat-verifier/build/lib) by extension 'python_setup_py'
[0.149s] Level 1:colcon.colcon_core.package_identification:_identify(iat-verifier/build/lib/iatverifier) by extensions ['ignore', 'ignore_ament_install']
[0.149s] Level 1:colcon.colcon_core.package_identification:_identify(iat-verifier/build/lib/iatverifier) by extension 'ignore'
[0.149s] Level 1:colcon.colcon_core.package_identification:_identify(iat-verifier/build/lib/iatverifier) by extension 'ignore_ament_install'
[0.149s] Level 1:colcon.colcon_core.package_identification:_identify(iat-verifier/build/lib/iatverifier) by extensions ['colcon_pkg']
[0.149s] Level 1:colcon.colcon_core.package_identification:_identify(iat-verifier/build/lib/iatverifier) by extension 'colcon_pkg'
[0.149s] Level 1:colcon.colcon_core.package_identification:_identify(iat-verifier/build/lib/iatverifier) by extensions ['colcon_meta']
[0.149s] Level 1:colcon.colcon_core.package_identification:_identify(iat-verifier/build/lib/iatverifier) by extension 'colcon_meta'
[0.149s] Level 1:colcon.colcon_core.package_identification:_identify(iat-verifier/build/lib/iatverifier) by extensions ['ros']
[0.149s] Level 1:colcon.colcon_core.package_identification:_identify(iat-verifier/build/lib/iatverifier) by extension 'ros'
[0.149s] Level 1:colcon.colcon_core.package_identification:_identify(iat-verifier/build/lib/iatverifier) by extensions ['cmake', 'python']
[0.149s] Level 1:colcon.colcon_core.package_identification:_identify(iat-verifier/build/lib/iatverifier) by extension 'cmake'
[0.149s] Level 1:colcon.colcon_core.package_identification:_identify(iat-verifier/build/lib/iatverifier) by extension 'python'
[0.149s] Level 1:colcon.colcon_core.package_identification:_identify(iat-verifier/build/lib/iatverifier) by extensions ['python_setup_py']
[0.149s] Level 1:colcon.colcon_core.package_identification:_identify(iat-verifier/build/lib/iatverifier) by extension 'python_setup_py'
[0.149s] Level 1:colcon.colcon_core.package_identification:_identify(iat-verifier/build/scripts-3.10) by extensions ['ignore', 'ignore_ament_install']
[0.149s] Level 1:colcon.colcon_core.package_identification:_identify(iat-verifier/build/scripts-3.10) by extension 'ignore'
[0.149s] Level 1:colcon.colcon_core.package_identification:_identify(iat-verifier/build/scripts-3.10) by extension 'ignore_ament_install'
[0.149s] Level 1:colcon.colcon_core.package_identification:_identify(iat-verifier/build/scripts-3.10) by extensions ['colcon_pkg']
[0.149s] Level 1:colcon.colcon_core.package_identification:_identify(iat-verifier/build/scripts-3.10) by extension 'colcon_pkg'
[0.149s] Level 1:colcon.colcon_core.package_identification:_identify(iat-verifier/build/scripts-3.10) by extensions ['colcon_meta']
[0.149s] Level 1:colcon.colcon_core.package_identification:_identify(iat-verifier/build/scripts-3.10) by extension 'colcon_meta'
[0.149s] Level 1:colcon.colcon_core.package_identification:_identify(iat-verifier/build/scripts-3.10) by extensions ['ros']
[0.149s] Level 1:colcon.colcon_core.package_identification:_identify(iat-verifier/build/scripts-3.10) by extension 'ros'
[0.149s] Level 1:colcon.colcon_core.package_identification:_identify(iat-verifier/build/scripts-3.10) by extensions ['cmake', 'python']
[0.149s] Level 1:colcon.colcon_core.package_identification:_identify(iat-verifier/build/scripts-3.10) by extension 'cmake'
[0.149s] Level 1:colcon.colcon_core.package_identification:_identify(iat-verifier/build/scripts-3.10) by extension 'python'
[0.149s] Level 1:colcon.colcon_core.package_identification:_identify(iat-verifier/build/scripts-3.10) by extensions ['python_setup_py']
[0.149s] Level 1:colcon.colcon_core.package_identification:_identify(iat-verifier/build/scripts-3.10) by extension 'python_setup_py'
[0.149s] Level 1:colcon.colcon_core.package_identification:_identify(install) by extensions ['ignore', 'ignore_ament_install']
[0.150s] Level 1:colcon.colcon_core.package_identification:_identify(install) by extension 'ignore'
[0.150s] Level 1:colcon.colcon_core.package_identification:_identify(install) ignored
[0.150s] Level 1:colcon.colcon_core.package_identification:_identify(log) by extensions ['ignore', 'ignore_ament_install']
[0.150s] Level 1:colcon.colcon_core.package_identification:_identify(log) by extension 'ignore'
[0.150s] Level 1:colcon.colcon_core.package_identification:_identify(log) ignored
[0.150s] Level 1:colcon.colcon_core.package_identification:_identify(src) by extensions ['ignore', 'ignore_ament_install']
[0.150s] Level 1:colcon.colcon_core.package_identification:_identify(src) by extension 'ignore'
[0.150s] Level 1:colcon.colcon_core.package_identification:_identify(src) by extension 'ignore_ament_install'
[0.150s] Level 1:colcon.colcon_core.package_identification:_identify(src) by extensions ['colcon_pkg']
[0.150s] Level 1:colcon.colcon_core.package_identification:_identify(src) by extension 'colcon_pkg'
[0.150s] Level 1:colcon.colcon_core.package_identification:_identify(src) by extensions ['colcon_meta']
[0.150s] Level 1:colcon.colcon_core.package_identification:_identify(src) by extension 'colcon_meta'
[0.150s] Level 1:colcon.colcon_core.package_identification:_identify(src) by extensions ['ros']
[0.150s] Level 1:colcon.colcon_core.package_identification:_identify(src) by extension 'ros'
[0.150s] Level 1:colcon.colcon_core.package_identification:_identify(src) by extensions ['cmake', 'python']
[0.150s] Level 1:colcon.colcon_core.package_identification:_identify(src) by extension 'cmake'
[0.150s] Level 1:colcon.colcon_core.package_identification:_identify(src) by extension 'python'
[0.150s] Level 1:colcon.colcon_core.package_identification:_identify(src) by extensions ['python_setup_py']
[0.150s] Level 1:colcon.colcon_core.package_identification:_identify(src) by extension 'python_setup_py'
[0.150s] Level 1:colcon.colcon_core.package_identification:_identify(src/micro_ros_setup) by extensions ['ignore', 'ignore_ament_install']
[0.150s] Level 1:colcon.colcon_core.package_identification:_identify(src/micro_ros_setup) by extension 'ignore'
[0.150s] Level 1:colcon.colcon_core.package_identification:_identify(src/micro_ros_setup) by extension 'ignore_ament_install'
[0.150s] Level 1:colcon.colcon_core.package_identification:_identify(src/micro_ros_setup) by extensions ['colcon_pkg']
[0.150s] Level 1:colcon.colcon_core.package_identification:_identify(src/micro_ros_setup) by extension 'colcon_pkg'
[0.150s] Level 1:colcon.colcon_core.package_identification:_identify(src/micro_ros_setup) by extensions ['colcon_meta']
[0.150s] Level 1:colcon.colcon_core.package_identification:_identify(src/micro_ros_setup) by extension 'colcon_meta'
[0.150s] Level 1:colcon.colcon_core.package_identification:_identify(src/micro_ros_setup) by extensions ['ros']
[0.150s] Level 1:colcon.colcon_core.package_identification:_identify(src/micro_ros_setup) by extension 'ros'
[0.150s] Level 1:colcon.colcon_core.package_identification:_identify(src/micro_ros_setup) by extensions ['cmake', 'python']
[0.150s] Level 1:colcon.colcon_core.package_identification:_identify(src/micro_ros_setup) by extension 'cmake'
[0.150s] Level 1:colcon.colcon_core.package_identification:_identify(src/micro_ros_setup) by extension 'python'
[0.150s] Level 1:colcon.colcon_core.package_identification:_identify(src/micro_ros_setup) by extensions ['python_setup_py']
[0.150s] Level 1:colcon.colcon_core.package_identification:_identify(src/micro_ros_setup) by extension 'python_setup_py'
[0.150s] Level 1:colcon.colcon_core.package_identification:_identify(src/uros) by extensions ['ignore', 'ignore_ament_install']
[0.150s] Level 1:colcon.colcon_core.package_identification:_identify(src/uros) by extension 'ignore'
[0.150s] Level 1:colcon.colcon_core.package_identification:_identify(src/uros) by extension 'ignore_ament_install'
[0.150s] Level 1:colcon.colcon_core.package_identification:_identify(src/uros) by extensions ['colcon_pkg']
[0.150s] Level 1:colcon.colcon_core.package_identification:_identify(src/uros) by extension 'colcon_pkg'
[0.150s] Level 1:colcon.colcon_core.package_identification:_identify(src/uros) by extensions ['colcon_meta']
[0.150s] Level 1:colcon.colcon_core.package_identification:_identify(src/uros) by extension 'colcon_meta'
[0.150s] Level 1:colcon.colcon_core.package_identification:_identify(src/uros) by extensions ['ros']
[0.150s] Level 1:colcon.colcon_core.package_identification:_identify(src/uros) by extension 'ros'
[0.150s] Level 1:colcon.colcon_core.package_identification:_identify(src/uros) by extensions ['cmake', 'python']
[0.150s] Level 1:colcon.colcon_core.package_identification:_identify(src/uros) by extension 'cmake'
[0.150s] Level 1:colcon.colcon_core.package_identification:_identify(src/uros) by extension 'python'
[0.150s] Level 1:colcon.colcon_core.package_identification:_identify(src/uros) by extensions ['python_setup_py']
[0.150s] Level 1:colcon.colcon_core.package_identification:_identify(src/uros) by extension 'python_setup_py'
[0.150s] Level 1:colcon.colcon_core.package_identification:_identify(src/uros/eProsima) by extensions ['ignore', 'ignore_ament_install']
[0.150s] Level 1:colcon.colcon_core.package_identification:_identify(src/uros/eProsima) by extension 'ignore'
[0.150s] Level 1:colcon.colcon_core.package_identification:_identify(src/uros/eProsima) by extension 'ignore_ament_install'
[0.150s] Level 1:colcon.colcon_core.package_identification:_identify(src/uros/eProsima) by extensions ['colcon_pkg']
[0.150s] Level 1:colcon.colcon_core.package_identification:_identify(src/uros/eProsima) by extension 'colcon_pkg'
[0.150s] Level 1:colcon.colcon_core.package_identification:_identify(src/uros/eProsima) by extensions ['colcon_meta']
[0.150s] Level 1:colcon.colcon_core.package_identification:_identify(src/uros/eProsima) by extension 'colcon_meta'
[0.150s] Level 1:colcon.colcon_core.package_identification:_identify(src/uros/eProsima) by extensions ['ros']
[0.150s] Level 1:colcon.colcon_core.package_identification:_identify(src/uros/eProsima) by extension 'ros'
[0.151s] Level 1:colcon.colcon_core.package_identification:_identify(src/uros/eProsima) by extensions ['cmake', 'python']
[0.151s] Level 1:colcon.colcon_core.package_identification:_identify(src/uros/eProsima) by extension 'cmake'
[0.151s] Level 1:colcon.colcon_core.package_identification:_identify(src/uros/eProsima) by extension 'python'
[0.151s] Level 1:colcon.colcon_core.package_identification:_identify(src/uros/eProsima) by extensions ['python_setup_py']
[0.151s] Level 1:colcon.colcon_core.package_identification:_identify(src/uros/eProsima) by extension 'python_setup_py'
[0.151s] Level 1:colcon.colcon_core.package_identification:_identify(src/uros/eProsima/Micro-XRCE-DDS-Agent) by extensions ['ignore', 'ignore_ament_install']
[0.151s] Level 1:colcon.colcon_core.package_identification:_identify(src/uros/eProsima/Micro-XRCE-DDS-Agent) by extension 'ignore'
[0.151s] Level 1:colcon.colcon_core.package_identification:_identify(src/uros/eProsima/Micro-XRCE-DDS-Agent) by extension 'ignore_ament_install'
[0.151s] Level 1:colcon.colcon_core.package_identification:_identify(src/uros/eProsima/Micro-XRCE-DDS-Agent) by extensions ['colcon_pkg']
[0.151s] Level 1:colcon.colcon_core.package_identification:_identify(src/uros/eProsima/Micro-XRCE-DDS-Agent) by extension 'colcon_pkg'
[0.151s] Level 1:colcon.colcon_core.package_identification:_identify(src/uros/eProsima/Micro-XRCE-DDS-Agent) by extensions ['colcon_meta']
[0.151s] Level 1:colcon.colcon_core.package_identification:_identify(src/uros/eProsima/Micro-XRCE-DDS-Agent) by extension 'colcon_meta'
[0.151s] Level 1:colcon.colcon_core.package_identification:_identify(src/uros/eProsima/Micro-XRCE-DDS-Agent) by extensions ['ros']
[0.151s] Level 1:colcon.colcon_core.package_identification:_identify(src/uros/eProsima/Micro-XRCE-DDS-Agent) by extension 'ros'
[0.151s] Level 1:colcon.colcon_core.package_identification:_identify(src/uros/eProsima/Micro-XRCE-DDS-Agent) by extensions ['cmake', 'python']
[0.151s] Level 1:colcon.colcon_core.package_identification:_identify(src/uros/eProsima/Micro-XRCE-DDS-Agent) by extension 'cmake'
[0.151s] Level 1:colcon.colcon_core.package_identification:_identify(src/uros/eProsima/Micro-XRCE-DDS-Agent) by extension 'python'
[0.151s] Level 1:colcon.colcon_core.package_identification:_identify(src/uros/eProsima/Micro-XRCE-DDS-Agent) by extensions ['python_setup_py']
[0.151s] Level 1:colcon.colcon_core.package_identification:_identify(src/uros/eProsima/Micro-XRCE-DDS-Agent) by extension 'python_setup_py'
[0.151s] Level 1:colcon.colcon_core.package_identification:_identify(src/uros/eProsima/Micro-XRCE-DDS-Agent/include) by extensions ['ignore', 'ignore_ament_install']
[0.151s] Level 1:colcon.colcon_core.package_identification:_identify(src/uros/eProsima/Micro-XRCE-DDS-Agent/include) by extension 'ignore'
[0.151s] Level 1:colcon.colcon_core.package_identification:_identify(src/uros/eProsima/Micro-XRCE-DDS-Agent/include) by extension 'ignore_ament_install'
[0.151s] Level 1:colcon.colcon_core.package_identification:_identify(src/uros/eProsima/Micro-XRCE-DDS-Agent/include) by extensions ['colcon_pkg']
[0.151s] Level 1:colcon.colcon_core.package_identification:_identify(src/uros/eProsima/Micro-XRCE-DDS-Agent/include) by extension 'colcon_pkg'
[0.151s] Level 1:colcon.colcon_core.package_identification:_identify(src/uros/eProsima/Micro-XRCE-DDS-Agent/include) by extensions ['colcon_meta']
[0.151s] Level 1:colcon.colcon_core.package_identification:_identify(src/uros/eProsima/Micro-XRCE-DDS-Agent/include) by extension 'colcon_meta'
[0.151s] Level 1:colcon.colcon_core.package_identification:_identify(src/uros/eProsima/Micro-XRCE-DDS-Agent/include) by extensions ['ros']
[0.151s] Level 1:colcon.colcon_core.package_identification:_identify(src/uros/eProsima/Micro-XRCE-DDS-Agent/include) by extension 'ros'
[0.151s] Level 1:colcon.colcon_core.package_identification:_identify(src/uros/eProsima/Micro-XRCE-DDS-Agent/include) by extensions ['cmake', 'python']
[0.151s] Level 1:colcon.colcon_core.package_identification:_identify(src/uros/eProsima/Micro-XRCE-DDS-Agent/include) by extension 'cmake'
[0.151s] Level 1:colcon.colcon_core.package_identification:_identify(src/uros/eProsima/Micro-XRCE-DDS-Agent/include) by extension 'python'
[0.151s] Level 1:colcon.colcon_core.package_identification:_identify(src/uros/eProsima/Micro-XRCE-DDS-Agent/include) by extensions ['python_setup_py']
[0.151s] Level 1:colcon.colcon_core.package_identification:_identify(src/uros/eProsima/Micro-XRCE-DDS-Agent/include) by extension 'python_setup_py'
[0.151s] Level 1:colcon.colcon_core.package_identification:_identify(src/uros/eProsima/Micro-XRCE-DDS-Agent/include/uxr) by extensions ['ignore', 'ignore_ament_install']
[0.151s] Level 1:colcon.colcon_core.package_identification:_identify(src/uros/eProsima/Micro-XRCE-DDS-Agent/include/uxr) by extension 'ignore'
[0.151s] Level 1:colcon.colcon_core.package_identification:_identify(src/uros/eProsima/Micro-XRCE-DDS-Agent/include/uxr) by extension 'ignore_ament_install'
[0.151s] Level 1:colcon.colcon_core.package_identification:_identify(src/uros/eProsima/Micro-XRCE-DDS-Agent/include/uxr) by extensions ['colcon_pkg']
[0.151s] Level 1:colcon.colcon_core.package_identification:_identify(src/uros/eProsima/Micro-XRCE-DDS-Agent/include/uxr) by extension 'colcon_pkg'
[0.151s] Level 1:colcon.colcon_core.package_identification:_identify(src/uros/eProsima/Micro-XRCE-DDS-Agent/include/uxr) by extensions ['colcon_meta']
[0.151s] Level 1:colcon.colcon_core.package_identification:_identify(src/uros/eProsima/Micro-XRCE-DDS-Agent/include/uxr) by extension 'colcon_meta'
[0.151s] Level 1:colcon.colcon_core.package_identification:_identify(src/uros/eProsima/Micro-XRCE-DDS-Agent/include/uxr) by extensions ['ros']
[0.151s] Level 1:colcon.colcon_core.package_identification:_identify(src/uros/eProsima/Micro-XRCE-DDS-Agent/include/uxr) by extension 'ros'
[0.151s] Level 1:colcon.colcon_core.package_identification:_identify(src/uros/eProsima/Micro-XRCE-DDS-Agent/include/uxr) by extensions ['cmake', 'python']
[0.151s] Level 1:colcon.colcon_core.package_identification:_identify(src/uros/eProsima/Micro-XRCE-DDS-Agent/include/uxr) by extension 'cmake'
[0.151s] Level 1:colcon.colcon_core.package_identification:_identify(src/uros/eProsima/Micro-XRCE-DDS-Agent/include/uxr) by extension 'python'
[0.151s] Level 1:colcon.colcon_core.package_identification:_identify(src/uros/eProsima/Micro-XRCE-DDS-Agent/include/uxr) by extensions ['python_setup_py']
[0.151s] Level 1:colcon.colcon_core.package_identification:_identify(src/uros/eProsima/Micro-XRCE-DDS-Agent/include/uxr) by extension 'python_setup_py'
[0.151s] Level 1:colcon.colcon_core.package_identification:_identify(src/uros/eProsima/Micro-XRCE-DDS-Agent/include/uxr/agent) by extensions ['ignore', 'ignore_ament_install']
[0.151s] Level 1:colcon.colcon_core.package_identification:_identify(src/uros/eProsima/Micro-XRCE-DDS-Agent/include/uxr/agent) by extension 'ignore'
[0.151s] Level 1:colcon.colcon_core.package_identification:_identify(src/uros/eProsima/Micro-XRCE-DDS-Agent/include/uxr/agent) by extension 'ignore_ament_install'
[0.151s] Level 1:colcon.colcon_core.package_identification:_identify(src/uros/eProsima/Micro-XRCE-DDS-Agent/include/uxr/agent) by extensions ['colcon_pkg']
[0.151s] Level 1:colcon.colcon_core.package_identification:_identify(src/uros/eProsima/Micro-XRCE-DDS-Agent/include/uxr/agent) by extension 'colcon_pkg'
[0.151s] Level 1:colcon.colcon_core.package_identification:_identify(src/uros/eProsima/Micro-XRCE-DDS-Agent/include/uxr/agent) by extensions ['colcon_meta']
[0.151s] Level 1:colcon.colcon_core.package_identification:_identify(src/uros/eProsima/Micro-XRCE-DDS-Agent/include/uxr/agent) by extension 'colcon_meta'
[0.151s] Level 1:colcon.colcon_core.package_identification:_identify(src/uros/eProsima/Micro-XRCE-DDS-Agent/include/uxr/agent) by extensions ['ros']
[0.151s] Level 1:colcon.colcon_core.package_identification:_identify(src/uros/eProsima/Micro-XRCE-DDS-Agent/include/uxr/agent) by extension 'ros'
[0.151s] Level 1:colcon.colcon_core.package_identification:_identify(src/uros/eProsima/Micro-XRCE-DDS-Agent/include/uxr/agent) by extensions ['cmake', 'python']
[0.152s] Level 1:colcon.colcon_core.package_identification:_identify(src/uros/eProsima/Micro-XRCE-DDS-Agent/include/uxr/agent) by extension 'cmake'
[0.152s] Level 1:colcon.colcon_core.package_identification:_identify(src/uros/eProsima/Micro-XRCE-DDS-Agent/include/uxr/agent) by extension 'python'
[0.152s] Level 1:colcon.colcon_core.package_identification:_identify(src/uros/eProsima/Micro-XRCE-DDS-Agent/include/uxr/agent) by extensions ['python_setup_py']
[0.152s] Level 1:colcon.colcon_core.package_identification:_identify(src/uros/eProsima/Micro-XRCE-DDS-Agent/include/uxr/agent) by extension 'python_setup_py'
[0.152s] Level 1:colcon.colcon_core.package_identification:_identify(src/uros/eProsima/Micro-XRCE-DDS-Agent/include/uxr/agent/types) by extensions ['ignore', 'ignore_ament_install']
[0.152s] Level 1:colcon.colcon_core.package_identification:_identify(src/uros/eProsima/Micro-XRCE-DDS-Agent/include/uxr/agent/types) by extension 'ignore'
[0.152s] Level 1:colcon.colcon_core.package_identification:_identify(src/uros/eProsima/Micro-XRCE-DDS-Agent/include/uxr/agent/types) by extension 'ignore_ament_install'
[0.152s] Level 1:colcon.colcon_core.package_identification:_identify(src/uros/eProsima/Micro-XRCE-DDS-Agent/include/uxr/agent/types) by extensions ['colcon_pkg']
[0.152s] Level 1:colcon.colcon_core.package_identification:_identify(src/uros/eProsima/Micro-XRCE-DDS-Agent/include/uxr/agent/types) by extension 'colcon_pkg'
[0.152s] Level 1:colcon.colcon_core.package_identification:_identify(src/uros/eProsima/Micro-XRCE-DDS-Agent/include/uxr/agent/types) by extensions ['colcon_meta']
[0.152s] Level 1:colcon.colcon_core.package_identification:_identify(src/uros/eProsima/Micro-XRCE-DDS-Agent/include/uxr/agent/types) by extension 'colcon_meta'
[0.152s] Level 1:colcon.colcon_core.package_identification:_identify(src/uros/eProsima/Micro-XRCE-DDS-Agent/include/uxr/agent/types) by extensions ['ros']
[0.152s] Level 1:colcon.colcon_core.package_identification:_identify(src/uros/eProsima/Micro-XRCE-DDS-Agent/include/uxr/agent/types) by extension 'ros'
[0.152s] Level 1:colcon.colcon_core.package_identification:_identify(src/uros/eProsima/Micro-XRCE-DDS-Agent/include/uxr/agent/types) by extensions ['cmake', 'python']
[0.152s] Level 1:colcon.colcon_core.package_identification:_identify(src/uros/eProsima/Micro-XRCE-DDS-Agent/include/uxr/agent/types) by extension 'cmake'
[0.152s] Level 1:colcon.colcon_core.package_identification:_identify(src/uros/eProsima/Micro-XRCE-DDS-Agent/include/uxr/agent/types) by extension 'python'
[0.152s] Level 1:colcon.colcon_core.package_identification:_identify(src/uros/eProsima/Micro-XRCE-DDS-Agent/include/uxr/agent/types) by extensions ['python_setup_py']
[0.152s] Level 1:colcon.colcon_core.package_identification:_identify(src/uros/eProsima/Micro-XRCE-DDS-Agent/include/uxr/agent/types) by extension 'python_setup_py'
[0.152s] Level 1:colcon.colcon_core.package_identification:_identify(src/uros/eProsima/Micro-XRCE-DDS-Agent/src) by extensions ['ignore', 'ignore_ament_install']
[0.152s] Level 1:colcon.colcon_core.package_identification:_identify(src/uros/eProsima/Micro-XRCE-DDS-Agent/src) by extension 'ignore'
[0.152s] Level 1:colcon.colcon_core.package_identification:_identify(src/uros/eProsima/Micro-XRCE-DDS-Agent/src) by extension 'ignore_ament_install'
[0.152s] Level 1:colcon.colcon_core.package_identification:_identify(src/uros/eProsima/Micro-XRCE-DDS-Agent/src) by extensions ['colcon_pkg']
[0.152s] Level 1:colcon.colcon_core.package_identification:_identify(src/uros/eProsima/Micro-XRCE-DDS-Agent/src) by extension 'colcon_pkg'
[0.152s] Level 1:colcon.colcon_core.package_identification:_identify(src/uros/eProsima/Micro-XRCE-DDS-Agent/src) by extensions ['colcon_meta']
[0.152s] Level 1:colcon.colcon_core.package_identification:_identify(src/uros/eProsima/Micro-XRCE-DDS-Agent/src) by extension 'colcon_meta'
[0.152s] Level 1:colcon.colcon_core.package_identification:_identify(src/uros/eProsima/Micro-XRCE-DDS-Agent/src) by extensions ['ros']
[0.152s] Level 1:colcon.colcon_core.package_identification:_identify(src/uros/eProsima/Micro-XRCE-DDS-Agent/src) by extension 'ros'
[0.152s] Level 1:colcon.colcon_core.package_identification:_identify(src/uros/eProsima/Micro-XRCE-DDS-Agent/src) by extensions ['cmake', 'python']
[0.152s] Level 1:colcon.colcon_core.package_identification:_identify(src/uros/eProsima/Micro-XRCE-DDS-Agent/src) by extension 'cmake'
[0.152s] Level 1:colcon.colcon_core.package_identification:_identify(src/uros/eProsima/Micro-XRCE-DDS-Agent/src) by extension 'python'
[0.152s] Level 1:colcon.colcon_core.package_identification:_identify(src/uros/eProsima/Micro-XRCE-DDS-Agent/src) by extensions ['python_setup_py']
[0.152s] Level 1:colcon.colcon_core.package_identification:_identify(src/uros/eProsima/Micro-XRCE-DDS-Agent/src) by extension 'python_setup_py'
[0.152s] Level 1:colcon.colcon_core.package_identification:_identify(src/uros/eProsima/Micro-XRCE-DDS-Agent/src/cpp) by extensions ['ignore', 'ignore_ament_install']
[0.152s] Level 1:colcon.colcon_core.package_identification:_identify(src/uros/eProsima/Micro-XRCE-DDS-Agent/src/cpp) by extension 'ignore'
[0.152s] Level 1:colcon.colcon_core.package_identification:_identify(src/uros/eProsima/Micro-XRCE-DDS-Agent/src/cpp) by extension 'ignore_ament_install'
[0.152s] Level 1:colcon.colcon_core.package_identification:_identify(src/uros/eProsima/Micro-XRCE-DDS-Agent/src/cpp) by extensions ['colcon_pkg']
[0.152s] Level 1:colcon.colcon_core.package_identification:_identify(src/uros/eProsima/Micro-XRCE-DDS-Agent/src/cpp) by extension 'colcon_pkg'
[0.152s] Level 1:colcon.colcon_core.package_identification:_identify(src/uros/eProsima/Micro-XRCE-DDS-Agent/src/cpp) by extensions ['colcon_meta']
[0.152s] Level 1:colcon.colcon_core.package_identification:_identify(src/uros/eProsima/Micro-XRCE-DDS-Agent/src/cpp) by extension 'colcon_meta'
[0.152s] Level 1:colcon.colcon_core.package_identification:_identify(src/uros/eProsima/Micro-XRCE-DDS-Agent/src/cpp) by extensions ['ros']
[0.152s] Level 1:colcon.colcon_core.package_identification:_identify(src/uros/eProsima/Micro-XRCE-DDS-Agent/src/cpp) by extension 'ros'
[0.152s] Level 1:colcon.colcon_core.package_identification:_identify(src/uros/eProsima/Micro-XRCE-DDS-Agent/src/cpp) by extensions ['cmake', 'python']
[0.152s] Level 1:colcon.colcon_core.package_identification:_identify(src/uros/eProsima/Micro-XRCE-DDS-Agent/src/cpp) by extension 'cmake'
[0.152s] Level 1:colcon.colcon_core.package_identification:_identify(src/uros/eProsima/Micro-XRCE-DDS-Agent/src/cpp) by extension 'python'
[0.152s] Level 1:colcon.colcon_core.package_identification:_identify(src/uros/eProsima/Micro-XRCE-DDS-Agent/src/cpp) by extensions ['python_setup_py']
[0.152s] Level 1:colcon.colcon_core.package_identification:_identify(src/uros/eProsima/Micro-XRCE-DDS-Agent/src/cpp) by extension 'python_setup_py'
[0.152s] Level 1:colcon.colcon_core.package_identification:_identify(src/uros/eProsima/Micro-XRCE-DDS-Agent/src/cpp/client) by extensions ['ignore', 'ignore_ament_install']
[0.152s] Level 1:colcon.colcon_core.package_identification:_identify(src/uros/eProsima/Micro-XRCE-DDS-Agent/src/cpp/client) by extension 'ignore'
[0.152s] Level 1:colcon.colcon_core.package_identification:_identify(src/uros/eProsima/Micro-XRCE-DDS-Agent/src/cpp/client) by extension 'ignore_ament_install'
[0.152s] Level 1:colcon.colcon_core.package_identification:_identify(src/uros/eProsima/Micro-XRCE-DDS-Agent/src/cpp/client) by extensions ['colcon_pkg']
[0.152s] Level 1:colcon.colcon_core.package_identification:_identify(src/uros/eProsima/Micro-XRCE-DDS-Agent/src/cpp/client) by extension 'colcon_pkg'
[0.152s] Level 1:colcon.colcon_core.package_identification:_identify(src/uros/eProsima/Micro-XRCE-DDS-Agent/src/cpp/client) by extensions ['colcon_meta']
[0.152s] Level 1:colcon.colcon_core.package_identification:_identify(src/uros/eProsima/Micro-XRCE-DDS-Agent/src/cpp/client) by extension 'colcon_meta'
[0.152s] Level 1:colcon.colcon_core.package_identification:_identify(src/uros/eProsima/Micro-XRCE-DDS-Agent/src/cpp/client) by extensions ['ros']
[0.152s] Level 1:colcon.colcon_core.package_identification:_identify(src/uros/eProsima/Micro-XRCE-DDS-Agent/src/cpp/client) by extension 'ros'
[0.152s] Level 1:colcon.colcon_core.package_identification:_identify(src/uros/eProsima/Micro-XRCE-DDS-Agent/src/cpp/client) by extensions ['cmake', 'python']
[0.152s] Level 1:colcon.colcon_core.package_identification:_identify(src/uros/eProsima/Micro-XRCE-DDS-Agent/src/cpp/client) by extension 'cmake'
[0.152s] Level 1:colcon.colcon_core.package_identification:_identify(src/uros/eProsima/Micro-XRCE-DDS-Agent/src/cpp/client) by extension 'python'
[0.153s] Level 1:colcon.colcon_core.package_identification:_identify(src/uros/eProsima/Micro-XRCE-DDS-Agent/src/cpp/client) by extensions ['python_setup_py']
[0.153s] Level 1:colcon.colcon_core.package_identification:_identify(src/uros/eProsima/Micro-XRCE-DDS-Agent/src/cpp/client) by extension 'python_setup_py'
[0.153s] Level 1:colcon.colcon_core.package_identification:_identify(src/uros/micro-ROS-Agent) by extensions ['ignore', 'ignore_ament_install']
[0.153s] Level 1:colcon.colcon_core.package_identification:_identify(src/uros/micro-ROS-Agent) by extension 'ignore'
[0.153s] Level 1:colcon.colcon_core.package_identification:_identify(src/uros/micro-ROS-Agent) by extension 'ignore_ament_install'
[0.153s] Level 1:colcon.colcon_core.package_identification:_identify(src/uros/micro-ROS-Agent) by extensions ['colcon_pkg']
[0.153s] Level 1:colcon.colcon_core.package_identification:_identify(src/uros/micro-ROS-Agent) by extension 'colcon_pkg'
[0.153s] Level 1:colcon.colcon_core.package_identification:_identify(src/uros/micro-ROS-Agent) by extensions ['colcon_meta']
[0.153s] Level 1:colcon.colcon_core.package_identification:_identify(src/uros/micro-ROS-Agent) by extension 'colcon_meta'
[0.153s] Level 1:colcon.colcon_core.package_identification:_identify(src/uros/micro-ROS-Agent) by extensions ['ros']
[0.153s] Level 1:colcon.colcon_core.package_identification:_identify(src/uros/micro-ROS-Agent) by extension 'ros'
[0.153s] Level 1:colcon.colcon_core.package_identification:_identify(src/uros/micro-ROS-Agent) by extensions ['cmake', 'python']
[0.153s] Level 1:colcon.colcon_core.package_identification:_identify(src/uros/micro-ROS-Agent) by extension 'cmake'
[0.153s] Level 1:colcon.colcon_core.package_identification:_identify(src/uros/micro-ROS-Agent) by extension 'python'
[0.153s] Level 1:colcon.colcon_core.package_identification:_identify(src/uros/micro-ROS-Agent) by extensions ['python_setup_py']
[0.153s] Level 1:colcon.colcon_core.package_identification:_identify(src/uros/micro-ROS-Agent) by extension 'python_setup_py'
[0.153s] Level 1:colcon.colcon_core.package_identification:_identify(src/uros/micro_ros_msgs) by extensions ['ignore', 'ignore_ament_install']
[0.153s] Level 1:colcon.colcon_core.package_identification:_identify(src/uros/micro_ros_msgs) by extension 'ignore'
[0.153s] Level 1:colcon.colcon_core.package_identification:_identify(src/uros/micro_ros_msgs) by extension 'ignore_ament_install'
[0.153s] Level 1:colcon.colcon_core.package_identification:_identify(src/uros/micro_ros_msgs) by extensions ['colcon_pkg']
[0.153s] Level 1:colcon.colcon_core.package_identification:_identify(src/uros/micro_ros_msgs) by extension 'colcon_pkg'
[0.153s] Level 1:colcon.colcon_core.package_identification:_identify(src/uros/micro_ros_msgs) by extensions ['colcon_meta']
[0.153s] Level 1:colcon.colcon_core.package_identification:_identify(src/uros/micro_ros_msgs) by extension 'colcon_meta'
[0.153s] Level 1:colcon.colcon_core.package_identification:_identify(src/uros/micro_ros_msgs) by extensions ['ros']
[0.153s] Level 1:colcon.colcon_core.package_identification:_identify(src/uros/micro_ros_msgs) by extension 'ros'
[0.153s] Level 1:colcon.colcon_core.package_identification:_identify(src/uros/micro_ros_msgs) by extensions ['cmake', 'python']
[0.153s] Level 1:colcon.colcon_core.package_identification:_identify(src/uros/micro_ros_msgs) by extension 'cmake'
[0.153s] Level 1:colcon.colcon_core.package_identification:_identify(src/uros/micro_ros_msgs) by extension 'python'
[0.153s] Level 1:colcon.colcon_core.package_identification:_identify(src/uros/micro_ros_msgs) by extensions ['python_setup_py']
[0.153s] Level 1:colcon.colcon_core.package_identification:_identify(src/uros/micro_ros_msgs) by extension 'python_setup_py'
[0.153s] Level 1:colcon.colcon_core.package_discovery:discover_packages(recursive) using defaults
[0.153s] Level 1:colcon.colcon_core.package_discovery:discover_packages(ignore) discover
[0.153s] Level 1:colcon.colcon_core.package_discovery:discover_packages(ignore) using defaults
[0.153s] Level 1:colcon.colcon_core.package_discovery:discover_packages(path) discover
[0.153s] Level 1:colcon.colcon_core.package_discovery:discover_packages(path) using defaults
[0.171s] Level 1:colcon.colcon_core.package_discovery:discover_packages(prefix_path) check parameters
[0.171s] Level 1:colcon.colcon_core.package_discovery:discover_packages(prefix_path) discover
[0.172s] WARNING:colcon.colcon_ros.prefix_path.ament:The path '/home/tmdals010126/uros_ws/install/micro_ros_setup' in the environment variable AMENT_PREFIX_PATH doesn't exist
[0.172s] WARNING:colcon.colcon_ros.prefix_path.ament:The path '/home/tmdals010126/uros_ws/install/micro_ros_agent' in the environment variable AMENT_PREFIX_PATH doesn't exist
[0.172s] WARNING:colcon.colcon_ros.prefix_path.ament:The path '/home/tmdals010126/uros_ws/install/micro_ros_msgs' in the environment variable AMENT_PREFIX_PATH doesn't exist
[0.175s] WARNING:colcon.colcon_ros.prefix_path.catkin:The path '/home/tmdals010126/uros_ws/install/micro_ros_setup' in the environment variable CMAKE_PREFIX_PATH doesn't exist
[0.175s] WARNING:colcon.colcon_ros.prefix_path.catkin:The path '/home/tmdals010126/uros_ws/install/micro_ros_agent' in the environment variable CMAKE_PREFIX_PATH doesn't exist
[0.175s] WARNING:colcon.colcon_ros.prefix_path.catkin:The path '/home/tmdals010126/uros_ws/install/micro_ros_msgs' in the environment variable CMAKE_PREFIX_PATH doesn't exist
[0.176s] DEBUG:colcon.colcon_installed_package_information.package_discovery:Found 0 installed packages in /home/tmdals010126/uros_ws/install
[0.179s] DEBUG:colcon.colcon_installed_package_information.package_discovery:Found 346 installed packages in /home/tmdals010126/ros2_humble/install
[0.180s] Level 1:colcon.colcon_core.package_discovery:discover_packages(prefix_path) using defaults
[0.189s] INFO:colcon.colcon_core.executor:Executing jobs using 'parallel' executor
[0.190s] DEBUG:colcon.colcon_parallel_executor.executor.parallel:run_until_complete
[0.190s] DEBUG:colcon.colcon_parallel_executor.executor.parallel:closing loop
[0.190s] DEBUG:colcon.colcon_parallel_executor.executor.parallel:loop closed
[0.190s] DEBUG:colcon.colcon_parallel_executor.executor.parallel:run_until_complete finished with '0'
[0.190s] DEBUG:colcon.colcon_core.event_reactor:joining thread
[0.195s] INFO:colcon.colcon_core.plugin_system:Skipping extension 'colcon_notification.desktop_notification.terminal_notifier': Not used on non-Darwin systems
[0.195s] INFO:colcon.colcon_core.plugin_system:Skipping extension 'colcon_notification.desktop_notification.win32': Not used on non-Windows systems
[0.195s] INFO:colcon.colcon_notification.desktop_notification:Sending desktop notification using 'notify2'
[0.204s] DEBUG:colcon.colcon_core.event_reactor:joined thread
[0.206s] INFO:colcon.colcon_core.plugin_system:Skipping extension 'colcon_core.shell.bat': Not used on non-Windows systems
[0.206s] INFO:colcon.colcon_core.shell:Creating prefix script '/home/tmdals010126/uros_ws/install/local_setup.ps1'
[0.207s] INFO:colcon.colcon_core.shell:Creating prefix util module '/home/tmdals010126/uros_ws/install/_local_setup_util_ps1.py'
[0.207s] INFO:colcon.colcon_core.shell:Creating prefix chain script '/home/tmdals010126/uros_ws/install/setup.ps1'
[0.212s] INFO:colcon.colcon_core.shell:Creating prefix script '/home/tmdals010126/uros_ws/install/local_setup.sh'
[0.212s] INFO:colcon.colcon_core.shell:Creating prefix util module '/home/tmdals010126/uros_ws/install/_local_setup_util_sh.py'
[0.212s] INFO:colcon.colcon_core.shell:Creating prefix chain script '/home/tmdals010126/uros_ws/install/setup.sh'
[0.216s] INFO:colcon.colcon_core.shell:Creating prefix script '/home/tmdals010126/uros_ws/install/local_setup.bash'
[0.216s] INFO:colcon.colcon_core.shell:Creating prefix chain script '/home/tmdals010126/uros_ws/install/setup.bash'
[0.220s] INFO:colcon.colcon_core.shell:Creating prefix script '/home/tmdals010126/uros_ws/install/local_setup.zsh'
[0.221s] INFO:colcon.colcon_core.shell:Creating prefix chain script '/home/tmdals010126/uros_ws/install/setup.zsh'
