Not searching for unused variables given on the command line.
-- The C compiler identification is GNU 12.2.0
-- The CXX compiler identification is GNU 12.2.0
-- Detecting C compiler ABI info
-- Detecting C compiler ABI info - done
-- Check for working C compiler: /home/tmdals010126/zephyr-sdk-0.17.0/arm-zephyr-eabi/bin/arm-zephyr-eabi-gcc - skipped
-- Detecting C compile features
-- Detecting C compile features - done
-- Detecting CXX compiler ABI info
-- Detecting CXX compiler ABI info - done
-- Check for working CXX compiler: /home/tmdals010126/zephyr-sdk-0.17.0/arm-zephyr-eabi/bin/arm-zephyr-eabi-g++ - skipped
-- Detecting CXX compile features
-- Detecting CXX compile features - done
-- Found ament_cmake_ros: 0.10.0 (/home/tmdals010126/zephyrproject/zephyr/micro_ros_zephyr_module/modules/libmicroros/micro_ros_dev/install/ament_cmake_ros/share/ament_cmake_ros/cmake)
-- Found Python3: /home/tmdals010126/zephyrproject/.venv/bin/python3 (found version "3.10.12") found components: Interpreter 
-- Found lifecycle_msgs: 1.2.2 (/home/tmdals010126/zephyrproject/zephyr/micro_ros_zephyr_module/modules/libmicroros/micro_ros_src/install/share/lifecycle_msgs/cmake)
-- Using all available rosidl_typesupport_c: rosidl_typesupport_introspection_c;rosidl_typesupport_microxrcedds_c
-- Found rosidl_adapter: 3.1.7 (/home/tmdals010126/zephyrproject/zephyr/micro_ros_zephyr_module/modules/libmicroros/micro_ros_src/install/share/rosidl_adapter/cmake)
-- Found rcl: 5.3.10 (/home/tmdals010126/zephyrproject/zephyr/micro_ros_zephyr_module/modules/libmicroros/micro_ros_src/install/share/rcl/cmake)
-- Found rmw_implementation_cmake: 6.1.2 (/home/tmdals010126/zephyrproject/zephyr/micro_ros_zephyr_module/modules/libmicroros/micro_ros_src/install/share/rmw_implementation_cmake/cmake)
-- Found rmw_microxrcedds: 3.0.3 (/home/tmdals010126/zephyrproject/zephyr/micro_ros_zephyr_module/modules/libmicroros/micro_ros_src/install/share/rmw_microxrcedds/cmake)
-- Using RMW implementation 'rmw_microxrcedds'
-- Configuring done (0.3s)
-- Generating done (0.0s)
-- Build files have been written to: /home/tmdals010126/zephyrproject/zephyr/micro_ros_zephyr_module/modules/libmicroros/micro_ros_src/build/rcl_lifecycle
gmake[1]: Entering directory '/home/tmdals010126/zephyrproject/zephyr/micro_ros_zephyr_module/modules/libmicroros/micro_ros_src/build/rcl_lifecycle'
gmake[2]: Entering directory '/home/tmdals010126/zephyrproject/zephyr/micro_ros_zephyr_module/modules/libmicroros/micro_ros_src/build/rcl_lifecycle'
gmake[3]: Entering directory '/home/tmdals010126/zephyrproject/zephyr/micro_ros_zephyr_module/modules/libmicroros/micro_ros_src/build/rcl_lifecycle'
gmake[3]: Leaving directory '/home/tmdals010126/zephyrproject/zephyr/micro_ros_zephyr_module/modules/libmicroros/micro_ros_src/build/rcl_lifecycle'
gmake[3]: Entering directory '/home/tmdals010126/zephyrproject/zephyr/micro_ros_zephyr_module/modules/libmicroros/micro_ros_src/build/rcl_lifecycle'
[ 16%] Generating rcl_lifecycle/version.h
gmake[3]: Leaving directory '/home/tmdals010126/zephyrproject/zephyr/micro_ros_zephyr_module/modules/libmicroros/micro_ros_src/build/rcl_lifecycle'
[ 16%] Built target ament_generate_version_header__rcl_lifecycle
gmake[3]: Entering directory '/home/tmdals010126/zephyrproject/zephyr/micro_ros_zephyr_module/modules/libmicroros/micro_ros_src/build/rcl_lifecycle'
gmake[3]: Leaving directory '/home/tmdals010126/zephyrproject/zephyr/micro_ros_zephyr_module/modules/libmicroros/micro_ros_src/build/rcl_lifecycle'
gmake[3]: Entering directory '/home/tmdals010126/zephyrproject/zephyr/micro_ros_zephyr_module/modules/libmicroros/micro_ros_src/build/rcl_lifecycle'
[ 33%] Building C object CMakeFiles/rcl_lifecycle.dir/src/com_interface.c.obj
[ 50%] Building C object CMakeFiles/rcl_lifecycle.dir/src/default_state_machine.c.obj
[ 66%] Building C object CMakeFiles/rcl_lifecycle.dir/src/rcl_lifecycle.c.obj
[ 83%] Building C object CMakeFiles/rcl_lifecycle.dir/src/transition_map.c.obj
In file included from [01m[K/home/tmdals010126/zephyrproject/zephyr/micro_ros_zephyr_module/modules/libmicroros/micro_ros_src/src/rcl/rcl_lifecycle/src/transition_map.c:22[m[K:
[01m[K/home/tmdals010126/zephyrproject/zephyr/lib/libc/newlib/include/string.h:16:2:[m[K [01;35m[Kwarning: [m[K#include_next is a GCC extension
   16 | #[01;35m[Kinclude_next[m[K <string.h>
      |  [01;35m[K^~~~~~~~~~~~[m[K
[01m[K/home/tmdals010126/zephyrproject/zephyr/micro_ros_zephyr_module/modules/libmicroros/micro_ros_src/src/rcl/rcl_lifecycle/src/rcl_lifecycle.c:[m[K In function '[01m[Krcl_lifecycle_state_machine_fini[m[K':
[01m[K/home/tmdals010126/zephyrproject/zephyr/micro_ros_zephyr_module/modules/libmicroros/micro_ros_src/src/rcl/rcl_lifecycle/src/rcl_lifecycle.c:265:24:[m[K [01;35m[Kwarning: [m[Kunused variable '[01m[Kerror_string[m[K' [[01;35m[K-Wunused-variable[m[K]
  265 |     rcl_error_string_t [01;35m[Kerror_string[m[K = rcl_get_error_string();
      |                        [01;35m[K^~~~~~~~~~~~[m[K
[01m[K/home/tmdals010126/zephyrproject/zephyr/micro_ros_zephyr_module/modules/libmicroros/micro_ros_src/src/rcl/rcl_lifecycle/src/rcl_lifecycle.c:275:24:[m[K [01;35m[Kwarning: [m[Kunused variable '[01m[Kerror_string[m[K' [[01;35m[K-Wunused-variable[m[K]
  275 |     rcl_error_string_t [01;35m[Kerror_string[m[K = rcl_get_error_string();
      |                        [01;35m[K^~~~~~~~~~~~[m[K
[01m[K/home/tmdals010126/zephyrproject/zephyr/micro_ros_zephyr_module/modules/libmicroros/micro_ros_src/src/rcl/rcl_lifecycle/src/rcl_lifecycle.c:[m[K In function '[01m[K_trigger_transition[m[K':
[01m[K/home/tmdals010126/zephyrproject/zephyr/micro_ros_zephyr_module/modules/libmicroros/micro_ros_src/src/rcl/rcl_lifecycle/src/rcl_lifecycle.c:366:26:[m[K [01;35m[Kwarning: [m[Kunused variable '[01m[Kerror_string[m[K' [[01;35m[K-Wunused-variable[m[K]
  366 |       rcl_error_string_t [01;35m[Kerror_string[m[K = rcl_get_error_string();
      |                          [01;35m[K^~~~~~~~~~~~[m[K
[100%] Linking CXX static library librcl_lifecycle.a
gmake[3]: Leaving directory '/home/tmdals010126/zephyrproject/zephyr/micro_ros_zephyr_module/modules/libmicroros/micro_ros_src/build/rcl_lifecycle'
[100%] Built target rcl_lifecycle
gmake[2]: Leaving directory '/home/tmdals010126/zephyrproject/zephyr/micro_ros_zephyr_module/modules/libmicroros/micro_ros_src/build/rcl_lifecycle'
gmake[1]: Leaving directory '/home/tmdals010126/zephyrproject/zephyr/micro_ros_zephyr_module/modules/libmicroros/micro_ros_src/build/rcl_lifecycle'
-- Install configuration: "Release"
-- Installing: /home/tmdals010126/zephyrproject/zephyr/micro_ros_zephyr_module/modules/libmicroros/micro_ros_src/install/lib/librcl_lifecycle.a
-- Installing: /home/tmdals010126/zephyrproject/zephyr/micro_ros_zephyr_module/modules/libmicroros/micro_ros_src/install/share/rcl_lifecycle/environment/library_path.sh
-- Installing: /home/tmdals010126/zephyrproject/zephyr/micro_ros_zephyr_module/modules/libmicroros/micro_ros_src/install/share/rcl_lifecycle/environment/library_path.dsv
-- Installing: /home/tmdals010126/zephyrproject/zephyr/micro_ros_zephyr_module/modules/libmicroros/micro_ros_src/install/include/rcl_lifecycle/rcl_lifecycle/version.h
-- Installing: /home/tmdals010126/zephyrproject/zephyr/micro_ros_zephyr_module/modules/libmicroros/micro_ros_src/install/share/ament_index/resource_index/package_run_dependencies/rcl_lifecycle
-- Installing: /home/tmdals010126/zephyrproject/zephyr/micro_ros_zephyr_module/modules/libmicroros/micro_ros_src/install/share/ament_index/resource_index/parent_prefix_path/rcl_lifecycle
-- Installing: /home/tmdals010126/zephyrproject/zephyr/micro_ros_zephyr_module/modules/libmicroros/micro_ros_src/install/share/rcl_lifecycle/environment/ament_prefix_path.sh
-- Installing: /home/tmdals010126/zephyrproject/zephyr/micro_ros_zephyr_module/modules/libmicroros/micro_ros_src/install/share/rcl_lifecycle/environment/ament_prefix_path.dsv
-- Installing: /home/tmdals010126/zephyrproject/zephyr/micro_ros_zephyr_module/modules/libmicroros/micro_ros_src/install/share/rcl_lifecycle/environment/path.sh
-- Installing: /home/tmdals010126/zephyrproject/zephyr/micro_ros_zephyr_module/modules/libmicroros/micro_ros_src/install/share/rcl_lifecycle/environment/path.dsv
-- Installing: /home/tmdals010126/zephyrproject/zephyr/micro_ros_zephyr_module/modules/libmicroros/micro_ros_src/install/share/rcl_lifecycle/local_setup.bash
-- Installing: /home/tmdals010126/zephyrproject/zephyr/micro_ros_zephyr_module/modules/libmicroros/micro_ros_src/install/share/rcl_lifecycle/local_setup.sh
-- Installing: /home/tmdals010126/zephyrproject/zephyr/micro_ros_zephyr_module/modules/libmicroros/micro_ros_src/install/share/rcl_lifecycle/local_setup.zsh
-- Installing: /home/tmdals010126/zephyrproject/zephyr/micro_ros_zephyr_module/modules/libmicroros/micro_ros_src/install/share/rcl_lifecycle/local_setup.dsv
-- Installing: /home/tmdals010126/zephyrproject/zephyr/micro_ros_zephyr_module/modules/libmicroros/micro_ros_src/install/share/rcl_lifecycle/package.dsv
-- Installing: /home/tmdals010126/zephyrproject/zephyr/micro_ros_zephyr_module/modules/libmicroros/micro_ros_src/install/share/ament_index/resource_index/packages/rcl_lifecycle
-- Installing: /home/tmdals010126/zephyrproject/zephyr/micro_ros_zephyr_module/modules/libmicroros/micro_ros_src/install/share/rcl_lifecycle/cmake/rcl_lifecycleExport.cmake
-- Installing: /home/tmdals010126/zephyrproject/zephyr/micro_ros_zephyr_module/modules/libmicroros/micro_ros_src/install/share/rcl_lifecycle/cmake/rcl_lifecycleExport-release.cmake
-- Installing: /home/tmdals010126/zephyrproject/zephyr/micro_ros_zephyr_module/modules/libmicroros/micro_ros_src/install/share/rcl_lifecycle/cmake/ament_cmake_export_include_directories-extras.cmake
-- Installing: /home/tmdals010126/zephyrproject/zephyr/micro_ros_zephyr_module/modules/libmicroros/micro_ros_src/install/share/rcl_lifecycle/cmake/ament_cmake_export_libraries-extras.cmake
-- Installing: /home/tmdals010126/zephyrproject/zephyr/micro_ros_zephyr_module/modules/libmicroros/micro_ros_src/install/share/rcl_lifecycle/cmake/ament_cmake_export_targets-extras.cmake
-- Installing: /home/tmdals010126/zephyrproject/zephyr/micro_ros_zephyr_module/modules/libmicroros/micro_ros_src/install/share/rcl_lifecycle/cmake/ament_cmake_export_dependencies-extras.cmake
-- Installing: /home/tmdals010126/zephyrproject/zephyr/micro_ros_zephyr_module/modules/libmicroros/micro_ros_src/install/share/rcl_lifecycle/cmake/rcl_lifecycleConfig.cmake
-- Installing: /home/tmdals010126/zephyrproject/zephyr/micro_ros_zephyr_module/modules/libmicroros/micro_ros_src/install/share/rcl_lifecycle/cmake/rcl_lifecycleConfig-version.cmake
-- Installing: /home/tmdals010126/zephyrproject/zephyr/micro_ros_zephyr_module/modules/libmicroros/micro_ros_src/install/share/rcl_lifecycle/package.xml
-- Up-to-date: /home/tmdals010126/zephyrproject/zephyr/micro_ros_zephyr_module/modules/libmicroros/micro_ros_src/install/include/rcl_lifecycle
-- Up-to-date: /home/tmdals010126/zephyrproject/zephyr/micro_ros_zephyr_module/modules/libmicroros/micro_ros_src/install/include/rcl_lifecycle/rcl_lifecycle
-- Installing: /home/tmdals010126/zephyrproject/zephyr/micro_ros_zephyr_module/modules/libmicroros/micro_ros_src/install/include/rcl_lifecycle/rcl_lifecycle/rcl_lifecycle.h
-- Installing: /home/tmdals010126/zephyrproject/zephyr/micro_ros_zephyr_module/modules/libmicroros/micro_ros_src/install/include/rcl_lifecycle/rcl_lifecycle/data_types.h
-- Installing: /home/tmdals010126/zephyrproject/zephyr/micro_ros_zephyr_module/modules/libmicroros/micro_ros_src/install/include/rcl_lifecycle/rcl_lifecycle/transition_map.h
-- Installing: /home/tmdals010126/zephyrproject/zephyr/micro_ros_zephyr_module/modules/libmicroros/micro_ros_src/install/include/rcl_lifecycle/rcl_lifecycle/visibility_control.h
-- Installing: /home/tmdals010126/zephyrproject/zephyr/micro_ros_zephyr_module/modules/libmicroros/micro_ros_src/install/include/rcl_lifecycle/rcl_lifecycle/default_state_machine.h
