[0.004s] Invoking command in '/home/tmdals010126/zephyrproject/zephyr/micro_ros_dice/modules/libmicroros/micro_ros_src/build/microxrcedds_client': CMAKE_PREFIX_PATH=/home/tmdals010126/zephyrproject/zephyr/micro_ros_dice/modules/libmicroros/micro_ros_src/install:${CMAKE_PREFIX_PATH} PYTHONPATH=/home/tmdals010126/zephyrproject/zephyr/micro_ros_dice/modules/libmicroros/micro_ros_src/install/lib/python3.10/site-packages:${PYTHONPATH} /usr/local/bin/cmake /home/tmdals010126/zephyrproject/zephyr/micro_ros_dice/modules/libmicroros/micro_ros_src/src/Micro-XRCE-DDS-Client --no-warn-unused-cli -DROSIDL_TYPESUPPORT_SKIP_CPP=ON -DCMAKE_POSITION_INDEPENDENT_CODE:BOOL=OFF -DTHIRDPARTY=ON -DBUILD_SHARED_LIBS=OFF -DBUILD_TESTING=OFF -DCMAKE_BUILD_TYPE=Release -DCMAKE_TOOLCHAIN_FILE=/home/tmdals010126/zephyrproject/zephyr/micro_ros_dice/modules/libmicroros/zephyr_toolchain.cmake -DCMAKE_VERBOSE_MAKEFILE=OFF -DUCLIENT_ISOLATED_INSTALL=OFF -DUCLIENT_SUPERBUILD=OFF -DUCLIENT_PIC=OFF -DUCLIENT_PROFILE_DISCOVERY=OFF -DUCLIENT_EXTERNAL_SERIAL=ON -DUCLIENT_CUSTOM_TRANSPORT_MTU=512 -DUCLIENT_PROFILE_SERIAL=OFF -DUCLIENT_PROFILE_UDP=OFF -DUCLIENT_PROFILE_TCP=OFF -DUCLIENT_PROFILE_CUSTOM_TRANSPORT=ON -DUCLIENT_PROFILE_STREAM_FRAMING=ON -DCMAKE_INSTALL_PREFIX=/home/tmdals010126/zephyrproject/zephyr/micro_ros_dice/modules/libmicroros/micro_ros_src/install
[0.021s] Not searching for unused variables given on the command line.
[0.021s] -- The C compiler identification is GNU 12.2.0
[0.027s] -- Detecting C compiler ABI info
[0.053s] -- Detecting C compiler ABI info - done
[0.060s] -- Check for working C compiler: /home/tmdals010126/zephyr-sdk-0.17.0/arm-zephyr-eabi/bin/arm-zephyr-eabi-gcc - skipped
[0.060s] -- Detecting C compile features
[0.060s] -- Detecting C compile features - done
[0.063s] -- Configuring done (0.1s)
[0.066s] -- Generating done (0.0s)
[0.066s] -- Build files have been written to: /home/tmdals010126/zephyrproject/zephyr/micro_ros_dice/modules/libmicroros/micro_ros_src/build/microxrcedds_client
[0.068s] Invoked command in '/home/tmdals010126/zephyrproject/zephyr/micro_ros_dice/modules/libmicroros/micro_ros_src/build/microxrcedds_client' returned '0': CMAKE_PREFIX_PATH=/home/tmdals010126/zephyrproject/zephyr/micro_ros_dice/modules/libmicroros/micro_ros_src/install:${CMAKE_PREFIX_PATH} PYTHONPATH=/home/tmdals010126/zephyrproject/zephyr/micro_ros_dice/modules/libmicroros/micro_ros_src/install/lib/python3.10/site-packages:${PYTHONPATH} /usr/local/bin/cmake /home/tmdals010126/zephyrproject/zephyr/micro_ros_dice/modules/libmicroros/micro_ros_src/src/Micro-XRCE-DDS-Client --no-warn-unused-cli -DROSIDL_TYPESUPPORT_SKIP_CPP=ON -DCMAKE_POSITION_INDEPENDENT_CODE:BOOL=OFF -DTHIRDPARTY=ON -DBUILD_SHARED_LIBS=OFF -DBUILD_TESTING=OFF -DCMAKE_BUILD_TYPE=Release -DCMAKE_TOOLCHAIN_FILE=/home/tmdals010126/zephyrproject/zephyr/micro_ros_dice/modules/libmicroros/zephyr_toolchain.cmake -DCMAKE_VERBOSE_MAKEFILE=OFF -DUCLIENT_ISOLATED_INSTALL=OFF -DUCLIENT_SUPERBUILD=OFF -DUCLIENT_PIC=OFF -DUCLIENT_PROFILE_DISCOVERY=OFF -DUCLIENT_EXTERNAL_SERIAL=ON -DUCLIENT_CUSTOM_TRANSPORT_MTU=512 -DUCLIENT_PROFILE_SERIAL=OFF -DUCLIENT_PROFILE_UDP=OFF -DUCLIENT_PROFILE_TCP=OFF -DUCLIENT_PROFILE_CUSTOM_TRANSPORT=ON -DUCLIENT_PROFILE_STREAM_FRAMING=ON -DCMAKE_INSTALL_PREFIX=/home/tmdals010126/zephyrproject/zephyr/micro_ros_dice/modules/libmicroros/micro_ros_src/install
[0.069s] Invoking command in '/home/tmdals010126/zephyrproject/zephyr/micro_ros_dice/modules/libmicroros/micro_ros_src/build/microxrcedds_client': CMAKE_PREFIX_PATH=/home/tmdals010126/zephyrproject/zephyr/micro_ros_dice/modules/libmicroros/micro_ros_src/install:${CMAKE_PREFIX_PATH} PYTHONPATH=/home/tmdals010126/zephyrproject/zephyr/micro_ros_dice/modules/libmicroros/micro_ros_src/install/lib/python3.10/site-packages:${PYTHONPATH} /usr/local/bin/cmake --build /home/tmdals010126/zephyrproject/zephyr/micro_ros_dice/modules/libmicroros/micro_ros_src/build/microxrcedds_client -- -j28 -l28
[0.070s] gmake[1]: Entering directory '/home/tmdals010126/zephyrproject/zephyr/micro_ros_dice/modules/libmicroros/micro_ros_src/build/microxrcedds_client'
[0.074s] gmake[2]: Entering directory '/home/tmdals010126/zephyrproject/zephyr/micro_ros_dice/modules/libmicroros/micro_ros_src/build/microxrcedds_client'
[0.075s] gmake[3]: Entering directory '/home/tmdals010126/zephyrproject/zephyr/micro_ros_dice/modules/libmicroros/micro_ros_src/build/microxrcedds_client'
[0.076s] gmake[3]: Leaving directory '/home/tmdals010126/zephyrproject/zephyr/micro_ros_dice/modules/libmicroros/micro_ros_src/build/microxrcedds_client'
[0.077s] gmake[3]: Entering directory '/home/tmdals010126/zephyrproject/zephyr/micro_ros_dice/modules/libmicroros/micro_ros_src/build/microxrcedds_client'
[0.079s] [  8%] Building C object CMakeFiles/microxrcedds_client.dir/src/c/core/session/stream/input_reliable_stream.c.obj
[0.079s] [  8%] Building C object CMakeFiles/microxrcedds_client.dir/src/c/core/session/stream/input_best_effort_stream.c.obj
[0.079s] [ 12%] Building C object CMakeFiles/microxrcedds_client.dir/src/c/core/session/stream/output_best_effort_stream.c.obj
[0.079s] [ 16%] Building C object CMakeFiles/microxrcedds_client.dir/src/c/core/session/stream/output_reliable_stream.c.obj
[0.079s] [ 20%] Building C object CMakeFiles/microxrcedds_client.dir/src/c/core/session/stream/stream_storage.c.obj
[0.080s] [ 24%] Building C object CMakeFiles/microxrcedds_client.dir/src/c/core/session/stream/seq_num.c.obj
[0.080s] [ 28%] Building C object CMakeFiles/microxrcedds_client.dir/src/c/core/session/session.c.obj
[0.080s] [ 32%] Building C object CMakeFiles/microxrcedds_client.dir/src/c/core/session/stream/stream_id.c.obj
[0.080s] [ 36%] Building C object CMakeFiles/microxrcedds_client.dir/src/c/core/session/session_info.c.obj
[0.081s] [ 40%] Building C object CMakeFiles/microxrcedds_client.dir/src/c/core/session/submessage.c.obj
[0.082s] [ 44%] Building C object CMakeFiles/microxrcedds_client.dir/src/c/core/session/object_id.c.obj
[0.083s] [ 48%] Building C object CMakeFiles/microxrcedds_client.dir/src/c/core/serialization/xrce_header.c.obj
[0.083s] [ 56%] Building C object CMakeFiles/microxrcedds_client.dir/src/c/core/serialization/xrce_types.c.obj
[0.083s] [ 60%] Building C object CMakeFiles/microxrcedds_client.dir/src/c/core/serialization/xrce_subheader.c.obj
[0.083s] [ 64%] Building C object CMakeFiles/microxrcedds_client.dir/src/c/util/ping.c.obj
[0.083s] [ 64%] Building C object CMakeFiles/microxrcedds_client.dir/src/c/util/time.c.obj
[0.084s] [ 68%] Building C object CMakeFiles/microxrcedds_client.dir/src/c/core/session/common_create_entities.c.obj
[0.084s] [ 72%] Building C object CMakeFiles/microxrcedds_client.dir/src/c/core/session/create_entities_ref.c.obj
[0.084s] [ 80%] Building C object CMakeFiles/microxrcedds_client.dir/src/c/core/session/create_entities_xml.c.obj
[0.084s] [ 80%] Building C object CMakeFiles/microxrcedds_client.dir/src/c/core/session/create_entities_bin.c.obj
[0.085s] [ 84%] Building C object CMakeFiles/microxrcedds_client.dir/src/c/core/session/read_access.c.obj
[0.085s] [ 88%] Building C object CMakeFiles/microxrcedds_client.dir/src/c/core/session/write_access.c.obj
[0.085s] [ 92%] Building C object CMakeFiles/microxrcedds_client.dir/src/c/profile/transport/custom/custom_transport.c.obj
[0.086s] [ 96%] Building C object CMakeFiles/microxrcedds_client.dir/src/c/profile/transport/stream_framing/stream_framing_protocol.c.obj
[0.086s] In file included from [01m[K/home/tmdals010126/zephyrproject/zephyr/micro_ros_dice/modules/libmicroros/micro_ros_src/src/Micro-XRCE-DDS-Client/include/uxr/client/core/session/stream/seq_num.h:23[m[K,
[0.086s]                  from [01m[K/home/tmdals010126/zephyrproject/zephyr/micro_ros_dice/modules/libmicroros/micro_ros_src/src/Micro-XRCE-DDS-Client/include/uxr/client/core/session/stream/output_best_effort_stream.h:24[m[K,
[0.086s]                  from [01m[K/home/tmdals010126/zephyrproject/zephyr/micro_ros_dice/modules/libmicroros/micro_ros_src/src/Micro-XRCE-DDS-Client/src/c/core/session/stream/output_best_effort_stream_internal.h:23[m[K,
[0.086s]                  from [01m[K/home/tmdals010126/zephyrproject/zephyr/micro_ros_dice/modules/libmicroros/micro_ros_src/src/Micro-XRCE-DDS-Client/src/c/core/session/stream/output_best_effort_stream.c:1[m[K:
[0.086s] [01m[K/home/tmdals010126/zephyrproject/zephyr/lib/libc/newlib/include/stdint.h:28:2:[m[K [01;35m[Kwarning: [m[K#include_next is a GCC extension
[0.086s]    28 | #[01;35m[Kinclude_next[m[K <stdint.h>
[0.086s]       |  [01;35m[K^~~~~~~~~~~~[m[K
[0.086s] In file included from [01m[K/home/tmdals010126/zephyrproject/zephyr/micro_ros_dice/modules/libmicroros/micro_ros_src/src/Micro-XRCE-DDS-Client/include/uxr/client/core/session/stream/seq_num.h:23[m[K,
[0.087s]                  from [01m[K/home/tmdals010126/zephyrproject/zephyr/micro_ros_dice/modules/libmicroros/micro_ros_src/src/Micro-XRCE-DDS-Client/include/uxr/client/core/session/stream/input_best_effort_stream.h:24[m[K,
[0.087s]                  from [01m[K/home/tmdals010126/zephyrproject/zephyr/micro_ros_dice/modules/libmicroros/micro_ros_src/src/Micro-XRCE-DDS-Client/src/c/core/session/stream/input_best_effort_stream_internal.h:23[m[K,
[0.087s]                  from [01m[K/home/tmdals010126/zephyrproject/zephyr/micro_ros_dice/modules/libmicroros/micro_ros_src/src/Micro-XRCE-DDS-Client/src/c/core/session/stream/input_best_effort_stream.c:1[m[K:
[0.087s] [01m[K/home/tmdals010126/zephyrproject/zephyr/lib/libc/newlib/include/stdint.h:28:2:[m[K [01;35m[Kwarning: [m[K#include_next is a GCC extension
[0.087s]    28 | #[01;35m[Kinclude_next[m[K <stdint.h>
[0.087s]       |  [01;35m[K^~~~~~~~~~~~[m[K
[0.087s] In file included from [01m[K/home/tmdals010126/zephyrproject/zephyr/micro_ros_dice/modules/libmicroros/micro_ros_src/src/Micro-XRCE-DDS-Client/include/uxr/client/core/session/stream/reliable_stream.h:23[m[K,
[0.087s]                  from [01m[K/home/tmdals010126/zephyrproject/zephyr/micro_ros_dice/modules/libmicroros/micro_ros_src/src/Micro-XRCE-DDS-Client/include/uxr/client/core/session/stream/output_reliable_stream.h:24[m[K,
[0.087s]                  from [01m[K/home/tmdals010126/zephyrproject/zephyr/micro_ros_dice/modules/libmicroros/micro_ros_src/src/Micro-XRCE-DDS-Client/src/c/core/session/stream/output_reliable_stream_internal.h:23[m[K,
[0.087s]                  from [01m[K/home/tmdals010126/zephyrproject/zephyr/micro_ros_dice/modules/libmicroros/micro_ros_src/src/Micro-XRCE-DDS-Client/src/c/core/session/stream/output_reliable_stream.c:1[m[K:
[0.087s] [01m[K/home/tmdals010126/zephyrproject/zephyr/lib/libc/newlib/include/stdint.h:28:2:[m[K [01;35m[Kwarning: [m[K#include_next is a GCC extension
[0.088s]    28 | #[01;35m[Kinclude_next[m[K <stdint.h>
[0.088s]       |  [01;35m[K^~~~~~~~~~~~[m[K
[0.088s] In file included from [01m[K/home/tmdals010126/zephyrproject/zephyr/micro_ros_dice/modules/libmicroros/micro_ros_src/src/Micro-XRCE-DDS-Client/include/uxr/client/core/session/stream/seq_num.h:23[m[K,
[0.088s]                  from [01m[K/home/tmdals010126/zephyrproject/zephyr/micro_ros_dice/modules/libmicroros/micro_ros_src/src/Micro-XRCE-DDS-Client/include/uxr/client/core/session/stream/output_best_effort_stream.h:24[m[K,
[0.088s]                  from [01m[K/home/tmdals010126/zephyrproject/zephyr/micro_ros_dice/modules/libmicroros/micro_ros_src/src/Micro-XRCE-DDS-Client/include/uxr/client/core/session/stream/stream_storage.h:23[m[K,
[0.088s]                  from [01m[K/home/tmdals010126/zephyrproject/zephyr/micro_ros_dice/modules/libmicroros/micro_ros_src/src/Micro-XRCE-DDS-Client/src/c/core/session/stream/stream_storage_internal.h:23[m[K,
[0.088s]                  from [01m[K/home/tmdals010126/zephyrproject/zephyr/micro_ros_dice/modules/libmicroros/micro_ros_src/src/Micro-XRCE-DDS-Client/src/c/core/session/stream/stream_storage.c:1[m[K:
[0.088s] [01m[K/home/tmdals010126/zephyrproject/zephyr/lib/libc/newlib/include/stdint.h:28:2:[m[K [01;35m[Kwarning: [m[K#include_next is a GCC extension
[0.088s]    28 | #[01;35m[Kinclude_next[m[K <stdint.h>
[0.088s]       |  [01;35m[K^~~~~~~~~~~~[m[K
[0.088s] In file included from [01m[K/home/tmdals010126/zephyrproject/zephyr/micro_ros_dice/modules/libmicroros/micro_ros_src/src/Micro-XRCE-DDS-Client/include/uxr/client/core/session/object_id.h:28[m[K,
[0.088s]                  from [01m[K/home/tmdals010126/zephyrproject/zephyr/micro_ros_dice/modules/libmicroros/micro_ros_src/src/Micro-XRCE-DDS-Client/src/c/core/session/session_info.c:2[m[K:
[0.088s] [01m[K/home/tmdals010126/zephyrproject/zephyr/lib/libc/newlib/include/stdint.h:28:2:[m[K [01;35m[Kwarning: [m[K#include_next is a GCC extension
[0.088s]    28 | #[01;35m[Kinclude_next[m[K <stdint.h>
[0.088s]       |  [01;35m[K^~~~~~~~~~~~[m[K
[0.088s] In file included from [01m[K/home/tmdals010126/zephyrproject/zephyr/micro_ros_dice/modules/libmicroros/micro_ros_src/src/Micro-XRCE-DDS-Client/include/uxr/client/core/session/stream/stream_id.h:28[m[K,
[0.088s]                  from [01m[K/home/tmdals010126/zephyrproject/zephyr/micro_ros_dice/modules/libmicroros/micro_ros_src/src/Micro-XRCE-DDS-Client/src/c/core/session/stream/stream_id.c:1[m[K:
[0.088s] [01m[K/home/tmdals010126/zephyrproject/zephyr/lib/libc/newlib/include/stdint.h:28:2:[m[K [01;35m[Kwarning: [m[K#include_next is a GCC extension
[0.089s]    28 | #[01;35m[Kinclude_next[m[K <stdint.h>
[0.089s]       |  [01;35m[K^~~~~~~~~~~~[m[K
[0.089s] In file included from [01m[K/home/tmdals010126/zephyrproject/zephyr/micro_ros_dice/modules/libmicroros/micro_ros_src/src/Micro-XRCE-DDS-Client/include/uxr/client/core/session/stream/seq_num.h:23[m[K,
[0.089s]                  from [01m[K/home/tmdals010126/zephyrproject/zephyr/micro_ros_dice/modules/libmicroros/micro_ros_src/src/Micro-XRCE-DDS-Client/include/uxr/client/core/session/session_info.h:23[m[K,
[0.089s]                  from [01m[K/home/tmdals010126/zephyrproject/zephyr/micro_ros_dice/modules/libmicroros/micro_ros_src/src/Micro-XRCE-DDS-Client/include/uxr/client/core/session/session.h:28[m[K,
[0.089s]                  from [01m[K/home/tmdals010126/zephyrproject/zephyr/micro_ros_dice/modules/libmicroros/micro_ros_src/src/Micro-XRCE-DDS-Client/src/c/core/session/session.c:1[m[K:
[0.089s] [01m[K/home/tmdals010126/zephyrproject/zephyr/lib/libc/newlib/include/stdint.h:28:2:[m[K [01;35m[Kwarning: [m[K#include_next is a GCC extension
[0.089s]    28 | #[01;35m[Kinclude_next[m[K <stdint.h>
[0.089s]       |  [01;35m[K^~~~~~~~~~~~[m[K
[0.089s] In file included from [01m[K/home/tmdals010126/zephyrproject/zephyr/micro_ros_dice/modules/libmicroros/micro_ros_src/src/Micro-XRCE-DDS-Client/include/uxr/client/core/session/stream/seq_num.h:23[m[K,
[0.089s]                  from [01m[K/home/tmdals010126/zephyrproject/zephyr/micro_ros_dice/modules/libmicroros/micro_ros_src/src/Micro-XRCE-DDS-Client/src/c/core/session/stream/seq_num_internal.h:24[m[K,
[0.089s]                  from [01m[K/home/tmdals010126/zephyrproject/zephyr/micro_ros_dice/modules/libmicroros/micro_ros_src/src/Micro-XRCE-DDS-Client/src/c/core/session/stream/seq_num.c:1[m[K:
[0.089s] [01m[K/home/tmdals010126/zephyrproject/zephyr/lib/libc/newlib/include/stdint.h:28:2:[m[K [01;35m[Kwarning: [m[K#include_next is a GCC extension
[0.089s]    28 | #[01;35m[Kinclude_next[m[K <stdint.h>
[0.089s]       |  [01;35m[K^~~~~~~~~~~~[m[K
[0.089s] In file included from [01m[K/home/tmdals010126/zephyrproject/zephyr/micro_ros_dice/modules/libmicroros/micro_ros_src/src/Micro-XRCE-DDS-Client/src/c/core/session/stream/./common_reliable_stream_internal.h:28[m[K,
[0.089s]                  from [01m[K/home/tmdals010126/zephyrproject/zephyr/micro_ros_dice/modules/libmicroros/micro_ros_src/src/Micro-XRCE-DDS-Client/src/c/core/session/stream/input_reliable_stream.c:5[m[K:
[0.090s] [01m[K/home/tmdals010126/zephyrproject/zephyr/lib/libc/newlib/include/string.h:16:2:[m[K [01;35m[Kwarning: [m[K#include_next is a GCC extension
[0.090s]    16 | #[01;35m[Kinclude_next[m[K <string.h>
[0.090s]       |  [01;35m[K^~~~~~~~~~~~[m[K
[0.090s] In file included from [01m[K/home/tmdals010126/zephyrproject/zephyr/micro_ros_dice/modules/libmicroros/micro_ros_src/src/Micro-XRCE-DDS-Client/src/c/core/serialization/xrce_header_internal.h:23[m[K,
[0.090s]                  from [01m[K/home/tmdals010126/zephyrproject/zephyr/micro_ros_dice/modules/libmicroros/micro_ros_src/src/Micro-XRCE-DDS-Client/src/c/core/serialization/xrce_header.c:1[m[K:
[0.090s] [01m[K/home/tmdals010126/zephyrproject/zephyr/lib/libc/newlib/include/stdint.h:28:2:[m[K [01;35m[Kwarning: [m[K#include_next is a GCC extension
[0.090s]    28 | #[01;35m[Kinclude_next[m[K <stdint.h>
[0.090s]       |  [01;35m[K^~~~~~~~~~~~[m[K
[0.090s] In file included from [01m[K/home/tmdals010126/zephyrproject/zephyr/micro_ros_dice/modules/libmicroros/micro_ros_src/src/Micro-XRCE-DDS-Client/src/c/core/session/submessage_internal.h:24[m[K,
[0.090s]                  from [01m[K/home/tmdals010126/zephyrproject/zephyr/micro_ros_dice/modules/libmicroros/micro_ros_src/src/Micro-XRCE-DDS-Client/src/c/core/session/submessage.c:1[m[K:
[0.090s] [01m[K/home/tmdals010126/zephyrproject/zephyr/lib/libc/newlib/include/stdint.h:28:2:[m[K [01;35m[Kwarning: [m[K#include_next is a GCC extension
[0.090s]    28 | #[01;35m[Kinclude_next[m[K <stdint.h>
[0.090s]       |  [01;35m[K^~~~~~~~~~~~[m[K
[0.090s] In file included from [01m[K/home/tmdals010126/zephyrproject/zephyr/micro_ros_dice/modules/libmicroros/micro_ros_src/src/Micro-XRCE-DDS-Client/src/c/core/session/stream/output_reliable_stream.c:5[m[K:
[0.090s] [01m[K/home/tmdals010126/zephyrproject/zephyr/lib/libc/newlib/include/string.h:16:2:[m[K [01;35m[Kwarning: [m[K#include_next is a GCC extension
[0.090s]    16 | #[01;35m[Kinclude_next[m[K <string.h>
[0.090s]       |  [01;35m[K^~~~~~~~~~~~[m[K
[0.091s] In file included from [01m[K/home/tmdals010126/zephyrproject/zephyr/micro_ros_dice/modules/libmicroros/micro_ros_src/src/Micro-XRCE-DDS-Client/src/c/core/serialization/xrce_subheader_internal.h:23[m[K,
[0.091s]                  from [01m[K/home/tmdals010126/zephyrproject/zephyr/micro_ros_dice/modules/libmicroros/micro_ros_src/src/Micro-XRCE-DDS-Client/src/c/core/serialization/xrce_subheader.c:1[m[K:
[0.091s] [01m[K/home/tmdals010126/zephyrproject/zephyr/lib/libc/newlib/include/stdint.h:28:2:[m[K [01;35m[Kwarning: [m[K#include_next is a GCC extension
[0.091s]    28 | #[01;35m[Kinclude_next[m[K <stdint.h>
[0.091s]       |  [01;35m[K^~~~~~~~~~~~[m[K
[0.091s] In file included from [01m[K/home/tmdals010126/zephyrproject/zephyr/micro_ros_dice/modules/libmicroros/micro_ros_src/src/Micro-XRCE-DDS-Client/include/uxr/client/util/time.h:24[m[K,
[0.091s]                  from [01m[K/home/tmdals010126/zephyrproject/zephyr/micro_ros_dice/modules/libmicroros/micro_ros_src/src/Micro-XRCE-DDS-Client/src/c/util/time.c:1[m[K:
[0.091s] [01m[K/home/tmdals010126/zephyrproject/zephyr/lib/libc/newlib/include/stdint.h:28:2:[m[K [01;35m[Kwarning: [m[K#include_next is a GCC extension
[0.091s]    28 | #[01;35m[Kinclude_next[m[K <stdint.h>
[0.091s]       |  [01;35m[K^~~~~~~~~~~~[m[K
[0.091s] In file included from [01m[K/home/tmdals010126/zephyrproject/zephyr/micro_ros_dice/modules/libmicroros/micro_ros_src/src/Micro-XRCE-DDS-Client/include/uxr/client/core/communication/communication.h:25[m[K,
[0.091s]                  from [01m[K/home/tmdals010126/zephyrproject/zephyr/micro_ros_dice/modules/libmicroros/micro_ros_src/src/Micro-XRCE-DDS-Client/include/uxr/client/profile/transport/custom/custom_transport.h:27[m[K,
[0.091s]                  from [01m[K/home/tmdals010126/zephyrproject/zephyr/micro_ros_dice/modules/libmicroros/micro_ros_src/src/Micro-XRCE-DDS-Client/include/uxr/client/transport.h:65[m[K,
[0.091s]                  from [01m[K/home/tmdals010126/zephyrproject/zephyr/micro_ros_dice/modules/libmicroros/micro_ros_src/src/Micro-XRCE-DDS-Client/include/uxr/client/util/ping.h:28[m[K,
[0.092s]                  from [01m[K/home/tmdals010126/zephyrproject/zephyr/micro_ros_dice/modules/libmicroros/micro_ros_src/src/Micro-XRCE-DDS-Client/src/c/util/ping.c:1[m[K:
[0.092s] [01m[K/home/tmdals010126/zephyrproject/zephyr/lib/libc/newlib/include/stdint.h:28:2:[m[K [01;35m[Kwarning: [m[K#include_next is a GCC extension
[0.092s]    28 | #[01;35m[Kinclude_next[m[K <stdint.h>
[0.092s]       |  [01;35m[K^~~~~~~~~~~~[m[K
[0.092s] In file included from [01m[K/home/tmdals010126/zephyrproject/zephyr/micro_ros_dice/modules/libmicroros/micro_ros_src/src/Micro-XRCE-DDS-Client/src/c/core/session/session_info.c:10[m[K:
[0.092s] [01m[K/home/tmdals010126/zephyrproject/zephyr/lib/libc/newlib/include/string.h:16:2:[m[K [01;35m[Kwarning: [m[K#include_next is a GCC extension
[0.092s]    16 | #[01;35m[Kinclude_next[m[K <string.h>
[0.092s]       |  [01;35m[K^~~~~~~~~~~~[m[K
[0.092s] In file included from [01m[K/home/tmdals010126/zephyrproject/zephyr/include/zephyr/posix/time.h:12[m[K,
[0.092s]                  from [01m[K/home/tmdals010126/zephyrproject/zephyr/micro_ros_dice/modules/libmicroros/micro_ros_src/src/Micro-XRCE-DDS-Client/src/c/util/time.c:3[m[K:
[0.092s] [01m[K/home/tmdals010126/zephyrproject/zephyr/include/zephyr/posix/time.h:117:2:[m[K [01;35m[Kwarning: [m[K#include_next is a GCC extension
[0.092s]   117 | #[01;35m[Kinclude_next[m[K <time.h>
[0.092s]       |  [01;35m[K^~~~~~~~~~~~[m[K
[0.092s] In file included from [01m[K/home/tmdals010126/zephyrproject/zephyr/micro_ros_dice/modules/libmicroros/micro_ros_src/src/Micro-XRCE-DDS-Client/include/uxr/client/core/session/stream/seq_num.h:23[m[K,
[0.092s]                  from [01m[K/home/tmdals010126/zephyrproject/zephyr/micro_ros_dice/modules/libmicroros/micro_ros_src/src/Micro-XRCE-DDS-Client/include/uxr/client/core/session/session_info.h:23[m[K,
[0.092s]                  from [01m[K/home/tmdals010126/zephyrproject/zephyr/micro_ros_dice/modules/libmicroros/micro_ros_src/src/Micro-XRCE-DDS-Client/include/uxr/client/core/session/session.h:28[m[K,
[0.092s]                  from [01m[K/home/tmdals010126/zephyrproject/zephyr/micro_ros_dice/modules/libmicroros/micro_ros_src/src/Micro-XRCE-DDS-Client/include/uxr/client/core/session/common_create_entities.h:27[m[K,
[0.092s]                  from [01m[K/home/tmdals010126/zephyrproject/zephyr/micro_ros_dice/modules/libmicroros/micro_ros_src/src/Micro-XRCE-DDS-Client/include/uxr/client/core/session/create_entities_ref.h:27[m[K,
[0.092s]                  from [01m[K/home/tmdals010126/zephyrproject/zephyr/micro_ros_dice/modules/libmicroros/micro_ros_src/src/Micro-XRCE-DDS-Client/src/c/core/session/create_entities_ref.c:1[m[K:
[0.092s] [01m[K/home/tmdals010126/zephyrproject/zephyr/lib/libc/newlib/include/stdint.h:28:2:[m[K [01;35m[Kwarning: [m[K#include_next is a GCC extension
[0.093s]    28 | #[01;35m[Kinclude_next[m[K <stdint.h>
[0.093s]       |  [01;35m[K^~~~~~~~~~~~[m[K
[0.093s] In file included from [01m[K/home/tmdals010126/zephyrproject/zephyr/micro_ros_dice/modules/libmicroros/micro_ros_src/src/Micro-XRCE-DDS-Client/include/uxr/client/core/session/stream/seq_num.h:23[m[K,
[0.093s]                  from [01m[K/home/tmdals010126/zephyrproject/zephyr/micro_ros_dice/modules/libmicroros/micro_ros_src/src/Micro-XRCE-DDS-Client/include/uxr/client/core/session/session_info.h:23[m[K,
[0.093s]                  from [01m[K/home/tmdals010126/zephyrproject/zephyr/micro_ros_dice/modules/libmicroros/micro_ros_src/src/Micro-XRCE-DDS-Client/include/uxr/client/core/session/session.h:28[m[K,
[0.093s]                  from [01m[K/home/tmdals010126/zephyrproject/zephyr/micro_ros_dice/modules/libmicroros/micro_ros_src/src/Micro-XRCE-DDS-Client/include/uxr/client/core/session/common_create_entities.h:27[m[K,
[0.093s]                  from [01m[K/home/tmdals010126/zephyrproject/zephyr/micro_ros_dice/modules/libmicroros/micro_ros_src/src/Micro-XRCE-DDS-Client/include/uxr/client/core/session/create_entities_xml.h:27[m[K,
[0.093s]                  from [01m[K/home/tmdals010126/zephyrproject/zephyr/micro_ros_dice/modules/libmicroros/micro_ros_src/src/Micro-XRCE-DDS-Client/src/c/core/session/create_entities_xml.c:1[m[K:
[0.093s] [01m[K/home/tmdals010126/zephyrproject/zephyr/lib/libc/newlib/include/stdint.h:28:2:[m[K [01;35m[Kwarning: [m[K#include_next is a GCC extension
[0.093s]    28 | #[01;35m[Kinclude_next[m[K <stdint.h>
[0.093s]       |  [01;35m[K^~~~~~~~~~~~[m[K
[0.093s] In file included from [01m[K/home/tmdals010126/zephyrproject/zephyr/micro_ros_dice/modules/libmicroros/micro_ros_src/src/Micro-XRCE-DDS-Client/src/c/core/session/stream/common_reliable_stream_internal.h:28[m[K,
[0.093s]                  from [01m[K/home/tmdals010126/zephyrproject/zephyr/micro_ros_dice/modules/libmicroros/micro_ros_src/src/Micro-XRCE-DDS-Client/src/c/core/session/session.c:11[m[K:
[0.093s] [01m[K/home/tmdals010126/zephyrproject/zephyr/lib/libc/newlib/include/string.h:16:2:[m[K [01;35m[Kwarning: [m[K#include_next is a GCC extension
[0.093s]    16 | #[01;35m[Kinclude_next[m[K <string.h>
[0.093s]       |  [01;35m[K^~~~~~~~~~~~[m[K
[0.095s] [01m[K/home/tmdals010126/zephyrproject/zephyr/micro_ros_dice/modules/libmicroros/micro_ros_src/src/Micro-XRCE-DDS-Client/src/c/core/session/session_info.c:[m[K In function '[01m[Kuxr_read_session_header[m[K':
[0.095s] [01m[K/home/tmdals010126/zephyrproject/zephyr/micro_ros_dice/modules/libmicroros/micro_ros_src/src/Micro-XRCE-DDS-Client/src/c/core/session/session_info.c:173:23:[m[K [01;35m[Kwarning: [m[Kcast increases required alignment of target type [[01;35m[K-Wcast-align[m[K]
[0.095s]   173 |         info->nonce = [01;35m[K([m[Kuint32_t *)ub->init + 1;
[0.095s]       |                       [01;35m[K^[m[K
[0.095s] [01m[K/home/tmdals010126/zephyrproject/zephyr/micro_ros_dice/modules/libmicroros/micro_ros_src/src/Micro-XRCE-DDS-Client/src/c/core/session/session_info.c:173:21:[m[K [01;35m[Kwarning: [m[Kassignment to '[01m[Kuint32_t[m[K' {aka '[01m[Kunsigned int[m[K'} from '[01m[Kuint32_t *[m[K' {aka '[01m[Kunsigned int *[m[K'} makes integer from pointer without a cast [[01;35m[K-Wint-conversion[m[K]
[0.095s]   173 |         info->nonce [01;35m[K=[m[K (uint32_t *)ub->init + 1;
[0.095s]       |                     [01;35m[K^[m[K
[0.095s] In file included from [01m[K/home/tmdals010126/zephyrproject/zephyr/include/zephyr/toolchain.h:50[m[K,
[0.096s]                  from [01m[K/home/tmdals010126/zephyrproject/zephyr/include/zephyr/kernel_includes.h:23[m[K,
[0.096s]                  from [01m[K/home/tmdals010126/zephyrproject/zephyr/include/zephyr/kernel.h:17[m[K,
[0.096s]                  from [01m[K/home/tmdals010126/zephyrproject/zephyr/include/zephyr/posix/time.h:59[m[K:
[0.096s] [01m[K/home/tmdals010126/zephyrproject/zephyr/include/zephyr/toolchain/gcc.h:87:31:[m[K [01;35m[Kwarning: [m[KISO C does not permit named variadic macros [[01;35m[K-Wvariadic-macros[m[K]
[0.096s]    87 | #define BUILD_ASSERT(EXPR, MSG[01;35m[K...[m[K) _Static_assert((EXPR), "" MSG)
[0.096s]       |                               [01;35m[K^~~[m[K
[0.097s] In file included from [01m[K/home/tmdals010126/zephyrproject/zephyr/micro_ros_dice/modules/libmicroros/micro_ros_src/src/Micro-XRCE-DDS-Client/include/uxr/client/core/session/object_id.h:28[m[K,
[0.097s]                  from [01m[K/home/tmdals010126/zephyrproject/zephyr/micro_ros_dice/modules/libmicroros/micro_ros_src/src/Micro-XRCE-DDS-Client/src/c/core/session/object_id.c:1[m[K:
[0.097s] [01m[K/home/tmdals010126/zephyrproject/zephyr/lib/libc/newlib/include/stdint.h:28:2:[m[K [01;35m[Kwarning: [m[K#include_next is a GCC extension
[0.097s]    28 | #[01;35m[Kinclude_next[m[K <stdint.h>
[0.097s]       |  [01;35m[K^~~~~~~~~~~~[m[K
[0.097s] In file included from [01m[K/home/tmdals010126/zephyrproject/zephyr/micro_ros_dice/modules/libmicroros/micro_ros_src/src/Micro-XRCE-DDS-Client/src/c/core/session/create_entities_ref.c:6[m[K:
[0.097s] [01m[K/home/tmdals010126/zephyrproject/zephyr/lib/libc/newlib/include/string.h:16:2:[m[K [01;35m[Kwarning: [m[K#include_next is a GCC extension
[0.097s]    16 | #[01;35m[Kinclude_next[m[K <string.h>
[0.097s]       |  [01;35m[K^~~~~~~~~~~~[m[K
[0.097s] In file included from [01m[K/home/tmdals010126/zephyrproject/zephyr/micro_ros_dice/modules/libmicroros/micro_ros_src/src/Micro-XRCE-DDS-Client/src/c/core/session/create_entities_xml.c:7[m[K:
[0.097s] [01m[K/home/tmdals010126/zephyrproject/zephyr/lib/libc/newlib/include/string.h:16:2:[m[K [01;35m[Kwarning: [m[K#include_next is a GCC extension
[0.097s]    16 | #[01;35m[Kinclude_next[m[K <string.h>
[0.097s]       |  [01;35m[K^~~~~~~~~~~~[m[K
[0.101s] [01m[K/home/tmdals010126/zephyrproject/zephyr/micro_ros_dice/modules/libmicroros/micro_ros_src/src/Micro-XRCE-DDS-Client/src/c/core/session/session.c:[m[K In function '[01m[Kuxr_run_session_until_all_status[m[K':
[0.101s] [01m[K/home/tmdals010126/zephyrproject/zephyr/micro_ros_dice/modules/libmicroros/micro_ros_src/src/Micro-XRCE-DDS-Client/src/c/core/session/session.c:447:5:[m[K [01;35m[Kwarning: [m[Kimplicit declaration of function '[01m[Kuxr_flash_output_streams_with_token[m[K'; did you mean '[01m[Kuxr_flash_output_streams[m[K'? [[01;35m[K-Wimplicit-function-declaration[m[K]
[0.101s]   447 |     [01;35m[Kuxr_flash_output_streams_with_token[m[K(session);
[0.101s]       |     [01;35m[K^~~~~~~~~~~~~~~~~~~~~~~~~~~~~~~~~~~[m[K
[0.101s]       |     [32m[Kuxr_flash_output_streams[m[K
[0.102s] [01m[K/home/tmdals010126/zephyrproject/zephyr/micro_ros_dice/modules/libmicroros/micro_ros_src/src/Micro-XRCE-DDS-Client/src/c/core/session/session.c:[m[K At top level:
[0.102s] [01m[K/home/tmdals010126/zephyrproject/zephyr/micro_ros_dice/modules/libmicroros/micro_ros_src/src/Micro-XRCE-DDS-Client/src/c/core/session/session.c:648:6:[m[K [01;35m[Kwarning: [m[Kconflicting types for '[01m[Kuxr_flash_output_streams_with_token[m[K'; have '[01m[Kvoid(uxrSession *)[m[K'
[0.102s]   648 | void [01;35m[Kuxr_flash_output_streams_with_token[m[K(
[0.102s]       |      [01;35m[K^~~~~~~~~~~~~~~~~~~~~~~~~~~~~~~~~~~[m[K
[0.102s] [01m[K/home/tmdals010126/zephyrproject/zephyr/micro_ros_dice/modules/libmicroros/micro_ros_src/src/Micro-XRCE-DDS-Client/src/c/core/session/session.c:447:5:[m[K [01;36m[Knote: [m[Kprevious implicit declaration of '[01m[Kuxr_flash_output_streams_with_token[m[K' with type '[01m[Kvoid(uxrSession *)[m[K'
[0.102s]   447 |     [01;36m[Kuxr_flash_output_streams_with_token[m[K(session);
[0.102s]       |     [01;36m[K^~~~~~~~~~~~~~~~~~~~~~~~~~~~~~~~~~~[m[K
[0.102s] [01m[K/home/tmdals010126/zephyrproject/zephyr/micro_ros_dice/modules/libmicroros/micro_ros_src/src/Micro-XRCE-DDS-Client/src/c/core/session/session.c:[m[K In function '[01m[Kuxr_flash_output_streams_with_token[m[K':
[0.102s] [01m[K/home/tmdals010126/zephyrproject/zephyr/micro_ros_dice/modules/libmicroros/micro_ros_src/src/Micro-XRCE-DDS-Client/src/c/core/session/session.c:691:17:[m[K [01;35m[Kwarning: [m[Kimplicit declaration of function '[01m[Kprintf[m[K' [[01;35m[K-Wimplicit-function-declaration[m[K]
[0.102s]   691 |                 [01;35m[Kprintf[m[K("Firmware hash failed.\n");
[0.102s]       |                 [01;35m[K^~~~~~[m[K
[0.102s] [01m[K/home/tmdals010126/zephyrproject/zephyr/micro_ros_dice/modules/libmicroros/micro_ros_src/src/Micro-XRCE-DDS-Client/src/c/core/session/session.c:25:1:[m[K [01;36m[Knote: [m[Kinclude '[01m[K<stdio.h>[m[K' or provide a declaration of '[01m[Kprintf[m[K'
[0.102s]    24 | #include <dice/dice.h>
[0.102s]   +++ |+[32m[K#include <stdio.h>[m[K
[0.102s]    25 | 
[0.102s] [01m[K/home/tmdals010126/zephyrproject/zephyr/micro_ros_dice/modules/libmicroros/micro_ros_src/src/Micro-XRCE-DDS-Client/src/c/core/session/session.c:691:17:[m[K [01;35m[Kwarning: [m[Kincompatible implicit declaration of built-in function '[01m[Kprintf[m[K' [[01;35m[K-Wbuiltin-declaration-mismatch[m[K]
[0.102s]   691 |                 [01;35m[Kprintf[m[K("Firmware hash failed.\n");
[0.102s]       |                 [01;35m[K^~~~~~[m[K
[0.102s] [01m[K/home/tmdals010126/zephyrproject/zephyr/micro_ros_dice/modules/libmicroros/micro_ros_src/src/Micro-XRCE-DDS-Client/src/c/core/session/session.c:691:17:[m[K [01;36m[Knote: [m[Kinclude '[01m[K<stdio.h>[m[K' or provide a declaration of '[01m[Kprintf[m[K'
[0.102s] [01m[K/home/tmdals010126/zephyrproject/zephyr/micro_ros_dice/modules/libmicroros/micro_ros_src/src/Micro-XRCE-DDS-Client/src/c/core/session/session.c:693:22:[m[K [01;35m[Kwarning: [m[Kdeclaration of '[01m[Ki[m[K' shadows a previous local [[01;35m[K-Wshadow[m[K]
[0.102s]   693 |             for (int [01;35m[Ki[m[K = 0; i < DICE_CDI_SIZE; i++)
[0.102s]       |                      [01;35m[K^[m[K
[0.102s] [01m[K/home/tmdals010126/zephyrproject/zephyr/micro_ros_dice/modules/libmicroros/micro_ros_src/src/Micro-XRCE-DDS-Client/src/c/core/session/session.c:671:18:[m[K [01;36m[Knote: [m[Kshadowed declaration is here
[0.102s]   671 |     for (uint8_t [01;36m[Ki[m[K = 0; i < session->streams.output_reliable_size; ++i)
[0.102s]       |                  [01;36m[K^[m[K
[0.102s] [01m[K/home/tmdals010126/zephyrproject/zephyr/micro_ros_dice/modules/libmicroros/micro_ros_src/src/Micro-XRCE-DDS-Client/src/c/core/session/session.c:700:44:[m[K [01;35m[Kwarning: [m[KISO C forbids empty initializer braces [[01;35m[K-Wpedantic[m[K]
[0.102s]   700 |             DiceInputValues input_values = [01;35m[K{[m[K};
[0.102s]       |                                            [01;35m[K^[m[K
[0.102s] [01m[K/home/tmdals010126/zephyrproject/zephyr/micro_ros_dice/modules/libmicroros/micro_ros_src/src/Micro-XRCE-DDS-Client/src/c/core/session/session.c:708:26:[m[K [01;35m[Kwarning: [m[Kdeclaration of '[01m[Ki[m[K' shadows a previous local [[01;35m[K-Wshadow[m[K]
[0.102s]   708 |                 for (int [01;35m[Ki[m[K = 0; i < DICE_CDI_SIZE; ++i) {
[0.102s]       |                          [01;35m[K^[m[K
[0.102s] [01m[K/home/tmdals010126/zephyrproject/zephyr/micro_ros_dice/modules/libmicroros/micro_ros_src/src/Micro-XRCE-DDS-Client/src/c/core/session/session.c:671:18:[m[K [01;36m[Knote: [m[Kshadowed declaration is here
[0.102s]   671 |     for (uint8_t [01;36m[Ki[m[K = 0; i < session->streams.output_reliable_size; ++i)
[0.102s]       |                  [01;36m[K^[m[K
[0.102s] [01m[K/home/tmdals010126/zephyrproject/zephyr/micro_ros_dice/modules/libmicroros/micro_ros_src/src/Micro-XRCE-DDS-Client/src/c/core/session/session.c:709:35:[m[K [01;35m[Kwarning: [m[Kconversion to '[01m[Ksize_t[m[K' {aka '[01m[Kunsigned int[m[K'} from '[01m[Kint[m[K' may change the sign of the result [[01;35m[K-Wsign-conversion[m[K]
[0.102s]   709 |                     buffer[length [01;35m[K+[m[K i] = cdi_buffer[i];
[0.102s]       |                                   [01;35m[K^[m[K
[0.107s] In file included from [01m[K/home/tmdals010126/zephyrproject/zephyr/include/zephyr/sys/atomic.h:18[m[K,
[0.107s]                  from [01m[K/home/tmdals010126/zephyrproject/zephyr/include/zephyr/kernel_includes.h:25[m[K:
[0.107s] [01m[K/home/tmdals010126/zephyrproject/zephyr/include/zephyr/sys/util.h:[m[K In function '[01m[Kbcd2bin[m[K':
[0.107s] [01m[K/home/tmdals010126/zephyrproject/zephyr/include/zephyr/sys/util.h:586:35:[m[K [01;35m[Kwarning: [m[Kconversion from '[01m[Kint[m[K' to '[01m[Kuint8_t[m[K' {aka '[01m[Kunsigned char[m[K'} may change value [[01;35m[K-Wconversion[m[K]
[0.107s]   586 |         return [01;35m[K((10 * (bcd >> 4)) + (bcd & 0x0F))[m[K;
[0.107s]       |                [01;35m[K~~~~~~~~~~~~~~~~~~~^~~~~~~~~~~~~~~[m[K
[0.108s] [01m[K/home/tmdals010126/zephyrproject/zephyr/include/zephyr/sys/atomic.h:[m[K In function '[01m[Katomic_test_bit[m[K':
[0.108s] [01m[K/home/tmdals010126/zephyrproject/zephyr/include/zephyr/sys/atomic.h:78:49:[m[K [01;35m[Kwarning: [m[Kconversion to '[01m[Kunsigned int[m[K' from '[01m[Kint[m[K' may change the sign of the result [[01;35m[K-Wsign-conversion[m[K]
[0.108s]    78 | #define ATOMIC_ELEM(addr, bit) ((addr) + ((bit) [01;35m[K/[m[K ATOMIC_BITS))
[0.108s]       |                                                 [01;35m[K^[m[K
[0.108s] [01m[K/home/tmdals010126/zephyrproject/zephyr/include/zephyr/sys/atomic.h:129:39:[m[K [01;36m[Knote: [m[Kin expansion of macro '[01m[KATOMIC_ELEM[m[K'
[0.109s]   129 |         atomic_val_t val = atomic_get([01;36m[KATOMIC_ELEM[m[K(target, bit));
[0.109s]       |                                       [01;36m[K^~~~~~~~~~~[m[K
[0.109s] [01m[K/home/tmdals010126/zephyrproject/zephyr/include/zephyr/sys/atomic.h:131:34:[m[K [01;35m[Kwarning: [m[Kconversion to '[01m[Kunsigned int[m[K' from '[01m[Kint[m[K' may change the sign of the result [[01;35m[K-Wsign-conversion[m[K]
[0.109s]   131 |         return (1 & (val >> (bit [01;35m[K&[m[K (ATOMIC_BITS - 1)))) != 0;
[0.109s]       |                                  [01;35m[K^[m[K
[0.109s] [01m[K/home/tmdals010126/zephyrproject/zephyr/include/zephyr/sys/atomic.h:[m[K In function '[01m[Katomic_test_and_clear_bit[m[K':
[0.109s] [01m[K/home/tmdals010126/zephyrproject/zephyr/include/zephyr/sys/atomic.h:78:49:[m[K [01;35m[Kwarning: [m[Kconversion to '[01m[Kunsigned int[m[K' from '[01m[Kint[m[K' may change the sign of the result [[01;35m[K-Wsign-conversion[m[K]
[0.109s]    78 | #define ATOMIC_ELEM(addr, bit) ((addr) + ((bit) [01;35m[K/[m[K ATOMIC_BITS))
[0.109s]       |                                                 [01;35m[K^[m[K
[0.109s] [01m[K/home/tmdals010126/zephyrproject/zephyr/include/zephyr/sys/atomic.h:152:26:[m[K [01;36m[Knote: [m[Kin expansion of macro '[01m[KATOMIC_ELEM[m[K'
[0.109s]   152 |         old = atomic_and([01;36m[KATOMIC_ELEM[m[K(target, bit), ~mask);
[0.109s]       |                          [01;36m[K^~~~~~~~~~~[m[K
[0.109s] [01m[K/home/tmdals010126/zephyrproject/zephyr/include/zephyr/sys/atomic.h:[m[K In function '[01m[Katomic_test_and_set_bit[m[K':
[0.109s] [01m[K/home/tmdals010126/zephyrproject/zephyr/include/zephyr/sys/atomic.h:78:49:[m[K [01;35m[Kwarning: [m[Kconversion to '[01m[Kunsigned int[m[K' from '[01m[Kint[m[K' may change the sign of the result [[01;35m[K-Wsign-conversion[m[K]
[0.109s]    78 | #define ATOMIC_ELEM(addr, bit) ((addr) + ((bit) [01;35m[K/[m[K ATOMIC_BITS))
[0.109s]       |                                                 [01;35m[K^[m[K
[0.109s] [01m[K/home/tmdals010126/zephyrproject/zephyr/include/zephyr/sys/atomic.h:175:25:[m[K [01;36m[Knote: [m[Kin expansion of macro '[01m[KATOMIC_ELEM[m[K'
[0.110s]   175 |         old = atomic_or([01;36m[KATOMIC_ELEM[m[K(target, bit), mask);
[0.110s]       |                         [01;36m[K^~~~~~~~~~~[m[K
[0.110s] [01m[K/home/tmdals010126/zephyrproject/zephyr/include/zephyr/sys/atomic.h:[m[K In function '[01m[Katomic_clear_bit[m[K':
[0.110s] [01m[K/home/tmdals010126/zephyrproject/zephyr/include/zephyr/sys/atomic.h:78:49:[m[K [01;35m[Kwarning: [m[Kconversion to '[01m[Kunsigned int[m[K' from '[01m[Kint[m[K' may change the sign of the result [[01;35m[K-Wsign-conversion[m[K]
[0.110s]    78 | #define ATOMIC_ELEM(addr, bit) ((addr) + ((bit) [01;35m[K/[m[K ATOMIC_BITS))
[0.110s]       |                                                 [01;35m[K^[m[K
[0.110s] [01m[K/home/tmdals010126/zephyrproject/zephyr/include/zephyr/sys/atomic.h:195:26:[m[K [01;36m[Knote: [m[Kin expansion of macro '[01m[KATOMIC_ELEM[m[K'
[0.110s]   195 |         (void)atomic_and([01;36m[KATOMIC_ELEM[m[K(target, bit), ~mask);
[0.110s]       |                          [01;36m[K^~~~~~~~~~~[m[K
[0.110s] [01m[K/home/tmdals010126/zephyrproject/zephyr/include/zephyr/sys/atomic.h:[m[K In function '[01m[Katomic_set_bit[m[K':
[0.110s] [01m[K/home/tmdals010126/zephyrproject/zephyr/include/zephyr/sys/atomic.h:78:49:[m[K [01;35m[Kwarning: [m[Kconversion to '[01m[Kunsigned int[m[K' from '[01m[Kint[m[K' may change the sign of the result [[01;35m[K-Wsign-conversion[m[K]
[0.110s]    78 | #define ATOMIC_ELEM(addr, bit) ((addr) + ((bit) [01;35m[K/[m[K ATOMIC_BITS))
[0.110s]       |                                                 [01;35m[K^[m[K
[0.110s] [01m[K/home/tmdals010126/zephyrproject/zephyr/include/zephyr/sys/atomic.h:213:25:[m[K [01;36m[Knote: [m[Kin expansion of macro '[01m[KATOMIC_ELEM[m[K'
[0.110s]   213 |         (void)atomic_or([01;36m[KATOMIC_ELEM[m[K(target, bit), mask);
[0.110s]       |                         [01;36m[K^~~~~~~~~~~[m[K
[0.110s] [01m[K/home/tmdals010126/zephyrproject/zephyr/include/zephyr/sys/atomic.h:[m[K In function '[01m[Katomic_set_bit_to[m[K':
[0.110s] [01m[K/home/tmdals010126/zephyrproject/zephyr/include/zephyr/sys/atomic.h:78:49:[m[K [01;35m[Kwarning: [m[Kconversion to '[01m[Kunsigned int[m[K' from '[01m[Kint[m[K' may change the sign of the result [[01;35m[K-Wsign-conversion[m[K]
[0.111s]    78 | #define ATOMIC_ELEM(addr, bit) ((addr) + ((bit) [01;35m[K/[m[K ATOMIC_BITS))
[0.111s]       |                                                 [01;35m[K^[m[K
[0.111s] [01m[K/home/tmdals010126/zephyrproject/zephyr/include/zephyr/sys/atomic.h:233:33:[m[K [01;36m[Knote: [m[Kin expansion of macro '[01m[KATOMIC_ELEM[m[K'
[0.111s]   233 |                 (void)atomic_or([01;36m[KATOMIC_ELEM[m[K(target, bit), mask);
[0.111s]       |                                 [01;36m[K^~~~~~~~~~~[m[K
[0.111s] [01m[K/home/tmdals010126/zephyrproject/zephyr/include/zephyr/sys/atomic.h:78:49:[m[K [01;35m[Kwarning: [m[Kconversion to '[01m[Kunsigned int[m[K' from '[01m[Kint[m[K' may change the sign of the result [[01;35m[K-Wsign-conversion[m[K]
[0.111s]    78 | #define ATOMIC_ELEM(addr, bit) ((addr) + ((bit) [01;35m[K/[m[K ATOMIC_BITS))
[0.111s]       |                                                 [01;35m[K^[m[K
[0.111s] [01m[K/home/tmdals010126/zephyrproject/zephyr/include/zephyr/sys/atomic.h:235:34:[m[K [01;36m[Knote: [m[Kin expansion of macro '[01m[KATOMIC_ELEM[m[K'
[0.111s]   235 |                 (void)atomic_and([01;36m[KATOMIC_ELEM[m[K(target, bit), ~mask);
[0.111s]       |                                  [01;36m[K^~~~~~~~~~~[m[K
[0.111s] In file included from [01m[K/home/tmdals010126/zephyrproject/zephyr/include/zephyr/kernel_includes.h:27[m[K:
[0.111s] [01m[K/home/tmdals010126/zephyrproject/zephyr/include/zephyr/sys/dlist.h:[m[K At top level:
[0.111s] [01m[K/home/tmdals010126/zephyrproject/zephyr/include/zephyr/sys/dlist.h:40:10:[m[K [01;35m[Kwarning: [m[KISO C99 doesn't support unnamed structs/unions [[01;35m[K-Wpedantic[m[K]
[0.111s]    40 |         }[01;35m[K;[m[K
[0.111s]       |          [01;35m[K^[m[K
[0.111s] [01m[K/home/tmdals010126/zephyrproject/zephyr/include/zephyr/sys/dlist.h:44:10:[m[K [01;35m[Kwarning: [m[KISO C99 doesn't support unnamed structs/unions [[01;35m[K-Wpedantic[m[K]
[0.112s]    44 |         }[01;35m[K;[m[K
[0.112s]       |          [01;35m[K^[m[K
[0.112s] [01m[K/home/tmdals010126/zephyrproject/zephyr/include/zephyr/sys/dlist.h:36:8:[m[K [01;35m[Kwarning: [m[Kstruct has no named members [[01;35m[K-Wpedantic[m[K]
[0.112s]    36 | struct [01;35m[K_dnode[m[K {
[0.112s]       |        [01;35m[K^~~~~~[m[K
[0.112s] In file included from [01m[K/home/tmdals010126/zephyrproject/zephyr/micro_ros_dice/modules/libmicroros/micro_ros_src/src/Micro-XRCE-DDS-Client/include/uxr/client/core/session/stream/seq_num.h:23[m[K,
[0.112s]                  from [01m[K/home/tmdals010126/zephyrproject/zephyr/micro_ros_dice/modules/libmicroros/micro_ros_src/src/Micro-XRCE-DDS-Client/include/uxr/client/core/session/session_info.h:23[m[K,
[0.112s]                  from [01m[K/home/tmdals010126/zephyrproject/zephyr/micro_ros_dice/modules/libmicroros/micro_ros_src/src/Micro-XRCE-DDS-Client/include/uxr/client/core/session/session.h:28[m[K,
[0.112s]                  from [01m[K/home/tmdals010126/zephyrproject/zephyr/micro_ros_dice/modules/libmicroros/micro_ros_src/src/Micro-XRCE-DDS-Client/include/uxr/client/core/session/write_access.h:27[m[K,
[0.112s]                  from [01m[K/home/tmdals010126/zephyrproject/zephyr/micro_ros_dice/modules/libmicroros/micro_ros_src/src/Micro-XRCE-DDS-Client/src/c/core/session/write_access.c:1[m[K:
[0.112s] [01m[K/home/tmdals010126/zephyrproject/zephyr/lib/libc/newlib/include/stdint.h:28:2:[m[K [01;35m[Kwarning: [m[K#include_next is a GCC extension
[0.112s]    28 | #[01;35m[Kinclude_next[m[K <stdint.h>
[0.112s]       |  [01;35m[K^~~~~~~~~~~~[m[K
[0.112s] [01m[K/home/tmdals010126/zephyrproject/zephyr/include/zephyr/toolchain/gcc.h:87:36:[m[K [01;35m[Kwarning: [m[KISO C99 does not support '[01m[K_Static_assert[m[K' [[01;35m[K-Wpedantic[m[K]
[0.112s]    87 | #define BUILD_ASSERT(EXPR, MSG...) [01;35m[K_Static_assert[m[K((EXPR), "" MSG)
[0.112s]       |                                    [01;35m[K^~~~~~~~~~~~~~[m[K
[0.112s] [01m[K/home/tmdals010126/zephyrproject/zephyr/include/zephyr/sys/sflist.h:219:1:[m[K [01;36m[Knote: [m[Kin expansion of macro '[01m[KBUILD_ASSERT[m[K'
[0.112s]   219 | [01;36m[KBUILD_ASSERT[m[K(SYS_SFLIST_FLAGS_MASK >= 0x3);
[0.112s]       | [01;36m[K^~~~~~~~~~~~[m[K
[0.113s] In file included from [01m[K/home/tmdals010126/zephyrproject/zephyr/micro_ros_dice/modules/libmicroros/micro_ros_src/src/Micro-XRCE-DDS-Client/include/uxr/client/util/time.h:24[m[K,
[0.113s]                  from [01m[K/home/tmdals010126/zephyrproject/zephyr/micro_ros_dice/modules/libmicroros/micro_ros_src/src/Micro-XRCE-DDS-Client/src/c/profile/transport/stream_framing/stream_framing_protocol.c:1[m[K:
[0.113s] [01m[K/home/tmdals010126/zephyrproject/zephyr/lib/libc/newlib/include/stdint.h:28:2:[m[K [01;35m[Kwarning: [m[K#include_next is a GCC extension
[0.113s]    28 | #[01;35m[Kinclude_next[m[K <stdint.h>
[0.113s]       |  [01;35m[K^~~~~~~~~~~~[m[K
[0.113s] In file included from [01m[K/home/tmdals010126/zephyrproject/zephyr/micro_ros_dice/modules/libmicroros/micro_ros_src/src/Micro-XRCE-DDS-Client/include/uxr/client/core/session/stream/seq_num.h:23[m[K,
[0.113s]                  from [01m[K/home/tmdals010126/zephyrproject/zephyr/micro_ros_dice/modules/libmicroros/micro_ros_src/src/Micro-XRCE-DDS-Client/include/uxr/client/core/session/session_info.h:23[m[K,
[0.113s]                  from [01m[K/home/tmdals010126/zephyrproject/zephyr/micro_ros_dice/modules/libmicroros/micro_ros_src/src/Micro-XRCE-DDS-Client/include/uxr/client/core/session/session.h:28[m[K,
[0.113s]                  from [01m[K/home/tmdals010126/zephyrproject/zephyr/micro_ros_dice/modules/libmicroros/micro_ros_src/src/Micro-XRCE-DDS-Client/include/uxr/client/core/session/common_create_entities.h:27[m[K,
[0.113s]                  from [01m[K/home/tmdals010126/zephyrproject/zephyr/micro_ros_dice/modules/libmicroros/micro_ros_src/src/Micro-XRCE-DDS-Client/include/uxr/client/core/session/create_entities_bin.h:23[m[K,
[0.113s]                  from [01m[K/home/tmdals010126/zephyrproject/zephyr/micro_ros_dice/modules/libmicroros/micro_ros_src/src/Micro-XRCE-DDS-Client/src/c/core/session/create_entities_bin.c:1[m[K:
[0.113s] [01m[K/home/tmdals010126/zephyrproject/zephyr/lib/libc/newlib/include/stdint.h:28:2:[m[K [01;35m[Kwarning: [m[K#include_next is a GCC extension
[0.113s]    28 | #[01;35m[Kinclude_next[m[K <stdint.h>
[0.113s]       |  [01;35m[K^~~~~~~~~~~~[m[K
[0.113s] In file included from [01m[K/home/tmdals010126/zephyrproject/zephyr/micro_ros_dice/modules/libmicroros/micro_ros_src/src/Micro-XRCE-DDS-Client/include/uxr/client/core/session/stream/seq_num.h:23[m[K,
[0.113s]                  from [01m[K/home/tmdals010126/zephyrproject/zephyr/micro_ros_dice/modules/libmicroros/micro_ros_src/src/Micro-XRCE-DDS-Client/include/uxr/client/core/session/session_info.h:23[m[K,
[0.113s]                  from [01m[K/home/tmdals010126/zephyrproject/zephyr/micro_ros_dice/modules/libmicroros/micro_ros_src/src/Micro-XRCE-DDS-Client/include/uxr/client/core/session/session.h:28[m[K,
[0.113s]                  from [01m[K/home/tmdals010126/zephyrproject/zephyr/micro_ros_dice/modules/libmicroros/micro_ros_src/src/Micro-XRCE-DDS-Client/include/uxr/client/core/session/read_access.h:27[m[K,
[0.113s]                  from [01m[K/home/tmdals010126/zephyrproject/zephyr/micro_ros_dice/modules/libmicroros/micro_ros_src/src/Micro-XRCE-DDS-Client/src/c/core/session/read_access.c:1[m[K:
[0.113s] [01m[K/home/tmdals010126/zephyrproject/zephyr/lib/libc/newlib/include/stdint.h:28:2:[m[K [01;35m[Kwarning: [m[K#include_next is a GCC extension
[0.113s]    28 | #[01;35m[Kinclude_next[m[K <stdint.h>
[0.114s]       |  [01;35m[K^~~~~~~~~~~~[m[K
[0.114s] In file included from [01m[K/home/tmdals010126/zephyrproject/zephyr/micro_ros_dice/modules/libmicroros/micro_ros_src/src/Micro-XRCE-DDS-Client/src/c/profile/transport/stream_framing/stream_framing_protocol.c:3[m[K:
[0.114s] [01m[K/home/tmdals010126/zephyrproject/zephyr/lib/libc/newlib/include/string.h:16:2:[m[K [01;35m[Kwarning: [m[K#include_next is a GCC extension
[0.114s]    16 | #[01;35m[Kinclude_next[m[K <string.h>
[0.114s]       |  [01;35m[K^~~~~~~~~~~~[m[K
[0.114s] In file included from [01m[K/home/tmdals010126/zephyrproject/zephyr/micro_ros_dice/modules/libmicroros/micro_ros_src/src/Micro-XRCE-DDS-Client/include/uxr/client/core/communication/communication.h:25[m[K,
[0.114s]                  from [01m[K/home/tmdals010126/zephyrproject/zephyr/micro_ros_dice/modules/libmicroros/micro_ros_src/src/Micro-XRCE-DDS-Client/include/uxr/client/profile/transport/custom/custom_transport.h:27[m[K,
[0.114s]                  from [01m[K/home/tmdals010126/zephyrproject/zephyr/micro_ros_dice/modules/libmicroros/micro_ros_src/src/Micro-XRCE-DDS-Client/src/c/profile/transport/custom/custom_transport.c:1[m[K:
[0.114s] [01m[K/home/tmdals010126/zephyrproject/zephyr/lib/libc/newlib/include/stdint.h:28:2:[m[K [01;35m[Kwarning: [m[K#include_next is a GCC extension
[0.114s]    28 | #[01;35m[Kinclude_next[m[K <stdint.h>
[0.114s]       |  [01;35m[K^~~~~~~~~~~~[m[K
[0.114s] In file included from [01m[K/home/tmdals010126/zephyrproject/zephyr/include/zephyr/arch/structs.h:31[m[K,
[0.114s]                  from [01m[K/home/tmdals010126/zephyrproject/zephyr/include/zephyr/kernel_structs.h:29[m[K,
[0.114s]                  from [01m[K/home/tmdals010126/zephyrproject/zephyr/include/zephyr/kernel_includes.h:32[m[K:
[0.114s] [01m[K/home/tmdals010126/zephyrproject/zephyr/include/zephyr/arch/arm/structs.h:22:8:[m[K [01;35m[Kwarning: [m[Kstruct has no members [[01;35m[K-Wpedantic[m[K]
[0.114s]    22 | struct [01;35m[K_cpu_arch[m[K {
[0.114s]       |        [01;35m[K^~~~~~~~~[m[K
[0.114s] In file included from [01m[K/home/tmdals010126/zephyrproject/zephyr/micro_ros_dice/modules/libmicroros/micro_ros_src/src/Micro-XRCE-DDS-Client/src/c/core/session/./stream/common_reliable_stream_internal.h:28[m[K,
[0.114s]                  from [01m[K/home/tmdals010126/zephyrproject/zephyr/micro_ros_dice/modules/libmicroros/micro_ros_src/src/Micro-XRCE-DDS-Client/src/c/core/session/write_access.c:8[m[K:
[0.114s] [01m[K/home/tmdals010126/zephyrproject/zephyr/lib/libc/newlib/include/string.h:16:2:[m[K [01;35m[Kwarning: [m[K#include_next is a GCC extension
[0.114s]    16 | #[01;35m[Kinclude_next[m[K <string.h>
[0.115s]       |  [01;35m[K^~~~~~~~~~~~[m[K
[0.115s] In file included from [01m[K/home/tmdals010126/zephyrproject/zephyr/micro_ros_dice/modules/libmicroros/micro_ros_src/src/Micro-XRCE-DDS-Client/src/c/core/serialization/xrce_types.c:2[m[K:
[0.115s] [01m[K/home/tmdals010126/zephyrproject/zephyr/lib/libc/newlib/include/string.h:16:2:[m[K [01;35m[Kwarning: [m[K#include_next is a GCC extension
[0.115s]    16 | #[01;35m[Kinclude_next[m[K <string.h>
[0.115s]       |  [01;35m[K^~~~~~~~~~~~[m[K
[0.116s] In file included from [01m[K/home/tmdals010126/zephyrproject/zephyr/micro_ros_dice/modules/libmicroros/micro_ros_src/src/Micro-XRCE-DDS-Client/src/c/core/session/create_entities_bin.c:8[m[K:
[0.116s] [01m[K/home/tmdals010126/zephyrproject/zephyr/lib/libc/newlib/include/string.h:16:2:[m[K [01;35m[Kwarning: [m[K#include_next is a GCC extension
[0.116s]    16 | #[01;35m[Kinclude_next[m[K <string.h>
[0.116s]       |  [01;35m[K^~~~~~~~~~~~[m[K
[0.124s] In file included from [01m[K/home/tmdals010126/zephyrproject/zephyr/include/zephyr/arch/arm/exception.h:19[m[K,
[0.124s]                  from [01m[K/home/tmdals010126/zephyrproject/zephyr/include/zephyr/arch/arm/arch.h:23[m[K,
[0.124s]                  from [01m[K/home/tmdals010126/zephyrproject/zephyr/include/zephyr/arch/cpu.h:19[m[K,
[0.124s]                  from [01m[K/home/tmdals010126/zephyrproject/zephyr/include/zephyr/kernel_includes.h:36[m[K:
[0.124s] [01m[K/home/tmdals010126/zephyrproject/zephyr/include/zephyr/arch/arm/cortex_m/exception.h:106:50:[m[K [01;35m[Kwarning: [m[KISO C99 doesn't support unnamed structs/unions [[01;35m[K-Wpedantic[m[K]
[0.124s]   106 |                 sys_define_gpr_with_alias(a1, r0)[01;35m[K;[m[K
[0.124s]       |                                                  [01;35m[K^[m[K
[0.124s] [01m[K/home/tmdals010126/zephyrproject/zephyr/include/zephyr/arch/arm/cortex_m/exception.h:107:50:[m[K [01;35m[Kwarning: [m[KISO C99 doesn't support unnamed structs/unions [[01;35m[K-Wpedantic[m[K]
[0.124s]   107 |                 sys_define_gpr_with_alias(a2, r1)[01;35m[K;[m[K
[0.124s]       |                                                  [01;35m[K^[m[K
[0.124s] [01m[K/home/tmdals010126/zephyrproject/zephyr/include/zephyr/arch/arm/cortex_m/exception.h:108:50:[m[K [01;35m[Kwarning: [m[KISO C99 doesn't support unnamed structs/unions [[01;35m[K-Wpedantic[m[K]
[0.124s]   108 |                 sys_define_gpr_with_alias(a3, r2)[01;35m[K;[m[K
[0.124s]       |                                                  [01;35m[K^[m[K
[0.124s] [01m[K/home/tmdals010126/zephyrproject/zephyr/include/zephyr/arch/arm/cortex_m/exception.h:109:50:[m[K [01;35m[Kwarning: [m[KISO C99 doesn't support unnamed structs/unions [[01;35m[K-Wpedantic[m[K]
[0.124s]   109 |                 sys_define_gpr_with_alias(a4, r3)[01;35m[K;[m[K
[0.124s]       |                                                  [01;35m[K^[m[K
[0.125s] [01m[K/home/tmdals010126/zephyrproject/zephyr/include/zephyr/arch/arm/cortex_m/exception.h:110:51:[m[K [01;35m[Kwarning: [m[KISO C99 doesn't support unnamed structs/unions [[01;35m[K-Wpedantic[m[K]
[0.125s]   110 |                 sys_define_gpr_with_alias(ip, r12)[01;35m[K;[m[K
[0.125s]       |                                                   [01;35m[K^[m[K
[0.125s] [01m[K/home/tmdals010126/zephyrproject/zephyr/include/zephyr/arch/arm/cortex_m/exception.h:111:51:[m[K [01;35m[Kwarning: [m[KISO C99 doesn't support unnamed structs/unions [[01;35m[K-Wpedantic[m[K]
[0.125s]   111 |                 sys_define_gpr_with_alias(lr, r14)[01;35m[K;[m[K
[0.125s]       |                                                   [01;35m[K^[m[K
[0.125s] [01m[K/home/tmdals010126/zephyrproject/zephyr/include/zephyr/arch/arm/cortex_m/exception.h:112:51:[m[K [01;35m[Kwarning: [m[KISO C99 doesn't support unnamed structs/unions [[01;35m[K-Wpedantic[m[K]
[0.125s]   112 |                 sys_define_gpr_with_alias(pc, r15)[01;35m[K;[m[K
[0.125s]       |                                                   [01;35m[K^[m[K
[0.125s] In file included from [01m[K/home/tmdals010126/zephyrproject/zephyr/include/zephyr/device.h:13[m[K,
[0.125s]                  from [01m[K/home/tmdals010126/zephyrproject/zephyr/include/zephyr/sw_isr_table.h:18[m[K,
[0.125s]                  from [01m[K/home/tmdals010126/zephyrproject/zephyr/include/zephyr/arch/arm/irq.h:19[m[K,
[0.125s]                  from [01m[K/home/tmdals010126/zephyrproject/zephyr/include/zephyr/arch/arm/arch.h:24[m[K:
[0.125s] [01m[K/home/tmdals010126/zephyrproject/zephyr/include/zephyr/init.h:115:10:[m[K [01;35m[Kwarning: [m[KISO C99 doesn't support unnamed structs/unions [[01;35m[K-Wpedantic[m[K]
[0.125s]   115 |         }[01;35m[K;[m[K
[0.125s]       |          [01;35m[K^[m[K
[0.125s] In file included from [01m[K/home/tmdals010126/zephyrproject/zephyr/include/zephyr/kernel/mm.h:16[m[K,
[0.125s]                  from [01m[K/home/tmdals010126/zephyrproject/zephyr/include/zephyr/sys/device_mmio.h:48[m[K,
[0.125s]                  from [01m[K/home/tmdals010126/zephyrproject/zephyr/include/zephyr/device.h:16[m[K:
[0.125s] [01m[K/home/tmdals010126/zephyrproject/zephyr/include/zephyr/kernel/internal/mm.h:[m[K In function '[01m[Kk_mem_phys_addr[m[K':
[0.125s] [01m[K/home/tmdals010126/zephyrproject/zephyr/include/zephyr/kernel/internal/mm.h:119:1:[m[K [01;35m[Kwarning: [m[Kembedding a directive within macro arguments is not portable
[0.126s]   119 | [01;35m[K#[m[Kif CONFIG_SRAM_BASE_ADDRESS != 0
[0.126s]       | [01;35m[K^[m[K
[0.126s] [01m[K/home/tmdals010126/zephyrproject/zephyr/include/zephyr/kernel/internal/mm.h:121:1:[m[K [01;35m[Kwarning: [m[Kembedding a directive within macro arguments is not portable
[0.126s]   121 | [01;35m[K#[m[Kendif /* CONFIG_SRAM_BASE_ADDRESS != 0 */
[0.126s]       | [01;35m[K^[m[K
[0.126s] [01m[K/home/tmdals010126/zephyrproject/zephyr/include/zephyr/kernel/internal/mm.h:122:1:[m[K [01;35m[Kwarning: [m[Kembedding a directive within macro arguments is not portable
[0.126s]   122 | [01;35m[K#[m[Kif (CONFIG_SRAM_BASE_ADDRESS + (CONFIG_SRAM_SIZE * 1024UL)) != 0
[0.126s]       | [01;35m[K^[m[K
[0.126s] [01m[K/home/tmdals010126/zephyrproject/zephyr/include/zephyr/kernel/internal/mm.h:125:1:[m[K [01;35m[Kwarning: [m[Kembedding a directive within macro arguments is not portable
[0.126s]   125 | [01;35m[K#[m[Kelse
[0.126s]       | [01;35m[K^[m[K
[0.126s] [01m[K/home/tmdals010126/zephyrproject/zephyr/include/zephyr/kernel/internal/mm.h:127:1:[m[K [01;35m[Kwarning: [m[Kembedding a directive within macro arguments is not portable
[0.126s]   127 | [01;35m[K#[m[Kendif /* (CONFIG_SRAM_BASE_ADDRESS + (CONFIG_SRAM_SIZE * 1024UL)) != 0 */
[0.126s]       | [01;35m[K^[m[K
[0.126s] [01m[K/home/tmdals010126/zephyrproject/zephyr/include/zephyr/kernel/internal/mm.h:[m[K In function '[01m[Kk_mem_virt_addr[m[K':
[0.126s] [01m[K/home/tmdals010126/zephyrproject/zephyr/include/zephyr/kernel/internal/mm.h:157:1:[m[K [01;35m[Kwarning: [m[Kembedding a directive within macro arguments is not portable
[0.126s]   157 | [01;35m[K#[m[Kif CONFIG_SRAM_BASE_ADDRESS != 0
[0.126s]       | [01;35m[K^[m[K
[0.126s] [01m[K/home/tmdals010126/zephyrproject/zephyr/include/zephyr/kernel/internal/mm.h:159:1:[m[K [01;35m[Kwarning: [m[Kembedding a directive within macro arguments is not portable
[0.127s]   159 | [01;35m[K#[m[Kendif /* CONFIG_SRAM_BASE_ADDRESS != 0 */
[0.127s]       | [01;35m[K^[m[K
[0.127s] [01m[K/home/tmdals010126/zephyrproject/zephyr/include/zephyr/kernel/internal/mm.h:160:1:[m[K [01;35m[Kwarning: [m[Kembedding a directive within macro arguments is not portable
[0.127s]   160 | [01;35m[K#[m[Kif (CONFIG_SRAM_BASE_ADDRESS + (CONFIG_SRAM_SIZE * 1024UL)) != 0
[0.127s]       | [01;35m[K^[m[K
[0.127s] [01m[K/home/tmdals010126/zephyrproject/zephyr/include/zephyr/kernel/internal/mm.h:163:1:[m[K [01;35m[Kwarning: [m[Kembedding a directive within macro arguments is not portable
[0.127s]   163 | [01;35m[K#[m[Kelse
[0.127s]       | [01;35m[K^[m[K
[0.127s] [01m[K/home/tmdals010126/zephyrproject/zephyr/include/zephyr/kernel/internal/mm.h:165:1:[m[K [01;35m[Kwarning: [m[Kembedding a directive within macro arguments is not portable
[0.127s]   165 | [01;35m[K#[m[Kendif /* (CONFIG_SRAM_BASE_ADDRESS + (CONFIG_SRAM_SIZE * 1024UL)) != 0 */
[0.127s]       | [01;35m[K^[m[K
[0.127s] In file included from [01m[K/home/tmdals010126/zephyrproject/zephyr/include/zephyr/arch/arm/arch.h:28[m[K:
[0.127s] [01m[K/home/tmdals010126/zephyrproject/zephyr/include/zephyr/arch/common/ffs.h:[m[K In function '[01m[Kfind_msb_set[m[K':
[0.127s] [01m[K/home/tmdals010126/zephyrproject/zephyr/include/zephyr/arch/common/ffs.h:37:19:[m[K [01;35m[Kwarning: [m[Kconversion to '[01m[Kunsigned int[m[K' from '[01m[Kint[m[K' may change the sign of the result [[01;35m[K-Wsign-conversion[m[K]
[0.127s]    37 |         return [01;35m[K32 - __builtin_clz(op)[m[K;
[0.127s]       |                [01;35m[K~~~^~~~~~~~~~~~~~~~~~~[m[K
[0.127s] [01m[K/home/tmdals010126/zephyrproject/zephyr/include/zephyr/arch/common/ffs.h:[m[K In function '[01m[Kfind_lsb_set[m[K':
[0.127s] [01m[K/home/tmdals010126/zephyrproject/zephyr/include/zephyr/arch/common/ffs.h:56:30:[m[K [01;35m[Kwarning: [m[Kconversion to '[01m[Kint[m[K' from '[01m[Kuint32_t[m[K' {aka '[01m[Kunsigned int[m[K'} may change the sign of the result [[01;35m[K-Wsign-conversion[m[K]
[0.127s]    56 |         return __builtin_ffs([01;35m[Kop[m[K);
[0.127s]       |                              [01;35m[K^~[m[K
[0.127s] [01m[K/home/tmdals010126/zephyrproject/zephyr/include/zephyr/arch/common/ffs.h:56:16:[m[K [01;35m[Kwarning: [m[Kconversion to '[01m[Kunsigned int[m[K' from '[01m[Kint[m[K' may change the sign of the result [[01;35m[K-Wsign-conversion[m[K]
[0.128s]    56 |         return [01;35m[K__builtin_ffs(op)[m[K;
[0.128s]       |                [01;35m[K^~~~~~~~~~~~~~~~~[m[K
[0.156s] In file included from [01m[K/home/tmdals010126/zephyrproject/zephyr/include/zephyr/arch/arm/arch.h:31[m[K:
[0.156s] [01m[K/home/tmdals010126/zephyrproject/zephyr/include/zephyr/arch/common/sys_bitops.h:[m[K In function '[01m[Ksys_clear_bit[m[K':
[0.156s] [01m[K/home/tmdals010126/zephyrproject/zephyr/include/zephyr/arch/common/sys_bitops.h:35:43:[m[K [01;35m[Kwarning: [m[Kconversion to '[01m[Kuint32_t[m[K' {aka '[01m[Kunsigned int[m[K'} from '[01m[Kint[m[K' may change the sign of the result [[01;35m[K-Wsign-conversion[m[K]
[0.156s]    35 |         *(volatile uint32_t *)addr = temp [01;35m[K&[m[K ~(1 << bit);
[0.156s]       |                                           [01;35m[K^[m[K
[0.156s] [01m[K/home/tmdals010126/zephyrproject/zephyr/include/zephyr/arch/common/sys_bitops.h:[m[K In function '[01m[Ksys_test_bit[m[K':
[0.156s] [01m[K/home/tmdals010126/zephyrproject/zephyr/include/zephyr/arch/common/sys_bitops.h:42:21:[m[K [01;35m[Kwarning: [m[Kconversion to '[01m[Kint[m[K' from '[01m[Kuint32_t[m[K' {aka '[01m[Kunsigned int[m[K'} may change the sign of the result [[01;35m[K-Wsign-conversion[m[K]
[0.156s]    42 |         return [01;35m[Ktemp & (1 << bit)[m[K;
[0.156s]       |                [01;35m[K~~~~~^~~~~~~~~~~~[m[K
[0.157s] In file included from [01m[K/home/tmdals010126/zephyrproject/zephyr/include/zephyr/kernel_includes.h:39[m[K:
[0.157s] [01m[K/home/tmdals010126/zephyrproject/zephyr/include/zephyr/spinlock.h:[m[K In function '[01m[Kk_spin_lock[m[K':
[0.157s] [01m[K/home/tmdals010126/zephyrproject/zephyr/include/zephyr/spinlock.h:191:17:[m[K [01;35m[Kwarning: [m[Kconversion to '[01m[Kint[m[K' from '[01m[Kunsigned int[m[K' may change the sign of the result [[01;35m[K-Wsign-conversion[m[K]
[0.157s]   191 |         k.key = [01;35m[Karch_irq_lock[m[K();
[0.157s]       |                 [01;35m[K^~~~~~~~~~~~~[m[K
[0.157s] [01m[K/home/tmdals010126/zephyrproject/zephyr/include/zephyr/spinlock.h:[m[K In function '[01m[Kk_spin_trylock[m[K':
[0.157s] [01m[K/home/tmdals010126/zephyrproject/zephyr/include/zephyr/spinlock.h:232:19:[m[K [01;35m[Kwarning: [m[Kconversion to '[01m[Kint[m[K' from '[01m[Kunsigned int[m[K' may change the sign of the result [[01;35m[K-Wsign-conversion[m[K]
[0.157s]   232 |         int key = [01;35m[Karch_irq_lock[m[K();
[0.157s]       |                   [01;35m[K^~~~~~~~~~~~~[m[K
[0.157s] [01m[K/home/tmdals010126/zephyrproject/zephyr/include/zephyr/spinlock.h:[m[K In function '[01m[Kk_spin_unlock[m[K':
[0.157s] [01m[K/home/tmdals010126/zephyrproject/zephyr/include/zephyr/spinlock.h:331:28:[m[K [01;35m[Kwarning: [m[Kconversion to '[01m[Kunsigned int[m[K' from '[01m[Kint[m[K' may change the sign of the result [[01;35m[K-Wsign-conversion[m[K]
[0.157s]   331 |         arch_irq_unlock([01;35m[Kkey.key[m[K);
[0.157s]       |                         [01;35m[K~~~^~~~[m[K
[0.158s] In file included from [01m[K/home/tmdals010126/zephyrproject/zephyr/include/zephyr/sys/util.h:792[m[K:
[0.158s] [01m[K/home/tmdals010126/zephyrproject/zephyr/include/zephyr/kernel.h:[m[K In function '[01m[Kk_uptime_get[m[K':
[0.159s] [01m[K/home/tmdals010126/zephyrproject/zephyr/include/zephyr/sys/time_units.h:253:10:[m[K [01;35m[Kwarning: [m[Kconversion to '[01m[Kint64_t[m[K' {aka '[01m[Klong long int[m[K'} from '[01m[Klong long unsigned int[m[K' may change the sign of the result [[01;35m[K-Wsign-conversion[m[K]
[0.159s]   240 |         [01;35m[K((__const_hz) ?                                                 \[m[K
[0.159s]       |         [01;35m[K~~~~~~~~~~~~~~~~~~~~~~~~~~~~~~~~~~~~~~~~~~~~~~~~~~~~~~~~~~~~~~~~~[m[K
[0.159s]   241 | [01;35m[K         (                                                              \[m[K
[0.159s]       |          [01;35m[K~~~~~~~~~~~~~~~~~~~~~~~~~~~~~~~~~~~~~~~~~~~~~~~~~~~~~~~~~~~~~~~~[m[K
[0.159s]   242 | [01;35m[K                 z_tmcvt_is_identity(__from_hz, __to_hz) ?              \[m[K
[0.159s]       |                  [01;35m[K~~~~~~~~~~~~~~~~~~~~~~~~~~~~~~~~~~~~~~~~~~~~~~~~~~~~~~~~[m[K
[0.159s]   243 | [01;35m[K                 (uint64_t) (__t)                                       \[m[K
[0.159s]       |                  [01;35m[K~~~~~~~~~~~~~~~~~~~~~~~~~~~~~~~~~~~~~~~~~~~~~~~~~~~~~~~~[m[K
[0.159s]   244 | [01;35m[K                 :                                                      \[m[K
[0.159s]       |                  [01;35m[K~~~~~~~~~~~~~~~~~~~~~~~~~~~~~~~~~~~~~~~~~~~~~~~~~~~~~~~~[m[K
[0.159s]   245 | [01;35m[K                 z_tmcvt_is_int_div(__from_hz, __to_hz) ?               \[m[K
[0.159s]       |                  [01;35m[K~~~~~~~~~~~~~~~~~~~~~~~~~~~~~~~~~~~~~~~~~~~~~~~~~~~~~~~~[m[K
[0.159s]   246 | [01;35m[K                 z_tmcvt_int_div_64(__t, __from_hz, __to_hz, __round_up, __round_off) \[m[K
[0.159s]       |                  [01;35m[K~~~~~~~~~~~~~~~~~~~~~~~~~~~~~~~~~~~~~~~~~~~~~~~~~~~~~~~~~~~~~~~~~~~~~~[m[K
[0.159s]   247 | [01;35m[K                 :                                                      \[m[K
[0.159s]       |                  [01;35m[K~~~~~~~~~~~~~~~~~~~~~~~~~~~~~~~~~~~~~~~~~~~~~~~~~~~~~~~~[m[K
[0.160s]   248 | [01;35m[K                 z_tmcvt_is_int_mul(__from_hz, __to_hz) ?               \[m[K
[0.160s]       |                  [01;35m[K~~~~~~~~~~~~~~~~~~~~~~~~~~~~~~~~~~~~~~~~~~~~~~~~~~~~~~~~[m[K
[0.160s]   249 | [01;35m[K                 z_tmcvt_int_mul_64(__t, __from_hz, __to_hz)            \[m[K
[0.160s]       |                  [01;35m[K~~~~~~~~~~~~~~~~~~~~~~~~~~~~~~~~~~~~~~~~~~~~~~~~~~~~~~~~[m[K
[0.160s]   250 | [01;35m[K                 :                                                      \[m[K
[0.160s]       |                  [01;35m[K~~~~~~~~~~~~~~~~~~~~~~~~~~~~~~~~~~~~~~~~~~~~~~~~~~~~~~~~[m[K
[0.160s]   251 | [01;35m[K                 z_tmcvt_gen_64(__t, __from_hz, __to_hz, __round_up, __round_off) \[m[K
[0.160s]       |                  [01;35m[K~~~~~~~~~~~~~~~~~~~~~~~~~~~~~~~~~~~~~~~~~~~~~~~~~~~~~~~~~~~~~~~~~~[m[K
[0.160s]   252 | [01;35m[K                 )                                                      \[m[K
[0.160s]       |                  [01;35m[K~~~~~~~~~~~~~~~~~~~~~~~~~~~~~~~~~~~~~~~~~~~~~~~~~~~~~~~~[m[K
[0.160s]   253 | [01;35m[K         :                                                              \[m[K
[0.160s]       |          [01;35m[K^~~~~~~~~~~~~~~~~~~~~~~~~~~~~~~~~~~~~~~~~~~~~~~~~~~~~~~~~~~~~~~~[m[K
[0.160s]   254 | [01;35m[K         z_tmcvt_gen_64_slow(__t, __from_hz, __to_hz, __round_up, __round_off) \[m[K
[0.160s]       |          [01;35m[K~~~~~~~~~~~~~~~~~~~~~~~~~~~~~~~~~~~~~~~~~~~~~~~~~~~~~~~~~~~~~~~~~~~~~~~[m[K
[0.160s]   255 | [01;35m[K                )[m[K
[0.160s]       |                 [01;35m[K~[m[K
[0.160s] [01m[K/home/tmdals010126/zephyrproject/zephyr/include/zephyr/sys/time_units.h:1718:9:[m[K [01;36m[Knote: [m[Kin expansion of macro '[01m[Kz_tmcvt_64[m[K'
[0.160s]  1718 |         [01;36m[Kz_tmcvt_64[m[K(t, Z_HZ_ticks, Z_HZ_ms, true, false, false)
[0.160s]       |         [01;36m[K^~~~~~~~~~[m[K
[0.160s] [01m[K/home/tmdals010126/zephyrproject/zephyr/include/zephyr/kernel.h:1830:16:[m[K [01;36m[Knote: [m[Kin expansion of macro '[01m[Kk_ticks_to_ms_floor64[m[K'
[0.160s]  1830 |         return [01;36m[Kk_ticks_to_ms_floor64[m[K(k_uptime_ticks());
[0.160s]       |                [01;36m[K^~~~~~~~~~~~~~~~~~~~~[m[K
[0.160s] [01m[K/home/tmdals010126/zephyrproject/zephyr/include/zephyr/kernel.h:[m[K In function '[01m[Kk_work_delayable_from_work[m[K':
[0.161s] [01m[K/home/tmdals010126/zephyrproject/zephyr/include/zephyr/sys/util.h:287:18:[m[K [01;35m[Kwarning: [m[Kcast increases required alignment of target type [[01;35m[K-Wcast-align[m[K]
[0.161s]   287 |                 ([01;35m[K([m[Ktype *)(((char *)(ptr)) - offsetof(type, field))); \
[0.161s]       |                  [01;35m[K^[m[K
[0.161s] [01m[K/home/tmdals010126/zephyrproject/zephyr/include/zephyr/kernel.h:4140:16:[m[K [01;36m[Knote: [m[Kin expansion of macro '[01m[KCONTAINER_OF[m[K'
[0.161s]  4140 |         return [01;36m[KCONTAINER_OF[m[K(work, struct k_work_delayable, work);
[0.161s]       |                [01;36m[K^~~~~~~~~~~~[m[K
[0.162s] [01m[K/home/tmdals010126/zephyrproject/zephyr/include/zephyr/posix/time.h:[m[K In function '[01m[K_ts_to_ms[m[K':
[0.163s] [01m[K/home/tmdals010126/zephyrproject/zephyr/include/zephyr/posix/time.h:90:77:[m[K [01;35m[Kwarning: [m[Kconversion to '[01m[Klong unsigned int[m[K' from '[01m[Klong int[m[K' may change the sign of the result [[01;35m[K-Wsign-conversion[m[K]
[0.163s]    90 |         return (int32_t)(to->tv_sec * MSEC_PER_SEC) + (int32_t)(to->tv_nsec [01;35m[K/[m[K NSEC_PER_MSEC);
[0.163s]       |                                                                             [01;35m[K^[m[K
[0.700s] [100%] Linking C static library libmicroxrcedds_client.a
[0.709s] gmake[3]: Leaving directory '/home/tmdals010126/zephyrproject/zephyr/micro_ros_dice/modules/libmicroros/micro_ros_src/build/microxrcedds_client'
[0.711s] [100%] Built target microxrcedds_client
[0.711s] gmake[2]: Leaving directory '/home/tmdals010126/zephyrproject/zephyr/micro_ros_dice/modules/libmicroros/micro_ros_src/build/microxrcedds_client'
[0.713s] gmake[1]: Leaving directory '/home/tmdals010126/zephyrproject/zephyr/micro_ros_dice/modules/libmicroros/micro_ros_src/build/microxrcedds_client'
[0.713s] Invoked command in '/home/tmdals010126/zephyrproject/zephyr/micro_ros_dice/modules/libmicroros/micro_ros_src/build/microxrcedds_client' returned '0': CMAKE_PREFIX_PATH=/home/tmdals010126/zephyrproject/zephyr/micro_ros_dice/modules/libmicroros/micro_ros_src/install:${CMAKE_PREFIX_PATH} PYTHONPATH=/home/tmdals010126/zephyrproject/zephyr/micro_ros_dice/modules/libmicroros/micro_ros_src/install/lib/python3.10/site-packages:${PYTHONPATH} /usr/local/bin/cmake --build /home/tmdals010126/zephyrproject/zephyr/micro_ros_dice/modules/libmicroros/micro_ros_src/build/microxrcedds_client -- -j28 -l28
[0.714s] Invoking command in '/home/tmdals010126/zephyrproject/zephyr/micro_ros_dice/modules/libmicroros/micro_ros_src/build/microxrcedds_client': CMAKE_PREFIX_PATH=/home/tmdals010126/zephyrproject/zephyr/micro_ros_dice/modules/libmicroros/micro_ros_src/install:${CMAKE_PREFIX_PATH} PYTHONPATH=/home/tmdals010126/zephyrproject/zephyr/micro_ros_dice/modules/libmicroros/micro_ros_src/install/lib/python3.10/site-packages:${PYTHONPATH} /usr/local/bin/cmake --install /home/tmdals010126/zephyrproject/zephyr/micro_ros_dice/modules/libmicroros/micro_ros_src/build/microxrcedds_client
[0.716s] -- Install configuration: "Release"
[0.716s] -- Installing: /home/tmdals010126/zephyrproject/zephyr/micro_ros_dice/modules/libmicroros/micro_ros_src/install/lib/libmicroxrcedds_client.a
[0.717s] -- Installing: /home/tmdals010126/zephyrproject/zephyr/micro_ros_dice/modules/libmicroros/micro_ros_src/install/include/uxr/client
[0.718s] -- Installing: /home/tmdals010126/zephyrproject/zephyr/micro_ros_dice/modules/libmicroros/micro_ros_src/install/include/uxr/client/defines.h
[0.718s] -- Installing: /home/tmdals010126/zephyrproject/zephyr/micro_ros_dice/modules/libmicroros/micro_ros_src/install/include/uxr/client/visibility.h
[0.718s] -- Installing: /home/tmdals010126/zephyrproject/zephyr/micro_ros_dice/modules/libmicroros/micro_ros_src/install/include/uxr/client/transport.h
[0.718s] -- Installing: /home/tmdals010126/zephyrproject/zephyr/micro_ros_dice/modules/libmicroros/micro_ros_src/install/include/uxr/client/profile
[0.719s] -- Installing: /home/tmdals010126/zephyrproject/zephyr/micro_ros_dice/modules/libmicroros/micro_ros_src/install/include/uxr/client/profile/discovery
[0.719s] -- Installing: /home/tmdals010126/zephyrproject/zephyr/micro_ros_dice/modules/libmicroros/micro_ros_src/install/include/uxr/client/profile/discovery/discovery.h
[0.719s] -- Installing: /home/tmdals010126/zephyrproject/zephyr/micro_ros_dice/modules/libmicroros/micro_ros_src/install/include/uxr/client/profile/transport
[0.719s] -- Installing: /home/tmdals010126/zephyrproject/zephyr/micro_ros_dice/modules/libmicroros/micro_ros_src/install/include/uxr/client/profile/transport/serial
[0.719s] -- Installing: /home/tmdals010126/zephyrproject/zephyr/micro_ros_dice/modules/libmicroros/micro_ros_src/install/include/uxr/client/profile/transport/serial/serial_transport_rtems_bsd_net.h
[0.719s] -- Installing: /home/tmdals010126/zephyrproject/zephyr/micro_ros_dice/modules/libmicroros/micro_ros_src/install/include/uxr/client/profile/transport/serial/serial_transport_posix.h
[0.719s] -- Installing: /home/tmdals010126/zephyrproject/zephyr/micro_ros_dice/modules/libmicroros/micro_ros_src/install/include/uxr/client/profile/transport/serial/serial_transport_platform.h
[0.719s] -- Installing: /home/tmdals010126/zephyrproject/zephyr/micro_ros_dice/modules/libmicroros/micro_ros_src/install/include/uxr/client/profile/transport/serial/serial_transport.h
[0.719s] -- Installing: /home/tmdals010126/zephyrproject/zephyr/micro_ros_dice/modules/libmicroros/micro_ros_src/install/include/uxr/client/profile/transport/custom
[0.719s] -- Installing: /home/tmdals010126/zephyrproject/zephyr/micro_ros_dice/modules/libmicroros/micro_ros_src/install/include/uxr/client/profile/transport/custom/custom_transport.h
[0.719s] -- Installing: /home/tmdals010126/zephyrproject/zephyr/micro_ros_dice/modules/libmicroros/micro_ros_src/install/include/uxr/client/profile/transport/can
[0.719s] -- Installing: /home/tmdals010126/zephyrproject/zephyr/micro_ros_dice/modules/libmicroros/micro_ros_src/install/include/uxr/client/profile/transport/can/can_transport_posix.h
[0.720s] -- Installing: /home/tmdals010126/zephyrproject/zephyr/micro_ros_dice/modules/libmicroros/micro_ros_src/install/include/uxr/client/profile/transport/can/can_transport.h
[0.720s] -- Installing: /home/tmdals010126/zephyrproject/zephyr/micro_ros_dice/modules/libmicroros/micro_ros_src/install/include/uxr/client/profile/transport/stream_framing
[0.720s] -- Installing: /home/tmdals010126/zephyrproject/zephyr/micro_ros_dice/modules/libmicroros/micro_ros_src/install/include/uxr/client/profile/transport/stream_framing/stream_framing_protocol.h
[0.720s] -- Installing: /home/tmdals010126/zephyrproject/zephyr/micro_ros_dice/modules/libmicroros/micro_ros_src/install/include/uxr/client/profile/transport/ip
[0.720s] -- Installing: /home/tmdals010126/zephyrproject/zephyr/micro_ros_dice/modules/libmicroros/micro_ros_src/install/include/uxr/client/profile/transport/ip/tcp
[0.720s] -- Installing: /home/tmdals010126/zephyrproject/zephyr/micro_ros_dice/modules/libmicroros/micro_ros_src/install/include/uxr/client/profile/transport/ip/tcp/tcp_transport.h
[0.720s] -- Installing: /home/tmdals010126/zephyrproject/zephyr/micro_ros_dice/modules/libmicroros/micro_ros_src/install/include/uxr/client/profile/transport/ip/tcp/tcp_transport_rtems_bsd_net.h
[0.720s] -- Installing: /home/tmdals010126/zephyrproject/zephyr/micro_ros_dice/modules/libmicroros/micro_ros_src/install/include/uxr/client/profile/transport/ip/tcp/tcp_transport_posix_nopoll.h
[0.720s] -- Installing: /home/tmdals010126/zephyrproject/zephyr/micro_ros_dice/modules/libmicroros/micro_ros_src/install/include/uxr/client/profile/transport/ip/tcp/tcp_transport_freertos_plus_tcp.h
[0.720s] -- Installing: /home/tmdals010126/zephyrproject/zephyr/micro_ros_dice/modules/libmicroros/micro_ros_src/install/include/uxr/client/profile/transport/ip/tcp/tcp_transport_windows.h
[0.721s] -- Installing: /home/tmdals010126/zephyrproject/zephyr/micro_ros_dice/modules/libmicroros/micro_ros_src/install/include/uxr/client/profile/transport/ip/tcp/tcp_transport_posix.h
[0.721s] -- Installing: /home/tmdals010126/zephyrproject/zephyr/micro_ros_dice/modules/libmicroros/micro_ros_src/install/include/uxr/client/profile/transport/ip/udp
[0.721s] -- Installing: /home/tmdals010126/zephyrproject/zephyr/micro_ros_dice/modules/libmicroros/micro_ros_src/install/include/uxr/client/profile/transport/ip/udp/udp_transport_rtems_bsd_net.h
[0.721s] -- Installing: /home/tmdals010126/zephyrproject/zephyr/micro_ros_dice/modules/libmicroros/micro_ros_src/install/include/uxr/client/profile/transport/ip/udp/udp_transport_posix.h
[0.721s] -- Installing: /home/tmdals010126/zephyrproject/zephyr/micro_ros_dice/modules/libmicroros/micro_ros_src/install/include/uxr/client/profile/transport/ip/udp/udp_transport_posix_nopoll.h
[0.721s] -- Installing: /home/tmdals010126/zephyrproject/zephyr/micro_ros_dice/modules/libmicroros/micro_ros_src/install/include/uxr/client/profile/transport/ip/udp/udp_transport_freertos_plus_tcp.h
[0.721s] -- Installing: /home/tmdals010126/zephyrproject/zephyr/micro_ros_dice/modules/libmicroros/micro_ros_src/install/include/uxr/client/profile/transport/ip/udp/udp_transport.h
[0.721s] -- Installing: /home/tmdals010126/zephyrproject/zephyr/micro_ros_dice/modules/libmicroros/micro_ros_src/install/include/uxr/client/profile/transport/ip/udp/udp_transport_windows.h
[0.721s] -- Installing: /home/tmdals010126/zephyrproject/zephyr/micro_ros_dice/modules/libmicroros/micro_ros_src/install/include/uxr/client/profile/transport/ip/ip.h
[0.721s] -- Installing: /home/tmdals010126/zephyrproject/zephyr/micro_ros_dice/modules/libmicroros/micro_ros_src/install/include/uxr/client/profile/multithread
[0.721s] -- Installing: /home/tmdals010126/zephyrproject/zephyr/micro_ros_dice/modules/libmicroros/micro_ros_src/install/include/uxr/client/profile/multithread/multithread.h
[0.721s] -- Installing: /home/tmdals010126/zephyrproject/zephyr/micro_ros_dice/modules/libmicroros/micro_ros_src/install/include/uxr/client/util
[0.721s] -- Installing: /home/tmdals010126/zephyrproject/zephyr/micro_ros_dice/modules/libmicroros/micro_ros_src/install/include/uxr/client/util/ping.h
[0.721s] -- Installing: /home/tmdals010126/zephyrproject/zephyr/micro_ros_dice/modules/libmicroros/micro_ros_src/install/include/uxr/client/util/time.h
[0.721s] -- Installing: /home/tmdals010126/zephyrproject/zephyr/micro_ros_dice/modules/libmicroros/micro_ros_src/install/include/uxr/client/core
[0.721s] -- Installing: /home/tmdals010126/zephyrproject/zephyr/micro_ros_dice/modules/libmicroros/micro_ros_src/install/include/uxr/client/core/communication
[0.721s] -- Installing: /home/tmdals010126/zephyrproject/zephyr/micro_ros_dice/modules/libmicroros/micro_ros_src/install/include/uxr/client/core/communication/communication.h
[0.721s] -- Installing: /home/tmdals010126/zephyrproject/zephyr/micro_ros_dice/modules/libmicroros/micro_ros_src/install/include/uxr/client/core/type
[0.721s] -- Installing: /home/tmdals010126/zephyrproject/zephyr/micro_ros_dice/modules/libmicroros/micro_ros_src/install/include/uxr/client/core/type/xrce_types.h
[0.721s] -- Installing: /home/tmdals010126/zephyrproject/zephyr/micro_ros_dice/modules/libmicroros/micro_ros_src/install/include/uxr/client/core/session
[0.722s] -- Installing: /home/tmdals010126/zephyrproject/zephyr/micro_ros_dice/modules/libmicroros/micro_ros_src/install/include/uxr/client/core/session/session_info.h
[0.722s] -- Installing: /home/tmdals010126/zephyrproject/zephyr/micro_ros_dice/modules/libmicroros/micro_ros_src/install/include/uxr/client/core/session/stream
[0.722s] -- Installing: /home/tmdals010126/zephyrproject/zephyr/micro_ros_dice/modules/libmicroros/micro_ros_src/install/include/uxr/client/core/session/stream/reliable_stream.h
[0.722s] -- Installing: /home/tmdals010126/zephyrproject/zephyr/micro_ros_dice/modules/libmicroros/micro_ros_src/install/include/uxr/client/core/session/stream/input_reliable_stream.h
[0.722s] -- Installing: /home/tmdals010126/zephyrproject/zephyr/micro_ros_dice/modules/libmicroros/micro_ros_src/install/include/uxr/client/core/session/stream/input_best_effort_stream.h
[0.722s] -- Installing: /home/tmdals010126/zephyrproject/zephyr/micro_ros_dice/modules/libmicroros/micro_ros_src/install/include/uxr/client/core/session/stream/output_best_effort_stream.h
[0.722s] -- Installing: /home/tmdals010126/zephyrproject/zephyr/micro_ros_dice/modules/libmicroros/micro_ros_src/install/include/uxr/client/core/session/stream/stream_id.h
[0.722s] -- Installing: /home/tmdals010126/zephyrproject/zephyr/micro_ros_dice/modules/libmicroros/micro_ros_src/install/include/uxr/client/core/session/stream/seq_num.h
[0.722s] -- Installing: /home/tmdals010126/zephyrproject/zephyr/micro_ros_dice/modules/libmicroros/micro_ros_src/install/include/uxr/client/core/session/stream/stream_storage.h
[0.722s] -- Installing: /home/tmdals010126/zephyrproject/zephyr/micro_ros_dice/modules/libmicroros/micro_ros_src/install/include/uxr/client/core/session/stream/output_reliable_stream.h
[0.722s] -- Installing: /home/tmdals010126/zephyrproject/zephyr/micro_ros_dice/modules/libmicroros/micro_ros_src/install/include/uxr/client/core/session/session.h
[0.722s] -- Installing: /home/tmdals010126/zephyrproject/zephyr/micro_ros_dice/modules/libmicroros/micro_ros_src/install/include/uxr/client/core/session/time_sync.h
[0.722s] -- Installing: /home/tmdals010126/zephyrproject/zephyr/micro_ros_dice/modules/libmicroros/micro_ros_src/install/include/uxr/client/core/session/read_access.h
[0.722s] -- Installing: /home/tmdals010126/zephyrproject/zephyr/micro_ros_dice/modules/libmicroros/micro_ros_src/install/include/uxr/client/core/session/create_entities_bin.h
[0.722s] -- Installing: /home/tmdals010126/zephyrproject/zephyr/micro_ros_dice/modules/libmicroros/micro_ros_src/install/include/uxr/client/core/session/write_access.h
[0.722s] -- Installing: /home/tmdals010126/zephyrproject/zephyr/micro_ros_dice/modules/libmicroros/micro_ros_src/install/include/uxr/client/core/session/create_entities_ref.h
[0.722s] -- Installing: /home/tmdals010126/zephyrproject/zephyr/micro_ros_dice/modules/libmicroros/micro_ros_src/install/include/uxr/client/core/session/object_id.h
[0.722s] -- Installing: /home/tmdals010126/zephyrproject/zephyr/micro_ros_dice/modules/libmicroros/micro_ros_src/install/include/uxr/client/core/session/create_entities_xml.h
[0.722s] -- Installing: /home/tmdals010126/zephyrproject/zephyr/micro_ros_dice/modules/libmicroros/micro_ros_src/install/include/uxr/client/core/session/common_create_entities.h
[0.722s] -- Installing: /home/tmdals010126/zephyrproject/zephyr/micro_ros_dice/modules/libmicroros/micro_ros_src/install/include/uxr/client/client.h
[0.722s] -- Installing: /home/tmdals010126/zephyrproject/zephyr/micro_ros_dice/modules/libmicroros/micro_ros_src/install/include/uxr/client/config.h
[0.722s] -- Installing: /home/tmdals010126/zephyrproject/zephyr/micro_ros_dice/modules/libmicroros/micro_ros_src/install/share/microxrcedds_client/cmake/microxrcedds_clientTargets.cmake
[0.722s] -- Installing: /home/tmdals010126/zephyrproject/zephyr/micro_ros_dice/modules/libmicroros/micro_ros_src/install/share/microxrcedds_client/cmake/microxrcedds_clientTargets-release.cmake
[0.722s] -- Installing: /home/tmdals010126/zephyrproject/zephyr/micro_ros_dice/modules/libmicroros/micro_ros_src/install/share/microxrcedds_client/cmake/microxrcedds_clientConfig.cmake
[0.722s] -- Installing: /home/tmdals010126/zephyrproject/zephyr/micro_ros_dice/modules/libmicroros/micro_ros_src/install/share/microxrcedds_client/cmake/microxrcedds_clientConfigVersion.cmake
[0.722s] Invoked command in '/home/tmdals010126/zephyrproject/zephyr/micro_ros_dice/modules/libmicroros/micro_ros_src/build/microxrcedds_client' returned '0': CMAKE_PREFIX_PATH=/home/tmdals010126/zephyrproject/zephyr/micro_ros_dice/modules/libmicroros/micro_ros_src/install:${CMAKE_PREFIX_PATH} PYTHONPATH=/home/tmdals010126/zephyrproject/zephyr/micro_ros_dice/modules/libmicroros/micro_ros_src/install/lib/python3.10/site-packages:${PYTHONPATH} /usr/local/bin/cmake --install /home/tmdals010126/zephyrproject/zephyr/micro_ros_dice/modules/libmicroros/micro_ros_src/build/microxrcedds_client
