gmake[1]: Entering directory '/home/tmdals010126/zephyrproject/zephyr/micro_ros_tfm_base/modules/libmicroros/micro_ros_src/build/rosidl_generator_c'
-- Found ament_cmake_python: 1.3.12 (/home/tmdals010126/zephyrproject/zephyr/micro_ros_tfm_base/modules/libmicroros/micro_ros_dev/install/ament_cmake_python/share/ament_cmake_python/cmake)
-- Found ament_cmake_ros: 0.10.0 (/home/tmdals010126/zephyrproject/zephyr/micro_ros_tfm_base/modules/libmicroros/micro_ros_dev/install/ament_cmake_ros/share/ament_cmake_ros/cmake)
-- Configuring done (0.2s)
-- Generating done (0.0s)
-- Build files have been written to: /home/tmdals010126/zephyrproject/zephyr/micro_ros_tfm_base/modules/libmicroros/micro_ros_src/build/rosidl_generator_c
gmake[2]: Entering directory '/home/tmdals010126/zephyrproject/zephyr/micro_ros_tfm_base/modules/libmicroros/micro_ros_src/build/rosidl_generator_c'
gmake[3]: Entering directory '/home/tmdals010126/zephyrproject/zephyr/micro_ros_tfm_base/modules/libmicroros/micro_ros_src/build/rosidl_generator_c'
gmake[3]: Entering directory '/home/tmdals010126/zephyrproject/zephyr/micro_ros_tfm_base/modules/libmicroros/micro_ros_src/build/rosidl_generator_c'
gmake[3]: Leaving directory '/home/tmdals010126/zephyrproject/zephyr/micro_ros_tfm_base/modules/libmicroros/micro_ros_src/build/rosidl_generator_c'
gmake[3]: Leaving directory '/home/tmdals010126/zephyrproject/zephyr/micro_ros_tfm_base/modules/libmicroros/micro_ros_src/build/rosidl_generator_c'
gmake[3]: Entering directory '/home/tmdals010126/zephyrproject/zephyr/micro_ros_tfm_base/modules/libmicroros/micro_ros_src/build/rosidl_generator_c'
gmake[3]: Entering directory '/home/tmdals010126/zephyrproject/zephyr/micro_ros_tfm_base/modules/libmicroros/micro_ros_src/build/rosidl_generator_c'
gmake[3]: Leaving directory '/home/tmdals010126/zephyrproject/zephyr/micro_ros_tfm_base/modules/libmicroros/micro_ros_src/build/rosidl_generator_c'
gmake[3]: Leaving directory '/home/tmdals010126/zephyrproject/zephyr/micro_ros_tfm_base/modules/libmicroros/micro_ros_src/build/rosidl_generator_c'
Built target ament_cmake_python_copy_rosidl_generator_c
Built target ament_cmake_python_copy_rosidl_generator_c_setup
gmake[3]: Entering directory '/home/tmdals010126/zephyrproject/zephyr/micro_ros_tfm_base/modules/libmicroros/micro_ros_src/build/rosidl_generator_c'
gmake[3]: Leaving directory '/home/tmdals010126/zephyrproject/zephyr/micro_ros_tfm_base/modules/libmicroros/micro_ros_src/build/rosidl_generator_c'
gmake[3]: Entering directory '/home/tmdals010126/zephyrproject/zephyr/micro_ros_tfm_base/modules/libmicroros/micro_ros_src/build/rosidl_generator_c'
running egg_info
writing rosidl_generator_c.egg-info/PKG-INFO
writing dependency_links to rosidl_generator_c.egg-info/dependency_links.txt
writing entry points to rosidl_generator_c.egg-info/entry_points.txt
writing top-level names to rosidl_generator_c.egg-info/top_level.txt
reading manifest file 'rosidl_generator_c.egg-info/SOURCES.txt'
writing manifest file 'rosidl_generator_c.egg-info/SOURCES.txt'
gmake[3]: Leaving directory '/home/tmdals010126/zephyrproject/zephyr/micro_ros_tfm_base/modules/libmicroros/micro_ros_src/build/rosidl_generator_c'
Built target ament_cmake_python_build_rosidl_generator_c_egg
gmake[2]: Leaving directory '/home/tmdals010126/zephyrproject/zephyr/micro_ros_tfm_base/modules/libmicroros/micro_ros_src/build/rosidl_generator_c'
gmake[1]: Leaving directory '/home/tmdals010126/zephyrproject/zephyr/micro_ros_tfm_base/modules/libmicroros/micro_ros_src/build/rosidl_generator_c'
-- Install configuration: "Release"
-- Up-to-date: /home/tmdals010126/zephyrproject/zephyr/micro_ros_tfm_base/modules/libmicroros/micro_ros_src/install/share/ament_index/resource_index/rosidl_generator_packages/rosidl_generator_c
-- Up-to-date: /home/tmdals010126/zephyrproject/zephyr/micro_ros_tfm_base/modules/libmicroros/micro_ros_src/install/share/rosidl_generator_c/environment/pythonpath.sh
-- Installing: /home/tmdals010126/zephyrproject/zephyr/micro_ros_tfm_base/modules/libmicroros/micro_ros_src/install/share/rosidl_generator_c/environment/pythonpath.dsv
-- Up-to-date: /home/tmdals010126/zephyrproject/zephyr/micro_ros_tfm_base/modules/libmicroros/micro_ros_src/install/lib/python3.10/site-packages/rosidl_generator_c-3.1.7-py3.10.egg-info
-- Installing: /home/tmdals010126/zephyrproject/zephyr/micro_ros_tfm_base/modules/libmicroros/micro_ros_src/install/lib/python3.10/site-packages/rosidl_generator_c-3.1.7-py3.10.egg-info/SOURCES.txt
-- Installing: /home/tmdals010126/zephyrproject/zephyr/micro_ros_tfm_base/modules/libmicroros/micro_ros_src/install/lib/python3.10/site-packages/rosidl_generator_c-3.1.7-py3.10.egg-info/dependency_links.txt
-- Installing: /home/tmdals010126/zephyrproject/zephyr/micro_ros_tfm_base/modules/libmicroros/micro_ros_src/install/lib/python3.10/site-packages/rosidl_generator_c-3.1.7-py3.10.egg-info/entry_points.txt
-- Installing: /home/tmdals010126/zephyrproject/zephyr/micro_ros_tfm_base/modules/libmicroros/micro_ros_src/install/lib/python3.10/site-packages/rosidl_generator_c-3.1.7-py3.10.egg-info/PKG-INFO
-- Installing: /home/tmdals010126/zephyrproject/zephyr/micro_ros_tfm_base/modules/libmicroros/micro_ros_src/install/lib/python3.10/site-packages/rosidl_generator_c-3.1.7-py3.10.egg-info/top_level.txt
-- Up-to-date: /home/tmdals010126/zephyrproject/zephyr/micro_ros_tfm_base/modules/libmicroros/micro_ros_src/install/lib/python3.10/site-packages/rosidl_generator_c
-- Up-to-date: /home/tmdals010126/zephyrproject/zephyr/micro_ros_tfm_base/modules/libmicroros/micro_ros_src/install/lib/python3.10/site-packages/rosidl_generator_c/cli.py
-- Up-to-date: /home/tmdals010126/zephyrproject/zephyr/micro_ros_tfm_base/modules/libmicroros/micro_ros_src/install/lib/python3.10/site-packages/rosidl_generator_c/__init__.py
Listing '/home/tmdals010126/zephyrproject/zephyr/micro_ros_tfm_base/modules/libmicroros/micro_ros_src/install/lib/python3.10/site-packages/rosidl_generator_c'...
-- Up-to-date: /home/tmdals010126/zephyrproject/zephyr/micro_ros_tfm_base/modules/libmicroros/micro_ros_src/install/share/ament_index/resource_index/package_run_dependencies/rosidl_generator_c
-- Up-to-date: /home/tmdals010126/zephyrproject/zephyr/micro_ros_tfm_base/modules/libmicroros/micro_ros_src/install/share/ament_index/resource_index/parent_prefix_path/rosidl_generator_c
-- Up-to-date: /home/tmdals010126/zephyrproject/zephyr/micro_ros_tfm_base/modules/libmicroros/micro_ros_src/install/share/rosidl_generator_c/environment/ament_prefix_path.sh
-- Installing: /home/tmdals010126/zephyrproject/zephyr/micro_ros_tfm_base/modules/libmicroros/micro_ros_src/install/share/rosidl_generator_c/environment/ament_prefix_path.dsv
-- Up-to-date: /home/tmdals010126/zephyrproject/zephyr/micro_ros_tfm_base/modules/libmicroros/micro_ros_src/install/share/rosidl_generator_c/environment/path.sh
-- Installing: /home/tmdals010126/zephyrproject/zephyr/micro_ros_tfm_base/modules/libmicroros/micro_ros_src/install/share/rosidl_generator_c/environment/path.dsv
-- Up-to-date: /home/tmdals010126/zephyrproject/zephyr/micro_ros_tfm_base/modules/libmicroros/micro_ros_src/install/share/rosidl_generator_c/local_setup.bash
-- Up-to-date: /home/tmdals010126/zephyrproject/zephyr/micro_ros_tfm_base/modules/libmicroros/micro_ros_src/install/share/rosidl_generator_c/local_setup.sh
-- Up-to-date: /home/tmdals010126/zephyrproject/zephyr/micro_ros_tfm_base/modules/libmicroros/micro_ros_src/install/share/rosidl_generator_c/local_setup.zsh
-- Installing: /home/tmdals010126/zephyrproject/zephyr/micro_ros_tfm_base/modules/libmicroros/micro_ros_src/install/share/rosidl_generator_c/local_setup.dsv
-- Installing: /home/tmdals010126/zephyrproject/zephyr/micro_ros_tfm_base/modules/libmicroros/micro_ros_src/install/share/rosidl_generator_c/package.dsv
-- Up-to-date: /home/tmdals010126/zephyrproject/zephyr/micro_ros_tfm_base/modules/libmicroros/micro_ros_src/install/share/ament_index/resource_index/packages/rosidl_generator_c
-- Up-to-date: /home/tmdals010126/zephyrproject/zephyr/micro_ros_tfm_base/modules/libmicroros/micro_ros_src/install/share/rosidl_generator_c/cmake/rosidl_generator_c-extras.cmake
-- Up-to-date: /home/tmdals010126/zephyrproject/zephyr/micro_ros_tfm_base/modules/libmicroros/micro_ros_src/install/share/rosidl_generator_c/cmake/ament_cmake_export_dependencies-extras.cmake
-- Up-to-date: /home/tmdals010126/zephyrproject/zephyr/micro_ros_tfm_base/modules/libmicroros/micro_ros_src/install/share/rosidl_generator_c/cmake/rosidl_generator_cConfig.cmake
-- Up-to-date: /home/tmdals010126/zephyrproject/zephyr/micro_ros_tfm_base/modules/libmicroros/micro_ros_src/install/share/rosidl_generator_c/cmake/rosidl_generator_cConfig-version.cmake
-- Up-to-date: /home/tmdals010126/zephyrproject/zephyr/micro_ros_tfm_base/modules/libmicroros/micro_ros_src/install/share/rosidl_generator_c/package.xml
-- Up-to-date: /home/tmdals010126/zephyrproject/zephyr/micro_ros_tfm_base/modules/libmicroros/micro_ros_src/install/lib/rosidl_generator_c/rosidl_generator_c
-- Up-to-date: /home/tmdals010126/zephyrproject/zephyr/micro_ros_tfm_base/modules/libmicroros/micro_ros_src/install/share/rosidl_generator_c/cmake
-- Up-to-date: /home/tmdals010126/zephyrproject/zephyr/micro_ros_tfm_base/modules/libmicroros/micro_ros_src/install/share/rosidl_generator_c/cmake/rosidl_generator_c_generate_interfaces.cmake
-- Up-to-date: /home/tmdals010126/zephyrproject/zephyr/micro_ros_tfm_base/modules/libmicroros/micro_ros_src/install/share/rosidl_generator_c/cmake/register_c.cmake
-- Up-to-date: /home/tmdals010126/zephyrproject/zephyr/micro_ros_tfm_base/modules/libmicroros/micro_ros_src/install/share/rosidl_generator_c/resource
-- Up-to-date: /home/tmdals010126/zephyrproject/zephyr/micro_ros_tfm_base/modules/libmicroros/micro_ros_src/install/share/rosidl_generator_c/resource/rosidl_generator_c__visibility_control.h.in
-- Up-to-date: /home/tmdals010126/zephyrproject/zephyr/micro_ros_tfm_base/modules/libmicroros/micro_ros_src/install/share/rosidl_generator_c/resource/idl__functions.c.em
-- Up-to-date: /home/tmdals010126/zephyrproject/zephyr/micro_ros_tfm_base/modules/libmicroros/micro_ros_src/install/share/rosidl_generator_c/resource/msg__functions.h.em
-- Up-to-date: /home/tmdals010126/zephyrproject/zephyr/micro_ros_tfm_base/modules/libmicroros/micro_ros_src/install/share/rosidl_generator_c/resource/msg__struct.h.em
-- Up-to-date: /home/tmdals010126/zephyrproject/zephyr/micro_ros_tfm_base/modules/libmicroros/micro_ros_src/install/share/rosidl_generator_c/resource/idl__functions.h.em
-- Up-to-date: /home/tmdals010126/zephyrproject/zephyr/micro_ros_tfm_base/modules/libmicroros/micro_ros_src/install/share/rosidl_generator_c/resource/srv__type_support.h.em
-- Up-to-date: /home/tmdals010126/zephyrproject/zephyr/micro_ros_tfm_base/modules/libmicroros/micro_ros_src/install/share/rosidl_generator_c/resource/idl__struct.h.em
-- Up-to-date: /home/tmdals010126/zephyrproject/zephyr/micro_ros_tfm_base/modules/libmicroros/micro_ros_src/install/share/rosidl_generator_c/resource/idl__type_support.h.em
-- Up-to-date: /home/tmdals010126/zephyrproject/zephyr/micro_ros_tfm_base/modules/libmicroros/micro_ros_src/install/share/rosidl_generator_c/resource/idl.h.em
-- Up-to-date: /home/tmdals010126/zephyrproject/zephyr/micro_ros_tfm_base/modules/libmicroros/micro_ros_src/install/share/rosidl_generator_c/resource/msg__functions.c.em
-- Up-to-date: /home/tmdals010126/zephyrproject/zephyr/micro_ros_tfm_base/modules/libmicroros/micro_ros_src/install/share/rosidl_generator_c/resource/action__type_support.h.em
-- Up-to-date: /home/tmdals010126/zephyrproject/zephyr/micro_ros_tfm_base/modules/libmicroros/micro_ros_src/install/share/rosidl_generator_c/resource/msg__type_support.h.em
