[0.105s] Invoking command in '/home/tmdals010126/zephyrproject/zephyr/micro_ros_tfm/modules/libmicroros/micro_ros_src/build/microcdr': /usr/local/bin/cmake --build /home/tmdals010126/zephyrproject/zephyr/micro_ros_tfm/modules/libmicroros/micro_ros_src/build/microcdr -- -j28 -l28
[0.381s] In file included from [01m[K/home/tmdals010126/zephyrproject/zephyr/micro_ros_tfm/modules/libmicroros/micro_ros_src/src/micro-CDR/include/ucdr/microcdr.h:25[m[K,
[0.381s]                  from [01m[K/home/tmdals010126/zephyrproject/zephyr/micro_ros_tfm/modules/libmicroros/micro_ros_src/src/micro-CDR/src/c/types/../common_internal.h:22[m[K,
[0.381s]                  from [01m[K/home/tmdals010126/zephyrproject/zephyr/micro_ros_tfm/modules/libmicroros/micro_ros_src/src/micro-CDR/src/c/types/basic.c:15[m[K:
[0.382s] [01m[K/home/tmdals010126/zephyrproject/zephyr/lib/libc/newlib/include/stdint.h:28:2:[m[K [01;35m[Kwarning: [m[K#include_next is a GCC extension
[0.382s]    28 | #[01;35m[Kinclude_next[m[K <stdint.h>
[0.382s]       |  [01;35m[K^~~~~~~~~~~~[m[K
[0.382s] In file included from [01m[K/home/tmdals010126/zephyrproject/zephyr/micro_ros_tfm/modules/libmicroros/micro_ros_src/src/micro-CDR/include/ucdr/microcdr.h:25[m[K,
[0.382s]                  from [01m[K/home/tmdals010126/zephyrproject/zephyr/micro_ros_tfm/modules/libmicroros/micro_ros_src/src/micro-CDR/src/c/common_internal.h:22[m[K,
[0.382s]                  from [01m[K/home/tmdals010126/zephyrproject/zephyr/micro_ros_tfm/modules/libmicroros/micro_ros_src/src/micro-CDR/src/c/common.c:15[m[K:
[0.382s] [01m[K/home/tmdals010126/zephyrproject/zephyr/lib/libc/newlib/include/stdint.h:28:2:[m[K [01;35m[Kwarning: [m[K#include_next is a GCC extension
[0.382s]    28 | #[01;35m[Kinclude_next[m[K <stdint.h>
[0.382s]       |  [01;35m[K^~~~~~~~~~~~[m[K
[0.383s] In file included from [01m[K/home/tmdals010126/zephyrproject/zephyr/micro_ros_tfm/modules/libmicroros/micro_ros_src/src/micro-CDR/include/ucdr/microcdr.h:25[m[K,
[0.383s]                  from [01m[K/home/tmdals010126/zephyrproject/zephyr/micro_ros_tfm/modules/libmicroros/micro_ros_src/src/micro-CDR/src/c/types/string.c:16[m[K:
[0.383s] [01m[K/home/tmdals010126/zephyrproject/zephyr/lib/libc/newlib/include/stdint.h:28:2:[m[K [01;35m[Kwarning: [m[K#include_next is a GCC extension
[0.383s]    28 | #[01;35m[Kinclude_next[m[K <stdint.h>
[0.383s]       |  [01;35m[K^~~~~~~~~~~~[m[K
[0.383s] In file included from [01m[K/home/tmdals010126/zephyrproject/zephyr/micro_ros_tfm/modules/libmicroros/micro_ros_src/src/micro-CDR/include/ucdr/microcdr.h:25[m[K,
[0.383s]                  from [01m[K/home/tmdals010126/zephyrproject/zephyr/micro_ros_tfm/modules/libmicroros/micro_ros_src/src/micro-CDR/src/c/types/../common_internal.h:22[m[K,
[0.384s]                  from [01m[K/home/tmdals010126/zephyrproject/zephyr/micro_ros_tfm/modules/libmicroros/micro_ros_src/src/micro-CDR/src/c/types/array.c:15[m[K:
[0.384s] [01m[K/home/tmdals010126/zephyrproject/zephyr/lib/libc/newlib/include/stdint.h:28:2:[m[K [01;35m[Kwarning: [m[K#include_next is a GCC extension
[0.384s]    28 | #[01;35m[Kinclude_next[m[K <stdint.h>
[0.384s]       |  [01;35m[K^~~~~~~~~~~~[m[K
[0.384s] In file included from [01m[K/home/tmdals010126/zephyrproject/zephyr/micro_ros_tfm/modules/libmicroros/micro_ros_src/src/micro-CDR/src/c/common.c:17[m[K:
[0.384s] [01m[K/home/tmdals010126/zephyrproject/zephyr/lib/libc/newlib/include/string.h:16:2:[m[K [01;35m[Kwarning: [m[K#include_next is a GCC extension
[0.384s]    16 | #[01;35m[Kinclude_next[m[K <string.h>
[0.384s]       |  [01;35m[K^~~~~~~~~~~~[m[K
[0.384s] In file included from [01m[K/home/tmdals010126/zephyrproject/zephyr/micro_ros_tfm/modules/libmicroros/micro_ros_src/src/micro-CDR/src/c/types/string.c:18[m[K:
[0.385s] [01m[K/home/tmdals010126/zephyrproject/zephyr/lib/libc/newlib/include/string.h:16:2:[m[K [01;35m[Kwarning: [m[K#include_next is a GCC extension
[0.385s]    16 | #[01;35m[Kinclude_next[m[K <string.h>
[0.385s]       |  [01;35m[K^~~~~~~~~~~~[m[K
[0.386s] In file included from [01m[K/home/tmdals010126/zephyrproject/zephyr/micro_ros_tfm/modules/libmicroros/micro_ros_src/src/micro-CDR/src/c/types/basic.c:17[m[K:
[0.386s] [01m[K/home/tmdals010126/zephyrproject/zephyr/lib/libc/newlib/include/string.h:16:2:[m[K [01;35m[Kwarning: [m[K#include_next is a GCC extension
[0.386s]    16 | #[01;35m[Kinclude_next[m[K <string.h>
[0.386s]       |  [01;35m[K^~~~~~~~~~~~[m[K
[0.386s] In file included from [01m[K/home/tmdals010126/zephyrproject/zephyr/micro_ros_tfm/modules/libmicroros/micro_ros_src/src/micro-CDR/src/c/types/array.c:17[m[K:
[0.386s] [01m[K/home/tmdals010126/zephyrproject/zephyr/lib/libc/newlib/include/string.h:16:2:[m[K [01;35m[Kwarning: [m[K#include_next is a GCC extension
[0.386s]    16 | #[01;35m[Kinclude_next[m[K <string.h>
[0.387s]       |  [01;35m[K^~~~~~~~~~~~[m[K
[0.387s] In file included from [01m[K/home/tmdals010126/zephyrproject/zephyr/micro_ros_tfm/modules/libmicroros/micro_ros_src/src/micro-CDR/include/ucdr/microcdr.h:25[m[K,
[0.387s]                  from [01m[K/home/tmdals010126/zephyrproject/zephyr/micro_ros_tfm/modules/libmicroros/micro_ros_src/src/micro-CDR/src/c/types/sequence.c:15[m[K:
[0.387s] [01m[K/home/tmdals010126/zephyrproject/zephyr/lib/libc/newlib/include/stdint.h:28:2:[m[K [01;35m[Kwarning: [m[K#include_next is a GCC extension
[0.387s]    28 | #[01;35m[Kinclude_next[m[K <stdint.h>
[0.387s]       |  [01;35m[K^~~~~~~~~~~~[m[K
[0.388s] gmake[1]: Entering directory '/home/tmdals010126/zephyrproject/zephyr/micro_ros_tfm/modules/libmicroros/micro_ros_src/build/microcdr'
[0.388s] -- Configuring done (0.0s)
[0.388s] -- Generating done (0.0s)
[0.388s] -- Build files have been written to: /home/tmdals010126/zephyrproject/zephyr/micro_ros_tfm/modules/libmicroros/micro_ros_src/build/microcdr
[0.388s] gmake[2]: Entering directory '/home/tmdals010126/zephyrproject/zephyr/micro_ros_tfm/modules/libmicroros/micro_ros_src/build/microcdr'
[0.389s] gmake[3]: Entering directory '/home/tmdals010126/zephyrproject/zephyr/micro_ros_tfm/modules/libmicroros/micro_ros_src/build/microcdr'
[0.389s] gmake[3]: Leaving directory '/home/tmdals010126/zephyrproject/zephyr/micro_ros_tfm/modules/libmicroros/micro_ros_src/build/microcdr'
[0.389s] gmake[3]: Entering directory '/home/tmdals010126/zephyrproject/zephyr/micro_ros_tfm/modules/libmicroros/micro_ros_src/build/microcdr'
[0.389s] [ 16%] Building C object CMakeFiles/microcdr.dir/src/c/common.c.obj
[0.389s] [ 50%] Building C object CMakeFiles/microcdr.dir/src/c/types/string.c.obj
[0.389s] [ 50%] Building C object CMakeFiles/microcdr.dir/src/c/types/array.c.obj
[0.389s] [ 66%] Building C object CMakeFiles/microcdr.dir/src/c/types/basic.c.obj
[0.389s] [ 83%] Building C object CMakeFiles/microcdr.dir/src/c/types/sequence.c.obj
[0.469s] [100%] Linking C static library libmicrocdr.a
[0.475s] gmake[3]: Leaving directory '/home/tmdals010126/zephyrproject/zephyr/micro_ros_tfm/modules/libmicroros/micro_ros_src/build/microcdr'
[0.476s] [100%] Built target microcdr
[0.476s] gmake[2]: Leaving directory '/home/tmdals010126/zephyrproject/zephyr/micro_ros_tfm/modules/libmicroros/micro_ros_src/build/microcdr'
[0.478s] gmake[1]: Leaving directory '/home/tmdals010126/zephyrproject/zephyr/micro_ros_tfm/modules/libmicroros/micro_ros_src/build/microcdr'
[0.479s] Invoked command in '/home/tmdals010126/zephyrproject/zephyr/micro_ros_tfm/modules/libmicroros/micro_ros_src/build/microcdr' returned '0': /usr/local/bin/cmake --build /home/tmdals010126/zephyrproject/zephyr/micro_ros_tfm/modules/libmicroros/micro_ros_src/build/microcdr -- -j28 -l28
[0.480s] Invoking command in '/home/tmdals010126/zephyrproject/zephyr/micro_ros_tfm/modules/libmicroros/micro_ros_src/build/microcdr': /usr/local/bin/cmake --install /home/tmdals010126/zephyrproject/zephyr/micro_ros_tfm/modules/libmicroros/micro_ros_src/build/microcdr
[0.481s] -- Install configuration: "Release"
[0.481s] -- Installing: /home/tmdals010126/zephyrproject/zephyr/micro_ros_tfm/modules/libmicroros/micro_ros_src/install/lib/libmicrocdr.a
[0.482s] -- Up-to-date: /home/tmdals010126/zephyrproject/zephyr/micro_ros_tfm/modules/libmicroros/micro_ros_src/install/include/ucdr
[0.482s] -- Up-to-date: /home/tmdals010126/zephyrproject/zephyr/micro_ros_tfm/modules/libmicroros/micro_ros_src/install/include/ucdr/visibility.h
[0.482s] -- Up-to-date: /home/tmdals010126/zephyrproject/zephyr/micro_ros_tfm/modules/libmicroros/micro_ros_src/install/include/ucdr/microcdr.h
[0.482s] -- Up-to-date: /home/tmdals010126/zephyrproject/zephyr/micro_ros_tfm/modules/libmicroros/micro_ros_src/install/include/ucdr/config.h
[0.482s] -- Up-to-date: /home/tmdals010126/zephyrproject/zephyr/micro_ros_tfm/modules/libmicroros/micro_ros_src/install/share/microcdr/cmake/microcdrTargets.cmake
[0.482s] -- Up-to-date: /home/tmdals010126/zephyrproject/zephyr/micro_ros_tfm/modules/libmicroros/micro_ros_src/install/share/microcdr/cmake/microcdrTargets-release.cmake
[0.482s] -- Up-to-date: /home/tmdals010126/zephyrproject/zephyr/micro_ros_tfm/modules/libmicroros/micro_ros_src/install/share/microcdr/cmake/microcdrConfig.cmake
[0.483s] -- Up-to-date: /home/tmdals010126/zephyrproject/zephyr/micro_ros_tfm/modules/libmicroros/micro_ros_src/install/share/microcdr/cmake/microcdrConfigVersion.cmake
[0.483s] Invoked command in '/home/tmdals010126/zephyrproject/zephyr/micro_ros_tfm/modules/libmicroros/micro_ros_src/build/microcdr' returned '0': /usr/local/bin/cmake --install /home/tmdals010126/zephyrproject/zephyr/micro_ros_tfm/modules/libmicroros/micro_ros_src/build/microcdr
